# Keylogger Version 0.1; Format: (timestamp, downstroke/upstroke, key)
0: down: <shift_left>
797: up: <shift_left>
1016: down: <shift_left>
1500: down: t
1625: up: t
1641: up: <shift_left>
1766: down: h
1906: up: h
1906: down: e
2062: up: e
2094: down: <space>
2234: up: <space>
2516: down: <shift_left>
2891: down: u
3047: up: u
3297: down: s
3406: up: <shift_left>
3484: up: s
3500: down: <space>
3641: up: <space>
3719: down: <shift_left>
3906: down: g
4047: up: g
4094: up: <shift_left>
4234: down: o
4375: up: o
4594: down: v
4750: up: v
4766: down: e
4906: up: e
5016: down: r
5187: up: r
5203: down: n
5328: up: n
5437: down: m
5547: up: m
5562: down: e
5703: down: n
5719: up: e
5828: up: n
5859: down: t
5984: up: t
6562: down: <space>
6734: up: <space>
6906: down: a
7016: down: <space>
7062: up: a
7172: up: <space>
7891: down: f
8016: down: e
8031: up: f
8125: up: e
8219: down: w
8344: up: w
8359: down: <space>
8484: up: <space>
8656: down: y
8797: up: y
8891: down: e
9016: up: e
9109: down: a
9281: up: a
9375: down: r
9500: up: r
9578: down: s
9719: down: <space>
9734: up: s
9875: up: <space>
10406: down: s
10562: up: s
10578: down: g
10703: up: g
10781: down: o
10891: down: <space>
10953: up: o
11016: up: <space>
11141: down: p
11312: up: p
11328: down: a
11469: up: a
11594: down: s
11687: up: s
11766: down: s
11859: up: s
11969: down: e
12078: up: e
12141: down: d
12250: down: <space>
12297: up: d
12391: up: <space>
12516: down: t
12625: up: t
12719: down: h
12844: up: h
12844: down: e
12969: up: e
15453: down: <space>
15594: up: <space>
15750: down: n
15922: up: n
15937: down: e
16031: down: w
16109: up: e
16187: down: <space>
16219: up: w
16328: up: <space>
16734: down: l
16875: up: l
16906: down: a
17031: up: a
17109: down: w
17250: up: w
17281: down: <space>
17422: up: <space>
17531: down: r
17641: up: r
17734: down: e
17859: up: e
18000: down: g
18141: up: g
18234: down: a
18344: up: a
18453: down: r
18562: up: r
18672: down: d
18781: down: i
18812: up: d
18906: down: n
18969: up: i
18984: down: g
19047: up: n
19109: up: g
19172: down: <space>
19266: down: t
19297: up: <space>
19375: up: t
19437: down: h
19594: up: h
19812: down: e
19937: down: <space>
19953: up: e
20047: up: <space>
20156: down: m
20312: up: m
20328: down: a
20484: up: a
20625: down: x
20781: down: i
20797: up: x
20906: up: i
21000: down: m
21125: up: m
21234: down: u
21359: up: u
21453: down: m
21562: up: m
21703: down: <space>
21828: up: <space>
25641: down: a
25781: up: a
25797: down: g
25922: up: g
25937: down: e
26062: down: <space>
26094: up: e
26234: up: <space>
27000: down: f
27141: down: o
27156: up: f
27266: down: r
27281: up: o
27406: up: r
27500: down: <space>
27641: up: <space>
27953: down: m
28078: up: m
28203: down: i
28312: up: i
28422: down: l
28531: up: l
28609: down: i
28719: up: i
28906: down: t
29031: up: t
29094: down: a
29156: down: r
29281: up: a
29297: down: y
29328: up: r
29422: down: <space>
29437: up: y
29578: up: <space>
29797: down: e
29937: up: e
30187: down: n
30312: up: n
31094: down: l
31250: up: l
31281: down: i
31422: up: i
31625: down: s
31750: down: t
31781: up: s
31859: up: t
32016: down: m
32141: up: m
32187: down: e
32328: up: e
32328: down: n
32484: up: n
32500: down: t
32609: up: t
34453: down: .
34578: up: .
34672: down: <space>
34812: up: <space>
34953: down: <shift_left>
35109: down: t
35219: up: t
35250: up: <shift_left>
35312: down: h
35437: up: h
35437: down: e
35516: down: <space>
35562: up: e
35641: up: <space>
35719: down: l
35828: up: l
35875: down: i
35984: up: i
36094: down: m
36219: down: i
36234: up: m
36344: up: i
36437: down: t
36562: up: t
36594: down: <space>
36734: up: <space>
36859: down: w
36969: up: w
37078: down: a
37156: up: a
37234: down: s
37359: down: <space>
37375: up: s
37500: up: <space>
37562: down: r
37656: up: r
37750: down: a
37891: up: a
37922: down: i
38016: down: s
38047: up: i
38141: up: s
38219: down: e
38344: up: e
38422: down: d
38562: down: <space>
38594: up: d
38703: up: <space>
38891: down: t
39016: up: t
39062: down: o
39187: up: o
39281: down: <space>
39422: up: <space>
40203: down: 4
40312: up: 4
41422: down: 2
41531: up: 2
44500: down: <space>
44641: up: <space>
44953: down: b
45062: down: u
45125: up: b
45187: down: t
45203: up: u
45312: up: t
45359: down: <space>
45484: up: <space>
45656: down: t
45766: up: t
45828: down: h
45937: down: e
45953: up: h
45984: down: <space>
46078: up: e
46125: up: <space>
46281: down: l
46422: up: l
46562: down: a
46672: up: a
46812: down: w
46937: up: w
47016: down: <space>
47156: up: <space>
47266: down: a
47406: up: a
47422: down: l
47531: up: l
47547: down: s
47656: down: o
47687: up: s
47750: down: <space>
47812: up: o
47891: up: <space>
47969: down: a
48109: up: a
48141: down: l
48234: up: l
48297: down: l
48375: up: l
48484: down: o
48562: down: w
48609: up: o
48687: up: w
48766: down: e
48891: up: e
48969: down: d
49141: up: d
50141: down: <arrow_left>
51156: up: <arrow_left>
51594: down: <arrow_left>
51719: up: <arrow_left>
51969: down: <arrow_right>
52078: up: <arrow_right>
52328: down: <backspace>
52453: up: <backspace>
52766: down: i
52891: up: i
53453: down: s
53594: up: s
54297: down: <space>
54422: up: <space>
54719: down: f
54844: up: f
55047: down: e
55156: up: e
55250: down: d
55375: up: d
55781: down: e
55891: up: e
56016: down: r
56125: up: r
56281: down: a
56484: down: l
56500: up: a
56594: up: l
57297: down: <end>
57422: up: <end>
58047: down: <space>
58172: up: <space>
65266: down: t
65375: up: t
65484: down: h
65641: up: h
65641: down: e
65797: up: e
65812: down: <space>
65969: up: <space>
66766: down: s
66875: up: s
66953: down: e
67078: up: e
67156: down: r
67266: up: r
67391: down: v
67500: up: v
67547: down: i
67641: up: i
68172: down: c
68312: up: c
68406: down: e
68516: up: e
68656: down: s
68797: up: s
70156: down: <space>
70328: up: <space>
70406: down: t
70516: up: t
70516: down: o
70578: down: <space>
70641: up: o
70734: up: <space>
70766: down: s
70891: up: s
71000: down: e
71141: up: e
71172: down: t
71297: down: <space>
71328: up: t
71391: up: <space>
71437: down: t
71547: up: t
71625: down: h
71750: up: h
71875: down: e
72016: up: e
72172: down: i
72281: up: i
72359: down: r
72453: down: <space>
72484: up: r
72578: up: <space>
72719: down: o
72844: up: o
73453: down: w
73531: down: n
73609: up: w
73656: up: n
73719: down: <space>
73844: up: <space>
73937: down: l
74062: up: l
74094: down: i
74203: up: i
74312: down: m
74437: down: i
74469: up: m
74578: up: i
74672: down: t
74844: up: t
74906: down: s
75047: up: s
81687: down: <space>
81812: up: <space>
81984: down: m
82109: down: o
82172: up: m
82234: down: r
82266: up: o
82297: down: e
82359: up: r
82422: down: <space>
82453: up: e
82562: up: <space>
82719: down: r
82844: up: r
83125: down: e
83250: up: e
83547: down: s
83672: up: s
83875: down: t
83984: up: t
84094: down: r
84219: up: r
84375: down: i
84500: up: i
84625: down: c
84750: up: c
84875: down: t
85000: up: t
85078: down: i
85203: up: i
85391: down: v
85547: up: v
85641: down: e
85781: up: e
85875: down: l
86016: up: l
86172: down: y
86297: up: y
87969: down: .
88109: up: .
88406: down: <space>
88531: up: <space>
89656: down: <shift_left>
89984: down: t
90109: up: t
90141: up: <shift_left>
90328: down: h
90484: up: h
90484: down: e
90578: down: <space>
90594: up: e
90734: up: <space>
90984: down: <shift_left>
91203: down: a
91312: up: <shift_left>
91375: up: a
91562: down: r
91672: up: r
91812: down: m
91937: up: m
92094: down: y
92234: up: y
92297: down: <space>
92437: up: <space>
96234: down: t
96359: up: t
96812: down: o
96906: up: o
97000: down: o
97094: up: o
97172: down: k
97328: down: <space>
97359: up: k
97469: up: <space>
97656: down: t
97766: up: t
97859: down: h
98000: up: h
98078: down: e
98172: down: <space>
98219: up: e
98328: up: <space>
98547: down: a
98687: up: a
98953: down: d
99172: up: d
99422: down: v
99578: up: v
99641: down: a
99797: down: n
99812: up: a
99922: up: n
100062: down: t
100219: up: t
100344: down: a
100453: down: g
100500: up: a
100609: up: g
100641: down: e
100797: up: e
100812: down: <space>
100953: up: <space>
101375: down: o
101516: up: o
101547: down: f
101625: down: <space>
101672: up: f
101766: up: <space>
101812: down: t
101906: down: h
101922: up: t
102031: down: i
102078: up: h
102172: up: i
102187: down: s
102328: up: s
102437: down: <space>
102594: up: <space>
103062: down: n
103172: down: e
103219: up: n
103266: down: w
103328: up: e
103406: down: <space>
103469: up: w
103547: up: <space>
103687: down: l
103828: up: l
103906: down: a
104047: up: a
104187: down: w
104328: up: w
106000: down: <space>
106156: up: <space>
106266: down: a
106406: down: n
106437: up: a
106516: down: d
106547: up: n
106672: up: d
106703: down: <space>
106844: up: <space>
108516: down: w
108641: up: w
108719: down: a
108859: up: a
109000: down: s
109125: up: s
111672: down: <space>
111828: up: <space>
111906: down: a
112016: down: b
112078: up: a
112141: up: b
112234: down: l
112344: up: l
112375: down: e
112469: down: <space>
112500: up: e
112609: up: <space>
112656: down: t
112766: up: t
112797: down: o
112891: up: o
112969: down: <space>
113141: up: <space>
113797: down: f
113937: up: f
114344: down: i
114484: up: i
114781: down: l
114875: up: l
114953: down: l
115109: up: l
115562: down: <space>
115719: up: <space>
116094: down: t
116203: up: t
116281: down: h
116375: down: e
116422: up: h
116484: down: <space>
116547: up: e
116625: up: <space>
116984: down: r
117109: up: r
117156: down: a
117344: down: n
117375: up: a
117453: down: k
117500: up: n
117594: up: k
117734: down: s
117875: up: s
118109: down: <space>
118281: up: <space>
124719: down: w
124891: up: w
124906: down: i
125062: up: i
125156: down: t
125250: up: t
125344: down: h
125469: up: h
125484: down: <space>
125609: up: <space>
125703: down: n
125859: up: n
125859: down: e
126094: up: e
127203: down: w
127359: up: w
127656: down: <space>
127797: up: <space>
128094: down: r
128203: up: r
128328: down: e
128453: up: e
128672: down: c
128828: up: c
128953: down: r
129109: up: r
129172: down: u
129281: down: i
129328: up: u
129422: up: i
129516: down: t
129656: up: t
129719: down: s
129859: up: s
129937: down: <space>
130094: up: <space>
130750: down: o
130875: up: o
131031: down: t
131125: up: t
131219: down: h
131312: down: e
131328: up: h
131422: up: e
131516: down: r
131641: up: r
131844: down: w
131969: down: i
132000: up: w
132109: up: i
132125: down: s
132250: up: s
132344: down: e
132469: up: e
133531: down: <space>
133687: up: <space>
134547: down: n
134656: down: o
134719: up: n
134812: up: o
134812: down: t
134953: up: t
134984: down: <space>
135125: up: <space>
139875: down: q
140000: up: q
140000: down: u
140109: down: a
140125: up: u
140266: up: a
140266: down: l
140422: down: i
140469: up: l
140547: up: i
140812: down: f
140937: up: f
140984: down: i
141125: up: i
141203: down: e
141312: up: e
141391: down: d
141516: down: <space>
141531: up: d
141641: up: <space>
141719: down: t
141812: up: t
142250: down: <backspace>
142406: up: <backspace>
142531: down: f
142672: up: f
142672: down: o
142766: down: r
142797: up: o
142859: down: <space>
142906: up: r
143016: up: <space>
143062: down: t
143172: up: t
143250: down: h
143375: up: h
143391: down: e
143453: down: <space>
143516: up: e
143578: up: <space>
143656: down: m
143797: up: m
143891: down: i
144000: up: i
144094: down: l
144203: up: l
144297: down: i
144375: up: i
144562: down: t
144703: up: t
144766: down: a
144859: down: r
144937: up: a
144984: down: y
145016: up: r
145125: up: y
145141: down: <space>
145266: up: <space>
145359: down: s
145469: up: s
145578: down: e
145703: up: e
145781: down: r
145953: up: r
146156: down: v
146281: up: v
146312: down: i
146437: up: i
146437: down: c
146562: down: e
146609: up: c
146703: up: e
151828: down: .
152000: up: .
152516: down: <space>
152656: up: <space>
152859: down: <shift_left>
153062: down: u
153141: down: s
153187: up: u
153266: up: <shift_left>
153266: down: <space>
153328: up: s
153422: up: <space>
153469: down: <shift_left>
153609: down: m
153766: up: <shift_left>
153766: up: m
153797: down: a
153922: up: a
154094: down: r
154219: up: r
154250: down: i
154391: down: n
154437: up: i
154547: up: n
154562: down: e
154672: up: e
154766: down: s
154906: up: s
154937: down: <space>
155062: up: <space>
155875: down: w
156062: up: w
156266: down: e
156391: up: e
156453: down: r
156578: up: r
156672: down: e
156828: up: e
156891: down: <space>
157047: up: <space>
157109: down: a
157281: up: a
157281: down: <space>
157406: up: <space>
157625: down: b
157734: down: i
157797: up: b
157891: up: i
157891: down: t
158016: up: t
158016: down: <space>
158141: up: <space>
158297: down: m
158391: down: o
158484: up: m
158500: down: r
158562: up: o
158594: down: e
158641: up: r
158750: down: <space>
158766: up: e
158891: up: <space>
159141: down: r
159281: up: r
159719: down: e
159828: up: e
160000: down: s
160141: up: s
160312: down: t
160437: up: t
160531: down: r
160641: up: r
160750: down: i
160859: up: i
160891: down: c
161031: up: c
161141: down: t
161266: up: t
161328: down: i
161437: up: i
161687: down: v
161828: up: v
161922: down: e
162031: up: e
163812: down: <space>
163969: up: <space>
164062: down: a
164234: down: n
164250: up: a
164328: down: d
164359: up: n
164516: up: d
165500: down: <space>
165672: up: <space>
165812: down: d
165922: up: d
165937: down: i
166094: up: i
166094: down: d
166234: up: d
166406: down: <space>
166531: up: <space>
166672: down: n
166781: down: o
166891: up: n
166922: down: t
166953: up: o
167062: up: t
167141: down: <space>
167281: up: <space>
167578: down: r
167703: up: r
167781: down: a
167953: up: a
167969: down: i
168078: down: s
168094: up: i
168203: up: s
168297: down: e
168422: up: e
168484: down: d
168609: down: <space>
168656: up: d
168750: up: <space>
168875: down: i
169000: up: i
169203: down: t
169328: up: t
170359: down: s
170469: up: s
171359: down: <space>
171516: up: <space>
171906: down: a
172016: down: g
172047: up: a
172141: up: g
172156: down: e
172266: down: <space>
172297: up: e
172406: up: <space>
172500: down: l
172687: up: l
172687: down: i
172797: up: i
172922: down: m
173047: down: i
173062: up: m
173187: up: i
173344: down: t
173469: up: t
178031: down: .
178156: up: .
178266: down: <space>
178437: up: <space>
178531: down: <shift_left>
178672: down: u
178797: up: u
178812: down: s
178906: down: <space>
178922: up: <shift_left>
179000: up: s
179062: up: <space>
179156: down: <shift_left>
179297: down: n
179406: up: <shift_left>
179437: up: n
179531: down: a
179687: up: a
179766: down: v
179875: down: y
179922: up: v
179984: up: y
180047: down: <space>
180203: up: <space>
180281: down: a
180422: down: l
180453: up: a
180547: up: l
180578: down: s
180687: down: o
180719: up: s
180797: down: <space>
180828: up: o
180953: up: <space>
181234: down: u
181391: up: u
181391: down: s
181500: up: s
181609: down: e
181719: up: e
181812: down: d
181922: down: <space>
181953: up: d
182062: up: <space>
182172: down: t
182297: up: t
182375: down: h
182516: down: i
182547: up: h
182656: up: i
182672: down: s
182781: down: <space>
182797: up: s
182937: up: <space>
183062: down: o
183172: up: o
183312: down: p
183375: up: p
183469: down: p
183562: up: p
183656: down: o
183781: up: o
183875: down: r
184016: up: r
184125: down: t
184250: up: t
184297: down: u
184422: up: u
184531: down: n
184641: down: i
184656: up: n
184750: up: i
184828: down: t
184937: up: t
185016: down: y
185141: up: y
185187: down: <space>
185312: up: <space>
185484: down: a
185625: up: a
185625: down: n
185750: down: d
185766: up: n
185891: up: d
185906: down: <space>
186047: up: <space>
186109: down: w
186234: up: w
186328: down: a
186406: up: a
186469: down: s
186562: down: <space>
186609: up: s
186703: up: <space>
186766: down: a
186906: down: b
186922: up: a
187016: up: b
187094: down: l
187219: up: l
187266: down: e
187375: down: <space>
187406: up: e
187516: up: <space>
187625: down: t
187750: up: t
187828: down: o
187953: up: o
188078: down: <space>
188219: up: <space>
188437: down: f
188578: up: f
188594: down: i
188719: up: i
188828: down: l
188922: up: l
189000: down: l
189156: up: l
189172: down: <space>
189312: up: <space>
189406: down: t
189500: up: t
189578: down: h
189641: down: e
189703: up: h
189719: down: <space>
189797: up: e
189859: up: <space>
190141: down: g
190266: up: g
190344: down: a
190547: up: a
190687: down: p
190828: up: p
190859: down: s
191000: up: s
191000: down: <space>
191141: up: <space>
191250: down: w
191391: down: i
191406: up: w
191500: up: i
191609: down: t
191734: up: t
191812: down: h
191937: up: h
192250: down: <space>
192359: up: <space>
192812: down: m
192953: down: o
193000: up: m
193094: up: o
193187: down: r
193297: down: e
193328: up: r
193469: up: e
193500: down: <space>
193641: up: <space>
193844: down: c
193969: down: a
194031: up: c
194187: up: a
194250: down: n
194375: up: n
194531: down: d
194672: down: i
194703: up: d
194781: up: i
195047: down: d
195203: down: a
195250: up: d
195328: down: t
195406: up: a
195484: up: t
195516: down: e
195641: up: e
195734: down: s
195844: down: <space>
195875: up: s
195984: up: <space>
196062: down: a
196172: up: a
196203: down: v
196281: down: a
196328: up: v
196406: down: i
196437: up: a
196516: up: i
196609: down: l
196734: up: l
196797: down: a
196906: down: b
196937: up: a
197031: up: b
197094: down: l
197219: up: l
197250: down: e
197375: up: e
198531: down: .
198641: up: .
198734: down: <space>
198875: up: <space>
198922: down: <shift_left>
199016: down: i
199125: up: i
199141: up: <shift_left>
199172: down: <space>
199312: up: <space>
199344: down: t
199469: down: h
199500: up: t
199562: down: i
199594: up: h
199703: down: n
199719: up: i
199828: up: n
199844: down: k
200062: up: k
200078: down: <space>
200219: up: <space>
200328: down: t
200453: up: t
200453: down: h
200531: down: i
200594: up: h
200687: up: i
200719: down: s
200812: down: <space>
200859: up: s
200937: up: <space>
200984: down: i
201062: down: s
201109: up: i
201187: down: <space>
201203: up: s
201328: up: <space>
201391: down: a
201469: down: n
201531: up: a
201594: up: n
201656: down: <space>
201781: up: <space>
202406: down: e
202516: up: e
203672: down: x
203766: up: x
203891: down: c
204000: up: c
204219: down: e
204359: up: e
204437: down: l
204516: up: l
204578: down: l
204734: up: l
204797: down: e
204937: up: e
204937: down: n
205062: up: n
205078: down: t
205172: up: t
205187: down: <space>
205328: up: <space>
205484: down: i
205609: up: i
205844: down: d
205984: up: d
206094: down: e
206219: up: e
206344: down: a
206484: up: a
207500: down: <space>
207625: up: <space>
207797: down: e
207906: up: e
208016: down: s
208141: up: s
208156: down: p
208266: down: a
208297: up: p
208422: up: a
208562: down: c
208703: up: c
208750: down: i
208875: up: i
208922: down: a
209031: down: l
209078: up: a
209109: up: l
209187: down: l
209312: up: l
209500: down: y
209641: up: y
209656: down: <space>
209797: up: <space>
211594: down: <arrow_left>
212312: up: <arrow_left>
212766: down: <arrow_right>
212891: up: <arrow_right>
213422: down: <backspace>
213562: up: <backspace>
213594: down: e
213703: up: e
214516: down: <end>
214641: up: <end>
215812: down: w
215937: down: h
215984: up: w
216078: up: h
216109: down: e
216172: down: n
216266: up: e
216297: up: n
216359: down: <space>
216500: up: <space>
216719: down: t
216828: up: t
216906: down: h
217047: up: h
217062: down: e
217156: down: <space>
217203: up: e
217328: up: <space>
217391: down: c
217516: down: a
217594: up: c
217719: down: n
217750: up: a
217859: up: n
218062: down: d
218187: up: d
218203: down: i
218312: up: i
218391: down: d
218531: up: d
218547: down: a
218656: down: t
218719: up: a
218797: up: t
218828: down: e
218953: up: e
219047: down: s
219156: down: <space>
219187: up: s
219312: up: <space>
219422: down: a
219578: up: a
219672: down: r
219781: up: r
219859: down: e
219984: up: e
220156: down: <space>
220312: up: <space>
220469: down: f
220625: up: f
220672: down: i
220812: up: i
220891: down: t
221031: up: t
222172: down: <space>
222312: up: <space>
222359: down: f
222469: down: o
222500: up: f
222578: down: r
222594: up: o
222672: down: <space>
222687: up: r
222812: up: <space>
223109: down: s
223219: up: s
223312: down: e
223437: up: e
223516: down: r
223641: up: r
223766: down: v
223891: up: v
223922: down: i
224031: down: c
224047: up: i
224109: down: e
224156: up: c
224234: up: e
224266: down: <space>
224359: up: <space>
224422: down: a
224547: down: n
224562: up: a
224672: up: n
224672: down: d
224781: down: <space>
224812: up: d
224906: up: <space>
225078: down: t
225187: up: t
225250: down: h
225375: up: h
225375: down: e
225516: up: e
226734: down: <space>
226875: up: <space>
227219: down: o
227312: down: n
227375: up: o
227453: up: n
227516: down: l
227641: up: l
227766: down: y
227859: down: <space>
227906: up: y
227984: up: <space>
228109: down: r
228219: up: r
228312: down: e
228406: up: e
228484: down: a
228594: down: s
228656: up: a
228719: down: o
228812: up: s
228828: down: n
228906: up: o
228969: up: n
229062: down: <space>
229203: up: <space>
232344: down: f
232469: down: o
232484: up: f
232609: down: r
232641: up: o
232781: up: r
233250: down: <space>
233406: up: <space>
233844: down: n
233937: down: o
234016: up: n
234062: down: t
234078: up: o
234172: up: t
234203: down: <space>
234328: up: <space>
234531: down: s
234641: up: s
234781: down: e
234906: up: e
235125: down: r
235266: up: r
235469: down: v
235594: up: v
235750: down: i
235875: down: n
235969: up: i
236062: up: n
236109: down: g
236234: up: g
236250: down: <space>
236375: up: <space>
236422: down: t
236547: up: t
236562: down: h
236703: up: h
236750: down: e
236875: up: e
236891: down: <space>
237016: up: <space>
237156: down: c
237266: down: o
237328: up: c
237422: down: u
237469: up: o
237531: up: u
237625: down: n
237734: up: n
237875: down: t
237984: up: t
238031: down: r
238094: down: y
238156: up: r
238234: up: y
238250: down: <space>
238406: up: <space>
238484: down: w
238609: up: w
238703: down: a
238812: up: a
238906: down: s
239016: down: <space>
239031: up: s
239141: up: <space>
239312: down: t
239437: up: t
239531: down: h
239672: up: h
240187: down: e
240328: down: i
240344: up: e
240469: up: i
240516: down: r
240641: up: r
242031: down: <space>
242203: up: <space>
242328: down: a
242469: up: a
242484: down: g
242625: up: g
242641: down: e
242766: up: e
244266: down: .
244359: up: .

