# Keylogger Version 0.1; Format: (timestamp, downstroke/upstroke, key)
0: down: <shift_left>
109: up: <shift_left>
437: down: <shift_left>
1264: down: i
1342: up: i
1482: up: <shift_left>
2371: down: f
2512: up: f
2527: down: <space>
2668: up: <space>
2746: down: <shift_left>
2855: down: i
2933: down: <space>
2964: up: i
2995: up: <shift_left>
3073: up: <space>
3666: down: e
3806: up: e
3900: down: v
4040: down: e
4072: up: v
4181: up: e
4243: down: r
4352: down: <space>
4384: up: r
4462: up: <space>
4602: down: g
4711: up: g
4711: down: e
4820: down: t
4852: up: e
4914: up: t
4930: down: <space>
5039: up: <space>
5070: down: a
5164: down: <space>
5210: up: a
5273: up: <space>
5351: down: c
5444: up: c
5460: down: h
5522: up: h
5554: down: a
5663: down: n
5741: up: a
5772: up: n
5819: down: c
5959: up: c
5959: down: e
6068: down: <space>
6100: up: e
6178: up: <space>
6443: down: <shift_left>
6583: down: i
6692: up: <shift_left>
6708: up: i
6708: down: <space>
6802: up: <space>
7254: down: w
7363: down: p
7394: up: w
7472: up: p
7566: down: u
7675: up: u
7753: down: l
7894: up: l
7894: down: d
7925: down: <space>
8003: up: d
8034: up: <space>
8112: down: l
8221: up: l
8315: down: i
8424: up: i
8502: down: k
8580: down: e
8611: up: k
8689: up: e
9422: down: <space>
9563: up: <space>
9656: down: t
9766: up: t
9781: down: o
9875: up: o
9890: down: <space>
10015: up: <space>
10374: down: s
10624: up: s
10639: down: p
10748: up: p
11482: down: e
11591: up: e
11669: down: a
11809: up: a
11903: down: k
12043: up: k
12074: down: <space>
12215: up: <space>
12277: down: w
12386: down: i
12418: up: w
12496: up: i
12636: down: t
12698: up: t
12808: down: h
12917: up: h
12932: down: <space>
13026: up: <space>
13120: down: t
13198: up: t
13307: down: h
13369: down: e
13416: up: h
13447: up: e
13447: down: <space>
13525: up: <space>
13806: down: f
13946: up: f
14009: down: i
14165: up: i
14399: down: s
14508: down: t
14570: up: s
14617: up: t
14617: down: <space>
14680: up: <space>
15038: down: m
15148: up: m
15163: down: a
15272: down: n
15335: up: a
15382: up: n
15475: down: <space>
15616: up: <space>
15694: down: o
15834: up: o
15834: down: n
15896: up: n
16006: down: <space>
16068: up: <space>
16084: down: t
16193: up: t
16224: down: h
16333: up: h
16349: down: e
16458: down: <space>
16489: up: e
16598: up: <space>
16754: down: m
16895: up: m
16973: down: o
17035: up: o
17129: down: o
17238: up: o
17316: down: n
17456: up: n
19126: down: .
19219: up: .
19422: down: <space>
19562: up: <space>
20374: down: <shift_left>
20670: down: b
20779: up: b
20920: up: <shift_left>
20966: down: u
21076: up: u
21325: down: z
21419: up: z
21528: down: z
21590: up: z
21637: down: <space>
21778: up: <space>
21793: down: <shift_left>
21965: down: a
22074: up: <shift_left>
22183: up: a
22214: down: l
22355: up: l
22464: down: d
22604: up: d
22792: down: r
22932: up: r
23197: down: i
23353: down: n
23384: up: i
23447: up: n
23587: down: <space>
23759: up: <space>
24102: down: o
24211: up: o
24227: down: r
24367: up: r
24383: down: <space>
24539: up: <space>
24570: down: a
24710: down: n
24788: up: a
24788: up: n
24991: down: y
25085: up: y
25319: down: o
25490: up: o
25490: down: n
25568: up: n
25568: down: e
25709: up: e
25709: down: <space>
25849: up: <space>
25865: down: f
25958: up: f
25974: down: r
26068: down: o
26146: up: r
26146: down: m
26177: up: o
26208: up: m
26302: down: <space>
26442: up: <space>
26614: down: t
26692: up: t
26832: down: h
26894: up: h
26910: down: a
27035: up: a
27394: down: c
27565: up: c
27581: down: r
27674: up: r
27846: down: e
27955: up: e
28002: down: w
28142: up: w
29437: down: .
29546: up: .
29702: down: <space>
29843: up: <space>
29905: down: <shift_left>
30014: down: i
30124: up: i
30155: up: <shift_left>
30170: down: <space>
30280: up: <space>
30451: down: w
30607: up: w
30607: down: o
30701: up: o
30779: down: u
30919: up: u
30950: down: l
31091: up: l
31153: down: d
31294: up: d
32183: down: <space>
32323: up: <space>
32386: down: l
32495: up: l
32588: down: i
32666: up: i
32760: down: k
32869: down: e
32900: up: k
32932: down: <space>
32978: up: e
33041: up: <space>
33337: down: t
33446: up: t
33446: down: o
33587: up: o
33587: down: <space>
33696: up: <space>
33852: down: k
33961: up: k
34086: down: n
34258: up: n
34258: down: o
34336: up: o
34336: down: w
34476: up: w
34476: down: <space>
34585: up: <space>
34788: down: t
34897: up: t
34991: down: h
35100: up: h
35116: down: e
35256: up: e
35256: down: i
35287: up: i
35428: down: r
35537: up: r
35552: down: <space>
35646: up: <space>
35880: down: o
35989: up: o
37721: down: w
37830: down: n
37861: up: w
37908: up: n
37986: down: <space>
38126: up: <space>
38282: down: p
38392: up: p
38407: down: e
38516: up: e
38610: down: r
38719: up: r
38891: down: s
39078: up: s
39078: down: o
39109: up: o
39265: down: n
39406: up: n
39421: down: a
39499: down: l
39562: up: a
39608: up: l
39655: down: <space>
39749: up: <space>
39936: down: o
40045: up: o
40123: down: p
40232: up: p
40342: down: i
40451: up: i
40638: down: <space>
40747: up: <space>
40997: down: i
41059: up: i
41168: down: o
41309: up: o
41309: down: n
41465: up: n
42026: down: <backspace>
42058: up: <backspace>
42198: down: <backspace>
42276: up: <backspace>
42354: down: <backspace>
42432: up: <backspace>
42510: down: <backspace>
42572: up: <backspace>
45505: down: n
45646: up: n
45677: down: i
45739: up: i
45817: down: o
46004: up: o
46004: down: n
46067: up: n
46706: down: <space>
46847: up: <space>
47003: down: a
47190: down: b
47221: up: a
47299: up: b
47330: down: o
47502: down: u
47549: up: o
47611: up: u
47720: down: t
47830: up: t
47876: down: <space>
48017: up: <space>
48017: down: t
48126: up: t
48220: down: h
48329: up: h
48344: down: e
48438: up: e
48454: down: <space>
48547: up: <space>
48672: down: w
48812: up: w
48812: down: h
48922: up: h
49015: down: o
49124: up: o
49234: down: l
49343: up: l
49358: down: e
49468: up: e
49624: down: e
49686: up: e
49811: down: x
49951: up: x
49998: down: p
50092: up: p
50107: down: e
50201: up: e
50357: down: r
50497: up: r
50575: down: i
50684: up: i
50684: down: e
50794: up: e
50950: down: n
51043: down: c
51090: up: n
51121: down: e
51152: up: c
51262: up: e
51808: down: <space>
51948: up: <space>
52042: down: a
52182: up: a
52182: down: n
52291: up: n
52291: down: d
52432: up: d
52432: down: <space>
52541: up: <space>
52666: down: n
52853: up: n
52853: down: o
52915: up: o
52931: down: t
53024: up: t
53040: down: <space>
53149: up: <space>
53352: down: t
53430: up: t
53524: down: h
53664: up: h
53664: down: e
53680: down: <space>
53804: up: e
53820: up: <space>
54444: down: p
54538: up: p
54740: down: u
54834: up: u
55115: down: b
55224: up: b
55598: down: l
55708: up: l
56160: down: i
56269: up: i
57486: down: c
57595: up: c
61277: down: a
61386: up: a
61495: down: s
61604: up: s
61714: down: e
61792: up: e
62213: down: <backspace>
62322: up: <backspace>
62416: down: <backspace>
62525: up: <backspace>
62618: down: <backspace>
62696: up: <backspace>
63851: down: <backspace>
63929: up: <backspace>
63991: down: <backspace>
64022: up: <backspace>
64163: down: <backspace>
64225: up: <backspace>
64475: down: <backspace>
64537: up: <backspace>
64646: down: <backspace>
64740: up: <backspace>
64818: down: <backspace>
64896: up: <backspace>
65754: down: o
65863: up: o
65972: down: f
66082: up: f
66144: down: f
66253: up: f
66300: down: i
66409: up: i
66409: down: c
66550: up: c
66565: down: i
66628: up: i
66721: down: a
66830: down: l
66908: up: a
66940: up: l
67111: down: <space>
67252: up: <space>
67501: down: v
67657: up: v
67657: down: e
67751: up: e
67844: down: r
67954: up: r
68063: down: s
68203: down: i
68250: up: s
68250: up: i
68344: down: o
68484: up: o
68500: down: n
68562: up: n
68640: down: <space>
68749: up: <space>
68936: down: t
69030: up: t
69139: down: h
69248: up: h
69248: down: a
69389: up: a
70996: down: <space>
71136: up: <space>
71354: down: i
71464: up: i
71510: down: s
71698: up: s
71776: down: <space>
71916: up: <space>
72415: down: a
72556: up: a
72665: down: v
72805: up: v
72805: down: a
72946: up: a
72946: down: i
73055: up: i
73164: down: l
73304: up: l
73320: down: a
73507: up: a
73960: down: b
74069: up: b
74178: down: l
74318: up: l
74334: down: e
74474: up: e
74474: down: <space>
74584: up: <space>
74818: down: o
74958: up: o
74974: down: n
75067: up: n
75145: down: <space>
75286: up: <space>
75317: down: t
75426: up: t
75473: down: h
75566: up: h
75660: down: e
75769: down: <space>
75800: up: e
75878: up: <space>
76003: down: i
76112: down: n
76159: up: i
76222: up: n
76393: down: t
76471: up: t
76502: down: e
76565: down: r
76643: up: e
76674: up: r
77048: down: n
77142: up: n
77220: down: e
77360: up: e
77360: down: t
77470: up: t
77501: down: <space>
77641: up: <space>
78374: down: o
78515: up: o
78562: down: r
78655: up: r
78671: down: <space>
78811: up: <space>
79716: down: w
79856: up: w
79934: down: a
80044: up: a
80168: down: s
80309: up: s
80558: down: <space>
80714: up: <space>
81058: down: p
81198: up: p
81307: down: r
81448: up: r
81494: down: i
81604: up: i
81713: down: n
81822: up: n
81978: down: t
82118: up: t
82118: down: e
82181: up: e
82306: down: d
82399: down: <space>
82446: up: d
82555: up: <space>
84131: down: i
84240: down: n
84271: up: i
84318: up: n
84396: down: <space>
84536: up: <space>
84739: down: t
84802: up: t
84911: down: h
85051: up: h
85129: down: e
85238: up: e
85285: down: <space>
85426: up: <space>
86112: down: p
86221: up: p
86502: down: u
86611: up: u
87017: down: b
87126: up: b
87188: down: l
87298: up: l
87407: down: i
87516: up: i
87672: down: c
87812: up: c
87859: down: a
88000: up: a
88218: down: t
88327: up: t
88343: down: i
88436: up: i
88499: down: o
88639: down: n
88717: up: o
88795: up: n
88920: down: s
89029: up: s
89575: down: <space>
89716: up: <space>
90355: down: r
90496: up: r
90496: down: i
90605: up: i
90776: down: g
90917: down: h
90948: up: g
91026: up: h
91026: down: t
91088: up: t
91151: down: <space>
91322: up: <space>
91463: down: a
91603: down: f
91650: up: a
91712: up: f
91806: down: t
91915: up: t
91931: down: e
91993: down: r
92071: up: e
92102: up: r
92149: down: <space>
92258: up: <space>
92446: down: t
92555: up: t
92664: down: h
92758: down: e
92804: up: h
92836: down: <space>
92867: up: e
92945: up: <space>
93038: down: e
93132: up: e
93272: down: v
93413: up: v
93413: down: e
93553: up: e
93631: down: n
93740: up: n
93959: down: t
94068: up: t
96470: down: .
96580: up: .
96814: down: <space>
96954: up: <space>
97578: down: <shift_left>
97750: down: i
97859: up: <shift_left>
97859: up: i
97952: down: <space>
98108: up: <space>
98311: down: w
98467: up: w
98623: down: o
98764: up: o
98810: down: u
98920: up: u
98998: down: l
99107: up: l
99138: down: d
99247: down: <space>
99278: up: d
99356: up: <space>
99419: down: l
99528: up: l
99653: down: i
99715: up: i
99824: down: k
99887: down: e
99965: up: k
99996: up: e
100027: down: <space>
100136: up: <space>
100308: down: t
100417: up: t
100464: down: o
100573: up: o
100636: down: <space>
100745: up: <space>
100807: down: k
100916: up: k
101026: down: n
101213: up: n
101213: down: o
101322: up: o
101416: down: w
101525: up: w
101556: down: <space>
101712: up: <space>
107234: down: i
107375: up: i
107422: down: f
107562: up: f
107562: down: <space>
107702: up: <space>
109184: down: i
109294: up: i
109434: down: t
109543: up: t
109574: down: <space>
109715: up: <space>
109730: down: w
109840: up: w
109918: down: a
110058: up: a
110167: down: s
110308: up: s
110339: down: <space>
110479: up: <space>
111322: down: a
111462: up: a
111571: down: s
111634: down: <space>
111712: up: s
111774: up: <space>
111977: down: t
112086: up: t
112195: down: h
112304: up: h
112304: down: e
112398: up: e
112429: down: y
112523: down: <space>
112570: up: y
112632: up: <space>
112928: down: e
113038: up: e
113209: down: x
113381: up: x
114067: down: p
114208: up: p
114208: down: e
114317: up: e
114442: down: c
114582: up: c
114613: down: t
114722: up: t
114738: down: e
114847: up: e
114941: down: d
115081: up: d
115097: down: <space>
115190: up: <space>
115331: down: t
115424: up: t
115456: down: o
115565: down: <space>
115596: up: o
115705: up: <space>
115861: down: b
115955: up: b
115970: down: e
116126: up: e
116126: down: <space>
116298: up: <space>
116470: down: a
116657: up: a
116657: down: n
116719: up: n
116766: down: d
116922: up: d
116922: down: <space>
117062: up: <space>
117312: down: i
117421: up: i
117515: down: f
117624: up: f
117624: down: <space>
117733: up: <space>
117827: down: t
117936: up: t
118030: down: h
118139: up: h
118186: down: e
118295: down: y
118326: up: e
118388: up: y
118622: down: <space>
118763: up: <space>
119012: down: e
119153: up: e
119278: down: v
119387: down: e
119418: up: v
119496: up: e
119605: down: r
119746: up: r
120120: down: <space>
120260: up: <space>
120323: down: s
120463: up: s
120604: down: e
120666: up: e
120775: down: e
120884: up: e
121072: down: <space>
121212: up: <space>
121274: down: a
121415: down: n
121462: up: a
121524: up: n
122959: down: d
123068: up: d
123958: down: /
124051: up: /
124301: down: o
124410: up: o
124457: down: r
124566: up: r
124613: down: <space>
124753: up: <space>
124909: down: f
125050: up: f
125096: down: e
125284: up: e
125299: down: l
125455: up: l
125658: down: t
125752: up: t
125783: down: <space>
125923: up: <space>
126188: down: s
126329: up: s
126329: down: o
126469: up: o
126485: down: m
126547: down: e
126578: up: m
126656: up: e
126781: down: t
126890: down: h
126922: up: t
127031: up: h
127031: down: i
127171: down: n
127202: up: i
127280: down: g
127312: up: n
127343: up: g
127702: down: <space>
127842: up: <space>
128341: down: u
128450: up: u
128591: down: n
128700: up: n
129215: down: u
129324: up: u
129823: down: s
129932: up: s
130010: down: u
130120: up: u
130291: down: a
130510: up: a
130510: down: l
130619: up: l
130775: down: <space>
130915: up: <space>
131180: down: t
131290: up: t
131430: down: h
131570: up: h
131570: down: a
131758: up: a
132241: down: <space>
132382: up: <space>
133567: down: t
133661: up: t
133786: down: h
133848: up: h
133864: down: e
133957: down: y
133988: up: e
134098: up: y
134113: down: <space>
134207: up: <space>
134534: down: c
134675: up: c
134722: down: a
134909: down: o
134940: up: a
135018: up: o
135065: down: u
135174: up: u
135252: down: l
135361: up: l
135533: down: d
135673: up: d
135673: down: <space>
135782: up: <space>
135923: down: n
136063: down: o
136110: up: n
136219: up: o
136219: down: t
136328: up: t
138122: down: <arrow_left>
138200: up: <arrow_left>
138278: down: <arrow_left>
138388: up: <arrow_left>
138434: down: <arrow_left>
138512: up: <arrow_left>
138575: down: <arrow_left>
138653: up: <arrow_left>
138715: down: <arrow_left>
138824: up: <arrow_left>
138871: down: <arrow_left>
138980: up: <arrow_left>
139043: down: <arrow_left>
139152: up: <arrow_left>
139963: down: <backspace>
140026: up: <backspace>
141523: down: <backspace>
141632: up: <backspace>
141866: down: o
141960: up: o
143504: down: <end>
143645: up: <end>
144284: down: <space>
144440: up: <space>
144862: down: t
144971: up: t
145142: down: a
145361: down: l
145408: up: a
145470: down: k
145548: up: l
145610: up: k
145642: down: <space>
145782: up: <space>
145844: down: a
145985: down: b
146063: up: a
146094: up: b
146156: down: o
146297: up: o
146422: down: u
146562: up: u
146702: down: t
146812: up: t
146843: down: <space>
146952: up: <space>
147420: down: i
147529: down: n
147560: up: i
147638: up: n
147732: down: <space>
147919: up: <space>
148122: down: p
148216: up: p
148434: down: u
148528: up: u
148668: down: b
148777: up: b
148949: down: l
149058: up: l
149198: down: i
149308: up: i
149448: down: c
149588: up: c
151258: down: .
151367: up: .
151523: down: <space>
151663: up: <space>
151772: down: <shift_left>
151835: down: i
151944: up: i
151975: up: <shift_left>
152038: down: <space>
152131: up: <space>
152256: down: c
152334: down: o
152396: down: n
152443: up: c
152443: up: o
152506: up: n
152662: down: s
152802: up: s
152864: down: i
152974: up: i
153020: down: d
153130: down: e
153161: up: d
153270: up: e
153364: down: r
153504: up: r
153535: down: <space>
153676: up: <space>
153894: down: t
154003: up: t
154112: down: h
154284: up: h
154300: down: i
154331: down: s
154362: up: i
154502: up: s
154534: down: <space>
154674: up: <space>
154674: down: e
154783: up: e
154908: down: v
155017: down: e
155048: up: v
155189: up: e
155236: down: n
155376: up: n
155438: down: t
155548: up: t
155548: down: <space>
155688: up: <space>
155938: down: t
156047: up: t
156109: down: h
156218: up: h
156234: down: e
156390: up: e
156390: down: <space>
156530: up: <space>
156780: down: m
156920: up: m
156952: down: o
157092: up: o
157170: down: s
157326: up: s
157342: down: t
157482: up: t
158293: down: <space>
158434: up: <space>
159214: down: s
159354: up: s
159432: down: i
159541: up: i
159682: down: g
159791: up: g
159838: down: n
160009: down: i
160040: up: n
160072: up: i
160462: down: f
160571: up: f
160571: down: i
160633: up: i
160696: down: c
160852: up: c
160852: down: a
161023: up: a
161725: down: n
161866: up: n
161866: down: t
161975: up: t
162677: down: <space>
162770: up: <space>
162926: down: e
163036: up: e
163176: down: v
163332: down: e
163363: up: v
163472: down: n
163504: up: e
163582: up: n
163675: down: <space>
163816: up: <space>
164096: down: o
164206: up: o
164221: down: f
164362: up: f
164362: down: <space>
164440: up: <space>
164627: down: t
164736: up: t
164814: down: h
164876: down: e
164923: up: h
164986: up: e
165001: down: <space>
165126: up: <space>
165703: down: 2
165844: down: 1
165890: up: 2
166031: up: 1
166561: down: s
166702: down: t
166748: up: s
166811: up: t
166889: down: <space>
167029: up: <space>
167201: down: <shift_left>
167310: down: c
167419: up: <shift_left>
167419: up: c
167544: down: e
167684: up: e
167887: down: n
167981: up: n
168262: down: t
168402: up: t
168511: down: u
168620: up: u
168808: down: r
168917: down: y
168948: up: r
169026: up: y
171085: down: <space>
171272: up: <space>
171350: down: d
171538: up: d
171538: down: u
171647: up: u
171740: down: e
171912: up: e
171974: down: <space>
172193: up: <space>
173456: down: t
173566: down: o
173612: up: t
173706: up: o
173846: down: <space>
174034: up: <space>
174236: down: i
174346: up: i
174751: down: t
174860: up: t
175079: down: s
175219: up: s
175235: down: <space>
175375: up: <space>
175718: down: i
175828: up: i
175999: down: m
176062: up: m
176592: down: p
176732: down: o
176810: up: p
176873: up: o
176998: down: r
177138: up: r
177154: down: t
177247: up: t
177372: down: a
177481: down: n
177512: up: a
177590: up: n
177653: down: c
177793: up: c
177809: down: e
177949: up: e
177949: down: <space>
178058: up: <space>
178370: down: o
178511: down: n
178542: up: o
178620: up: n
178698: down: <space>
178807: up: <space>
178916: down: h
179026: up: h
179135: down: u
179244: up: u
179353: down: m
179462: up: m
179525: down: a
179681: up: a
179681: down: n
179774: up: n
179884: down: <space>
180071: up: <space>
180071: down: s
180180: up: s
180196: down: p
180305: down: a
180336: up: p
180414: up: a
180523: down: c
180664: up: c
180664: down: e
180773: up: e
180773: down: <space>
180913: up: <space>
180991: down: e
181100: up: e
181256: down: x
181444: up: x
181537: down: p
181678: down: l
181709: up: p
181756: up: l
181849: down: o
181958: up: o
182208: down: r
182317: up: r
182333: down: a
182473: up: a
182676: down: t
182816: up: t
182848: down: i
182941: up: i
183004: down: o
183144: down: n
183191: up: o
183253: up: n
184486: down: <space>
184626: up: <space>
184798: down: a
184938: up: a
184969: down: n
185078: up: n
185094: down: d
185266: up: d
193362: down: <space>
193549: up: <space>
202769: down: t
202831: up: t
202956: down: h
203096: up: h
203096: down: e
203206: up: e
203206: down: <space>
203346: up: <space>
203986: down: i
204126: down: n
204204: up: i
204266: up: n
204500: down: t
204610: up: t
204610: down: e
204672: down: r
204750: up: e
204781: up: r
205218: down: s
205358: up: s
205374: down: t
205483: up: t
205514: down: e
205624: up: e
205982: down: l
206060: up: l
206154: down: l
206248: up: l
206310: down: a
206450: up: a
206560: down: r
206669: up: r
206684: down: <space>
206809: up: <space>
206918: down: t
206996: up: t
207074: down: r
207184: up: r
207230: down: a
207371: up: a
207402: down: v
207511: up: v
208135: down: e
208276: up: e
208276: down: l
208354: up: l
209820: down: .
209914: up: .
210116: down: <space>
210226: up: <space>
210397: down: <shift_left>
210460: down: i
210569: up: i
210647: up: <shift_left>
210662: down: <space>
210803: up: <space>
210928: down: w
211068: up: w
211099: down: o
211271: down: u
211302: up: o
211411: up: u
211442: down: l
211583: up: l
211583: down: d
211614: down: <space>
211723: up: d
211739: up: <space>
212207: down: l
212316: up: l
212394: down: i
212503: up: i
212581: down: k
212690: up: k
212706: down: e
212846: up: e
213408: down: <space>
213548: up: <space>
214453: down: t
214562: up: t
214562: down: o
214672: up: o
215342: down: <space>
215483: up: <space>
215623: down: k
215732: up: k
215842: down: n
216013: down: o
216044: up: n
216122: up: o
216122: down: w
216263: up: w
216263: down: <space>
216372: up: <space>
216497: down: i
216606: up: i
216653: down: f
216762: up: f
216762: down: <space>
216871: up: <space>
217074: down: t
217183: up: t
217277: down: h
217386: up: h
218166: down: e
218275: down: y
218306: up: e
218384: up: y
222628: down: <space>
222768: up: <space>
223064: down: w
223174: down: o
223252: up: w
223314: up: o
223376: down: u
223517: up: u
223548: down: l
223704: up: l
223704: down: d
223782: down: <space>
223844: up: d
223891: up: <space>
223969: down: l
224078: up: l
224203: down: i
224266: up: i
224375: down: k
224437: down: e
224484: up: k
224546: up: e
224562: down: <space>
224656: up: <space>
224734: down: t
224843: up: t
224921: down: o
225061: up: o
225202: down: <space>
225342: up: <space>
225358: down: d
225467: down: o
225545: up: d
225607: up: o
225982: down: i
226091: up: i
226122: down: t
226231: up: t
226231: down: <space>
226340: up: <space>
226450: down: a
226559: up: a
226559: down: g
226715: up: g
226715: down: a
226777: down: i
226824: up: a
226918: down: n
226964: up: i
227074: up: n
230256: down: .
230365: up: .

