# Keylogger Version 0.1; Format: (timestamp, downstroke/upstroke, key)
0: down: <shift_left>
172: down: n
282: down: o
344: up: <shift_left>
360: up: n
454: up: o
516: down: w
672: up: w
1235: down: <backspace>
1329: up: <backspace>
1407: down: <backspace>
1516: up: <backspace>
2375: down: o
2500: up: o
2610: down: e
2750: up: e
3219: down: <backspace>
3391: up: <backspace>
3422: down: w
3547: up: w
3579: down: ,
3688: up: ,
3750: down: <space>
3891: up: <space>
4047: down: t
4157: up: t
4235: down: h
4360: up: h
4360: down: a
4438: down: t
4516: up: a
4594: up: t
4766: down: '
4969: up: '
5000: down: s
5141: up: s
5141: down: <space>
5266: up: <space>
5329: down: a
5422: down: <space>
5469: up: a
5579: up: <space>
5657: down: g
5782: up: g
5829: down: o
5922: up: o
6016: down: o
6141: up: o
6188: down: d
6329: up: d
6329: down: <space>
6469: up: <space>
7219: down: c
7329: down: o
7360: up: c
7454: down: n
7485: up: o
7563: up: n
7657: down: v
7750: down: e
7782: up: v
7891: up: e
7969: down: r
8079: up: r
8157: down: s
8282: up: s
8360: down: a
8485: up: a
8579: down: t
8672: down: i
8735: up: t
8766: up: i
8813: down: o
8938: down: n
9000: up: o
9047: up: n
9125: down: <space>
9235: down: s
9250: up: <space>
9391: up: s
9391: down: t
9485: down: a
9516: up: t
9625: down: r
9672: up: a
9735: up: r
10500: down: t
10641: up: t
10704: down: e
10813: up: e
10907: down: r
11032: up: r
13032: down: <shift_left>
13157: down: ;
13297: up: <shift_left>
13313: up: ;
13313: down: <space>
13469: up: <space>
13516: down: a
13688: up: a
13704: down: <space>
13860: up: <space>
13922: down: f
14047: up: f
14204: down: o
14282: up: o
14360: down: o
14485: up: o
14485: down: d
14594: down: <space>
14610: up: d
14750: up: <space>
15313: down: d
15469: up: d
15532: down: i
15625: down: s
15657: up: i
15766: up: s
15891: down: c
16047: up: c
16063: down: u
16188: up: u
16235: down: s
16344: up: s
16422: down: s
16547: down: u
16563: up: s
16625: up: u
16782: down: i
16922: down: n
17000: up: i
17063: up: n
18282: down: <backspace>
18391: up: <backspace>
18469: down: <backspace>
18563: up: <backspace>
18625: down: <backspace>
18735: up: <backspace>
19594: down: i
19688: up: i
19766: down: o
19891: down: n
19985: up: o
20016: up: n
20954: down: .
21094: up: .
21985: down: <space>
22125: up: <space>
22250: down: <shift_left>
22422: down: m
22532: up: <shift_left>
22563: up: m
22704: down: y
22797: down: <space>
22860: up: y
22938: up: <space>
23516: down: f
23641: up: f
23704: down: a
23829: up: a
24016: down: v
24204: up: v
24235: down: o
24344: up: o
24438: down: r
24563: up: r
26485: down: i
26657: up: i
27063: down: t
27172: up: t
27204: down: e
27344: up: e
28032: down: <space>
28204: up: <space>
28422: down: f
28563: up: f
28750: down: o
28829: up: o
28907: down: o
29047: up: o
29532: down: d
29657: up: d
29704: down: <space>
29860: up: <space>
30032: down: i
30172: up: i
30172: down: s
30313: up: s
30344: down: <space>
30485: up: <space>
35219: down: o
35344: down: f
35375: up: o
35438: down: <space>
35485: up: f
35579: up: <space>
35641: down: c
35797: up: c
35813: down: o
35985: up: o
36000: down: u
36141: up: u
36235: down: r
36344: up: r
36454: down: s
36563: up: s
36657: down: e
36750: down: <space>
36782: up: e
36891: up: <space>
37000: down: <shift_left>
37094: down: i
37219: up: i
37266: up: <shift_left>
37313: down: t
37422: up: t
37485: down: a
37594: down: l
37625: up: a
37782: down: i
37797: up: l
37922: up: i
37985: down: a
38141: up: a
38157: down: n
38297: up: n
41813: down: .
41922: up: .
42032: down: <space>
42172: up: <space>
42297: down: <shift_left>
42532: down: i
42657: up: i
42704: up: <shift_left>
43188: down: '
43329: up: '
43438: down: m
43532: up: m
43625: down: <space>
43750: up: <space>
43922: down: n
44047: down: o
44125: up: n
44141: down: t
44188: up: o
44282: up: t
44360: down: <space>
44454: up: <space>
44532: down: i
44657: up: i
44735: down: t
44860: up: t
44938: down: a
45032: down: l
45079: up: a
45219: down: i
45250: up: l
45344: up: i
45469: down: a
45641: up: a
45657: down: n
45766: up: n
45860: down: <space>
45985: up: <space>
46125: down: b
46250: down: u
46282: up: b
46360: down: t
46391: up: u
46485: up: t
46516: down: <space>
46657: up: <space>
47047: down: w
47204: up: w
47204: down: h
47313: up: h
47329: down: e
47422: down: n
47485: up: e
47547: up: n
47641: down: <space>
47782: up: <space>
47954: down: i
48079: up: i
48157: down: t
48282: up: t
48297: down: <space>
48438: up: <space>
48547: down: c
48625: down: o
48719: up: c
48750: down: m
48813: up: o
48922: up: m
48922: down: e
49047: up: e
49141: down: s
49266: up: s
49266: down: <space>
49391: up: <space>
49438: down: t
49500: down: o
49579: up: t
49610: up: o
49704: down: <space>
49844: up: <space>
50000: down: f
50141: up: f
50235: down: o
50313: up: o
50391: down: o
50516: up: o
50516: down: d
50657: up: d
56422: down: <space>
56563: up: <space>
56610: down: <shift_left>
56688: down: i
56813: up: i
56860: up: <shift_left>
56907: down: <space>
57000: up: <space>
57079: down: l
57157: up: l
57250: down: o
57360: up: o
57532: down: v
57657: up: v
57672: down: e
57750: down: <space>
57813: up: e
57922: up: <space>
58079: down: i
58204: up: i
58219: down: t
58329: up: t
58375: down: <space>
58547: up: <space>
58657: down: a
58782: down: n
58829: up: a
58875: up: n
58907: down: d
59016: down: <space>
59032: up: d
59157: up: <space>
59547: down: s
59688: down: o
59719: up: s
59782: down: m
59844: up: o
59891: down: e
59954: up: m
60016: up: e
60125: down: t
60235: down: i
60250: up: t
60344: down: m
60391: up: i
60485: down: e
60532: up: m
60594: up: e
60688: down: s
60829: down: <space>
60844: up: s
60969: up: <space>
61094: down: <shift_left>
61204: down: i
61329: up: i
61344: up: <shift_left>
61375: down: <space>
61500: up: <space>
61579: down: t
61688: down: h
61735: up: t
61797: down: i
61829: up: h
61922: down: n
61954: up: i
62079: up: n
62079: down: k
62188: up: k
62235: down: <space>
62360: up: <space>
62672: down: t
62766: up: t
62844: down: h
62985: up: h
63047: down: a
63094: down: t
63172: up: a
63235: up: t
63266: down: <space>
63407: up: <space>
63532: down: p
63657: up: p
63672: down: e
63766: up: e
63875: down: r
64000: up: r
64141: down: h
64282: up: h
64422: down: a
64563: up: a
64625: down: p
64641: down: o
64704: up: o
64719: up: p
64735: down: s
64844: down: <space>
64875: up: s
64938: up: <space>
65297: down: i
65375: down: n
65438: up: i
65516: up: n
65579: down: <space>
65688: up: <space>
65782: down: m
65875: up: m
66000: down: y
66079: down: <space>
66141: up: y
66188: up: <space>
66266: down: p
66391: up: p
66485: down: r
66579: up: r
66672: down: e
66813: up: e
67032: down: v
67172: up: v
67329: down: i
67422: up: i
67516: down: o
67672: down: u
67735: up: o
67813: up: u
67829: down: s
67954: down: <space>
67969: up: s
68079: up: <space>
68204: down: l
68344: up: l
68407: down: i
68532: up: i
68719: down: v
68844: up: v
68922: down: e
68969: down: <space>
69047: up: e
69094: up: <space>
69329: down: <shift_left>
69391: down: i
69516: up: i
69532: up: <shift_left>
69563: down: <space>
69625: down: w
69704: up: <space>
69735: up: w
69813: down: a
69938: up: a
70016: down: s
70125: down: <space>
70157: up: s
70204: up: <space>
70344: down: l
70454: up: l
70547: down: i
70672: up: i
71344: down: v
71469: down: i
71485: up: v
71547: down: n
71610: up: i
71672: down: g
71688: up: n
71797: up: g
71813: down: <space>
71954: up: <space>
72157: down: i
72250: down: n
72313: up: i
72375: up: n
72454: down: <space>
72579: down: <shift_left>
72625: up: <space>
72875: down: n
72969: up: <shift_left>
73016: up: n
73141: down: a
73282: up: a
74094: down: p
74204: down: l
74297: up: p
74375: up: l
74485: down: e
74610: up: e
74719: down: s
74844: up: s
74891: down: <space>
75047: up: <space>
75282: down: o
75422: up: o
75485: down: f
75610: up: f
75844: down: <space>
75969: up: <space>
76282: down: <shift_left>
76516: down: m
76610: up: <shift_left>
76641: up: m
76954: down: i
77047: up: i
77172: down: l
77297: up: l
77375: down: a
77532: up: a
77547: down: n
77641: down: o
77672: up: n
77782: up: o
80438: down: <arrow_up>
80594: up: <arrow_up>
80797: down: <arrow_right>
82485: up: <arrow_right>
82704: down: <arrow_right>
82844: up: <arrow_right>
83422: down: <backspace>
83532: up: <backspace>
84907: down: <arrow_down>
85047: up: <arrow_down>
89657: down: .
89782: up: .
89938: down: <space>
90079: up: <space>
120516: down: <shift_left>
120735: down: m
120860: up: m
120985: up: <shift_left>
121125: down: y
121235: up: y
121485: down: <space>
121625: up: <space>
122219: down: f
122329: up: f
122422: down: a
122579: up: a
122704: down: v
122891: up: v
122907: down: o
123016: up: o
123110: down: r
123250: up: r
123391: down: i
123516: up: i
123657: down: t
123766: down: e
123797: up: t
123829: down: <space>
123907: up: e
123969: up: <space>
124891: down: i
125000: up: i
125141: down: t
125266: up: t
125360: down: a
125454: down: l
125516: up: a
125610: up: l
125641: down: i
125766: up: i
125797: down: a
125922: down: n
125969: up: a
126047: up: n
126141: down: <space>
126282: up: <space>
126485: down: d
126657: up: d
126766: down: i
126954: up: i
127000: down: s
127172: up: s
127204: down: h
127344: up: h
127438: down: <space>
127610: up: <space>
129250: down: i
129360: down: s
129407: up: i
129454: down: <space>
129516: up: s
129579: up: <space>
129657: down: m
129750: down: e
129829: up: m
129875: down: a
129907: up: e
130079: up: a
130235: down: t
130313: down: <space>
130360: up: t
130469: up: <space>
130750: down: b
130875: up: b
131000: down: a
131157: up: a
131250: down: l
131344: up: l
131422: down: l
131532: up: l
131579: down: s
131704: down: <space>
131719: up: s
131860: up: <space>
131907: down: w
132047: down: i
132063: up: w
132172: up: i
132266: down: t
132375: up: t
132454: down: h
132547: down: <space>
132579: up: h
132688: up: <space>
133063: down: z
133235: up: z
133313: down: i
133438: up: i
133797: down: t
133891: up: t
133954: down: t
134032: down: i
134047: up: t
134157: up: i
138235: down: .
138344: up: .
138469: down: <space>
138594: up: <space>
138735: down: <shift_left>
138891: down: i
139016: up: i
139047: up: <shift_left>
139157: down: '
139282: up: '
139391: down: m
139500: up: m
139579: down: <space>
139704: up: <space>
139782: down: a
139938: up: a
140000: down: l
140110: up: l
140532: down: s
140657: down: o
140688: up: s
140782: down: <space>
140829: up: o
140907: up: <space>
140938: down: a
141063: down: <space>
141094: up: a
141188: up: <space>
141282: down: g
141407: up: g
141469: down: o
141563: up: o
141625: down: o
141688: down: d
141735: up: o
141813: up: d
141829: down: <space>
141985: up: <space>
142219: down: f
142344: up: f
142375: down: r
142500: up: r
142594: down: e
142735: up: e
142750: down: i
142891: down: n
142954: up: i
143047: up: n
143188: down: d
143329: up: d
143344: down: <space>
143500: up: <space>
143641: down: w
143844: up: w
143891: down: i
144032: up: i
144141: down: t
144250: up: t
144329: down: h
144469: up: h
145329: down: <space>
145454: up: <space>
145829: down: s
145985: up: s
146016: down: p
146188: up: p
146610: down: a
146750: up: a
147579: down: g
147719: up: g
147782: down: e
147922: up: e
148094: down: t
148204: up: t
148282: down: h
148422: up: h
148688: down: i
148797: up: i
148844: down: i
148954: up: i
149735: down: <backspace>
149829: up: <backspace>
149891: down: <backspace>
150000: up: <backspace>
150063: down: <backspace>
150141: up: <backspace>
150235: down: <backspace>
150297: up: <backspace>
150375: down: <backspace>
150485: up: <backspace>
151297: down: h
151438: up: h
151532: down: e
151657: down: t
151688: up: e
151797: up: t
151922: down: i
152016: up: i
152063: down: i
152172: up: i
169125: down: <space>
169235: down: a
169250: up: <space>
169375: down: n
169422: up: a
169485: down: d
169516: up: n
169625: up: d
169641: down: <space>
169797: up: <space>
170157: down: <shift_left>
170329: down: i
170454: up: i
170485: up: <shift_left>
170563: down: <space>
170672: up: <space>
170688: down: d
170860: up: d
170907: down: o
171032: up: o
171141: down: <space>
171250: up: <space>
171391: down: n
171469: down: o
171516: up: n
171579: down: t
171610: up: o
171688: up: t
171719: down: <space>
171844: up: <space>
171969: down: f
172079: down: r
172125: up: f
172250: up: r
172297: down: o
172454: up: o
172719: down: w
172891: down: n
172922: up: w
173016: up: n
173110: down: <space>
173250: up: <space>
173907: down: u
174079: up: u
174454: down: p
174563: up: p
174672: down: o
174844: down: n
174891: up: o
174969: up: n
175047: down: <space>
175188: up: <space>
175344: down: a
175500: up: a
175547: down: <space>
175672: up: <space>
175766: down: g
175891: up: g
175985: down: o
176063: up: o
176125: down: o
176266: up: o
176329: down: d
176422: down: <space>
176454: up: d
176547: up: <space>
177266: down: b
177422: up: b
177719: down: i
177875: up: i
177954: down: s
178141: up: s
178157: down: t
178297: up: t
178344: down: e
178485: up: e
178672: down: c
178750: up: c
178829: down: c
178954: up: c
179016: down: a
179172: up: a
186172: down: .
186297: up: .
186469: down: <space>
186610: up: <space>
197094: down: <shift_left>
197282: down: g
197407: up: <shift_left>
197438: up: g
197516: down: a
197688: up: a
197875: down: r
197985: up: r
198204: down: l
198360: down: i
198407: up: l
198500: up: i
198532: down: c
198625: down: <space>
198672: up: c
198782: up: <space>
198922: down: b
199063: up: b
199141: down: r
199282: up: r
199360: down: e
199516: up: e
199532: down: a
199704: up: a
199719: down: d
199844: up: d
199875: down: <space>
200032: up: <space>
205204: down: i
205313: down: s
205360: up: i
205454: down: <space>
205485: up: s
205516: up: <space>
205641: down: m
205875: up: m
205922: down: y
206016: down: <space>
206063: up: y
206141: up: <space>
206297: down: f
206422: up: f
206454: down: a
206610: up: a
206766: down: v
206969: up: v
207000: down: i
207110: up: i
207516: down: t
207657: up: t
207704: down: e
207829: up: e
207844: down: <space>
207985: up: <space>
213610: down: <backspace>
213704: up: <backspace>
213766: down: <backspace>
213875: up: <backspace>
213954: down: <backspace>
214016: up: <backspace>
214094: down: <backspace>
214172: up: <backspace>
215563: down: o
215719: up: o
216000: down: r
216125: up: r
216235: down: i
216375: up: i
216500: down: t
216610: down: e
216641: up: t
216688: down: <space>
216735: up: e
216829: up: <space>
217000: down: a
217125: up: a
217250: down: p
217329: up: p
217422: down: p
217547: up: p
217563: down: e
217672: up: e
217844: down: t
217954: up: t
218172: down: i
218297: up: i
218485: down: z
218594: up: z
218719: down: e
218829: up: e
218907: down: r
219016: up: r
219094: down: <space>
219235: up: <space>
219657: down: a
219797: up: a
219844: down: n
219969: up: n
219985: down: d
220110: up: d
220157: down: <space>
220297: up: <space>
232813: down: <shift_left>
232954: down: i
233063: down: <space>
233125: up: i
233157: up: <shift_left>
233204: up: <space>
234219: down: s
234422: up: s
234422: down: i
234547: up: i
234672: down: m
234813: up: m
234922: down: p
235047: down: l
235141: up: p
235188: up: l
235329: down: u
235407: down: <space>
235454: up: u
235532: up: <space>
235579: down: a
235735: up: a
235860: down: d
235985: down: o
236016: up: d
236110: up: o
236172: down: r
236297: down: e
236344: up: r
236500: up: e
239797: down: <space>
239954: up: <space>
240954: down: m
241094: up: m
241157: down: o
241282: up: o
241875: down: z
242016: up: z
242172: down: a
242329: up: a
242500: down: r
242594: up: r
242672: down: e
242813: up: e
242875: down: l
242954: up: l
243016: down: l
243141: up: l
243157: down: a
243297: up: a
243313: down: <space>
243422: up: <space>
243454: down: a
243594: down: n
243610: up: a
243688: down: d
243704: up: n
243797: down: <space>
243844: up: d
243954: up: <space>
244204: down: p
244344: up: p
244344: down: r
244454: down: o
244500: up: r
244594: up: o
244766: down: c
244954: up: c
245563: down: i
245672: up: i
245766: down: u
245891: up: u
246063: down: t
246157: up: t
246235: down: t
246313: up: t
246422: down: o
246563: up: o
248516: down: <space>
248641: down: a
248688: up: <space>
248766: up: a
248860: down: s
249000: up: s
249016: down: <space>
249157: up: <space>
250579: down: a
250735: up: a
250907: down: <space>
251063: up: <space>
252766: down: b
252907: up: b
252922: down: e
253047: down: t
253079: up: e
253172: up: t
253235: down: w
253391: up: w
253532: down: e
253625: up: e
253704: down: e
253829: up: e
254219: down: n
254329: up: n
254407: down: <space>
254516: up: <space>
254610: down: m
254750: up: m
254750: down: e
254907: down: a
254938: up: e
255047: down: l
255094: up: a
255172: up: l
255235: down: <space>
255375: up: <space>
255500: down: s
255719: up: s
256157: down: n
256313: up: n
256344: down: a
256516: up: a
256688: down: c
256844: up: c
256844: down: k
256969: up: k
261079: down: .
261204: up: .
261313: down: <space>
261454: up: <space>
261563: down: <shift_left>
261766: down: p
261891: up: <shift_left>
261907: up: p
262000: down: i
262125: up: i
262250: down: z
262344: up: z
262422: down: z
262532: up: z
262563: down: a
262750: up: a
262750: down: <space>
262907: up: <space>
263235: down: i
263422: up: i
264188: down: s
264329: down: <space>
264360: up: s
264469: up: <space>
264547: down: <shift_left>
264641: down: o
264750: down: k
264860: up: o
264922: up: <shift_left>
264922: up: k
265907: down: <space>
266063: up: <space>
266235: down: b
266344: down: u
266391: up: b
266454: down: t
266469: up: u
266563: up: t
266594: down: <space>
266735: up: <space>
266829: down: <shift_left>
267079: down: i
267219: up: i
267594: up: <shift_left>
267860: down: '
268016: up: '
268094: down: m
268204: up: m
268297: down: <space>
268407: up: <space>
268532: down: n
268625: down: o
268688: up: n
268782: up: o
268813: down: t
268954: up: t
268954: down: <space>
269063: up: <space>
269141: down: a
269235: down: b
269360: up: b
269375: up: a
269407: down: l
269532: up: l
269563: down: e
269672: down: <space>
269704: up: e
269813: up: <space>
269844: down: t
269938: down: o
269985: up: t
270047: up: o
270141: down: <space>
270282: up: <space>
270391: down: e
270532: up: e
270563: down: a
270750: up: a
270844: down: t
271000: up: t
271047: down: <space>
271204: up: <space>
271422: down: i
271547: up: i
271563: down: t
271688: up: t
271719: down: <space>
271844: up: <space>
272032: down: e
272157: up: e
272297: down: v
272391: down: e
272469: up: v
272594: up: e
272672: down: r
272829: up: r
272954: down: y
273079: up: y
273329: down: d
273454: down: a
273500: up: d
273625: down: u
273672: up: a
273766: up: u
274250: down: <backspace>
274375: up: <backspace>
274532: down: y
274641: down: <space>
274657: up: y
274766: up: <space>
274782: down: a
274891: up: a
274985: down: s
275110: down: <space>
275141: up: s
275250: up: <space>
275344: down: s
275438: down: o
275516: up: s
275547: down: m
275610: up: o
275672: down: e
275688: up: m
275782: down: <space>
275829: up: e
275907: up: <space>
276110: down: p
276219: up: p
276235: down: e
276329: down: o
276407: up: e
276454: up: o
276532: down: p
276704: down: l
276766: up: p
276875: up: l
277344: down: e
277469: down: <space>
277485: up: e
277594: up: <space>
277688: down: <shift_left>
277782: down: i
277891: down: <space>
277922: up: <shift_left>
277938: up: i
278000: up: <space>
278063: down: k
278172: up: k
278282: down: n
278391: up: n
279016: down: o
279172: up: o
279250: down: a
279375: up: a
279641: down: e
279704: up: e
279719: down: <backspace>
279860: up: <backspace>
280047: down: <backspace>
280172: up: <backspace>
280204: down: e
280344: up: e
280829: down: <backspace>
280891: down: e
280985: up: <backspace>
281079: up: e
281297: down: <backspace>
281344: down: w
281454: up: <backspace>
281532: up: w
283219: down: <space>
283391: up: <space>
283579: down: w
283704: down: h
283766: up: w
283797: down: o
283829: up: h
283938: down: <space>
283985: up: o
284047: up: <space>
284266: down: s
284625: up: s
284641: down: h
284782: up: h
284829: down: a
284969: down: l
285032: up: a
285047: up: l
285125: down: l
285250: up: l
285282: down: <space>
285438: up: <space>
285438: down: r
285547: up: r
285625: down: e
285750: down: n
285782: up: e
285875: down: a
285891: up: n
286000: down: m
286047: up: a
286125: up: m
286141: down: e
286250: down: <space>
286297: up: e
286407: up: <space>
287172: down: n
287329: up: n
287360: down: a
287579: up: a
290735: down: m
290891: down: e
290907: up: m
291032: up: e
291750: down: l
291891: up: l
291907: down: e
292032: up: e
292172: down: s
292266: up: s
292344: down: s
292469: up: s
292641: down: <space>
292782: up: <space>
293000: down: f
293125: down: o
293141: up: f
293235: up: o
293235: down: r
293360: down: <space>
293391: up: r
293485: up: <space>
293688: down: t
293797: up: t
293891: down: h
293985: down: e
294032: up: h
294110: down: <space>
294125: up: e
294266: up: <space>
294641: down: s
294797: down: a
294860: up: s
294954: down: k
295000: up: a
295079: down: e
295094: up: k
295204: down: <space>
295235: up: e
295344: up: <space>
295625: down: o
295735: down: f
295750: up: o
295844: down: <space>
295875: up: f
295985: up: <space>
296032: down: t
296157: up: t
296188: down: h
296266: down: i
296344: up: h
296407: down: s
296422: up: i
296563: down: <space>
296579: up: s
296704: up: <space>
297297: down: p
297422: up: p
297438: down: a
297547: down: p
297594: up: a
297688: up: p
297719: down: e
297844: up: e
297954: down: r
298079: up: r
302422: down: .
302563: up: .
302750: down: <space>
302875: up: <space>
303047: down: <shift_left>
303282: down: a
303297: down: <space>
303375: up: <shift_left>
303422: up: <space>
303485: up: a
303579: down: n
303688: down: i
303750: up: n
303813: down: c
303829: up: i
303875: down: e
303922: up: c
304016: down: <space>
304063: up: e
304157: up: <space>
304532: down: g
304688: up: g
304704: down: l
304844: up: l
304860: down: a
305032: up: a
305266: down: s
305344: up: s
305407: down: s
305516: up: s
306422: down: <space>
306563: up: <space>
307532: down: o
307719: up: o
307735: down: f
307875: up: f
307922: down: <space>
308032: up: <space>
319360: down: <shift_left>
319610: down: c
319625: down: v
319704: up: v
319719: up: c
319750: up: <shift_left>
320954: down: <backspace>
321079: up: <backspace>
321766: down: h
321860: down: i
321891: up: h
322047: down: a
322079: up: i
322282: up: a
323485: down: n
323625: down: t
323657: up: n
323766: up: t
324485: down: i
324625: up: i
324704: down: <space>
324860: up: <space>
325422: down: o
325563: up: o
325594: down: r
325704: down: <space>
325735: up: r
325844: up: <space>
325938: down: <shift_left>
326141: down: v
326266: up: v
326313: up: <shift_left>
326422: down: a
326625: up: a
326735: down: l
326860: up: l
327047: down: p
327188: down: o
327266: up: p
327313: up: o
327438: down: l
327516: up: l
327594: down: l
327672: up: l
327782: down: i
327907: up: i
327954: down: c
328110: up: c
328250: down: e
328391: up: e
328454: down: l
328532: up: l
328625: down: l
328750: up: l
328766: down: a
328922: up: a
328954: down: <space>
329079: up: <space>
329235: down: i
329344: down: d
329360: up: i
329516: up: d
329985: down: <backspace>
330188: up: <backspace>
330516: down: s
330704: up: s
330735: down: <space>
330860: up: <space>
330907: down: a
331016: down: <space>
331079: up: a
331125: up: <space>
331625: down: p
331797: up: p
331813: down: e
331969: up: e
332063: down: r
332172: up: r
332282: down: f
332360: down: e
332422: up: f
332532: up: e
332641: down: c
332797: up: c
332813: down: t
332954: up: t
333063: down: <space>
333204: up: <space>
336469: down: e
336610: down: n
336625: up: e
336735: up: n
336782: down: d
336844: down: <space>
336938: up: d
337000: up: <space>
337141: down: t
337282: up: t
337985: down: o
338141: up: o
339610: down: <space>
339750: up: <space>
339875: down: o
340000: up: o
340141: down: t
340250: up: t
340329: down: h
340391: down: e
340454: up: h
340516: up: e
340594: down: r
340735: up: r
340938: down: w
341094: up: w
341094: down: i
341188: down: s
341219: up: i
341313: up: s
341375: down: e
341485: down: <space>
341563: up: e
341625: up: <space>
341875: down: b
342000: up: b
342125: down: o
342250: up: o
342360: down: r
342422: down: i
342500: up: r
342547: down: n
342625: up: i
342688: down: g
342719: up: n
342813: up: g
342907: down: <space>
343047: up: <space>
343954: down: d
344110: up: d
344110: down: i
344235: up: i
344313: down: n
344422: up: n
344469: down: n
344610: up: n
344672: down: e
344797: up: e
344860: down: r
345000: up: r
345829: down: .
345938: up: .

