# Keylogger Version 0.1; Format: (timestamp, downstroke/upstroke, key)
0: down: <shift_left>
266: down: t
375: up: t
391: up: <shift_left>
485: down: h
625: up: h
672: down: e
828: up: e
828: down: <space>
938: up: <space>
1578: down: m
1688: up: m
1828: down: i
1938: up: i
2063: down: l
2172: up: l
2250: down: i
2375: up: i
2531: down: t
2672: up: t
2688: down: a
2797: up: a
2906: down: r
2985: down: y
3078: up: r
3078: down: <space>
3141: up: y
3219: up: <space>
3313: down: c
3438: down: h
3469: up: c
3578: down: a
3594: up: h
3750: up: a
3750: down: n
3844: up: n
3922: down: n
4047: up: n
4094: down: e
4219: down: l
4235: up: e
4344: up: l
4391: down: <space>
4531: up: <space>
4688: down: i
4813: up: i
4844: down: s
4938: down: <space>
4985: up: s
5078: up: <space>
5156: down: a
5266: down: n
5344: up: a
5375: up: n
5469: down: <space>
5594: down: e
5610: up: <space>
5735: up: e
5969: down: x
6094: up: x
6203: down: c
6344: up: c
6422: down: e
6563: up: e
6828: down: l
6953: up: l
7141: down: l
7297: up: l
7656: down: e
7813: up: e
7953: down: n
8078: up: n
8078: down: t
8188: up: t
8219: down: <space>
8344: up: <space>
8438: down: s
8563: down: o
8594: up: s
8703: down: u
8766: up: o
8860: up: u
8938: down: r
9063: up: r
9203: down: c
9297: down: e
9344: up: c
9422: down: <space>
9485: up: e
9563: up: <space>
9688: down: o
9813: up: o
9860: down: f
9985: down: <space>
10000: up: f
10125: up: <space>
10578: down: m
10688: up: m
10813: down: i
10906: up: i
11000: down: l
11110: up: l
11188: down: i
11297: up: i
11453: down: t
11578: up: t
11594: down: a
11703: up: a
11828: down: r
11906: down: y
11953: up: r
12031: down: <space>
12078: up: y
12156: up: <space>
12266: down: i
12344: down: n
12422: up: i
12500: up: n
12531: down: f
12656: down: o
12688: up: f
12797: up: o
12813: down: r
12922: down: m
12938: up: r
13063: down: a
13078: up: m
13219: up: a
13313: down: t
13391: down: i
13438: up: t
13500: up: i
13578: down: o
13656: down: n
13735: up: o
13781: up: n
13860: down: <space>
13985: up: <space>
14031: down: a
14188: up: a
14360: down: d
14500: up: d
15500: down: <backspace>
15641: up: <backspace>
15828: down: n
15953: up: n
16469: down: d
16641: up: d
18656: down: <space>
18813: up: <space>
19063: down: n
19219: up: n
19266: down: e
19375: down: w
19422: up: e
19531: up: w
19625: down: s
19781: up: s
19797: down: <space>
19938: up: <space>
20094: down: o
20203: down: f
20235: up: o
20281: down: <space>
20344: up: f
20438: up: <space>
20500: down: t
20610: up: t
20703: down: h
20766: down: e
20828: up: h
20844: down: <space>
20891: up: e
20953: up: <space>
21188: down: l
21313: up: l
21375: down: a
21531: up: a
21563: down: t
21688: down: e
21719: up: t
21813: up: e
21922: down: s
22016: down: t
22063: up: s
22141: down: <space>
22156: up: t
22281: up: <space>
22469: down: t
22594: up: t
22610: down: e
22719: up: e
22844: down: c
22922: down: h
23000: up: c
23047: up: h
23172: down: n
23297: down: o
23313: up: n
23406: up: o
23688: down: o
23797: up: o
24016: down: g
24125: up: g
24156: down: i
24297: up: i
24313: down: e
24438: up: e
24516: down: s
24594: down: <space>
24672: up: s
24719: up: <space>
24797: down: u
24906: up: u
24922: down: s
25016: up: s
25094: down: e
25219: up: e
25313: down: d
25422: down: <space>
25453: up: d
25563: up: <space>
26344: down: i
26453: down: n
26516: up: i
26563: up: n
26656: down: <space>
26766: up: <space>
26906: down: t
27016: up: t
27094: down: h
27188: down: e
27219: up: h
27266: down: <space>
27328: up: e
27391: up: <space>
27500: down: m
27625: up: m
27719: down: i
27828: up: i
27922: down: l
28016: up: l
28110: down: i
28219: up: i
28360: down: t
28516: up: t
28516: down: a
28656: up: a
28781: down: r
28891: down: y
28922: up: r
29000: up: y
29547: down: .
29688: up: .
29750: down: <space>
29875: up: <space>
29953: down: <shift_left>
30094: down: l
30203: up: <shift_left>
30219: up: l
30313: down: a
30469: up: a
30485: down: t
30610: up: t
30672: down: e
30828: up: e
30860: down: l
31016: up: l
31125: down: y
31250: down: <space>
31297: up: y
31391: up: <space>
31531: down: <shift_left>
31688: down: i
31813: up: i
31828: up: <shift_left>
31969: down: <space>
32110: up: <space>
32188: down: h
32328: up: h
32344: down: a
32500: up: a
32547: down: d
32672: down: <space>
32688: up: d
32781: up: <space>
32844: down: a
32969: down: <space>
33000: up: a
33078: up: <space>
33125: down: c
33235: down: h
33250: up: c
33360: up: h
33406: down: a
33500: down: n
33578: up: a
33641: up: n
33719: down: c
33828: down: e
33844: up: c
33985: down: <space>
34000: up: e
34125: up: <space>
34172: down: t
34281: up: t
34344: down: o
34469: up: o
34485: down: <space>
34610: up: <space>
34672: down: w
34813: up: w
34906: down: a
35063: up: a
35125: down: t
35266: up: t
35281: down: c
35375: down: h
35422: up: c
35516: down: <space>
35563: up: h
35641: up: <space>
35703: down: a
35828: down: <space>
35860: up: a
35953: up: <space>
35985: down: s
36125: up: s
36125: down: h
36266: down: o
36281: up: h
36422: up: o
36531: down: r
36656: down: t
36672: up: r
36797: up: t
36813: down: <space>
36953: up: <space>
37344: down: f
37516: up: f
37516: down: i
37688: down: l
37750: up: i
37844: up: l
37953: down: e
38156: up: e
39000: down: m
39156: up: m
39891: down: <backspace>
40000: up: <backspace>
40063: down: <backspace>
40188: up: <backspace>
40797: down: m
40953: up: m
41578: down: <space>
41735: up: <space>
41781: down: a
41922: down: b
41953: up: a
42047: up: b
42078: down: o
42219: down: u
42281: up: o
42313: up: u
42438: down: t
42547: up: t
42688: down: t
42781: up: t
42860: down: h
42985: up: h
43000: down: e
43063: down: <space>
43156: up: e
43188: up: <space>
43328: down: f
43500: up: f
43688: down: u
43813: up: u
44516: down: t
44656: up: t
44688: down: u
44828: up: u
44844: down: r
44953: down: e
45000: up: r
45078: down: <space>
45110: up: e
45203: up: <space>
45375: down: b
45500: up: b
45547: down: a
45703: up: a
45719: down: t
45813: up: t
45891: down: t
46000: up: t
46125: down: l
46281: up: l
46297: down: e
46453: up: e
46594: down: f
46672: down: i
46735: up: f
46797: up: i
46860: down: e
47000: up: e
47016: down: l
47156: up: l
47188: down: d
47328: up: d
47360: down: <space>
47516: up: <space>
47625: down: a
47797: up: a
47813: down: i
47906: up: i
48047: down: t
48156: up: t
48266: down: h
48391: up: h
48547: down: <space>
48688: up: <space>
49141: down: r
49281: up: r
49328: down: o
49453: up: o
49594: down: b
49703: up: b
49781: down: o
49906: up: o
49985: down: t
50094: up: t
50203: down: s
50328: up: s
50391: down: <space>
50516: up: <space>
50547: down: a
50719: up: a
50719: down: n
50875: up: n
51516: down: o
51656: up: o
51813: down: m
51953: up: m
52547: down: g
52656: up: g
52719: down: <space>
52860: up: <space>
53031: down: s
53156: down: o
53188: up: s
53266: up: o
53344: down: l
53485: up: l
53547: down: d
53750: up: d
53781: down: i
53922: up: i
53985: down: e
54110: up: e
54188: down: r
54281: up: r
54375: down: s
54500: up: s
55610: down: <arrow_up>
55750: up: <arrow_up>
55953: down: <end>
56078: up: <end>
56297: down: <arrow_left>
57016: up: <arrow_left>
57235: down: <arrow_left>
57328: up: <arrow_left>
57422: down: <arrow_left>
57516: up: <arrow_left>
57547: down: <arrow_left>
57703: up: <arrow_left>
57860: down: <space>
58000: up: <space>
59375: down: <arrow_down>
59610: up: <arrow_down>
59735: down: <arrow_left>
61000: up: <arrow_left>
61610: down: <arrow_left>
61750: up: <arrow_left>
62125: down: <backspace>
62250: up: <backspace>
62391: down: w
62610: up: w
64391: down: <arrow_right>
64516: up: <arrow_right>
64641: down: <arrow_right>
64719: up: <arrow_right>
64828: down: <arrow_right>
64922: up: <arrow_right>
65016: down: <arrow_right>
65110: up: <arrow_right>
65313: down: a
65516: up: a
66031: down: <space>
66172: up: <space>
66641: down: f
66750: down: e
66781: up: f
66860: down: w
66906: up: e
66953: down: <space>
67047: up: w
67078: up: <space>
68563: down: <end>
68688: up: <end>
68938: down: <arrow_left>
69719: up: <arrow_left>
69969: down: <arrow_left>
70078: up: <arrow_left>
70453: down: <arrow_left>
70563: up: <arrow_left>
70797: down: <backspace>
70906: up: <backspace>
71735: down: m
71860: up: m
72375: down: <arrow_right>
72469: up: <arrow_right>
72578: down: <arrow_right>
72672: up: <arrow_right>
72985: down: <backspace>
73110: up: <backspace>
73719: down: n
73828: up: n
75453: down: <end>
75563: up: <end>
76469: down: .
76594: up: .
76735: down: <space>
76875: up: <space>
77156: down: <shift_left>
77375: down: t
77500: up: t
77531: up: <shift_left>
77766: down: h
77906: up: h
77953: down: e
78078: up: e
78172: down: <space>
78297: up: <space>
78891: down: s
79078: up: s
79078: down: k
79219: up: k
79297: down: e
79406: up: e
79422: down: l
79563: up: l
79563: down: e
79688: up: e
79828: down: t
79938: up: t
79953: down: o
80078: down: n
80156: up: o
80219: up: n
80703: down: <space>
80844: up: <space>
83125: down: w
83266: up: w
83406: down: e
83531: up: e
83672: down: i
83797: up: i
83938: down: g
84063: down: h
84094: up: g
84203: up: h
86313: down: <space>
86438: up: <space>
86516: down: a
86641: down: b
86719: up: a
86797: up: b
86860: down: o
87031: down: u
87094: up: o
87141: up: u
87266: down: t
87406: up: t
87485: down: <space>
87641: up: <space>
88500: down: 1
88641: up: 1
88891: down: 5
89016: up: 5
89219: down: 0
89360: up: 0
90156: down: -
90297: up: -
90531: down: 1
90656: up: 1
90860: down: 8
91016: down: 0
91047: up: 8
91188: up: 0
92891: down: <space>
93047: up: <space>
93297: down: p
93516: up: p
93610: down: u
93750: up: u
93891: down: n
94031: up: n
94203: down: d
94328: down: s
94391: up: d
94516: up: s
94531: down: <space>
94672: up: <space>
94735: down: a
94891: up: a
95610: down: <backspace>
95750: up: <backspace>
95828: down: c
95969: down: a
96031: up: c
96188: down: n
96203: up: a
96328: up: n
96781: down: <space>
96938: up: <space>
97125: down: b
97250: up: b
97266: down: e
97375: down: <space>
97406: up: e
97531: up: <space>
97625: down: w
97750: down: o
97781: up: w
97891: up: o
98016: down: r
98141: up: r
98156: down: k
98281: up: k
98297: down: <space>
98438: up: <space>
98625: down: b
98735: down: y
98781: up: b
98875: up: y
99000: down: <space>
99141: up: <space>
99297: down: a
99438: down: <space>
99453: up: a
99578: up: <space>
101578: down: <backspace>
101735: up: <backspace>
102141: down: <backspace>
102313: up: <backspace>
103110: down: a
103297: up: a
103297: down: n
103422: up: n
103531: down: y
103641: up: y
103781: down: o
103891: down: n
103985: up: o
104094: up: n
104156: down: e
104281: up: e
105438: down: ,
105547: up: ,
105656: down: <space>
105813: up: <space>
105875: down: w
106031: up: w
106235: down: h
106391: up: h
107016: down: a
107156: down: t
107188: up: a
107313: up: t
107453: down: <space>
107610: up: <space>
108969: down: d
109094: down: o
109125: up: d
109250: down: e
109266: up: o
109360: up: e
109469: down: s
109594: down: <space>
109656: up: s
109719: up: <space>
109797: down: i
109906: up: i
109922: down: t
110047: up: t
110063: down: <space>
110188: up: <space>
110266: down: a
110406: up: a
110422: down: l
110516: up: l
110594: down: l
110688: up: l
110813: down: o
110922: up: o
111000: down: w
111125: up: w
111156: down: <space>
111297: up: <space>
111438: down: i
111578: up: i
111641: down: s
111781: down: <space>
111797: up: s
111906: up: <space>
112047: down: t
112156: up: t
112172: down: o
112266: down: <space>
112313: up: o
112391: up: <space>
112500: down: h
112625: up: h
112641: down: a
112797: down: v
112813: up: a
112906: up: v
112938: down: e
113047: down: <space>
113094: up: e
113188: up: <space>
113375: down: a
113500: down: <space>
113531: up: a
113625: up: <space>
113735: down: s
113891: up: s
113891: down: u
114063: down: p
114078: up: u
114188: up: p
114203: down: e
114344: up: e
114438: down: r
114578: up: r
114672: down: -
114797: up: -
115235: down: h
115344: up: h
115453: down: u
115578: up: u
115719: down: m
115828: up: m
115875: down: a
115969: down: n
116047: up: a
116078: up: n
116156: down: <space>
116313: up: <space>
116516: down: s
116672: up: s
116688: down: t
116797: up: t
116860: down: r
116969: up: r
117156: down: a
117344: up: a
117422: down: n
117563: up: n
117766: down: g
117891: down: h
117938: up: g
118031: up: h
118094: down: t
118219: up: t
118219: down: <space>
118360: up: <space>
118531: down: w
118656: down: h
118688: up: w
118781: up: h
118813: down: e
118922: down: n
118969: up: e
119016: up: n
119110: down: <space>
119235: up: <space>
119328: down: i
119453: up: i
119453: down: t
119563: up: t
119578: down: <space>
119703: up: <space>
119781: down: c
119891: down: o
119953: up: c
119985: down: m
120047: up: o
120141: up: m
120172: down: e
120313: up: e
120453: down: s
120594: up: s
120625: down: <space>
120766: up: <space>
120781: down: t
120906: up: t
120922: down: o
121031: up: o
121141: down: <space>
121250: up: <space>
121328: down: l
121485: up: l
121547: down: i
121672: up: i
122016: down: f
122141: up: f
122235: down: t
122360: up: t
122969: down: ,
123078: up: ,
123188: down: <space>
123297: up: <space>
123438: down: m
123563: down: o
123625: up: m
123688: up: o
123906: down: v
124031: up: v
124078: down: e
124203: up: e
124281: down: <space>
124422: up: <space>
128078: down: o
128250: up: o
128266: down: r
128406: up: r
128735: down: <space>
128860: up: <space>
129250: down: p
129406: up: p
129563: down: u
129688: up: u
129797: down: s
129938: down: h
129953: up: s
130031: down: <space>
130078: up: h
130172: up: <space>
130469: down: c
130610: up: c
130672: down: e
130844: up: e
130985: down: r
131156: up: r
131360: down: t
131500: up: t
131610: down: a
131703: down: i
131813: up: a
131844: down: n
131891: up: i
131953: up: n
132047: down: <space>
132188: up: <space>
132360: down: o
132485: up: o
132641: down: b
132781: up: b
132875: down: e
133047: up: e
133766: down: c
134047: up: c
134516: down: t
134641: up: t
134750: down: s
134891: up: s
135672: down: .
135797: up: .
135922: down: <space>
136063: up: <space>
136172: down: <shift_left>
136391: down: a
136453: up: <shift_left>
136547: up: a
136750: down: d
136844: up: d
136938: down: d
137031: up: d
137125: down: e
137235: up: e
137328: down: d
137453: up: d
137485: down: <space>
137625: up: <space>
137813: down: s
137938: up: s
137953: down: t
138063: up: t
138125: down: r
138235: up: r
138391: down: a
138547: up: a
138563: down: n
138688: up: n
138844: down: g
138953: down: h
139031: up: g
139110: up: h
139156: down: t
139281: up: t
139438: down: <space>
139594: up: <space>
141625: down: <arrow_left>
142281: up: <arrow_left>
142500: down: <arrow_left>
142578: up: <arrow_left>
142860: down: <arrow_right>
142985: up: <arrow_right>
143094: down: <arrow_right>
143188: up: <arrow_right>
143610: down: <backspace>
143735: up: <backspace>
143922: down: e
144047: up: e
144500: down: <end>
144641: up: <end>
149563: down: <arrow_left>
150313: up: <arrow_left>
151610: down: <end>
151813: up: <end>
153438: down: i
153578: up: i
153578: down: s
153688: down: <space>
153719: up: s
153828: up: <space>
153938: down: a
154016: down: <space>
154094: up: a
154141: up: <space>
154328: down: b
154469: up: b
154563: down: o
154813: up: o
156219: down: n
156375: up: n
156500: down: u
156625: up: u
156922: down: s
157141: up: s
157531: down: <space>
157735: up: <space>
158063: down: t
158172: up: t
158281: down: h
158422: up: h
158469: down: a
158594: down: t
158672: up: a
158735: up: t
158922: down: <space>
159078: up: <space>
159625: down: o
159781: up: o
159860: down: u
159985: up: u
160156: down: r
160266: down: <space>
160313: up: r
160391: up: <space>
160828: down: i
160938: down: n
161031: up: i
161125: up: n
161469: down: f
161610: up: f
161688: down: a
161828: down: n
161922: up: a
161969: up: n
162110: down: t
162235: up: t
162297: down: r
162360: down: y
162438: up: r
162485: down: <space>
162531: up: y
162610: up: <space>
162735: down: m
162875: up: m
162906: down: a
163016: down: n
163078: up: a
163125: up: n
163219: down: <space>
163360: up: <space>
163453: down: c
163563: down: a
163625: up: c
163766: down: n
163797: up: a
163875: up: n
163985: down: <space>
164110: up: <space>
164297: down: u
164422: up: u
164438: down: s
164563: up: s
164656: down: e
164828: up: e
164844: down: <space>
164985: up: <space>
165110: down: w
165250: down: h
165266: up: w
165344: down: i
165391: up: h
165469: up: i
165594: down: l
165735: up: l
165844: down: e
165969: up: e
166031: down: <space>
166172: up: <space>
166281: down: o
166406: down: n
166485: up: o
166547: up: n
166610: down: <space>
166750: up: <space>
166938: down: t
167047: up: t
167141: down: h
167266: up: h
167297: down: e
167391: down: <space>
167406: up: e
167547: up: <space>
167719: down: b
167860: up: b
167875: down: a
168031: up: a
168078: down: t
168172: up: t
168250: down: t
168375: up: t
168813: down: l
168953: up: l
169016: down: e
169141: up: e
169281: down: f
169406: down: i
169422: up: f
169531: up: i
169625: down: e
169766: up: e
169781: down: l
169891: up: l
169953: down: d
170094: up: d
170250: down: <space>
170391: up: <space>
170922: down: d
171047: up: d
171156: down: e
171281: up: e
171360: down: a
171563: down: l
171594: up: a
171719: down: i
171735: up: l
171844: up: i
172000: down: n
172110: up: n
172125: down: g
172250: up: g
172281: down: <space>
172438: up: <space>
172578: down: w
172750: up: w
172750: down: i
172906: up: i
172985: down: t
173094: up: t
173188: down: h
173313: down: <space>
173360: up: h
173453: up: <space>
174031: down: o
174188: up: o
174438: down: b
174578: up: b
174656: down: s
174766: down: t
174813: up: s
174906: up: t
175016: down: a
175188: down: c
175203: up: a
175313: up: c
175485: down: l
175656: up: l
175672: down: e
175781: up: e
175906: down: s
176047: up: s
176094: down: <space>
176203: up: <space>
176281: down: a
176391: down: n
176438: up: a
176516: up: n
176531: down: d
176688: down: <space>
176703: up: d
176813: up: <space>
177000: down: n
177125: down: o
177188: up: n
177281: down: t
177328: up: o
177391: up: t
177500: down: <space>
177641: up: <space>
177938: down: e
178031: down: n
178078: up: e
178203: up: n
178203: down: o
178375: down: u
178438: up: o
178500: up: u
178656: down: g
178766: down: h
178844: up: g
178922: down: <space>
178938: up: h
179078: up: <space>
179391: down: p
179516: down: o
179594: up: p
179656: up: o
180125: down: e
180281: up: e
180406: down: r
180610: up: r
181266: down: <backspace>
181438: up: <backspace>
181688: down: <backspace>
181844: up: <backspace>
182485: down: w
182610: up: w
182672: down: e
182813: up: e
182891: down: r
183031: up: r
183031: down: <space>
183172: up: <space>
183250: down: t
183375: up: t
183391: down: o
183469: down: <space>
183531: up: o
183578: up: <space>
183719: down: m
183844: down: o
183906: up: m
184016: up: o
184188: down: v
184328: up: v
184469: down: e
184610: up: e
184891: down: <space>
185031: up: <space>
185156: down: i
185281: up: i
185360: down: t
185485: up: t
187860: down: ,
187969: up: ,
188063: down: <space>
188219: up: <space>
188391: down: p
188531: up: p
188641: down: u
188766: up: u
188844: down: s
188985: down: h
189047: up: s
189125: up: h
189156: down: <space>
189313: up: <space>
189391: down: i
189516: up: i
189563: down: t
189688: up: t
189688: down: <space>
189844: up: <space>
190016: down: o
190172: up: o
190219: down: r
190328: down: <space>
190344: up: r
190469: up: <space>
190672: down: d
190781: up: d
190906: down: e
191047: up: e
191188: down: s
191344: up: s
191547: down: t
191703: up: t
192563: down: r
192688: up: r
192735: down: o
192875: up: o
193078: down: y
193203: up: y
193313: down: <space>
193453: up: <space>
193656: down: i
193797: up: i
193844: down: t
193953: up: t
195000: down: .
195110: up: .
195250: down: <space>
195391: up: <space>
195485: down: <shift_left>
195797: down: f
195860: up: <shift_left>
196031: up: f
196125: down: u
196266: up: u
196406: down: r
196531: up: r
196594: down: t
196703: up: t
196797: down: h
196891: down: e
196922: up: h
197031: up: e
197141: down: r
197281: up: r
197360: down: <space>
197469: up: <space>
197610: down: m
197735: down: o
197781: up: m
197860: down: r
197891: up: o
197985: down: e
198031: up: r
198125: down: <space>
198188: up: e
198266: up: <space>
198547: down: t
198656: up: t
198781: down: h
198953: down: i
199016: up: h
199078: up: i
199125: down: s
199250: down: <space>
199266: up: s
199391: up: <space>
199563: down: s
199719: up: s
199750: down: k
199860: up: k
200000: down: e
200110: up: e
200188: down: l
200313: up: l
200313: down: e
200422: up: e
200578: down: t
200703: up: t
200735: down: o
200875: down: n
200938: up: o
200985: up: n
201078: down: <space>
201235: up: <space>
201297: down: a
201438: up: a
201500: down: l
201594: up: l
201656: down: l
201766: up: l
201860: down: o
202000: up: o
202063: down: w
202188: up: w
203110: down: s
203235: up: s
203266: down: <space>
203406: up: <space>
203531: down: a
203656: down: l
203672: up: a
203781: up: l
203860: down: s
203969: down: o
204000: up: s
204094: down: <space>
204141: up: o
204235: up: <space>
204485: down: t
204610: up: t
204610: down: o
204719: down: <space>
204766: up: o
204860: up: <space>
205297: down: c
205453: up: c
205531: down: a
205656: up: a
205797: down: r
205891: up: r
205953: down: r
206063: down: y
206078: up: r
206188: down: <space>
206219: up: y
206313: up: <space>
206422: down: m
206547: up: m
206656: down: u
206781: up: u
206797: down: c
206891: down: h
206953: up: c
207016: down: <space>
207031: up: h
207172: up: <space>
207250: down: m
207406: down: o
207469: up: m
207531: down: r
207563: up: o
207625: down: e
207672: up: r
207797: up: e
208188: down: <space>
208344: up: <space>
208531: down: h
208672: up: h
208688: down: e
208813: down: a
208828: up: e
209016: up: a
209235: down: v
209344: up: v
209438: down: y
209547: down: <space>
209594: up: y
209688: up: <space>
210141: down: e
210266: up: e
210438: down: q
210594: up: q
210672: down: u
210797: up: u
211313: down: i
211438: up: i
211688: down: p
211828: up: p
212828: down: m
212953: up: m
212985: down: e
213094: down: n
213125: up: e
213219: up: n
213281: down: r
213297: down: t
213391: up: t
213406: up: r
214031: down: <backspace>
214188: up: <backspace>
214281: down: <backspace>
214406: up: <backspace>
215625: down: t
215735: up: t
218953: down: <space>
219094: up: <space>
219281: down: f
219438: up: f
219578: down: o
219656: down: r
219672: up: o
219719: up: r
219719: down: <space>
219860: up: <space>
220625: down: m
220766: up: m
220938: down: u
221063: up: u
221141: down: v
221235: down: h
221297: up: v
221344: down: <space>
221391: up: h
221485: up: <space>
222250: down: l
222360: up: l
222453: down: o
222563: up: o
222719: down: n
222828: up: n
222938: down: g
223078: up: g
223094: down: e
223203: up: e
223266: down: r
223344: down: <space>
223406: up: r
223500: up: <space>
223610: down: d
223750: down: i
223781: up: d
223875: up: i
224406: down: s
224563: up: s
224766: down: t
224891: up: t
224969: down: a
225094: down: n
225125: up: a
225219: up: n
225266: down: c
225406: down: e
225438: up: c
225531: up: e
225641: down: s
225781: up: s
226922: down: <arrow_left>
227953: up: <arrow_left>
228219: down: <arrow_left>
228391: up: <arrow_left>
228813: down: <backspace>
228922: up: <backspace>
229844: down: c
229969: up: c
230610: down: <end>
230750: up: <end>
231485: down: .
231594: up: .

