# Keylogger Version 0.1; Format: (timestamp, downstroke/upstroke, key)
0: down: <shift_left>
344: down: e
422: up: <shift_left>
531: up: e
656: down: v
797: up: v
812: down: e
953: up: e
1062: down: r
1203: up: r
1312: down: y
1437: up: y
1500: down: <space>
1656: up: <space>
3172: down: f
3312: up: f
3422: down: o
3578: down: u
3640: up: o
3750: up: u
3922: down: r
4078: up: r
4312: down: <space>
4484: up: <space>
5594: down: y
5750: up: y
5765: down: e
5937: down: a
5969: up: e
6203: up: a
6219: down: r
6375: up: r
6625: down: s
6781: up: s
8422: down: <space>
8578: up: <space>
8765: down: o
8953: down: u
9000: up: o
9094: up: u
9203: down: r
9312: down: <space>
9328: up: r
9453: up: <space>
9609: down: c
9734: down: o
9797: up: c
9890: down: u
9937: up: o
10000: up: u
10109: down: n
10219: up: n
10344: down: t
10453: up: t
10484: down: r
10594: down: y
10625: up: r
10719: down: <space>
10734: up: y
10859: up: <space>
11937: down: g
12047: up: g
12140: down: o
12312: up: o
12312: down: e
12422: up: e
12515: down: s
12656: down: <space>
12687: up: s
12781: up: <space>
12890: down: t
12984: down: o
13000: up: t
13078: down: <space>
13125: up: o
13203: up: <space>
13281: down: t
13406: up: t
13484: down: h
13531: down: e
13594: down: <space>
13609: up: h
13687: up: e
13719: up: <space>
13937: down: p
14062: up: p
14219: down: o
14297: up: o
14375: down: o
14469: up: o
14594: down: l
14703: up: l
14703: down: s
14844: down: <space>
14890: up: s
14969: up: <space>
15140: down: t
15250: up: t
15281: down: o
15437: up: o
16140: down: <space>
16281: up: <space>
16531: down: c
16687: up: c
16719: down: h
16844: up: h
17265: down: o
17359: up: o
17453: down: o
17531: down: s
17594: up: o
17640: up: s
17750: down: e
17890: up: e
17922: down: <space>
18094: up: <space>
18547: down: a
18672: down: <space>
18703: up: a
18781: up: <space>
18922: down: n
19047: down: e
19078: up: n
19140: down: w
19172: up: e
19265: down: <space>
19312: up: w
19406: up: <space>
19609: down: p
19734: up: p
19765: down: r
19859: up: r
19969: down: e
20078: up: e
20219: down: s
20344: down: i
20375: up: s
20484: up: i
20578: down: d
20703: up: d
20719: down: e
20890: up: e
20906: down: n
21015: up: n
21078: down: t
21187: up: t
21265: down: <space>
21406: up: <space>
21547: down: o
21687: up: o
21719: down: f
21812: down: <space>
21844: up: f
21937: up: <space>
22015: down: t
22109: up: t
22187: down: h
22297: down: e
22312: up: h
22375: down: <space>
22437: up: e
22515: up: <space>
22640: down: <shift_left>
22750: down: u
22859: up: u
22875: up: <shift_left>
23015: down: n
23156: down: i
23187: up: n
23297: up: i
23406: down: t
23547: down: e
23562: up: t
23703: up: e
24047: down: d
24203: up: d
25562: down: <space>
25719: up: <space>
25875: down: <shift_left>
26031: down: s
26109: up: <shift_left>
26172: down: t
26187: up: s
26312: up: t
26359: down: a
26500: down: t
26515: up: a
26625: up: t
26703: down: e
26828: up: e
26922: down: s
27062: up: s
28812: down: .
28953: up: .
29047: down: <space>
29172: up: <space>
29297: down: <shift_left>
29469: down: e
29531: up: <shift_left>
29640: up: e
29781: down: v
29890: down: e
29922: up: v
30062: up: e
30187: down: r
30328: up: r
30359: down: y
30500: up: y
30531: down: <space>
30687: up: <space>
31000: down: f
31140: up: f
31172: down: o
31344: down: u
31390: up: o
31484: up: u
31547: down: r
31672: up: r
31719: down: <space>
31875: up: <space>
32344: down: y
32500: up: y
32515: down: e
32672: down: a
32687: up: e
32890: up: a
32922: down: r
33031: up: r
33047: down: s
33187: down: <space>
33203: up: s
33328: up: <space>
33406: down: w
33531: up: w
33609: down: e
33734: down: <space>
33765: up: e
33859: up: <space>
34015: down: f
34140: up: f
34172: down: a
34312: down: c
34328: up: a
34422: up: c
34437: down: e
34531: down: <space>
34562: up: e
34656: up: <space>
34812: down: t
34906: up: t
35000: down: h
35094: down: e
35109: up: h
35234: down: <space>
35250: up: e
35375: up: <space>
35719: down: s
35844: down: a
35922: up: s
36062: up: a
36062: down: m
36219: up: m
36250: down: e
36359: up: e
37719: down: <space>
37875: up: <space>
38015: down: i
38125: up: i
38234: down: s
38344: up: s
38437: down: s
38562: up: s
38640: down: u
38781: up: u
38828: down: e
38953: up: e
39812: down: <shift_left>
39969: down: ;
40109: up: ;
40140: up: <shift_left>
40234: down: <space>
40390: up: <space>
40656: down: w
40828: up: w
40844: down: h
40984: up: h
41109: down: o
41250: up: o
41453: down: <space>
41609: up: <space>
43406: down: d
43515: down: o
43578: up: d
43687: up: o
43687: down: <space>
43797: up: <space>
43906: down: y
44031: up: y
44047: down: o
44156: down: u
44203: down: <space>
44250: up: o
44281: up: u
44328: up: <space>
44719: down: v
44859: up: v
45000: down: o
45140: up: o
45328: down: t
45453: up: t
45484: down: e
45625: down: <space>
45656: up: e
45750: up: <space>
45906: down: f
46031: down: o
46062: up: f
46156: up: o
46172: down: r
46297: up: r
46328: down: <space>
46469: up: <space>
46531: down: a
46672: down: n
46719: up: a
46781: up: n
46797: down: d
46906: down: <space>
46953: up: d
47047: up: <space>
47234: down: w
47406: up: w
47406: down: h
47500: up: h
47609: down: y
47734: up: y
49547: down: <shift_left>
49719: down: /
49859: up: /
49875: up: <shift_left>
50015: down: <space>
50172: up: <space>
50219: down: <shift_left>
50547: down: f
50609: up: <shift_left>
50703: down: o
50719: up: f
50812: down: r
50859: up: o
50969: up: r
51078: down: <space>
51219: up: <space>
51390: down: t
51484: up: t
51828: down: h
51953: up: h
52015: down: e
52094: down: <space>
52156: up: e
52250: up: <space>
52578: down: v
52734: up: v
52797: down: a
52969: up: a
52984: down: s
53140: up: s
53156: down: t
53297: up: t
53469: down: <space>
53625: up: <space>
54078: down: c
54156: down: o
54265: up: c
54312: down: u
54390: up: o
54453: up: u
54687: down: n
54828: up: n
55000: down: t
55094: up: t
55140: down: r
55250: down: y
55265: up: r
55390: up: y
55406: down: <space>
55547: up: <space>
55906: down: s
56078: up: s
56140: down: u
56250: up: u
56297: down: c
56390: down: h
56453: up: c
56531: up: h
56547: down: <space>
56672: up: <space>
56812: down: o
57000: down: u
57062: up: o
57156: up: u
57281: down: r
57390: up: r
57547: down: s
57703: down: <space>
57719: up: s
57859: up: <space>
58359: down: i
58484: up: i
58625: down: t
58750: up: t
58750: down: <space>
58875: up: <space>
59015: down: i
59156: up: i
59234: down: s
59375: up: s
59781: down: <space>
59906: up: <space>
60078: down: s
60234: down: o
60265: up: s
60359: down: m
60453: up: o
60531: up: m
60547: down: e
60656: up: e
60781: down: t
60906: up: t
61000: down: i
61156: down: m
61250: up: i
61344: down: e
61375: up: m
61453: up: e
61578: down: s
61703: down: <space>
61734: up: s
61859: up: <space>
62062: down: t
62172: up: t
62234: down: r
62390: up: r
62437: down: o
62594: down: u
62656: up: o
62719: up: u
62890: down: b
63015: up: b
63453: down: l
63578: up: l
63703: down: i
63812: down: n
63890: up: i
63953: down: g
63969: up: n
64062: up: g
64078: down: <space>
64219: up: <space>
64390: down: t
64531: up: t
64625: down: h
64750: up: h
64781: down: a
64906: down: t
64953: up: a
65031: down: <space>
65047: up: t
65172: up: <space>
65281: down: a
65375: down: t
65422: up: a
65500: down: <space>
65531: up: t
65609: up: <space>
65625: down: t
65750: up: t
65859: down: h
65937: down: e
65984: up: h
66047: down: <space>
66078: up: e
66203: up: <space>
66344: down: e
66469: up: e
66484: down: n
66609: up: n
66625: down: d
66765: up: d
66781: down: <space>
66922: up: <space>
66984: down: w
67109: up: w
67203: down: e
67328: down: <space>
67344: up: e
67453: up: <space>
67953: down: h
68062: up: h
68109: down: a
68219: down: v
68234: up: a
68328: up: v
68359: down: e
68469: down: <space>
68515: up: e
68578: up: <space>
69109: down: t
69203: down: o
69234: up: t
69265: down: <space>
69328: up: o
69375: up: <space>
69453: down: m
69578: up: m
69594: down: a
69719: down: k
69750: up: a
69812: up: k
69875: down: e
69953: down: <space>
70015: up: e
70109: up: <space>
70453: down: u
70500: up: u
72344: down: <backspace>
72484: up: <backspace>
72781: down: o
72953: down: u
73000: up: o
73094: up: u
73140: down: r
73219: down: <space>
73265: up: r
73359: up: <space>
73437: down: s
73547: up: s
73640: down: e
73765: up: e
73797: down: l
73906: down: e
73922: up: l
74015: up: e
74156: down: c
74297: up: c
74484: down: t
74609: up: t
74672: down: i
74781: up: i
74875: down: o
74953: down: n
75015: up: o
75062: up: n
75140: down: <space>
75265: up: <space>
75437: down: t
75547: up: t
75640: down: h
75734: down: a
75750: up: h
75875: down: t
75906: up: a
75969: down: <space>
76031: up: t
76078: up: <space>
76203: down: i
76312: up: i
76328: down: s
76406: down: <space>
76469: up: s
76531: up: <space>
77156: down: l
77297: up: l
77390: down: i
77500: up: i
77625: down: m
77750: up: m
77765: down: i
77906: up: i
77984: down: t
78140: up: t
78203: down: e
78312: up: e
78406: down: d
78500: down: <space>
78547: up: d
78640: up: <space>
78734: down: t
78859: up: t
78875: down: o
78969: down: <space>
79031: up: o
79109: up: <space>
79547: down: e
79672: up: e
79734: down: i
79844: up: i
79953: down: t
80062: up: t
80140: down: h
80265: up: h
80312: down: e
80437: up: e
80515: down: r
80640: up: r
82015: down: <space>
82172: up: <space>
82547: down: u
82656: up: u
82765: down: n
82890: up: n
82969: down: e
83094: up: e
83219: down: x
83375: up: x
83390: down: p
83515: up: p
83562: down: e
83672: up: e
83765: down: r
83859: down: i
83890: up: r
84000: up: i
84062: down: e
84203: up: e
84250: down: n
84390: up: n
84437: down: c
84562: down: e
84609: up: c
84672: up: e
84781: down: d
84937: up: d
90047: down: ,
90172: up: ,
90281: down: <space>
90422: up: <space>
98562: down: o
98703: up: o
98937: down: v
99078: up: v
99094: down: e
99250: up: e
99328: down: r
99469: up: r
99578: down: <space>
99719: up: <space>
99953: down: z
100094: up: z
100265: down: e
100390: up: e
100515: down: a
100672: up: a
100765: down: l
100890: up: l
101000: down: o
101125: up: o
101234: down: u
101344: up: u
101469: down: s
101609: up: s
101812: down: <space>
101969: up: <space>
102297: down: o
102422: up: o
102515: down: r
102640: up: r
102734: down: <space>
102859: up: <space>
105734: down: t
105844: up: t
106047: down: o
106140: up: o
106234: down: o
106359: up: o
106453: down: <space>
106594: up: <space>
106656: down: o
106765: up: o
106844: down: l
106984: up: l
106984: down: d
107109: down: <space>
107125: up: d
107250: up: <space>
107375: down: c
107547: down: a
107594: up: c
107734: down: n
107812: up: a
107875: up: n
108390: down: d
108500: down: i
108625: up: d
108640: up: i
109484: down: d
109594: up: d
110000: down: a
110156: down: t
110187: up: a
110312: up: t
110344: down: e
110500: up: e
111906: down: <backspace>
112078: up: <backspace>
112109: down: <backspace>
112250: up: <backspace>
112297: down: <backspace>
112437: up: <backspace>
112922: down: <backspace>
113062: up: <backspace>
116234: down: d
116359: down: a
116422: up: d
116562: down: t
116578: up: a
116672: up: t
116750: down: e
116875: up: e
118484: down: .
118609: up: .
118797: down: <space>
118922: up: <space>
119219: down: <shift_left>
119359: down: o
119437: up: <shift_left>
119500: down: n
119578: up: o
119625: up: n
119656: down: e
119765: down: <space>
119797: up: e
119890: up: <space>
120000: down: w
120109: down: o
120156: up: w
120250: down: u
120312: up: o
120406: up: u
120422: down: l
120562: up: l
120562: down: d
120609: down: <space>
120703: up: d
120734: up: <space>
120875: down: h
121015: up: h
121156: down: o
121250: up: o
121359: down: p
121484: up: p
121531: down: e
121609: down: <space>
121672: up: e
121750: up: <space>
122000: down: t
122109: up: t
122203: down: h
122328: up: h
122344: down: a
122453: down: t
122484: up: a
122562: down: <space>
122609: up: t
122687: up: <space>
122906: down: a
123078: up: a
123094: down: m
123250: up: m
123328: down: o
123484: up: o
123844: down: n
123969: up: n
124109: down: g
124219: up: g
124265: down: <space>
124406: up: <space>
124687: down: 3
124812: up: 3
124969: down: 0
125062: up: 0
125172: down: 0
125297: up: 0
125390: down: <space>
125547: up: <space>
125625: down: m
125734: up: m
125859: down: i
125969: up: i
126078: down: l
126156: up: l
126265: down: l
126344: up: l
126469: down: i
126562: up: i
126672: down: o
126781: up: o
126922: down: n
127015: up: n
127109: down: <space>
127234: up: <space>
127390: down: c
127547: up: c
127562: down: i
127672: up: i
127984: down: t
128109: up: t
128172: down: i
128297: up: i
128781: down: z
128906: up: z
129078: down: e
129219: up: e
129250: down: n
129375: up: n
129406: down: s
129547: up: s
129609: down: <space>
129734: up: <space>
129937: down: w
130062: up: w
130172: down: e
130281: up: e
130297: down: <space>
130437: up: <space>
130500: down: w
130609: down: o
130640: up: w
130750: down: u
130781: up: o
130906: down: l
130969: up: u
131047: down: d
131094: up: l
131140: down: <space>
131172: up: d
131281: up: <space>
131437: down: c
131547: down: o
131578: up: c
131640: down: m
131719: up: o
131797: up: m
131844: down: e
132015: up: e
132234: down: <space>
132359: up: <space>
132609: down: u
132765: down: p
132812: up: u
132875: down: <space>
132953: up: p
133015: up: <space>
133422: down: w
133562: up: w
133640: down: i
133797: up: i
133922: down: t
134031: up: t
134109: down: h
134234: down: <space>
134250: up: h
134328: up: <space>
134437: down: m
134578: up: m
134687: down: u
134797: up: u
134844: down: c
134937: down: h
134984: up: c
135047: down: <space>
135078: up: h
135156: up: <space>
135234: down: b
135375: up: b
135390: down: e
135515: up: e
135578: down: t
135656: up: t
135734: down: t
135828: up: t
135844: down: e
135937: down: r
135984: up: e
136047: down: <space>
136062: up: r
136172: up: <space>
136297: down: c
136453: up: c
136484: down: h
136609: up: h
136765: down: o
136906: down: i
136969: up: o
137031: up: i
137156: down: c
137312: down: e
137344: up: c
137437: down: <space>
137469: up: e
137578: up: <space>
137797: down: t
137890: up: t
137984: down: h
138109: up: h
138125: down: a
138234: down: t
138281: up: a
138328: down: <space>
138359: up: t
138437: up: <space>
138578: down: t
138672: up: t
138765: down: h
138890: up: h
138922: down: e
139015: down: <space>
139031: up: e
139172: up: <space>
141031: down: 3
141172: up: 3
142250: down: <backspace>
142406: up: <backspace>
142953: down: t
143078: up: t
143156: down: h
143297: up: h
143359: down: r
143484: up: r
143719: down: e
143812: up: e
143906: down: e
144031: up: e
144312: down: <space>
144437: up: <space>
144531: down: <shift_left>
144625: down: 9
144750: up: 9
144781: up: <shift_left>
144937: down: v
145031: down: e
145062: up: v
145140: up: e
145250: down: r
145375: up: r
145437: down: u
145562: up: u
145609: down: <space>
145703: down: s
145734: up: <space>
145969: up: s
146219: down: o
146281: up: o
146359: down: o
146531: down: n
146594: up: o
146672: up: n
146765: down: <space>
146906: up: <space>
147406: down: j
147500: up: j
147594: down: u
147719: up: u
147765: down: s
147859: down: t
147922: up: s
148000: up: t
148078: down: <space>
148234: up: <space>
148359: down: t
148469: up: t
148562: down: h
148672: down: e
148703: up: h
148781: down: <space>
148812: up: e
148922: up: <space>
149265: down: t
149390: up: t
149531: down: w
149672: up: w
149906: down: o
150015: up: o
152344: down: <shift_left>
152578: down: 0
152687: up: 0
152750: up: <shift_left>
153125: down: <arrow_left>
154219: up: <arrow_left>
154406: down: <arrow_left>
154547: up: <arrow_left>
154859: down: <backspace>
154969: up: <backspace>
155531: down: y
155640: up: y
156328: down: <end>
156453: up: <end>
157015: down: <space>
157187: up: <space>
157375: down: t
157531: up: t
157562: down: o
157719: up: o
157719: down: <space>
157859: up: <space>
157937: down: p
158062: down: i
158109: up: p
158187: up: i
158297: down: c
158437: down: k
158453: up: c
158547: down: <space>
158609: up: k
158672: up: <space>
158765: down: f
158844: down: r
158890: up: f
158922: down: o
159031: up: r
159031: down: m
159109: up: o
159172: up: m
167859: down: .
167969: up: .
168140: down: <space>
168265: up: <space>
168484: down: <shift_left>
168750: down: f
168812: up: <shift_left>
168922: down: o
168953: up: f
169015: down: r
169062: up: o
169172: up: r
169219: down: <space>
169375: up: <space>
169469: down: a
169609: up: a
169687: down: s
169812: down: <space>
169844: up: s
169922: up: <space>
170094: down: l
170203: up: l
170281: down: o
170406: up: o
170562: down: n
170687: up: n
170812: down: g
170906: down: <space>
170953: up: g
171031: up: <space>
172750: down: a
172890: up: a
172984: down: s
173140: up: s
173140: down: <space>
173297: up: <space>
173375: down: <shift_left>
173484: down: i
173609: up: i
173625: up: <shift_left>
173719: down: <space>
173844: down: c
173859: up: <space>
173953: down: a
174000: up: c
174062: down: n
174172: up: a
174187: up: n
174265: down: <space>
174390: up: <space>
174500: down: r
174609: up: r
174750: down: e
174859: up: e
174969: down: m
175078: up: m
175094: down: e
175172: down: m
175219: up: e
175312: up: m
175437: down: b
175531: down: e
175578: up: b
175640: up: e
175719: down: r
175844: up: r
175859: down: <space>
176015: up: <space>
176140: down: <shift_left>
176219: down: i
176328: up: i
176359: up: <shift_left>
176406: down: <space>
176515: up: <space>
176609: down: h
176719: up: h
176734: down: a
176828: down: v
176859: up: a
176953: up: v
177000: down: e
177094: down: <space>
177140: up: e
177187: up: <space>
177344: down: n
177484: down: o
177531: up: n
177625: up: o
177640: down: t
177750: up: t
177781: down: <space>
177906: up: <space>
178031: down: s
178172: up: s
178312: down: e
178406: up: e
178484: down: e
178594: down: n
178609: up: e
178703: up: n
178797: down: <space>
178922: up: <space>
178953: down: a
179094: down: <space>
179109: up: a
179234: up: <space>
179515: down: <shift_left>
179765: down: p
179875: up: p
180000: up: <shift_left>
180156: down: h
180297: up: h
181640: down: .
181797: up: .
182422: down: <shift_left>
182750: down: d
182984: up: d
183000: up: <shift_left>
184031: down: .
184187: up: .
184312: down: <space>
184484: up: <space>
184484: down: a
184609: up: a
184703: down: s
184844: up: s
184859: down: <space>
184969: up: <space>
185094: down: a
185250: up: a
185265: down: <space>
185390: up: <space>
185750: down: p
185906: up: p
185937: down: r
186062: up: r
186156: down: e
186265: up: e
186390: down: s
186562: up: s
186578: down: i
186687: up: i
186844: down: d
186969: down: e
186984: up: d
187125: down: n
187140: up: e
187250: up: n
187297: down: t
187437: up: t
187453: down: i
187562: up: i
187828: down: a
187937: down: l
188047: up: a
188094: up: l
188125: down: <space>
188265: up: <space>
188437: down: c
188547: down: a
188609: up: c
188750: down: n
188797: up: a
188875: up: n
188984: down: d
189125: up: d
189125: down: i
189234: up: i
189359: down: d
189500: up: d
189578: down: a
189765: down: t
189812: up: a
189890: up: t
189937: down: e
190062: up: e
191656: down: <space>
191797: up: <space>
191812: down: a
191984: down: n
192000: up: a
192062: up: n
192078: down: d
192234: up: d
192265: down: <space>
192390: up: <space>
192625: down: <shift_left>
192859: down: i
192969: up: i
192984: up: <shift_left>
193234: down: '
193359: up: '
193515: down: m
193609: up: m
193687: down: <space>
193812: up: <space>
193890: down: s
194047: down: t
194078: up: s
194203: up: t
194265: down: a
194406: up: a
194515: down: r
194672: up: r
194687: down: i
194828: down: n
194890: up: i
194953: up: n
194953: down: t
195078: up: t
195203: down: g
195359: up: g
198125: down: <backspace>
198219: up: <backspace>
198297: down: <backspace>
198390: up: <backspace>
198453: down: <backspace>
198562: up: <backspace>
198672: down: <backspace>
198781: up: <backspace>
200187: down: t
200328: down: i
200344: up: t
200437: down: n
200500: up: i
200562: down: g
200578: up: n
200719: up: g
200719: down: <space>
200859: up: <space>
200890: down: t
201000: up: t
201000: down: o
201109: up: o
201187: down: <space>
201312: up: <space>
201390: down: t
201500: down: h
201515: up: t
201609: down: i
201656: up: h
201765: down: n
201781: up: i
201937: up: n
201937: down: k
202062: up: k
202078: down: <space>
202219: up: <space>
202375: down: t
202500: up: t
202594: down: h
202719: up: h
202750: down: a
202859: down: t
202906: up: a
202984: up: t
203047: down: <space>
203203: up: <space>
203406: down: t
203531: up: t
203625: down: h
203765: up: h
203781: down: e
203890: up: e
203937: down: <space>
204078: up: <space>
204437: down: <shift_left>
205265: up: <shift_left>
205578: down: d
205781: up: d
205812: down: o
205937: up: o
206031: down: c
206234: up: c
206562: down: t
206703: up: t
206781: down: o
206922: up: o
207000: down: r
207140: up: r
207281: down: a
207469: up: a
207500: down: t
207594: down: e
207640: up: t
207719: down: <space>
207750: up: e
207859: up: <space>
207922: down: d
208047: up: d
208140: down: e
208297: up: e
208312: down: g
208437: up: g
208469: down: r
208594: up: r
208781: down: e
208875: up: e
208953: down: e
209062: up: e
209109: down: <space>
209219: up: <space>
209234: down: s
209390: up: s
209390: down: h
209500: up: h
209531: down: o
209656: down: u
209687: up: o
209812: down: l
209875: up: u
209922: down: d
209969: up: l
209984: down: <space>
210094: up: d
210094: up: <space>
210219: down: b
210328: up: b
210359: down: e
210453: down: <space>
210484: up: e
210578: up: <space>
210640: down: a
210734: down: <space>
210812: up: a
210875: up: <space>
211015: down: p
211094: down: r
211156: up: p
211219: up: r
211453: down: e
211562: up: e
214640: down: -
214781: up: -
215562: down: <backspace>
215750: up: <backspace>
217078: down: r
217203: up: r
217328: down: e
217469: up: e
218812: down: q
218984: up: q
219000: down: u
219140: down: i
219172: up: u
219312: up: i
219656: down: s
219812: up: s
219859: down: t
219984: up: t
220469: down: e
220594: up: e
220672: down: <space>
220812: up: <space>
220922: down: t
221031: up: t
221047: down: o
221156: down: <space>
221219: up: o
221297: up: <space>
221422: down: b
221547: up: b
221562: down: e
221703: up: e
221828: down: c
221969: down: o
222000: up: c
222062: down: m
222140: up: o
222219: up: m
222234: down: e
222375: down: <space>
222390: up: e
222515: up: <space>
222734: down: t
222828: up: t
222922: down: h
223031: down: e
223047: up: h
223125: down: <space>
223172: up: e
223265: up: <space>
225094: down: m
225250: up: m
225250: down: a
225422: down: n
225453: up: a
225547: up: n
225656: down: <space>
225797: up: <space>
226094: down: <shift_left>
226390: down: 3
226515: up: <shift_left>
226547: up: 3
226781: down: 1
226922: up: 1
227328: down: <backspace>
227453: up: <backspace>
228281: down: o
228406: down: n
228500: up: o
228594: up: n
228609: down: e
228750: up: e
230719: down: <backspace>
231422: up: <backspace>
232703: down: p
232859: up: p
233015: down: r
233125: up: r
233219: down: e
233344: up: e
233437: down: s
233578: down: i
233609: up: s
233719: up: i
233750: down: d
233844: down: e
233906: up: d
234047: down: n
234062: up: e
234172: up: n
234187: down: t
234328: up: t
234672: down: .
234781: up: .

