# Keylogger Version 0.1; Format: (timestamp, downstroke/upstroke, key)
0: down: <shift_left>
249: down: m
359: up: m
421: up: <shift_left>
577: down: y
717: up: y
717: down: <space>
780: up: <space>
967: down: f
1076: up: f
1310: down: a
1451: up: a
1685: down: v
1856: up: v
1997: down: o
2106: up: o
2589: down: r
2745: up: r
2792: down: i
2901: up: i
2948: down: t
3042: up: t
4617: down: e
4727: up: e
4758: down: <space>
4898: up: <space>
5054: down: <shift_left>
5226: down: t
5335: up: t
5335: down: v
5397: up: v
5507: up: <shift_left>
5538: down: <space>
5678: up: <space>
5865: down: s
6053: down: h
6084: up: s
6224: up: h
6240: down: o
6380: up: o
6427: down: w
6567: down: <space>
6599: up: w
6708: up: <space>
6817: down: i
6957: up: i
7004: down: s
7176: up: s
7238: down: <space>
7379: up: <space>
7784: down: t
7878: up: t
7971: down: h
8034: down: e
8112: up: h
8143: up: e
8143: down: <space>
8252: up: <space>
8346: down: <shift_left>
8486: down: s
8673: up: <shift_left>
8673: down: t
8736: up: s
8783: up: t
8985: down: a
9173: up: a
9329: down: r
9438: up: r
10873: down: g
10982: up: g
11076: down: a
11216: up: a
11232: down: t
11372: up: t
11372: down: e
11513: up: e
12885: down: <space>
13041: up: <space>
13119: down: a
13260: up: a
13260: down: n
13322: down: d
13369: up: n
13478: down: <space>
13509: up: d
13619: up: <space>
14118: down: t
14227: up: t
14352: down: h
14461: up: h
14539: down: e
14679: up: e
14835: down: <space>
14976: up: <space>
15350: down: s
15459: up: s
15584: down: e
15693: up: e
15881: down: c
16021: up: c
16021: down: o
16161: down: n
16193: up: o
16333: up: n
16489: down: d
16629: up: d
16676: down: <space>
16832: up: <space>
17799: down: o
17877: up: o
18673: down: <backspace>
18782: up: <backspace>
18985: down: p
19094: up: p
19219: down: a
19437: up: a
19562: down: r
19671: down: t
19734: up: r
19812: up: t
22074: down: <space>
22214: up: <space>
22635: down: o
22713: down: f
22745: up: o
22823: down: <space>
22854: up: f
22932: up: <space>
23072: down: t
23150: up: t
23259: down: h
23353: down: e
23400: up: h
23400: down: <space>
23462: up: e
23540: up: <space>
23649: down: s
23790: up: s
23899: down: e
24008: up: e
24788: down: q
24975: up: q
25007: down: u
25116: up: u
27347: down: <backspace>
27425: up: <backspace>
28142: down: e
28283: up: e
28298: down: l
28392: up: l
29063: down: <backspace>
29172: up: <backspace>
29250: down: <backspace>
29312: up: <backspace>
29406: down: <backspace>
29515: up: <backspace>
30747: down: q
30888: up: q
30919: down: u
31013: up: u
31122: down: e
31262: up: e
31371: down: l
31559: up: l
33384: down: <space>
33524: up: <space>
34335: down: <shift_left>
34757: down: s
34835: up: <shift_left>
34944: up: s
35006: down: t
35115: up: t
35334: down: a
35443: up: a
35646: down: r
35739: up: r
35786: down: g
35927: up: g
35942: down: a
36145: up: a
36207: down: t
36348: up: t
36363: down: e
36473: up: e
36473: down: <space>
36613: up: <space>
36738: down: <shift_left>
36909: down: a
37019: up: <shift_left>
37128: up: a
37159: down: t
37268: up: t
38844: down: l
38984: up: l
39140: down: a
39281: up: a
39390: down: n
39530: up: n
39577: down: t
39717: up: t
39780: down: i
39889: up: i
39936: down: s
40123: up: s
40965: down: ,
41059: up: ,
41199: down: <space>
41340: up: <space>
41449: down: <shift_left>
41636: down: i
41699: up: i
41777: up: <shift_left>
41964: down: <space>
42104: up: <space>
42369: down: l
42479: up: l
42588: down: i
42697: up: i
42775: down: k
42884: up: k
42884: down: e
42993: up: e
42993: down: <space>
43087: up: <space>
43165: down: a
43305: up: a
43321: down: l
43415: up: l
43461: down: s
43633: up: s
43633: down: o
43742: up: o
49545: down: <space>
49686: up: <space>
50481: down: <shift_left>
50778: down: b
50887: up: b
50949: up: <shift_left>
51043: down: a
51215: up: a
51246: down: t
51324: up: t
51386: down: t
51495: up: t
52010: down: l
52119: down: e
52151: up: l
52229: up: e
52229: down: <space>
52369: up: <space>
52447: down: s
52603: up: s
52603: down: t
52743: up: t
52759: down: a
52946: up: a
52946: down: r
53040: up: r
54163: down: <space>
54350: up: <space>
54428: down: <shift_left>
54569: down: g
54678: up: g
54709: up: <shift_left>
54818: down: a
54959: up: a
55146: down: l
55224: up: l
55317: down: l
55427: up: l
55427: down: a
55567: up: a
55754: down: c
55863: up: c
55988: down: t
56097: up: t
56191: down: i
56285: up: i
56706: down: c
56862: up: c
56862: down: a
56924: down: <space>
57002: up: a
57065: up: <space>
57174: down: a
57314: up: a
57314: down: n
57423: up: n
57579: down: d
57720: up: d
57720: down: <space>
57860: up: <space>
57954: down: c
58063: up: c
58172: down: a
58313: up: a
58344: down: n
58453: up: n
58515: down: n
58687: up: n
58703: down: o
58796: up: o
58796: down: t
58874: up: t
58905: down: <space>
59046: up: <space>
59373: down: w
59467: up: w
59623: down: a
59763: up: a
59779: down: i
59873: up: i
60044: down: t
60138: up: t
60185: down: <space>
60325: up: <space>
60497: down: f
60637: up: f
60715: down: o
60793: down: r
60824: up: o
60933: up: r
61011: down: <space>
61152: up: <space>
61214: down: a
61355: down: n
61386: up: a
61464: up: n
61479: down: o
61620: up: o
61776: down: t
61885: up: t
61963: down: h
62041: down: e
62072: up: h
62150: up: e
62228: down: r
62259: down: <space>
62369: up: r
62447: up: <space>
62493: down: s
62603: up: s
62696: down: e
62805: up: e
62868: down: a
63008: up: a
63071: down: s
63242: up: s
63242: down: o
63383: up: o
63398: down: n
63492: up: n
63570: down: <space>
63710: up: <space>
63835: down: t
64053: up: t
64116: down: o
64256: up: o
64350: down: <space>
64490: up: <space>
64506: down: s
64646: up: s
64646: down: t
64755: up: t
64787: down: a
64896: down: r
64958: up: a
64974: up: r
65052: down: t
65161: up: t
65972: down: .
66066: up: .
66253: down: <space>
66393: up: <space>
66768: down: <shift_left>
66939: down: i
67049: up: i
67127: up: <shift_left>
67173: down: <space>
67314: up: <space>
67532: down: l
67641: up: l
67797: down: i
67860: up: i
67985: down: k
68078: up: k
68125: down: e
68234: up: e
68250: down: <space>
68390: up: <space>
68749: down: t
68843: up: t
68936: down: h
69045: up: h
69061: down: e
69155: up: e
69170: down: <space>
69264: up: <space>
69342: down: s
69482: up: s
69716: down: c
69857: up: c
70231: down: i
70340: up: i
70637: down: -
70730: up: -
70980: down: f
71073: up: f
71479: down: i
71588: up: i
72197: down: <space>
72337: up: <space>
72555: down: v
72696: up: v
72758: down: e
72899: up: e
73039: down: r
73148: up: r
73179: down: y
73320: up: y
73335: down: <space>
73429: up: <space>
73913: down: m
74006: up: m
74193: down: u
74303: up: u
74365: down: c
74459: down: h
74537: up: c
74615: up: h
74615: down: <space>
74755: up: <space>
75301: down: d
75488: up: d
75488: down: u
75597: up: u
75597: down: e
75660: down: <space>
75738: up: e
75769: up: <space>
76034: down: t
76175: up: t
76362: down: o
76502: up: o
77610: down: <space>
77781: up: <space>
78156: down: t
78249: up: t
78390: down: h
78499: up: h
78530: down: e
78608: down: <space>
78671: up: e
78749: up: <space>
78951: down: f
79092: up: f
79123: down: u
79263: up: u
79638: down: t
79778: up: t
80153: down: u
80246: up: u
80558: down: r
80667: up: r
80839: down: i
80948: up: i
81323: down: s
81432: up: s
81650: down: t
81759: up: t
81978: down: i
82118: up: i
82196: down: c
82305: up: c
82383: down: <space>
82493: up: <space>
82976: down: v
83085: up: v
83179: down: i
83288: up: i
83460: down: e
83569: up: e
83663: down: w
83772: up: w
83881: down: s
84021: up: s
84053: down: <space>
84209: up: <space>
84287: down: a
84458: up: a
84458: down: n
84567: up: n
84645: down: d
84786: up: d
84817: down: <space>
84957: up: <space>
85004: down: v
85160: up: v
85269: down: i
85379: up: i
85441: down: s
85581: down: i
85613: up: s
85659: up: i
85737: down: o
85909: down: n
85956: up: o
86018: up: n
86096: down: s
86237: up: s
86283: down: <space>
86439: up: <space>
86658: down: o
86798: up: o
87344: down: f
87453: up: f
87469: down: <space>
87609: up: <space>
87797: down: t
87906: up: t
88015: down: h
88124: up: h
88171: down: e
88233: down: <space>
88280: up: e
88374: up: <space>
89715: down: <shift_left>
89918: down: t
90027: up: t
90043: down: v
90105: up: v
90168: up: <shift_left>
90215: down: <space>
90371: up: <space>
90495: down: s
90667: up: s
90667: down: h
90776: down: o
90807: up: h
90917: up: o
90917: down: w
91057: up: w
91073: down: <space>
91197: up: <space>
91650: down: p
91743: up: p
91790: down: r
91931: up: r
91931: down: o
92040: up: o
92071: down: d
92227: up: d
92274: down: u
92383: up: u
92383: down: c
92523: down: e
92555: up: c
92664: up: e
92913: down: r
93023: up: r
93147: down: s
93288: up: s
94239: down: ,
94349: up: ,
95519: down: h
95690: up: h
95706: down: o
95799: up: o
95909: down: w
96049: up: w
96439: down: <space>
96579: up: <space>
97547: down: t
97656: up: t
97749: down: h
97859: up: h
97874: down: e
98015: up: e
98030: down: y
98171: up: y
98233: down: <space>
98373: up: <space>
98576: down: h
98685: up: h
98717: down: a
98857: up: a
98857: down: v
98966: up: v
98966: down: e
99075: up: e
99075: down: <space>
99185: up: <space>
99450: down: c
99590: up: c
99606: down: o
99762: up: o
99762: down: m
99855: up: m
100121: down: b
100214: up: b
100230: down: i
100401: down: n
100448: up: i
100511: up: n
100557: down: e
100698: up: e
100807: down: d
100916: down: <space>
100947: up: d
101025: up: <space>
101197: down: t
101306: up: t
101400: down: h
101478: down: e
101540: up: h
101540: down: <space>
101571: up: e
101649: up: <space>
101930: down: s
102071: up: s
102117: down: p
102227: down: a
102258: up: p
102336: up: a
102398: down: c
102507: up: c
102539: down: e
102695: up: e
102695: down: <space>
102788: up: <space>
102929: down: e
103038: up: e
103178: down: x
103350: up: x
103397: down: p
103537: down: l
103568: up: p
103646: up: l
104411: down: o
104504: up: o
105549: down: r
105659: up: r
105674: down: a
105815: up: a
106017: down: t
106173: up: t
106236: down: i
106345: up: i
106392: down: o
106501: down: n
106548: up: o
106579: up: n
106688: down: <space>
106829: up: <space>
107063: down: w
107203: up: w
107250: down: i
107390: up: i
107515: down: t
107624: up: t
107718: down: h
107858: up: h
107858: down: <space>
107967: up: <space>
108045: down: t
108155: up: t
108295: down: h
108404: up: h
108498: down: e
108560: down: <space>
108607: up: e
108701: up: <space>
109465: down: m
109574: up: m
109761: down: i
109871: up: i
110900: down: t
111009: up: t
111103: down: y
111212: up: y
112959: down: <backspace>
113100: up: <backspace>
114363: down: h
114473: up: h
114566: down: y
114675: up: y
114894: down: c
115003: up: c
115175: down: a
115362: up: a
115611: down: l
115752: up: l
115830: down: <space>
115970: up: <space>
116454: down: f
116594: up: f
116657: down: i
116797: up: i
116891: down: g
117031: down: u
117078: up: g
117140: up: u
117203: down: r
117312: up: r
117421: down: e
117515: up: e
117624: down: s
117717: up: s
122663: down: <arrow_left>
123474: up: <arrow_left>
124597: down: <insert>
124737: up: <insert>
125081: down: <backspace>
125190: up: <backspace>
125455: down: i
125564: up: i
129199: down: <delete>
129339: up: <delete>
131227: down: <arrow_left>
131367: up: <arrow_left>
131555: down: h
131648: up: h
133723: down: <end>
133817: up: <end>
134441: down: <space>
134472: down: <alt_right>
134503: up: <space>
134534: up: <alt_right>
136047: down: a
136203: up: a
136203: down: n
136297: up: n
136313: down: d
136484: up: d
136952: down: <space>
137093: up: <space>
137373: down: f
137451: up: f
137498: down: a
137607: down: c
137639: up: a
137748: down: t
137779: up: c
137857: up: t
137873: down: s
138013: up: s
140415: down: .
140525: up: .
140727: down: <space>
140868: up: <space>
141008: down: <shift_left>
141149: down: i
141258: up: i
141289: up: <shift_left>
141476: down: t
141585: up: t
141648: down: <space>
141788: up: <space>
142147: down: i
142241: up: i
142287: down: s
142397: down: <space>
142428: up: s
142506: up: <space>
142693: down: i
142833: down: n
142896: up: i
142927: up: n
143130: down: t
143239: up: t
143364: down: e
143457: up: e
143582: down: r
143676: up: r
143769: down: e
143879: up: e
143972: down: s
144081: up: s
144253: down: t
144393: up: t
144440: down: i
144581: down: g
144612: up: i
144721: up: g
144768: down: <space>
144908: up: <space>
145095: down: t
145205: up: t
145314: down: h
145423: up: h
145423: down: a
145563: down: t
145595: up: a
145673: up: t
145688: down: <space>
145797: up: <space>
146203: down: t
146312: up: t
146421: down: h
146577: up: h
146593: down: o
146749: up: o
146749: down: s
146843: up: s
146936: down: e
147077: up: e
147108: down: <space>
147264: up: <space>
147545: down: t
147654: up: t
147950: down: w
148059: up: w
148122: down: o
148262: down: <space>
148293: up: o
148403: up: <space>
149417: down: e
149510: up: e
149619: down: r
149729: up: r
149853: down: a
150025: up: a
150056: down: s
150212: up: s
150321: down: <space>
150493: up: <space>
150618: down: s
150774: up: s
150852: down: o
150992: up: o
151211: down: <space>
151351: up: <space>
157544: down: d
157716: up: d
157747: down: i
157887: up: i
158059: down: v
158215: up: v
158215: down: i
158324: up: i
158480: down: d
158589: up: d
158714: down: e
158823: up: e
159837: down: d
159993: up: d
160539: down: <space>
160695: up: <space>
160929: down: i
161023: down: n
161070: up: i
161132: up: n
161226: down: <space>
161366: up: <space>
161366: down: t
161522: up: t
161522: down: i
161663: down: m
161694: up: i
161772: up: m
161772: down: e
161912: up: e
161928: down: <space>
162068: up: <space>
162099: down: c
162240: up: c
162240: down: a
162380: up: a
162380: down: n
162443: up: n
162552: down: <space>
162692: up: <space>
163254: down: f
163394: up: f
163457: down: i
163613: up: i
163613: down: n
163706: up: n
163706: down: d
163862: up: d
164081: down: <space>
164252: up: <space>
165594: down: a
165734: up: a
165750: down: <space>
165906: up: <space>
165921: down: c
166093: up: c
166093: down: o
166171: up: o
166421: down: m
166530: up: m
166701: down: m
166842: up: m
166920: down: o
167060: up: o
167076: down: n
167232: up: n
167700: down: <space>
167840: up: <space>
168121: down: g
168230: up: g
168449: down: r
168589: up: r
168761: down: o
168901: up: o
168963: down: u
169073: up: u
169229: down: n
169338: up: n
169431: down: d
169572: up: d
169572: down: <space>
169712: up: <space>
170055: down: o
170196: down: n
170243: up: o
170305: up: n
170383: down: <space>
170523: up: <space>
170601: down: t
170711: up: t
170726: down: h
170867: up: h
170898: down: e
170991: down: <space>
171038: up: e
171147: up: <space>
171319: down: s
171459: up: s
171459: down: i
171569: up: i
171678: down: l
171818: up: l
171881: down: v
171990: up: v
171990: down: e
172083: up: e
172177: down: r
172286: up: r
172817: down: <space>
172957: up: <space>
173004: down: s
173113: up: s
173207: down: c
173363: up: c
173409: down: r
173550: up: r
173737: down: e
173815: up: e
173909: down: e
174018: up: e
174049: down: n
174158: up: n
189041: down: <arrow_up>
189181: up: <arrow_up>
189571: down: <arrow_up>
189711: up: <arrow_up>
189883: down: <arrow_right>
190679: up: <arrow_right>
191271: down: <arrow_left>
191381: up: <arrow_left>
191505: down: <arrow_left>
191568: up: <arrow_left>
191864: down: <arrow_left>
191973: up: <arrow_left>
192051: down: <space>
192192: up: <space>
192597: down: <arrow_down>
192738: up: <arrow_down>
192847: down: <arrow_down>
192941: up: <arrow_down>
194984: down: .
195093: up: .
195546: down: <space>
195655: up: <space>
207059: down: <shift_left>
207308: down: i
207417: up: <shift_left>
207417: up: i
207495: down: <space>
207636: up: <space>
207745: down: a
207901: up: a
207901: down: l
207995: up: l
208026: down: s
208135: down: o
208166: up: s
208275: up: o
208291: down: <space>
208353: up: <space>
208400: down: l
208509: up: l
208619: down: i
208681: up: i
208775: down: k
208884: down: e
208915: up: k
208993: up: e
208993: down: <space>
209102: up: <space>
209211: down: t
209321: up: t
209399: down: h
209492: down: e
209539: up: h
209539: down: <space>
209601: up: e
209679: up: <space>
209945: down: i
210054: up: i
210085: down: d
210194: up: d
210319: down: e
210413: up: e
210491: down: a
210678: up: a
210771: down: <space>
210912: up: <space>
211785: down: o
211926: up: o
211926: down: f
212035: up: f
212066: down: <space>
212207: up: <space>
212971: down: c
213080: down: o
213143: up: c
213221: down: m
213252: up: o
213330: up: m
213767: down: b
213907: up: b
214375: down: i
214484: up: i
214796: down: n
214905: up: n
215030: down: i
215171: down: n
215217: up: i
215327: up: n
215327: down: g
215467: up: g
216060: down: <space>
216200: up: <space>
216481: down: t
216590: up: t
216684: down: h
216824: up: h
216824: down: e
216933: up: e
216933: down: <space>
217043: up: <space>
218088: down: c
218244: up: c
218259: down: r
218369: up: r
218462: down: e
218618: up: e
218696: down: w
218805: up: w
218899: down: s
219008: up: s
219071: down: <space>
219211: up: <space>
219305: down: f
219414: down: r
219445: up: f
219585: down: o
219632: up: r
219741: up: o
219741: down: m
219773: up: m
219882: down: <space>
219991: up: <space>
220131: down: o
220272: down: n
220303: up: o
220381: up: n
220381: down: e
220490: up: e
221348: down: <space>
221489: up: <space>
221645: down: <shift_left>
221785: down: t
221941: up: t
221941: down: v
222003: up: v
222081: up: <shift_left>
222097: down: <space>
222237: up: <space>
222362: down: s
222534: up: s
222549: down: h
222768: up: h
222768: down: o
222877: up: o
222971: down: w
223111: up: w
223251: down: <space>
223392: up: <space>
223501: down: a
223641: up: a
223673: down: n
223782: up: n
223782: down: d
223891: down: <space>
223922: up: d
224031: up: <space>
224671: down: h
224780: up: h
224796: down: a
224889: up: a
224936: down: v
224999: up: v
224999: down: e
225108: down: <space>
225155: up: e
225217: up: <space>
225420: down: t
225529: up: t
225607: down: h
225716: up: h
225779: down: e
225888: down: m
225919: up: e
225966: up: m
226075: down: <space>
226215: up: <space>
226215: down: a
226325: up: a
226418: down: p
226481: up: p
226605: down: p
226683: up: p
226793: down: e
226902: up: e
226964: down: a
227105: up: a
227214: down: r
227354: up: r
228306: down: <space>
228446: up: <space>
228633: down: o
228774: down: n
228805: up: o
228883: up: n
228961: down: <space>
229070: up: <space>
229538: down: a
229725: up: a
229725: down: n
229866: up: n
230162: down: t
230271: up: t
230349: down: h
230459: up: h
230474: down: e
230568: up: e
230661: down: r
230802: up: r
231613: down: <space>
231753: up: <space>
231878: down: s
232019: down: h
232050: up: s
232159: down: o
232190: up: h
232299: up: o
232299: down: w
232409: up: w
232565: down: <space>
232721: up: <space>
232986: down: t
233095: up: t
233204: down: h
233313: up: h
233313: down: a
233454: up: a
233454: down: t
233563: down: <space>
233594: up: t
233703: up: <space>
233906: down: i
234047: up: i
234078: down: s
234218: up: s
234234: down: <space>
234374: up: <space>
236621: down: r
236730: up: r
236808: down: e
236917: up: e
236948: down: l
237057: up: l
237073: down: a
237213: up: a
237307: down: t
237416: up: t
237416: down: e
237525: up: e
237588: down: d
237744: down: <space>
237775: up: d
237853: up: <space>
238087: down: i
238196: down: n
238227: up: i
238305: up: n
238383: down: <space>
238493: up: <space>
238493: down: s
238633: up: s
238649: down: o
238789: up: o
238789: down: m
238851: down: e
238898: up: m
238961: up: e
240240: down: <space>
240380: up: <space>
240536: down: s
240692: up: s
240692: down: h
240801: up: h
240864: down: a
241004: up: a
241004: down: p
241113: up: p
241176: down: e
241316: up: e
241332: down: <space>
241457: up: <space>
241550: down: o
241659: up: o
241659: down: r
241769: up: r
241784: down: <space>
241925: up: <space>
242205: down: f
242346: up: f
242361: down: o
242471: up: o
242533: down: r
242673: up: r
242673: down: m
242783: up: m
245700: down: .
245809: up: .
245949: down: <space>
246059: up: <space>
246246: down: <shift_left>
246386: down: t
246464: up: t
246495: up: <shift_left>
246558: down: h
246698: up: h
246698: down: e
246839: up: e
247229: down: t
247338: up: t
247541: down: w
247681: up: w
247790: down: o
247931: up: o
247931: down: <space>
248071: up: <space>
248133: down: <shift_left>
248305: down: s
248414: up: <shift_left>
248492: up: s
248492: down: t
248586: up: t
248648: down: a
248742: down: g
248820: up: a
248851: up: g
250536: down: <backspace>
250645: up: <backspace>
250957: down: r
251066: up: r
251160: down: g
251269: up: g
251285: down: a
251394: up: a
251425: down: t
251534: down: e
251581: up: t
251643: up: e
251768: down: s
251909: up: s
251971: down: <space>
252111: up: <space>
252876: down: m
252985: up: m
253032: down: a
253172: up: a
253172: down: k
253281: down: e
253313: up: k
253422: up: e
253484: down: <space>
253593: up: <space>
253640: down: a
253734: down: <space>
253781: up: a
253843: up: <space>
253952: down: g
254061: up: g
254155: down: o
254233: up: o
254327: down: o
254467: up: o
254592: down: d
254654: down: <space>
254701: up: d
254795: up: <space>
254873: down: e
254982: up: e
255122: down: x
255263: up: x
255309: down: a
255481: up: a
255512: down: m
255621: up: m
255731: down: p
255887: down: l
255949: up: p
256027: up: l
256089: down: e
256230: up: e
256651: down: <space>
256791: up: <space>
257462: down: o
257571: up: o
257571: down: f
257681: up: f
257712: down: <space>
257852: up: <space>
258695: down: c
258835: down: o
258866: up: c
258944: down: n
259022: up: o
259085: up: n
259256: down: t
259397: up: t
259506: down: i
259615: up: i
259833: down: n
260005: down: u
260052: up: n
260083: up: u
260660: down: i
260769: up: i
261035: down: t
261191: down: y
261222: up: t
261253: up: y
265527: down: <space>
265668: up: <space>
265933: down: o
266042: down: f
266073: up: o
266105: down: <space>
266183: up: f
266214: up: <space>
266307: down: t
266417: up: t
266510: down: h
266619: up: h
266635: down: e
266775: up: e
267181: down: p
267290: up: p
267368: down: l
267477: up: l
267571: down: o
267680: up: o
267836: down: t
267945: up: t
267992: down: s
268086: down: <space>
268133: up: s
268242: up: <space>
268429: down: a
268569: up: a
268585: down: n
268694: up: n
268725: down: d
268835: down: <space>
268866: up: d
268944: up: <space>
269178: down: l
269287: up: l
269381: down: i
269490: up: i
271877: down: f
272017: up: f
272111: down: e
272220: up: e
272391: down: s
272547: up: s
272859: down: <space>
272969: up: <space>
273468: down: o
273608: up: o
273811: down: f
273905: up: f
273920: down: <space>
274061: up: <space>
274232: down: t
274341: up: t
274419: down: h
274451: down: e
274529: up: h
274591: up: e
274950: down: <space>
275121: up: <space>
275215: down: c
275371: up: c
275574: down: a
275730: up: a
275823: down: r
275933: up: r
275948: down: a
276057: up: a
276167: down: c
276307: up: c
276323: down: t
276416: up: t
276479: down: e
276588: up: e
276681: down: r
276791: up: r
276900: down: s
277040: up: s
277399: down: <space>
277539: up: <space>
277773: down: o
277914: down: n
277945: up: o
278023: up: n
278101: down: <space>
278210: up: <space>
278351: down: b
278491: up: b
278491: down: o
278631: up: o
278741: down: t
278881: up: t
278881: down: h
278990: up: h
279848: down: <space>
279957: up: <space>
280113: down: s
280223: down: h
280301: up: s
280363: up: h
280363: down: o
280472: up: o
280472: down: w
280581: up: w
280691: down: s
280831: up: s
281954: down: .
282048: up: .

