# Keylogger Version 0.1; Format: (timestamp, downstroke/upstroke, key)
0: down: <shift_left>
203: down: h
235: up: <shift_left>
344: up: h
344: down: e
422: down: y
485: up: e
532: up: y
578: down: <space>
657: up: <space>
1954: down: <shift_left>
2126: up: <shift_left>
2126: down: j
2220: up: j
2657: down: a
2751: up: a
2798: down: m
2892: up: m
2954: down: e
3095: up: e
3220: down: s
3345: up: s
3407: down: ,
3532: up: ,
3861: down: <enter>
3970: up: <enter>
4673: down: <enter>
4783: up: <enter>
5001: down: <shift_left>
5111: down: j
5158: up: j
5220: up: <shift_left>
5283: down: u
5345: up: u
5408: down: s
5486: down: t
5548: up: s
5595: up: t
5595: down: <space>
5689: up: <space>
5720: down: w
5799: up: w
5924: down: a
5986: down: n
6064: up: n
6080: up: a
6205: down: t
6283: up: t
6283: down: e
6377: up: e
6471: down: d
6549: down: <space>
6596: up: d
6658: up: <space>
6783: down: t
6908: up: t
6971: down: o
7111: up: o
7111: down: <space>
7236: up: <space>
7674: down: c
7768: down: h
7783: up: c
7862: up: h
7924: down: e
8018: up: e
8096: down: c
8158: down: k
8237: up: c
8299: up: k
8299: down: <space>
8393: up: <space>
8721: down: w
8831: up: w
8893: down: i
8971: up: i
9112: down: t
9190: up: t
9315: down: h
9393: up: h
9471: down: <space>
9581: up: <space>
9737: down: y
9831: up: y
9862: down: o
9987: up: o
10378: down: u
10472: up: u
10987: down: <space>
11112: up: <space>
11253: down: a
11378: up: a
11378: down: n
11441: up: n
11487: down: d
11566: down: <space>
11597: up: d
11675: up: <space>
11925: down: t
12003: up: t
12097: down: e
12222: up: e
12425: down: l
12456: up: l
12566: down: l
12691: up: l
12691: down: <space>
12800: up: <space>
12957: down: y
13035: up: y
13082: down: o
13207: down: u
13222: up: o
13222: down: <space>
13300: up: u
13332: up: <space>
13457: down: a
13535: down: b
13613: up: a
13613: up: b
13691: down: o
13863: down: u
13879: up: o
13926: up: u
14051: down: t
14144: up: t
14285: down: <space>
14394: up: <space>
15035: down: m
15129: up: m
15270: down: y
15363: up: y
15363: down: <space>
15442: up: <space>
15488: down: w
15613: up: w
15848: down: e
15926: up: e
16035: down: e
16129: up: e
16411: down: k
16489: up: k
16692: down: e
16801: up: e
16926: down: n
17020: up: n
17051: down: d
17145: up: d
17942: down: .
18020: up: .
18145: down: <space>
18224: up: <space>
18364: down: <shift_left>
18474: down: h
18599: up: <shift_left>
18599: up: h
18599: down: o
18739: up: o
18755: down: w
18833: up: w
18833: down: <space>
18958: up: <space>
19021: down: a
19161: up: a
19192: down: r
19255: up: r
19364: down: e
19427: up: e
19521: down: <space>
19614: up: <space>
19755: down: y
19818: up: y
19865: down: o
19974: down: u
20005: up: o
20068: up: u
20068: down: <space>
20161: up: <space>
20662: down: d
20787: up: d
20818: down: o
20896: up: o
21068: down: i
21177: down: n
21209: up: i
21240: up: n
21240: down: g
21334: up: g
21396: down: <space>
21490: up: <space>
23787: down: <shift_left>
24162: down: b
24256: up: b
24397: down: t
24475: up: t
24600: down: w
24709: up: <shift_left>
24741: up: w
25053: down: <shift_left>
25241: down: /
25366: up: /
25428: up: <shift_left>
25663: down: <enter>
25772: up: <enter>
26132: down: <shift_left>
26522: down: e
26601: up: <shift_left>
26647: up: e
26866: down: v
26976: down: e
27007: up: v
27116: up: e
27257: down: r
27366: up: r
27429: down: y
27507: up: y
27538: down: t
27648: up: t
27648: down: h
27726: up: h
27726: down: i
27867: down: n
27898: up: i
27898: down: g
27976: up: n
27976: up: g
28085: down: <space>
28163: up: <space>
28335: down: o
28429: down: k
28476: up: o
28554: up: k
28617: down: <space>
28726: up: <space>
28789: down: w
28867: down: i
28929: up: w
28976: up: i
29086: down: t
29164: up: t
29289: down: h
29351: down: <space>
29367: up: h
29445: up: <space>
30242: down: k
30305: up: k
30445: down: i
30539: up: i
30586: down: d
30680: down: s
30711: up: d
30899: up: s
31039: down: <space>
31117: up: <space>
31430: down: a
31555: up: a
31555: down: n
31664: up: n
31680: down: d
31821: up: d
31821: down: <space>
31946: up: <space>
32258: down: y
32368: up: y
32368: down: o
32493: down: u
32524: up: o
32555: down: r
32649: up: r
32680: up: u
32680: down: <space>
32790: up: <space>
33008: down: w
33133: up: w
33259: down: i
33352: up: i
33665: down: f
33759: down: e
33774: up: f
33899: up: e
34165: down: <shift_left>
34431: down: /
34524: up: /
34790: up: <shift_left>
35165: down: <space>
35275: up: <space>
35431: down: <shift_left>
35618: down: h
35712: up: <shift_left>
35712: up: h
35775: down: o
35900: up: o
36587: down: e
36681: up: e
38791: down: <backspace>
38901: up: <backspace>
39760: down: p
39870: up: p
39901: down: e
40010: up: e
40057: down: <space>
40166: up: <space>
40417: down: e
40495: up: e
40651: down: v
40729: down: e
40745: up: v
40917: up: e
41073: down: y
41151: up: y
41682: down: t
41761: down: h
41808: up: t
41839: up: h
41839: down: i
41995: down: n
42026: up: i
42042: down: g
42104: up: n
42136: up: g
42245: down: <space>
42339: up: <space>
42511: down: i
42620: up: i
42667: down: s
42777: up: s
42777: down: <space>
42917: up: <space>
43089: down: g
43183: up: g
43198: down: o
43292: up: o
43433: down: i
43558: down: n
43589: up: i
43667: up: n
43714: down: g
43808: up: g
43917: down: <space>
44027: up: <space>
44089: down: w
44183: up: w
44308: down: e
44418: up: e
44636: down: l
44683: up: l
45105: down: l
45183: up: l
45949: down: .
46059: up: .
46340: down: <enter>
46434: up: <enter>
46856: down: <shift_left>
47028: down: l
47090: up: <shift_left>
47121: up: l
47215: down: a
47356: up: a
47715: down: s
47825: down: t
47856: up: s
47950: up: t
47981: down: <space>
48075: up: <space>
48153: down: w
48262: up: w
48465: down: e
48544: up: e
48653: down: e
48747: up: e
48856: down: k
48966: up: k
49028: down: e
49137: up: e
49200: down: n
49278: down: d
49309: up: n
49403: up: d
49434: down: <space>
49528: up: <space>
49747: down: i
49825: up: i
50075: down: t
50185: up: t
52654: down: <space>
52763: up: <space>
52763: down: w
52857: up: w
52967: down: a
53060: up: a
53248: down: s
53404: up: s
53732: down: <space>
53857: up: <space>
54858: down: v
54967: up: v
55014: down: e
55092: up: e
55201: down: r
55295: down: y
55342: up: r
55405: down: <space>
55436: up: y
55514: up: <space>
55655: down: n
55764: down: i
55780: up: n
55842: down: c
55874: up: i
55920: down: e
55952: up: c
55999: down: <space>
56045: up: e
56124: up: <space>
56202: down: w
56327: up: w
56436: down: e
56514: up: e
56639: down: a
56780: up: a
56780: down: t
56874: up: t
56983: down: h
57014: down: e
57077: up: h
57124: up: e
57218: down: r
57311: up: r
57374: down: <space>
57483: up: <space>
58249: down: s
58374: down: o
58421: up: s
58499: up: o
58499: down: <space>
58609: up: <space>
58702: down: <shift_left>
58827: down: i
58937: up: <shift_left>
58937: up: i
58968: down: <space>
59046: up: <space>
59312: down: h
59406: up: h
59609: down: a
59765: up: a
59968: down: v
60078: up: v
60156: down: e
60265: up: e
60687: down: <space>
60797: up: <space>
61031: down: d
61125: up: d
61250: down: e
61344: up: e
61500: down: c
61625: up: c
61625: down: i
61687: up: i
61813: down: d
61906: up: d
62016: down: e
62109: up: e
62219: down: d
62328: up: d
62360: down: <space>
62485: up: <space>
62485: down: t
62594: up: t
62641: down: o
62766: down: <space>
62797: up: o
62875: up: <space>
63094: down: t
63188: up: t
63313: down: a
63469: up: a
63516: down: k
63594: up: k
63641: down: e
63750: up: e
63750: down: <space>
63844: up: <space>
63985: down: a
64094: down: <space>
64126: up: a
64188: up: <space>
65095: down: b
65188: up: b
65188: down: i
65282: up: i
65407: down: k
65454: down: e
65485: up: k
65548: up: e
65548: down: <space>
65642: up: <space>
65735: down: r
65829: up: r
65860: down: i
65954: up: i
66173: down: d
66251: down: e
66298: up: d
66439: up: e
66439: down: <space>
66548: up: <space>
77035: down: o
77129: down: n
77191: up: o
77223: up: n
77316: down: <space>
77410: up: <space>
77566: down: t
77660: up: t
77754: down: h
77848: up: h
77848: down: e
77973: up: e
79504: down: <space>
79629: up: <space>
79786: down: <shift_left>
79926: down: h
80020: up: h
80083: up: <shift_left>
80176: down: a
80301: up: a
80473: down: r
80583: up: r
80661: down: l
80755: up: l
81349: down: e
81489: up: e
81489: down: m
81567: up: m
81692: down: <space>
81771: up: <space>
81802: down: <shift_left>
81989: down: v
82099: up: v
82146: up: <shift_left>
82255: down: a
82411: up: a
82552: down: l
82599: up: l
82693: down: l
82786: up: l
82990: down: y
83083: up: y
83240: down: <space>
83349: up: <space>
83615: down: <shift_left>
83771: down: b
83865: up: <shift_left>
83865: up: b
84052: down: i
84115: up: i
84271: down: k
84334: up: k
84334: down: e
84428: down: <space>
84459: up: e
84521: up: <space>
84646: down: <shift_left>
84756: down: t
84803: up: t
84896: down: r
84912: up: <shift_left>
84990: up: r
85209: down: a
85397: up: a
85428: down: i
85584: up: i
85584: down: l
85709: up: l
87444: down: <backspace>
87506: up: <backspace>
87631: down: <backspace>
87678: up: <backspace>
87803: down: <backspace>
87835: up: <backspace>
87897: down: <backspace>
87975: up: <backspace>
88663: down: r
88757: up: r
88804: down: a
88960: down: i
89007: up: a
89054: down: l
89085: up: i
89163: up: l
89819: down: .
89898: up: .
90038: down: <space>
90116: up: <space>
90241: down: <shift_left>
90367: down: t
90445: up: t
90507: up: <shift_left>
90554: down: h
90695: up: h
90695: down: i
90742: down: s
90804: up: i
90882: up: s
91179: down: <space>
91289: up: <space>
91523: down: t
91601: down: h
91648: up: t
91679: up: h
91679: down: i
91820: down: n
91867: up: i
91929: up: n
92070: down: g
92179: up: g
92461: down: <space>
92555: up: <space>
92695: down: i
92773: up: i
92805: down: s
92867: down: <space>
92930: up: s
92961: up: <space>
93148: down: a
93242: up: a
93383: down: w
93477: up: w
93602: down: e
93695: up: e
93899: down: s
94039: up: s
94149: down: o
94289: down: m
94336: up: o
94399: up: m
94446: down: e
94539: up: e
96227: down: ,
96321: up: ,
96431: down: <space>
96524: up: <space>
96790: down: o
96868: up: o
97353: down: v
97446: up: v
97493: down: e
97603: up: e
97696: down: r
97837: up: r
97884: down: <space>
98009: up: <space>
99322: down: 2
99431: up: 2
99431: down: 0
99541: down: <space>
99588: up: 0
99634: up: <space>
99775: down: m
99885: down: i
99916: up: m
99978: up: i
100166: down: l
100275: up: l
100306: down: e
100400: up: e
100525: down: s
100619: down: <space>
100682: up: s
100744: up: <space>
101869: down: o
101948: up: o
101948: down: f
102073: up: f
102104: down: <space>
102213: up: <space>
102979: down: s
103057: up: s
103167: down: e
103276: up: e
103401: down: r
103495: up: r
103667: down: e
103776: up: e
104792: down: n
104901: up: n
105042: down: e
105120: up: e
105839: down: <space>
105964: up: <space>
106199: down: t
106261: up: t
106370: down: r
106449: up: r
106636: down: a
106808: up: a
106949: down: i
107089: down: l
107121: up: i
107214: up: l
108121: down: <space>
108246: up: <space>
108402: down: w
108527: up: w
108543: down: i
108637: up: i
108793: down: t
108855: up: t
108996: down: h
109090: up: h
109215: down: <space>
109324: up: <space>
109512: down: n
109637: up: n
109637: down: o
109746: up: o
109856: down: <space>
109934: up: <space>
110090: down: m
110215: up: m
110231: down: o
110325: up: o
110528: down: t
110606: up: t
110747: down: h
110840: up: h
110965: down: o
111044: up: o
111434: down: r
111528: up: r
111669: down: i
111747: up: i
112028: down: x
112122: up: x
112653: down: <backspace>
112763: up: <backspace>
113138: down: z
113263: up: z
113450: down: e
113513: up: e
113638: down: d
113716: down: <space>
113747: up: d
113825: up: <space>
113997: down: t
114060: up: t
114154: down: r
114247: up: r
114310: down: a
114404: up: a
114560: down: f
114623: up: f
114716: down: f
114794: up: f
114857: down: i
114935: up: i
114998: down: c
115091: up: c
115904: down: ,
115982: up: ,
116092: down: <space>
116185: up: <space>
116310: down: i
116389: up: i
116420: down: t
116529: up: t
116529: down: <space>
116654: up: <space>
116811: down: w
116889: up: w
117014: down: a
117108: up: a
117154: down: <space>
117248: up: <space>
117248: down: s
117311: up: s
118639: down: <backspace>
118733: up: <backspace>
118921: down: <backspace>
119030: up: <backspace>
119843: down: s
119983: up: s
120015: down: <space>
120093: up: <space>
120202: down: a
120265: down: <space>
120327: up: a
120358: up: <space>
120655: down: b
120749: up: b
120843: down: l
120937: up: l
121030: down: a
121155: up: a
121452: down: s
121562: up: s
121593: down: t
121702: up: t
125578: down: .
125688: up: .
125875: down: <space>
125954: up: <space>
126485: down: <shift_left>
126641: down: y
126719: up: <shift_left>
126719: up: y
126782: down: o
126891: down: u
126923: up: o
126985: down: <space>
127016: up: u
127079: up: <space>
127251: down: s
127376: up: s
127391: down: t
127485: up: t
127548: down: a
127595: down: r
127673: up: r
127688: up: a
127766: down: t
127876: up: t
127907: down: <space>
128017: up: <space>
128142: down: a
128267: up: a
128267: down: t
128392: up: t
128392: down: <space>
128470: up: <space>
128517: down: t
128610: up: t
128720: down: h
128814: up: h
128814: down: e
128923: up: e
128923: down: <space>
129017: up: <space>
129314: down: <shift_left>
129470: down: a
129564: up: <shift_left>
129642: up: a
129642: down: m
129736: up: m
129829: down: e
129955: up: e
129986: down: n
130095: down: i
130126: up: n
130189: up: i
130236: down: a
130345: down: <space>
130376: up: a
130439: up: <space>
130658: down: t
130689: up: t
130783: down: r
130877: up: r
131064: down: a
131174: up: a
131174: down: i
131314: up: i
131314: down: n
131377: up: n
131517: down: <space>
131611: up: <space>
131721: down: s
131814: up: s
131846: down: t
131924: up: t
132080: down: a
132205: up: a
132393: down: t
132486: down: i
132502: up: t
132549: up: i
132658: down: o
132752: down: n
132783: up: o
132830: up: n
133580: down: <space>
133659: up: <space>
133737: down: a
133846: up: a
133877: down: n
133956: up: n
133956: down: d
134112: up: d
134112: down: <space>
134206: up: <space>
134409: down: t
134487: up: t
134596: down: h
134706: up: h
134737: down: e
134846: up: e
135206: down: t
135300: up: t
135425: down: r
135518: up: r
135862: down: a
135909: up: a
137175: down: i
137347: down: l
137394: up: i
137503: up: l
138519: down: <space>
138629: up: <space>
138722: down: <shift_left>
138832: down: 9
138910: up: <shift_left>
138910: up: 9
139160: down: t
139222: up: t
139332: down: h
139379: down: e
139426: up: h
139426: down: <space>
139473: up: e
139535: up: <space>
139816: down: b
139910: up: b
140082: down: e
140191: up: e
140645: down: g
140770: up: g
141958: down: i
142051: up: i
142364: down: n
142426: up: n
142520: down: n
142598: up: n
142692: down: i
142801: down: n
142833: up: i
142880: down: g
142895: up: n
142973: up: g
143036: down: <space>
143145: up: <space>
143458: down: o
143583: up: o
143645: down: f
143770: up: f
143770: down: <space>
143880: up: <space>
144021: down: i
144099: up: i
144146: down: t
144239: up: t
144286: down: <space>
144396: up: <space>
145349: down: <backspace>
145474: up: <backspace>
145818: down: <shift_left>
145990: down: 0
146084: up: <shift_left>
146130: up: 0
146177: down: <space>
146287: up: <space>
146584: down: i
146709: up: i
146709: down: s
146787: down: <space>
146834: up: s
146865: up: <space>
147006: down: l
147084: up: l
147178: down: o
147287: up: o
147349: down: c
147428: down: a
147443: up: c
147600: up: a
147600: down: t
147725: up: t
147725: down: e
147850: up: e
147928: down: d
148068: down: <space>
148100: up: d
148178: up: <space>
148647: down: r
148772: up: r
148772: down: i
148865: up: i
149053: down: g
149147: down: h
149178: up: g
149256: up: h
149444: down: t
149538: up: t
150381: down: <space>
150475: up: <space>
150663: down: n
150757: up: n
150788: down: e
150882: up: e
151054: down: x
151147: down: t
151210: up: x
151257: down: <space>
151272: up: t
151366: up: <space>
151632: down: t
151757: up: t
151788: down: o
151882: down: <space>
151897: up: o
151960: up: <space>
152116: down: t
152194: up: t
152288: down: h
152429: up: h
153523: down: <backspace>
153648: up: <backspace>
154492: down: h
154586: up: h
154617: down: e
154695: down: <space>
154726: up: e
154820: up: <space>
156383: down: t
156461: up: t
156571: down: r
156680: up: r
156883: down: a
157055: up: a
157133: down: i
157243: down: n
157274: up: i
157305: up: n
157414: down: <space>
157508: up: <space>
157571: down: s
157696: up: s
157711: down: t
157805: up: t
157868: down: a
157977: up: a
158180: down: t
158258: down: i
158305: up: t
158368: up: i
158477: down: o
158618: down: n
158680: up: o
158727: up: n
158884: down: <space>
158993: up: <space>
159134: down: a
159259: up: a
159290: down: n
159352: up: n
159352: down: d
159462: up: d
159493: down: <space>
159603: up: <space>
159634: down: a
159743: up: a
159868: down: c
160025: up: c
160196: down: t
160353: up: t
160353: down: u
160446: up: u
160540: down: a
160634: up: a
160634: down: l
160712: up: l
160822: down: l
160884: up: l
161025: down: y
161119: down: <space>
161165: up: y
161228: up: <space>
161681: down: r
161806: up: r
161806: down: i
161916: up: i
162088: down: g
162166: down: h
162181: up: g
162275: up: h
162275: down: t
162384: up: t
162384: down: <space>
162478: up: <space>
162603: down: n
162697: up: n
162728: down: e
162822: up: e
163369: down: x
163494: down: t
163510: up: x
163604: up: t
163604: down: <space>
163744: up: <space>
163932: down: t
164041: up: t
164072: down: o
164182: up: o
164182: down: <space>
164291: up: <space>
164432: down: t
164526: up: t
164698: down: h
164807: up: h
164838: down: e
164916: down: <space>
164948: up: e
165026: up: <space>
165901: down: t
165948: up: t
166073: down: r
166151: up: r
166401: down: a
166542: down: i
166573: up: a
166636: down: n
166667: up: i
166729: up: n
166823: down: <space>
166932: up: <space>
167011: down: r
167104: up: r
167183: down: a
167323: up: a
167339: down: i
167464: down: l
167495: up: i
167573: up: l
167651: down: s
167776: up: s
169683: down: .
169777: up: .
169886: down: <space>
169980: up: <space>
170121: down: <shift_left>
170246: down: y
170293: up: <shift_left>
170324: up: y
170371: down: o
170480: down: u
170512: up: o
170512: down: <space>
170574: up: u
170605: up: <space>
170824: down: h
170933: up: h
170996: down: o
171074: up: o
171199: down: p
171293: up: p
171387: down: <space>
171480: up: <space>
171934: down: o
172059: down: n
172090: up: o
172137: up: n
172231: down: <space>
172309: up: <space>
172543: down: t
172621: up: t
172731: down: h
172825: up: h
172856: down: a
172965: down: t
173012: up: a
173075: up: t
173950: down: <space>
174059: up: <space>
174200: down: b
174262: up: b
174325: down: a
174434: up: a
174434: down: b
174575: up: b
174575: down: y
174653: up: y
174809: down: <space>
174888: up: <space>
177404: down: <shift_left>
177607: down: 9
177716: up: 9
177779: up: <shift_left>
178092: down: i
178185: up: i
178357: down: t
178451: up: t
178560: down: <space>
178654: up: <space>
178920: down: i
179014: up: i
179014: down: s
179123: down: <space>
179201: up: s
179201: up: <space>
179357: down: p
179467: up: p
179592: down: a
179717: up: a
179795: down: v
179889: up: v
179889: down: e
179967: up: e
180092: down: d
180186: up: d
181671: down: <shift_left>
181889: down: 0
182014: up: 0
182061: up: <shift_left>
182343: down: <space>
182483: up: <space>
182640: down: a
182765: up: a
182874: down: d
182983: down: <space>
183015: up: d
183093: up: <space>
183233: down: o
183312: up: o
183437: down: f
183515: up: f
183609: down: f
183718: up: f
183734: down: <space>
183843: up: <space>
184046: down: y
184140: up: y
184187: down: o
184281: up: o
184281: down: u
184343: down: <space>
184406: up: u
184452: up: <space>
184593: down: g
184718: up: g
184828: down: o
184937: up: o
186265: down: <space>
186375: up: <space>
186937: down: t
187031: up: t
187031: down: o
187141: down: <space>
187172: up: o
187266: up: <space>
187531: down: e
187641: up: e
187797: down: n
187875: up: n
188282: down: j
188391: up: j
188485: down: o
188547: up: o
188719: down: y
188829: up: y
189047: down: <space>
189157: up: <space>
189844: down: f
189938: up: f
190079: down: r
190141: up: r
191329: down: e
191454: up: e
191954: down: s
192064: down: h
192079: up: s
192173: up: h
192173: down: <space>
192283: up: <space>
192533: down: a
192689: up: a
192814: down: i
192908: up: i
193080: down: r
193173: up: r
196690: down: <space>
196815: up: <space>
196956: down: a
197065: up: a
197081: down: n
197190: up: n
197253: down: d
197362: up: d
198737: down: <space>
198831: up: <space>
199034: down: n
199159: up: n
199159: down: i
199191: down: c
199253: up: i
199253: down: e
199316: up: c
199456: up: e
201316: down: <space>
201425: up: <space>
202629: down: <shift_left>
202848: down: h
202926: up: <shift_left>
202926: up: h
203113: down: u
203176: up: u
203442: down: d
203535: up: d
203692: down: s
203770: down: o
203848: up: s
203895: down: n
203926: up: o
203989: up: n
204114: down: <space>
204207: up: <space>
204270: down: <shift_left>
204426: down: v
204489: up: <shift_left>
204536: up: v
204614: down: a
204739: up: a
204786: down: l
204833: up: l
204942: down: l
205036: up: l
205364: down: y
205458: up: y
205536: down: <space>
205645: up: <space>
206130: down: v
206224: up: v
206380: down: i
206474: up: i
206646: down: e
206739: up: e
206864: down: w
206958: up: w
207083: down: s
207177: up: s
207896: down: .
207990: up: .
208130: down: <space>
208224: up: <space>
208412: down: <shift_left>
208552: down: y
208646: up: <shift_left>
208646: up: y
208677: down: o
208787: down: u
208818: up: o
208880: down: <space>
208912: up: u
208974: up: <space>
209068: down: c
209146: down: a
209209: up: c
209334: down: n
209365: up: a
209427: up: n
209552: down: <space>
209646: up: <space>
209881: down: s
210021: up: s
210131: down: p
210271: down: o
210303: up: p
210412: up: o
210490: down: t
210600: up: t
210615: down: <space>
210709: up: <space>
211287: down: a
211459: up: a
211490: down: <space>
211584: up: <space>
211678: down: l
211741: up: l
211881: down: o
211944: up: o
211975: down: t
212084: up: t
212100: down: <space>
212194: up: <space>
212381: down: o
212475: up: o
212475: down: f
212600: up: f
212600: down: <space>
212694: up: <space>
213147: down: p
213225: up: p
213288: down: e
213366: down: o
213428: up: e
213444: up: o
213616: down: p
213741: down: l
213772: up: p
213866: up: l
213897: down: e
213991: up: e
214022: down: <space>
214132: up: <space>
214210: down: a
214382: up: a
214413: down: l
214491: up: l
214632: down: o
214710: up: o
214835: down: n
214913: up: n
215038: down: g
215101: down: <space>
215148: up: g
215195: up: <space>
215335: down: t
215413: up: t
215413: down: h
215523: up: h
215742: down: e
215835: up: e
215992: down: <space>
216101: up: <space>
216132: down: w
216195: up: w
216335: down: a
216445: up: a
216492: down: y
216586: up: y
217898: down: ,
217992: up: ,
218117: down: <space>
218227: up: <space>
218273: down: <shift_left>
218414: down: i
218477: up: <shift_left>
218477: up: i
218586: down: <space>
218633: down: w
218695: up: <space>
218727: up: w
218836: down: a
218930: up: a
219024: down: s
219102: up: s
219102: down: <space>
219211: up: <space>
219305: down: a
219414: up: a
219539: down: c
219680: up: c
219711: down: t
219836: up: t
219836: down: u
219930: up: u
220055: down: a
220165: up: a
220196: down: l
220258: up: l
220383: down: l
220415: up: l
220571: down: y
220649: up: y
220649: down: <space>
220758: up: <space>
221368: down: s
221493: up: s
221759: down: u
221852: up: u
221993: down: r
222103: up: r
222149: down: p
222243: up: p
222821: down: r
222931: up: r
223025: down: i
223118: up: i
223322: down: s
223384: up: s
223493: down: e
223572: up: e
223681: down: d
223822: up: d
223822: down: <space>
223962: up: <space>
224791: down: h
224947: up: h
224978: down: w
225009: down: o
225119: up: w
225166: up: o
225228: down: <space>
225322: up: <space>
225572: down: b
225682: up: b
225775: down: u
225869: up: u
225963: down: s
226072: down: y
226104: up: s
226197: up: y
226197: down: <space>
226291: up: <space>
226666: down: t
226760: up: t
226869: down: h
226932: down: e
226979: up: h
227010: down: <space>
227041: up: e
227104: up: <space>
227276: down: t
227369: up: t
227494: down: r
227588: up: r
227791: down: a
227932: up: a
227932: down: i
228057: down: l
228104: up: i
228213: up: l
229964: down: <space>
230089: up: <space>
230792: down: i
230902: up: i
230995: down: s
231105: up: s
232933: down: <space>
233043: up: <space>
233777: down: d
233918: up: d
233918: down: u
233996: up: u
234356: down: r
234449: up: r
234449: down: i
234559: down: n
234606: up: i
234668: up: n
234668: down: g
234762: up: g
234793: down: <space>
234903: up: <space>
234965: down: t
235059: up: t
235059: down: h
235200: up: h
235262: down: e
235325: up: e
235325: down: <space>
235465: up: <space>
235575: down: w
235668: up: w
235872: down: e
235934: up: e
236028: down: e
236106: up: e
236184: down: k
236278: up: k
236325: down: e
236419: up: e
236465: down: n
236559: up: n
236559: down: d
236669: up: d
236700: down: <space>
236825: up: <space>
237028: down: w
237169: up: w
237841: down: h
237935: up: h
237997: down: e
238091: down: n
238138: up: e
238169: up: n
238263: down: <space>
238341: up: <space>
238528: down: t
238591: up: t
238700: down: h
238794: up: h
238825: down: e
238857: down: <space>
238904: up: e
238966: up: <space>
239060: down: s
239201: up: s
239279: down: u
239435: up: u
239435: down: n
239529: up: n
239685: down: <space>
239794: up: <space>
240013: down: i
240107: up: i
240154: down: s
240263: down: <space>
240295: up: s
240357: up: <space>
240545: down: h
240670: up: h
240670: down: i
240795: up: i
241201: down: g
241295: up: g
241529: down: h
241607: up: h
242717: down: <space>
242826: up: <space>
243139: down: a
243264: up: a
243342: down: n
243452: up: n
243639: down: d
243749: up: d
243936: down: <space>
244045: up: <space>
245733: down: w
245858: up: w
245858: down: h
245968: up: h
245999: down: e
246077: down: n
246124: up: e
246155: up: n
246265: down: <space>
246343: up: <space>
246499: down: t
246577: up: t
246671: down: h
246718: down: e
246749: up: h
246796: up: e
246890: down: r
246968: up: r
247062: down: e
247171: up: e
247171: down: <space>
247265: up: <space>
247359: down: i
247421: up: i
247468: down: s
247546: down: <space>
247609: up: s
247609: up: <space>
247750: down: n
247859: up: n
247859: down: o
247953: up: o
248015: down: <space>
248109: up: <space>
248109: down: r
248203: up: r
248297: down: a
248437: up: a
248437: down: i
248531: down: n
248562: up: i
248625: up: n
253173: down: .
253267: up: .
253392: down: <space>
253501: up: <space>
254595: down: <shift_left>
254767: down: i
254876: up: i
254939: up: <shift_left>
255064: down: <space>
255142: up: <space>
255361: down: b
255486: up: b
255517: down: i
255580: up: i
255689: down: k
255798: up: k
255830: down: e
255892: up: e
256017: down: d
256095: down: <space>
256127: up: d
256220: up: <space>
256283: down: f
256377: up: f
256377: down: o
256486: up: o
256517: down: r
256642: up: r
256689: down: <space>
256799: up: <space>
256955: down: a
257049: down: b
257127: up: a
257127: up: b
257236: down: o
257393: up: o
257393: down: u
257471: up: u
257611: down: t
257721: up: t
257721: down: <space>
257861: up: <space>
258158: down: 1
258268: up: 1
258377: down: 5
258502: up: 5
258502: down: <space>
258596: up: <space>
258846: down: m
258971: up: m
258971: down: i
259049: up: i
259190: down: l
259299: up: l
259346: down: e
259409: up: e
259581: down: s
259737: up: s
261112: down: ,
261190: up: ,
261269: down: <space>
261362: up: <space>
261581: down: t
261659: up: t
261753: down: h
261831: up: h
261894: down: a
261956: down: n
262034: up: n
262081: up: a
262159: down: <space>
262269: up: <space>
262456: down: <shift_left>
262534: down: i
262628: up: i
262675: up: <shift_left>
262722: down: <space>
262831: up: <space>
262910: down: r
262988: up: r
263066: down: e
263160: up: e
263269: down: s
263378: up: s
263378: down: t
263503: up: t
263707: down: d
263800: down: <space>
263832: up: d
263894: up: <space>
264035: down: a
264097: down: <space>
264129: up: a
264207: up: <space>
264285: down: w
264410: up: w
264410: down: h
264488: up: h
264488: down: i
264566: up: i
264691: down: l
264785: up: l
264832: down: e
264910: up: e
264910: down: <space>
265004: up: <space>
265144: down: a
265254: up: a
265254: down: n
265348: up: n
265410: down: d
265520: down: <space>
265535: up: d
265629: up: <space>
266207: down: r
266317: up: r
266379: down: i
266473: up: i
266535: down: d
266614: down: e
266629: up: d
266707: down: <space>
266754: up: e
266801: up: <space>
266989: down: b
267082: up: b
267082: down: a
267208: up: a
267333: down: c
267411: down: k
267473: up: c
267520: up: k
267567: down: <space>
267645: up: <space>
267801: down: h
267895: up: h
267926: down: o
268067: down: m
268098: up: o
268161: up: m
268208: down: e
268286: up: e
270396: down: .
270490: up: .
270615: down: <space>
270708: up: <space>
270771: down: <shift_left>
270880: down: i
270958: up: i
270990: up: <shift_left>
271068: down: <space>
271162: up: <space>
271615: down: <backspace>
271693: up: <backspace>
272287: down: t
272396: up: t
272396: down: <space>
272490: down: w
272506: up: <space>
272568: up: w
272662: down: a
272756: up: a
272865: down: s
272959: up: s
272959: down: <space>
273068: up: <space>
273225: down: k
273272: up: k
273397: down: i
273475: up: i
273694: down: n
273787: up: n
273819: down: d
273912: down: a
273944: up: d
273975: down: <space>
274084: up: <space>
274115: up: a
274897: down: t
275006: up: t
275163: down: o
275303: down: u
275335: up: o
275397: up: u
275585: down: g
275663: up: g
275663: down: h
275725: up: h
276757: down: <space>
276835: up: <space>
276960: down: a
277069: down: t
277147: up: a
277179: down: <space>
277194: up: t
277273: up: <space>
277429: down: f
277554: up: f
277601: down: i
277679: up: i
277710: down: r
277804: up: r
277976: down: s
278070: down: t
278101: up: s
278179: up: t
278226: down: <space>
278320: up: <space>
278632: down: b
278757: down: u
278773: up: b
278867: up: u
278867: down: t
278992: up: t
279117: down: <space>
279242: up: <space>
280914: down: a
281086: down: f
281117: up: a
281164: up: f
281289: down: t
281352: up: t
281367: down: e
281477: down: r
281524: up: e
281570: up: r
281617: down: <space>
281695: up: <space>
281821: down: a
281914: down: b
281961: up: b
281977: up: a
282039: down: o
282211: down: u
282243: up: o
282243: up: u
282383: down: t
282508: up: t
282508: down: <space>
282602: up: <space>
282743: down: a
282852: down: <space>
282883: up: a
282946: up: <space>
283071: down: m
283227: up: m
283227: down: i
283305: up: i
283430: down: l
283524: up: l
283555: down: e
283649: down: <space>
283680: up: e
283743: up: <space>
283899: down: o
283993: up: o
284040: down: r
284118: up: r
284149: down: <space>
284259: up: <space>
284352: down: t
284415: up: t
284696: down: w
284853: up: w
284884: down: o
284978: up: o
285775: down: <space>
285884: up: <space>
285978: down: <shift_left>
286087: down: i
286181: up: i
286228: up: <shift_left>
286306: down: <space>
286415: up: <space>
286572: down: s
286650: up: s
286775: down: e
286869: up: e
287009: down: t
287056: up: t
287134: down: t
287228: up: t
287384: down: l
287494: up: l
287494: down: e
287572: up: e
287681: down: d
287791: down: <space>
287822: up: d
287900: up: <space>
288010: down: i
288119: up: i
288166: down: n
288197: up: n
288228: down: t
288322: up: t
288322: down: o
288416: up: o
288494: down: <space>
288588: up: <space>
288760: down: t
288838: up: t
288947: down: h
289025: up: h
289025: down: <space>
289104: up: <space>
289276: down: r
289369: up: r
289541: down: y
289604: up: y
289713: down: t
289791: up: t
289916: down: h
289979: up: h
290135: down: m
290213: up: m
290338: down: <space>
290416: up: <space>
290495: down: a
290604: up: a
290745: down: d
290823: up: d
290823: down: <space>
290948: up: <space>
292276: down: i
292354: up: i
292495: down: t
292604: up: t
292604: down: <space>
292698: up: <space>

