# Keylogger Version 0.1; Format: (timestamp, downstroke/upstroke, key)
0: down: <shift_left>
203: down: i
312: up: i
437: up: <shift_left>
797: down: '
953: up: '
1062: down: m
1172: up: m
1250: down: <space>
1359: up: <space>
1469: down: n
1562: down: o
1609: up: n
1672: down: t
1703: up: o
1797: up: t
1828: down: <space>
1937: up: <space>
2500: down: s
2672: up: s
2672: down: u
2812: up: u
2828: down: r
2906: down: e
2969: up: r
3031: down: <space>
3078: up: e
3187: up: <space>
3578: down: i
3703: up: i
3734: down: f
3828: down: <space>
3891: up: f
3984: up: <space>
4094: down: t
4203: up: t
4281: down: h
4391: down: e
4406: up: h
4516: up: e
4578: down: r
4703: up: r
4766: down: e
4859: down: <space>
4922: up: e
4969: up: <space>
5062: down: i
5156: down: s
5172: up: i
5297: up: s
5297: down: <space>
5422: up: <space>
5469: down: a
5562: down: n
5656: up: a
5687: up: n
5828: down: t
5937: up: t
6344: down: h
6453: down: i
6469: up: h
6578: down: n
6641: up: i
6656: down: g
6734: up: n
6812: up: g
6844: down: <space>
7000: up: <space>
7234: down: t
7344: up: t
7422: down: h
7516: down: a
7531: up: h
7625: down: t
7703: up: a
7734: down: <space>
7781: up: t
7875: up: <space>
7984: down: <shift_left>
8500: down: i
8641: up: i
8750: up: <shift_left>
8797: down: <space>
8953: up: <space>
9047: down: t
9187: up: t
9203: down: o
9328: up: o
9469: down: t
9594: up: t
9672: down: a
9812: down: l
9875: up: a
9906: up: l
9984: down: l
10078: up: l
10187: down: y
10281: down: <space>
10328: up: y
10375: up: <space>
10422: down: h
10562: up: h
10594: down: a
10750: up: a
10766: down: t
10875: down: e
10891: up: t
11016: up: e
12344: down: <space>
12500: up: <space>
12687: down: <shift_left>
12797: down: 9
12922: up: <shift_left>
12937: up: 9
13000: down: w
13125: up: w
13219: down: a
13328: down: i
13406: up: a
13453: up: i
13609: down: t
13703: down: <space>
13734: up: t
13859: up: <space>
14109: down: o
14234: up: o
16031: down: <backspace>
16156: up: <backspace>
16391: down: h
16500: down: o
16531: up: h
16547: down: w
16625: up: o
16687: up: w
16687: down: <space>
16828: up: <space>
17344: down: a
17469: down: b
17531: up: a
17625: up: b
17625: down: o
17781: down: u
17859: up: o
17906: up: u
18000: down: t
18141: up: t
18234: down: <space>
18375: up: <space>
18734: down: <shift_left>
18875: down: n
19016: up: n
19031: up: <shift_left>
19156: down: e
19266: up: e
19328: down: w
19469: up: w
19500: down: <space>
19609: up: <space>
19641: down: <shift_left>
19906: down: e
20109: up: e
20531: down: n
20656: up: n
20719: up: <shift_left>
21047: down: g
21172: up: g
21187: down: l
21328: up: l
21375: down: a
21562: up: a
21594: down: n
21703: up: n
21734: down: d
21844: down: <space>
21891: up: d
22031: up: <space>
22250: down: <shift_left>
22453: down: p
22594: up: p
22609: up: <shift_left>
23078: down: a
23234: up: a
23500: down: t
23625: up: t
23703: down: r
23844: down: i
23859: up: r
23953: up: i
24016: down: o
24187: up: o
24375: down: t
24484: up: t
24578: down: s
24734: up: s
26531: down: <arrow_left>
27484: up: <arrow_left>
27953: down: <arrow_right>
28062: up: <arrow_right>
28609: down: <backspace>
28734: up: <backspace>
29078: down: n
29203: up: n
29891: down: <end>
29984: up: <end>
34094: down: .
34172: up: .
34391: down: .
34500: up: .
34594: down: .
34719: up: .
34828: down: <shift_left>
34969: down: /
35109: up: /
35234: up: <shift_left>
37203: down: <shift_left>
37375: down: 0
37500: down: <space>
37531: up: <shift_left>
37547: up: 0
37641: up: <space>
37797: down: w
37922: up: w
38016: down: e
38172: up: e
38250: down: l
38328: up: l
38406: down: l
38547: up: l
39531: down: <space>
39687: up: <space>
40797: down: <shift_left>
40969: down: i
41094: up: i
41125: up: <shift_left>
41141: down: <space>
41250: up: <space>
41703: down: d
41828: down: o
41875: up: d
41953: up: o
42016: down: <space>
42156: up: <space>
42250: down: n
42359: down: o
42391: up: n
42422: down: t
42484: up: o
42562: up: t
42562: down: <space>
42672: up: <space>
42797: down: h
42922: up: h
42937: down: a
43047: down: t
43094: up: a
43156: up: t
43187: down: e
43234: down: <space>
43328: up: e
43375: up: <space>
43484: down: t
43609: up: t
43750: down: h
43859: up: h
43953: down: e
44031: down: m
44125: up: e
44141: up: m
44281: down: <space>
44406: up: <space>
44469: down: <shift_left>
44562: down: i
44687: up: i
44719: up: <shift_left>
44766: down: <space>
44891: up: <space>
45078: down: d
45203: up: d
45344: down: e
45453: up: e
45594: down: s
45750: up: s
45750: down: p
45906: down: i
45953: up: p
46031: up: i
46078: down: s
46187: up: s
46281: down: e
46422: up: e
46547: down: <space>
46672: up: <space>
46797: down: t
46891: up: t
46969: down: h
47062: up: h
47094: down: e
47187: down: m
47250: up: e
47297: up: m
47391: down: <space>
47516: down: <shift_left>
47531: up: <space>
47687: down: 1
47781: up: <shift_left>
47859: up: 1
49500: down: <backspace>
49609: up: <backspace>
49828: down: <backspace>
49937: up: <backspace>
50609: down: <shift_left>
50844: down: 1
50969: up: <shift_left>
51031: up: 1
51141: down: <space>
51297: up: <space>
51312: down: <shift_left>
51469: down: b
51500: up: <shift_left>
51594: up: b
51656: down: e
51734: down: i
51844: up: e
51844: down: n
51906: up: i
52000: up: n
52031: down: g
52172: up: g
52187: down: <space>
52328: up: <space>
53219: down: a
53375: up: a
53375: down: <space>
53500: up: <space>
53562: down: <shift_left>
53687: down: n
53812: up: <shift_left>
53859: up: n
53937: down: e
54047: up: e
54125: down: w
54219: down: <space>
54250: up: w
54328: up: <space>
54406: down: <shift_left>
54531: down: y
54656: up: y
54703: up: <shift_left>
54703: down: o
54844: up: o
54937: down: r
55094: up: r
55203: down: k
55344: up: k
55359: down: <space>
55500: up: <space>
55500: down: <shift_left>
55641: down: j
55750: up: <shift_left>
55781: up: j
55891: down: e
56047: up: e
56109: down: t
56250: up: t
56250: down: s
56359: down: <space>
56406: up: s
56484: up: <space>
57391: down: f
57531: up: f
57578: down: a
57734: down: n
57797: up: a
57875: up: n
59844: down: ,
59953: up: ,
60047: down: <space>
60109: down: w
60187: up: <space>
60250: up: w
60344: down: e
60453: down: <space>
60500: up: e
60625: up: <space>
61328: down: h
61453: down: a
61469: up: h
61594: up: a
61625: down: v
61719: down: e
61750: up: v
61875: up: e
61875: down: <space>
62031: up: <space>
62141: down: a
62312: up: a
65016: down: <backspace>
65156: up: <backspace>
66031: down: a
66172: down: n
66219: up: a
66281: up: n
66359: down: <space>
66484: up: <space>
66594: down: o
66703: up: o
66828: down: p
66906: up: p
67000: down: p
67125: up: p
67562: down: o
67703: up: o
67844: down: r
67969: up: r
68078: down: t
68219: up: t
68234: down: u
68328: up: u
68422: down: n
68562: down: i
68578: up: n
68672: up: i
68750: down: t
68844: up: t
68922: down: y
69031: up: y
69062: down: <space>
69187: up: <space>
69328: down: t
69453: up: t
69469: down: o
69594: up: o
69687: down: <space>
69828: up: <space>
69891: down: s
70016: up: s
70141: down: e
70219: up: e
70297: down: e
70406: up: e
70656: down: <space>
70812: up: <space>
70922: down: t
71031: up: t
71125: down: h
71234: up: h
71250: down: e
71344: down: i
71406: up: e
71469: up: i
71562: down: r
71672: down: <space>
71687: up: r
71828: up: <space>
72203: down: u
72328: up: u
72453: down: g
72578: up: g
72703: down: l
72828: up: l
72953: down: y
73062: down: <space>
73078: up: y
73187: up: <space>
73594: down: m
73719: up: m
73844: down: u
73969: up: u
74234: down: g
74359: up: g
74375: down: s
74422: down: <space>
74516: up: s
74562: up: <space>
74766: down: t
74875: up: t
75016: down: w
75172: up: w
75297: down: i
75422: up: i
75625: down: c
75734: down: e
75797: up: c
75922: down: <space>
75953: up: e
76062: up: <space>
76187: down: a
76297: down: <space>
76375: up: a
76422: up: <space>
76594: down: y
76703: down: e
76734: up: y
76812: down: a
76875: up: e
77000: down: r
77016: up: a
77125: up: r
77172: down: <space>
77312: up: <space>
77703: down: a
77828: down: n
77859: up: a
77922: up: n
77937: down: d
78047: down: <space>
78141: up: d
78172: up: <space>
78234: down: l
78375: up: l
78422: down: a
78594: up: a
78609: down: t
78719: up: t
78953: down: e
79109: up: e
79156: down: l
79312: up: l
79453: down: y
79562: down: <space>
79609: up: y
79703: up: <space>
79906: down: e
80031: up: e
80187: down: v
80281: down: e
80359: up: v
80484: down: n
80531: up: e
80594: up: n
80703: down: <space>
80828: up: <space>
80984: down: o
81109: down: n
81172: up: o
81219: down: e
81234: up: n
81375: up: e
81391: down: <space>
81484: up: <space>
81609: down: m
81719: down: o
81781: up: m
81828: down: r
81859: up: o
81906: down: e
81984: up: r
82016: down: <space>
82094: up: e
82125: up: <space>
82156: down: t
82297: up: t
82297: down: i
82406: down: m
82469: up: i
82531: down: e
82547: up: m
82656: down: <space>
82672: up: e
82781: up: <space>
82875: down: i
82984: down: n
83047: up: i
83078: up: n
83141: down: <space>
83250: up: <space>
83406: down: t
83500: up: t
83578: down: h
83594: down: e
83672: down: <space>
83703: up: h
83734: up: e
83797: up: <space>
83922: down: p
84047: down: l
84125: up: p
84187: up: l
84234: down: a
84437: up: a
84453: down: y
84562: up: y
84656: down: o
84781: up: o
85031: down: f
85109: up: f
85141: down: f
85250: up: f
85297: down: s
85422: up: s
87859: down: .
87984: up: .
88125: down: <space>
88266: up: <space>
88312: down: <shift_left>
88500: down: a
88641: up: <shift_left>
88656: up: a
88750: down: s
88937: up: s
88937: down: <space>
89078: up: <space>
89547: down: h
89625: down: i
89687: up: h
89766: up: i
89781: down: s
89937: up: s
90078: down: t
90187: down: o
90219: up: t
90328: up: o
90359: down: r
90484: up: r
90516: down: y
90594: down: <space>
90656: up: y
90719: up: <space>
90781: down: s
90922: down: h
90969: up: s
91000: down: o
91047: up: h
91141: up: o
91516: down: w
91625: up: w
91703: down: s
91828: up: s
92672: down: <space>
92828: up: <space>
93047: down: t
93172: up: t
93250: down: h
93375: up: h
93406: down: e
93531: down: y
93562: up: e
93656: down: <space>
93687: up: y
93812: up: <space>
94219: down: h
94375: up: h
94391: down: a
94562: up: a
94578: down: d
94734: down: <space>
94766: up: d
94859: up: <space>
94937: down: a
95078: down: n
95109: up: a
95187: up: n
95250: down: <space>
95375: up: <space>
95531: down: u
95656: up: u
95734: down: p
95828: up: p
95906: down: p
95984: down: e
96047: up: p
96109: up: e
96203: down: r
96344: up: r
96500: down: <space>
96625: up: <space>
96797: down: h
96922: up: h
97031: down: a
97187: up: a
97203: down: n
97297: down: d
97312: up: n
97453: down: <space>
97469: up: d
97594: up: <space>
97687: down: i
97797: down: n
97859: up: i
97906: up: n
97969: down: <space>
98094: up: <space>
98219: down: t
98312: up: t
98406: down: h
98484: down: e
98562: up: h
98562: down: <space>
98656: up: e
98703: up: <space>
98844: down: l
98969: down: a
98984: up: l
99094: down: s
99141: up: a
99219: down: t
99281: up: s
99297: down: <space>
99359: up: t
99422: up: <space>
99703: down: f
99812: down: e
99859: up: f
99953: up: e
100047: down: w
100172: up: w
100312: down: <space>
100437: up: <space>
100641: down: y
100766: down: e
100781: up: y
100875: down: a
100906: up: e
101078: up: a
101234: down: r
101359: up: r
101500: down: s
101641: up: s
103687: down: <space>
103812: up: <space>
103937: down: b
104062: down: u
104109: up: b
104156: down: t
104187: up: u
104266: down: <space>
104297: up: t
104406: up: <space>
104531: down: <shift_left>
104672: down: i
104797: up: i
104828: up: <shift_left>
104953: down: '
105078: up: '
105187: down: m
105281: up: m
105359: down: <space>
105500: up: <space>
105578: down: e
105703: up: e
105859: down: x
106031: up: x
106516: down: c
106656: down: i
106672: up: c
106766: up: i
106859: down: t
107016: up: t
107016: down: e
107125: up: e
107203: down: d
107359: up: d
107422: down: <space>
107562: up: <space>
107766: down: a
107891: down: b
107937: up: a
108000: up: b
108047: down: o
108172: down: u
108250: up: o
108281: up: u
108375: down: t
108531: up: t
108547: down: <space>
108672: up: <space>
108766: down: t
108875: up: t
108953: down: h
109031: down: e
109078: up: h
109125: down: <space>
109156: up: e
109250: up: <space>
109344: down: <shift_left>
109453: down: g
109547: up: g
109594: down: i
109609: up: <shift_left>
109750: up: i
109781: down: a
109844: down: n
109969: up: a
109984: up: n
110094: down: t
110234: up: t
110297: down: s
110406: down: <space>
110453: up: s
110578: up: <space>
110672: down: w
110781: down: i
110844: up: w
110891: down: n
110969: up: i
111031: up: n
111125: down: <space>
111266: up: <space>
111734: down: a
111859: down: t
111922: up: a
111969: down: <space>
112016: up: t
112047: up: <space>
112094: down: t
112203: up: t
112281: down: h
112359: down: e
112391: up: h
112437: down: <space>
112484: up: e
112562: up: <space>
112641: down: <shift_left>
112781: down: s
112859: up: <shift_left>
112875: down: u
112984: up: s
112984: up: u
113047: down: p
113172: up: p
113187: down: e
113312: up: e
113391: down: r
113516: up: r
113891: down: <shift_left>
114078: down: b
114203: up: b
114281: up: <shift_left>
114297: down: o
114422: up: o
115234: down: w
115344: down: l
115391: up: w
115484: up: l
117203: down: <arrow_left>
118516: up: <arrow_left>
119125: down: <backspace>
119266: up: <backspace>
119672: down: i
119797: up: i
120484: down: <end>
120594: up: <end>
122531: down: .
122656: up: .
122828: down: <space>
122969: up: <space>
123156: down: <shift_left>
123312: down: t
123422: up: t
123500: up: <shift_left>
123578: down: h
123703: up: h
124078: down: e
124250: up: e
124391: down: <space>
124516: up: <space>
124719: down: <shift_left>
124844: down: '
124969: up: '
125000: up: <shift_left>
125312: down: g
125422: up: g
125531: down: e
125625: down: n
125687: up: e
125797: down: i
125812: up: n
125969: down: u
126031: up: i
126094: up: u
126250: down: s
126359: up: s
126453: down: e
126562: up: e
126656: down: s
126766: up: s
126953: down: <shift_left>
127047: down: '
127187: up: '
127250: up: <shift_left>
127766: down: <space>
127906: up: <space>
128641: down: f
128734: down: r
128797: down: o
128812: up: f
128922: down: m
128953: up: r
128984: up: o
129062: up: m
129141: down: <space>
129266: up: <space>
129297: down: <shift_left>
129453: down: b
129547: up: <shift_left>
129594: up: b
129594: down: o
129734: up: o
129766: down: s
129906: down: t
129937: up: s
130016: up: t
130125: down: o
130250: down: n
130344: up: o
130391: up: n
130531: down: <space>
130672: up: <space>
131812: down: w
131937: down: o
132000: up: w
132016: down: n
132094: up: o
132156: up: n
132234: down: <space>
132375: up: <space>
132516: down: e
132656: up: e
132812: down: v
132906: down: e
132984: up: v
133094: up: e
133156: down: r
133328: up: r
133656: down: y
133781: up: y
133844: down: <space>
133969: up: <space>
134078: down: g
134219: up: g
134234: down: a
134391: down: m
134406: up: a
134500: down: e
134516: up: m
134656: up: e
134656: down: <space>
134750: up: <space>
134844: down: p
134953: down: o
135031: up: p
135078: up: o
135125: down: s
135234: up: s
135297: down: s
135437: up: s
135453: down: i
135547: up: i
135672: down: b
135797: up: b
135875: down: l
135984: up: l
136031: down: e
136172: up: e
137906: down: <space>
138047: up: <space>
138391: down: d
138578: up: d
138578: down: u
138687: up: u
138734: down: r
138797: down: i
138891: up: r
138906: down: n
138969: up: i
139031: down: g
139062: up: n
139141: down: <space>
139172: up: g
139266: up: <space>
139297: down: t
139391: down: h
139437: up: t
139547: up: h
139625: down: e
139766: up: e
139984: down: <space>
140141: up: <space>
140844: down: y
140984: up: y
141000: down: e
141094: down: a
141141: up: e
141281: down: r
141297: up: a
141437: up: r
142703: down: ,
142812: up: ,
142891: down: <space>
143016: up: <space>
143125: down: b
143250: down: u
143281: up: b
143359: up: u
143359: down: t
143484: up: t
143484: down: <space>
143594: up: <space>
143734: down: s
143859: down: o
143937: up: s
143953: down: m
144016: up: o
144094: up: m
144250: down: e
144391: up: e
144437: down: o
144531: down: n
144609: up: o
144656: down: e
144672: up: n
144797: down: <space>
144812: up: e
144937: up: <space>
145812: down: f
145969: down: o
145984: up: f
146109: up: o
146125: down: r
146250: up: r
146359: down: g
146500: up: g
146500: down: o
146641: up: o
146703: down: t
146828: up: t
146891: down: <space>
147031: up: <space>
147141: down: t
147266: down: o
147297: up: t
147344: down: <space>
147422: up: o
147469: up: <space>
147594: down: t
147719: up: t
147859: down: e
148000: up: e
148094: down: l
148187: up: l
148266: down: l
148391: down: <space>
148422: up: l
148516: up: <space>
148625: down: t
148734: up: t
148797: down: h
148891: up: h
148937: down: e
149016: down: m
149109: up: e
149172: down: <space>
149203: up: m
149297: up: <space>
149406: down: t
149531: up: t
149625: down: h
149750: up: h
149781: down: a
149922: down: t
149953: up: a
150062: up: t
150125: down: <space>
150297: up: <space>
150859: down: t
150969: up: t
151078: down: h
151203: up: h
151219: down: e
151344: up: e
151594: down: <space>
151734: up: <space>
151969: down: <shift_left>
152219: down: l
152344: up: l
152578: up: <shift_left>
153672: down: o
153812: up: o
154547: down: m
154703: up: m
155031: down: b
155219: up: b
155437: down: a
155594: up: a
155766: down: r
155875: up: r
155969: down: d
156062: down: i
156141: up: d
156187: up: i
156266: down: <space>
156422: up: <space>
156656: down: t
156781: up: t
156937: down: r
157078: up: r
157734: down: o
157844: up: o
158047: down: p
158203: up: p
158391: down: h
158500: up: h
158594: down: y
158687: down: <space>
158719: up: y
158828: up: <space>
159156: down: i
159250: down: s
159281: up: i
159344: down: <space>
159422: up: s
159484: up: <space>
159656: down: a
159781: up: a
159875: down: w
160000: up: w
160109: down: a
160250: up: a
160359: down: r
160469: up: r
160547: down: d
160656: up: d
160781: down: e
160875: up: e
160953: down: d
161094: up: d
161125: down: <space>
161250: up: <space>
161281: down: a
161484: down: f
161500: up: a
161594: up: f
161703: down: t
161812: up: t
161828: down: e
161937: down: r
161984: up: e
162062: down: <space>
162078: up: r
162187: up: <space>
162297: down: t
162391: up: t
162484: down: h
162594: up: h
162609: down: e
162734: down: <space>
162750: up: e
162859: up: <space>
162969: down: w
163094: down: i
163125: up: w
163187: down: n
163250: up: i
163312: up: n
163391: down: <space>
163531: up: <space>
163594: down: a
163719: down: t
163781: up: a
163828: down: <space>
163891: up: t
163937: up: <space>
164031: down: t
164125: up: t
164203: down: h
164281: down: e
164312: up: h
164344: down: <space>
164406: up: e
164469: up: <space>
164609: down: <shift_left>
164766: down: s
164844: up: <shift_left>
164875: down: u
164953: up: s
165000: up: u
165062: down: p
165203: up: p
165203: down: e
165328: up: e
165406: down: r
165562: up: r
165906: down: <shift_left>
166062: down: b
166172: up: <shift_left>
166187: up: b
166422: down: o
166531: up: o
166859: down: w
167000: down: l
167031: up: w
167141: down: <space>
167187: up: l
167281: up: <space>
167312: down: a
167469: up: a
167484: down: n
167578: down: d
167594: up: n
167719: down: <space>
167750: up: d
167844: up: <space>
167984: down: n
168078: down: o
168125: up: n
168219: up: o
168250: down: t
168359: down: <space>
168391: up: t
168500: up: <space>
168641: down: g
168766: down: o
168797: up: g
168891: up: o
168984: down: i
169078: down: n
169156: up: i
169250: up: n
169344: down: g
169484: up: g
169625: down: <space>
169766: up: <space>
171203: down: 1
171328: down: 8
171375: up: 1
171437: up: 8
171797: down: -
171906: up: -
171969: down: 0
172078: up: 0
181094: down: <backspace>
181156: up: <backspace>
181266: down: <backspace>
181344: up: <backspace>
181422: down: <backspace>
181469: up: <backspace>
182516: down: 9
182656: up: 9
182766: down: -
182922: up: -
182953: down: 0
183062: up: 0
190047: down: <backspace>
190141: up: <backspace>
190266: down: <backspace>
190344: up: <backspace>
190453: down: <backspace>
190562: up: <backspace>
195500: down: 9
195625: up: 9
195781: down: -
195906: up: -
196000: down: 0
196125: up: 0
197641: down: .
197781: up: .
202812: down: <space>
202937: up: <space>
203125: down: <shift_left>
203328: down: i
203453: up: i
203500: up: <shift_left>
203703: down: '
203844: up: '
203984: down: m
204094: up: m
204187: down: <space>
204312: up: <space>
204547: down: s
204641: down: i
204719: up: s
204734: down: m
204781: up: i
204891: up: m
204953: down: p
205078: down: l
205187: up: p
205234: up: l
205391: down: y
205469: down: <space>
205531: up: y
205594: up: <space>
205625: down: w
205750: up: w
205859: down: a
206016: up: a
206047: down: i
206156: up: i
206234: down: t
206312: down: i
206359: up: t
206406: down: n
206469: up: i
206500: down: g
206547: up: n
206641: up: g
206641: down: <space>
206766: up: <space>
207203: down: f
207297: down: o
207344: up: f
207406: up: o
207406: down: r
207500: down: <space>
207531: up: r
207625: up: <space>
207781: down: t
207875: up: t
207953: down: h
208000: down: e
208094: up: h
208109: down: <space>
208141: up: e
208266: up: <space>
208266: down: d
208375: down: a
208437: up: d
208516: down: y
208578: up: a
208625: up: y
208672: down: <space>
208828: up: <space>
208906: down: w
209031: down: h
209062: up: w
209156: up: h
209187: down: e
209266: down: n
209312: up: e
209375: up: n
209453: down: <space>
209562: up: <space>
209781: down: t
209875: up: t
209953: down: h
210078: down: e
210094: up: h
210187: down: <space>
210203: up: e
210344: up: <space>
210625: down: t
210719: up: t
210797: down: w
210953: down: o
210984: up: w
211047: down: <space>
211109: up: o
211187: up: <space>
211312: down: <shift_left>
211469: down: n
211562: up: <shift_left>
211609: up: n
211656: down: e
211781: up: e
211859: down: w
211984: down: <space>
212000: up: w
212094: up: <space>
212156: down: <shift_left>
212281: down: y
212391: up: y
212406: up: <shift_left>
212406: down: o
212562: up: o
212609: down: r
212750: up: r
212844: down: k
212969: up: k
213031: down: <space>
213172: up: <space>
213328: down: t
213453: up: t
213516: down: e
213703: down: a
213750: up: e
213922: down: m
213937: up: a
214047: up: m
214172: down: <space>
214297: up: <space>
214312: down: w
214469: down: i
214500: up: w
214594: up: i
214703: down: l
214797: up: l
214891: down: l
215000: down: <space>
215016: up: l
215156: up: <space>
215234: down: f
215344: up: f
215359: down: a
215547: up: a
215562: down: c
215719: down: e
215766: up: c
215859: up: e
215875: down: <space>
216000: up: <space>
216125: down: e
216250: up: e
216344: down: a
216516: up: a
216625: down: c
216797: up: c
216844: down: h
216969: up: h
217031: down: o
217156: up: o
217297: down: t
217406: up: t
217500: down: h
217578: down: e
217625: up: h
217703: up: e
217781: down: r
217906: down: <space>
217937: up: r
218016: up: <space>
218125: down: i
218203: down: n
218297: up: i
218359: up: n
219047: down: <space>
219187: up: <space>
219359: down: t
219422: up: t
219516: down: h
219578: down: e
219625: down: <space>
219656: up: h
219719: up: e
219781: up: <space>
219906: down: <shift_left>
220094: down: s
220172: up: <shift_left>
220203: down: u
220297: up: s
220328: up: u
220391: down: p
220531: up: p
220562: down: e
220687: up: e
220750: down: r
220859: up: r
221250: down: <shift_left>
221422: down: b
221547: up: b
221578: up: <shift_left>
221672: down: o
221781: up: o
221891: down: w
221984: down: l
222047: up: w
222094: up: l
225516: down: .
225641: up: .

