# Keylogger Version 0.1; Format: (timestamp, downstroke/upstroke, key)
0: down: <shift_left>
249: down: t
359: up: t
421: up: <shift_left>
795: down: h
967: up: h
1778: down: e
1919: up: e
1934: down: <space>
2075: up: <space>
2090: down: a
2262: up: a
2262: down: r
2340: up: r
2402: down: t
2511: up: t
2574: down: <space>
2667: up: <space>
3463: down: o
3557: up: o
3588: down: f
3697: up: f
3697: down: <space>
3837: up: <space>
3931: down: d
4071: up: d
4149: down: e
4243: up: e
4368: down: c
4524: down: e
4555: up: c
4727: up: e
4883: down: p
4914: down: [
4961: up: [
4992: up: p
5132: down: s
5304: up: s
5491: down: i
5569: up: i
5647: down: o
5787: down: n
5850: up: o
5897: up: n
7254: down: <backspace>
7332: up: <backspace>
7425: down: <backspace>
7503: up: <backspace>
7550: down: <backspace>
7628: up: <backspace>
7691: down: <backspace>
7769: up: <backspace>
7831: down: <backspace>
7909: up: <backspace>
8003: down: <backspace>
8049: up: <backspace>
9266: down: p
9375: up: p
9485: down: t
9594: up: t
9594: down: i
9703: up: i
9734: down: o
9875: down: n
9953: up: o
10031: up: n
10483: down: <space>
10592: up: <space>
10701: down: i
10764: down: s
10811: up: i
10920: up: s
10998: down: <space>
11029: up: <space>
11091: down: a
11185: down: <space>
11263: up: <space>
11294: up: a
11419: down: b
11559: up: b
11653: down: o
11762: up: o
11840: down: o
11981: down: k
12027: up: o
12121: up: k
12152: down: <space>
12293: up: <space>
12480: down: w
12620: up: w
12745: down: r
12885: up: r
12932: down: i
13041: up: i
13213: down: t
13244: up: t
13307: down: t
13416: up: t
13494: down: e
13603: down: n
13681: up: e
13681: up: n
13806: down: <space>
13915: up: <space>
14024: down: b
14196: up: b
14586: down: y
14679: up: y
15132: down: <space>
15288: up: <space>
15428: down: a
15678: up: a
16068: down: <space>
16239: up: <space>
16458: down: h
16551: up: h
16567: down: a
16707: up: a
16863: down: c
17004: up: c
17019: down: k
17129: up: k
17129: down: e
17269: up: e
17347: down: r
17487: up: r
17503: down: <space>
17643: up: <space>
18236: down: a
18377: up: a
18392: down: b
18501: up: b
18564: down: o
18704: up: o
18735: down: o
18767: up: o
18767: down: u
18845: up: u
18969: down: t
19063: up: t
19094: down: <space>
19188: up: <space>
19281: down: h
19469: up: h
19469: down: i
19609: up: i
19671: down: s
19827: up: s
21902: down: <arrow_left>
22011: up: <arrow_left>
22058: down: <arrow_left>
22136: up: <arrow_left>
22214: down: <arrow_left>
22277: up: <arrow_left>
22339: down: <arrow_left>
22370: up: <arrow_left>
22479: down: <arrow_left>
22511: up: <arrow_left>
22604: down: <arrow_left>
22667: up: <arrow_left>
23571: down: <backspace>
23681: up: <backspace>
24882: down: <end>
25022: up: <end>
32261: down: <space>
32370: up: <space>
32541: down: m
32651: up: m
32729: down: e
32869: up: e
33025: down: t
33119: up: t
33134: down: h
33290: down: o
33321: up: h
33431: up: o
33789: down: d
33930: up: d
33930: down: s
34117: up: s
34569: down: <space>
34741: up: <space>
35131: down: o
35271: up: o
35287: down: f
35412: up: f
35427: down: <space>
35568: up: <space>
35755: down: i
35895: down: n
35927: up: i
36005: up: n
38438: down: f
38579: down: i
38625: up: f
38735: up: i
38859: down: l
38969: up: l
39218: down: t
39281: up: t
39390: down: r
39499: up: r
39530: down: a
39702: up: a
39889: down: t
40029: up: t
40061: down: i
40154: up: i
40232: down: o
40373: down: n
40451: up: o
40482: up: n
40887: down: <space>
41028: up: <space>
41059: down: a
41199: up: a
41231: down: n
41340: up: n
41340: down: d
41449: up: d
41496: down: <space>
41636: up: <space>
41636: down: d
41745: up: d
41808: down: e
41917: up: e
42026: down: c
42167: down: e
42213: up: c
42323: up: e
42978: down: p
43087: up: p
43165: down: t
43259: up: t
43305: down: i
43415: up: i
43477: down: o
43649: down: n
43695: up: o
43758: up: n
46472: down: .
46581: up: .
46753: down: <space>
46862: up: <space>
46971: down: <shift_left>
47159: down: i
47221: up: i
47268: up: <shift_left>
47377: down: t
47517: up: t
47517: down: <space>
47658: up: <space>
47783: down: i
47892: up: i
47907: down: s
48048: up: s
48063: down: <space>
48157: up: <space>
48360: down: n
48500: down: o
48547: up: n
48641: up: o
48656: down: t
48750: up: t
48765: down: <space>
48906: up: <space>
48937: down: a
49031: down: <space>
49077: up: a
49187: up: <space>
49187: down: s
49327: up: s
49421: down: c
49577: up: c
49577: down: i
49639: down: e
49670: up: i
49826: up: e
50060: down: n
50201: up: n
50201: down: c
50263: down: e
50310: up: c
50450: up: e
50606: down: <space>
50747: up: <space>
50778: down: f
50871: up: f
50934: down: i
51027: up: i
51090: down: c
51121: down: x
51152: up: x
51199: up: c
51339: down: t
51480: up: t
51495: down: i
51589: up: i
51651: down: o
51761: down: n
51792: up: o
51870: up: n
51932: down: <space>
52026: down: s
52073: up: <space>
52135: up: s
52307: down: t
52416: up: t
52431: down: o
52541: up: o
52619: down: r
52759: up: r
52775: down: y
52884: up: y
54537: down: <arrow_left>
54600: up: <arrow_left>
54678: down: <arrow_left>
54740: up: <arrow_left>
54803: down: <arrow_left>
54865: up: <arrow_left>
54943: down: <arrow_left>
55005: up: <arrow_left>
55083: down: <arrow_left>
55146: up: <arrow_left>
55208: down: <arrow_left>
55286: up: <arrow_left>
55349: down: <arrow_left>
55411: up: <arrow_left>
55489: down: <arrow_left>
55551: up: <arrow_left>
55629: down: <arrow_left>
55723: up: <arrow_left>
55739: down: <arrow_left>
55879: up: <arrow_left>
56628: down: <backspace>
56737: up: <backspace>
58172: down: <end>
58281: up: <end>
58921: down: <space>
59061: up: <space>
59280: down: i
59420: up: i
59498: down: t
59592: up: t
59639: down: <space>
59779: up: <space>
60091: down: i
60231: up: i
60231: down: s
60341: up: s
60590: down: b
60731: up: b
60731: down: a
60871: up: a
60902: down: s
61011: up: s
61089: down: e
61199: up: e
61308: down: d
61448: up: d
62790: down: o
62930: down: n
63008: up: o
63086: up: n
63117: down: a
63258: up: a
63258: down: <space>
63367: up: <space>
64007: down: <backspace>
64100: up: <backspace>
64194: down: <backspace>
64256: up: <backspace>
64662: down: <space>
64802: up: <space>
64911: down: a
65067: up: a
65067: down: <space>
65177: up: <space>
65223: down: r
65333: up: r
65411: down: e
65520: up: e
65582: down: a
65723: down: l
65754: up: a
65863: up: l
65863: down: <space>
65972: up: <space>
67033: down: l
67142: up: l
67236: down: i
67345: up: i
67579: down: f
67688: up: f
67688: down: e
67797: up: e
67797: down: <space>
67969: up: <space>
68063: down: e
68172: up: e
68281: down: x
68437: up: x
68468: down: x
68515: up: x
68515: down: a
68687: up: a
68702: down: m
68843: up: m
68921: down: p
69092: down: l
69170: up: p
69201: down: e
69233: up: l
69311: up: e
71947: down: <arrow_left>
72025: up: <arrow_left>
72103: down: <arrow_left>
72165: up: <arrow_left>
72228: down: <arrow_left>
72306: up: <arrow_left>
72353: down: <arrow_left>
72415: up: <arrow_left>
72493: down: <arrow_left>
72555: up: <arrow_left>
72633: down: <arrow_left>
72696: up: <arrow_left>
73710: down: <backspace>
73819: up: <backspace>
74786: down: <end>
74895: up: <end>
75629: down: <space>
75785: up: <space>
76877: down: o
76955: down: f
77064: up: f
77064: down: <space>
77095: up: o
77173: up: <space>
77438: down: <shift_left>
77610: down: k
77750: up: <shift_left>
77766: up: k
77844: down: e
78000: up: e
78125: down: v
78234: down: i
78312: up: v
78343: down: n
78390: up: i
78452: up: n
78546: down: <space>
78655: up: <space>
78733: down: <shift_left>
78873: down: m
78983: up: <shift_left>
78983: down: i
79014: up: m
79092: up: i
79232: down: t
79326: up: t
79544: down: n
79731: down: i
79763: up: n
79872: up: i
80012: down: c
80153: up: c
80153: down: k
80262: up: k
80995: down: <space>
81167: up: <space>
81260: down: a
81369: down: n
81416: up: a
81479: up: n
81494: down: d
81619: up: d
81635: down: <space>
81697: up: <space>
81837: down: h
81978: down: o
82009: up: h
82056: down: w
82118: up: o
82196: up: w
82212: down: <space>
82352: up: <space>
82586: down: h
82695: up: h
82727: down: e
82867: up: e
83085: down: <space>
83226: up: <space>
83429: down: g
83491: up: g
83507: down: e
83647: up: e
83647: down: t
83756: up: t
83787: down: <space>
83897: up: <space>
84224: down: t
84333: up: t
84396: down: o
84536: down: <space>
84567: up: o
84645: up: <space>
84817: down: b
84926: up: b
84926: down: e
85035: up: e
85176: down: c
85316: down: o
85347: up: c
85425: down: m
85457: up: o
85488: down: e
85566: up: m
85644: up: e
85691: down: <space>
85831: up: <space>
85940: down: a
86112: up: a
86642: down: <backspace>
86814: up: <backspace>
87375: down: t
87469: up: t
87563: down: h
87625: down: e
87672: up: h
87734: down: <space>
87781: up: e
87843: up: <space>
88233: down: b
88389: up: b
88436: down: i
88545: up: i
88701: down: g
88779: up: g
88857: down: g
88967: up: g
88967: down: e
89045: up: e
89169: down: s
89232: down: t
89310: up: s
89372: up: t
89403: down: <space>
89544: up: <space>
90324: down: f
90464: up: f
90495: down: u
90589: up: u
90698: down: g
90792: up: g
90807: down: u
90901: up: u
90995: down: t
91104: up: t
91525: down: i
91634: up: i
91977: down: v
92087: up: v
92102: down: e
92196: down: <space>
92243: up: e
92383: up: <space>
92648: down: h
92742: up: h
92773: down: a
92913: up: a
93069: down: c
93210: up: c
93210: down: k
93319: up: k
93335: down: e
93475: up: e
93678: down: r
93818: up: r
93865: down: <space>
94005: up: <space>
94146: down: o
94286: up: o
94302: down: f
94411: up: f
94442: down: <space>
94583: up: <space>
95706: down: 2
95815: up: 2
95924: down: 1
96018: up: 1
96392: down: s
96486: down: t
96533: up: s
96595: down: <space>
96642: up: t
96704: up: <space>
96969: down: c
97063: up: c
97079: down: e
97235: up: e
97313: down: n
97375: up: n
97703: down: t
97843: down: u
97874: up: t
97952: up: u
97952: down: r
98061: down: e
98093: up: r
98202: up: e
99777: down: <backspace>
99918: up: <backspace>
100011: down: y
100121: up: y
102086: down: .
102227: up: .
102539: down: <space>
102648: up: <space>
104972: down: <shift_left>
105222: down: h
105362: up: h
105393: up: <shift_left>
105425: down: i
105565: up: i
105612: down: s
105783: up: s
107499: down: <space>
107640: up: <space>
107874: down: m
107983: up: m
107983: down: e
108092: up: e
108233: down: t
108311: down: h
108342: up: t
108451: down: o
108482: up: h
108591: up: o
108779: down: d
108919: up: d
108950: down: s
109059: up: s
109839: down: <space>
110027: up: <space>
110058: down: w
110151: up: w
110339: down: e
110479: up: e
110604: down: r
110713: up: r
110822: down: e
110916: up: e
111446: down: <space>
111587: up: <space>
111945: down: s
112039: down: i
112086: up: s
112148: down: m
112195: up: i
112257: up: m
112351: down: p
112538: down: l
112569: up: p
112569: down: e
112601: up: l
112679: up: e
112679: down: <space>
112788: up: <space>
112944: down: y
113037: up: y
113084: down: e
113162: down: t
113240: up: e
113271: up: t
113693: down: <space>
113833: up: <space>
114114: down: v
114207: down: e
114254: up: v
114317: up: e
114410: down: r
114504: down: y
114551: up: r
114660: up: y
114660: down: <space>
114769: up: <space>
115143: down: e
115346: up: e
115424: down: l
115565: up: l
115689: down: a
115861: up: a
115955: down: b
116064: up: b
116111: down: o
116220: up: o
116282: down: r
116376: up: r
116438: down: a
116625: up: a
116859: down: <space>
117000: up: <space>
117156: down: a
117296: down: n
117327: up: a
117405: up: n
117437: down: d
117577: up: d
118201: down: <space>
118341: up: <space>
118513: down: h
118622: up: h
118653: down: e
118794: up: e
118794: down: <space>
118934: up: <space>
120915: down: k
121025: up: k
121149: down: n
121290: up: n
121290: down: e
121399: up: e
121493: down: w
121633: up: w
121633: down: <space>
121773: up: <space>
122475: down: a
122616: up: a
122616: down: <space>
122725: up: <space>
122928: down: h
123037: up: h
123099: down: u
123209: up: u
123318: down: m
123427: up: m
123427: down: a
123536: down: n
123567: up: a
123645: up: n
123739: down: <space>
123848: up: <space>
124316: down: p
124425: up: p
125252: down: s
125393: down: y
125439: up: s
125471: up: y
125611: down: c
125673: down: h
125751: up: c
125829: up: h
125829: down: e
125923: up: e
125954: down: <space>
126095: up: <space>
126547: down: v
126703: up: v
126734: down: e
126875: up: e
126984: down: r
127124: up: r
127124: down: y
127233: up: y
127296: down: <space>
127436: up: <space>
127483: down: w
127639: up: w
127779: down: e
127920: up: e
128138: down: l
128201: up: l
128279: down: l
128388: up: l
129885: down: ,
129995: up: ,
130057: down: <space>
130166: up: <space>
130307: down: h
130416: up: h
130431: down: e
130572: up: e
130572: down: <space>
130681: up: <space>
130962: down: k
131102: down: n
131133: up: k
131243: up: n
131508: down: e
131617: up: e
131711: down: w
131851: up: w
131851: down: <space>
131960: up: <space>
132179: down: h
132319: up: h
132319: down: o
132397: down: w
132428: up: o
132537: up: w
132537: down: <space>
132647: up: <space>
132990: down: t
133083: up: t
133130: down: o
133239: down: <space>
133302: up: o
133349: up: <space>
133411: down: a
133551: up: a
133583: down: p
133645: up: p
133754: down: p
133863: up: p
134331: down: r
134441: up: r
134456: down: o
134550: up: o
134597: down: a
134737: up: a
134815: down: c
134955: up: c
134971: down: h
135111: up: h
135111: down: <space>
135205: up: <space>
135751: down: p
135860: up: p
135907: down: e
135985: down: o
136047: up: e
136094: up: o
136203: down: p
136344: down: l
136391: up: p
136453: down: e
136500: up: l
136562: up: e
136593: down: <space>
136749: up: <space>
136765: down: a
136905: up: a
136905: down: n
136968: up: n
136983: down: d
137124: up: d
137139: down: <space>
137233: up: <space>
137405: down: h
137545: down: o
137576: up: h
137654: up: o
137654: down: w
137795: up: w
137810: down: <space>
137951: up: <space>
138122: down: t
138231: up: t
138341: down: o
138403: down: <space>
138481: up: o
138512: up: <space>
138590: down: p
138731: down: l
138777: up: p
138840: up: l
138855: down: a
139027: up: a
139136: down: y
139277: up: y
139292: down: <space>
139386: up: <space>
139511: down: t
139620: up: t
139682: down: h
139791: up: h
139791: down: e
139869: down: <space>
139901: up: e
139979: up: <space>
140072: down: r
140181: up: r
140415: down: o
140525: up: o
140603: down: l
140743: up: l
140743: down: e
140883: up: e
140930: down: <space>
141071: up: <space>
143988: down: o
144097: up: o
144097: down: f
144269: up: f
146063: down: <space>
146172: up: <space>
146265: down: a
146328: down: n
146406: up: a
146437: up: n
146515: down: <space>
146655: up: <space>
146843: down: d
146999: up: d
146999: down: i
147061: up: i
147201: down: s
147342: up: s
147482: down: t
147638: up: t
147638: down: u
147732: up: u
147841: down: r
147981: up: r
148278: down: b
148434: up: b
148434: down: e
148527: up: e
148652: down: d
148793: up: d
148886: down: <space>
149027: up: <space>
149276: down: <shift_left>
149385: down: i
149495: up: i
149604: down: t
149713: up: <shift_left>
149713: up: t
149729: down: <space>
149838: up: <space>
150509: down: g
150649: up: g
150665: down: u
150852: up: u
150852: down: y
150961: up: y
150961: down: <space>
151101: up: <space>
151382: down: w
151523: up: w
151538: down: h
151632: up: h
151647: down: o
151819: up: o
151819: down: <space>
151928: up: <space>
152225: down: n
152334: up: n
152505: down: e
152583: up: e
152677: down: e
152739: up: e
152849: down: d
152989: up: d
152989: down: s
153051: down: <space>
153129: up: s
153207: up: <space>
153504: down: h
153597: up: h
153691: down: e
153831: up: e
153863: down: l
154050: up: l
154050: down: p
154112: up: p
155282: down: <space>
155376: up: <space>
155672: down: o
155813: up: o
155875: down: r
156015: up: r
156047: down: <space>
156187: up: <space>
157107: down: a
157248: down: n
157295: up: a
157326: up: n
157419: down: <space>
157560: up: <space>
157622: down: e
157763: up: e
157997: down: x
158153: up: x
158418: down: e
158527: up: e
158667: down: c
158855: up: c
158870: down: u
158964: up: u
159120: down: t
159229: up: t
159229: down: i
159338: up: i
159510: down: v
159619: up: v
159666: down: e
159806: up: e
159806: down: <space>
159947: up: <space>
160259: down: w
160368: down: h
160399: up: w
160508: down: o
160539: up: h
160680: up: o
160742: down: <space>
160851: up: <space>
160976: down: i
161085: up: i
161085: down: s
161195: down: <space>
161226: up: s
161304: up: <space>
161787: down: i
161928: down: n
161975: up: i
162037: up: n
162240: down: <space>
162349: up: <space>
162380: down: a
162552: up: a
162552: down: <space>
162661: up: <space>
163191: down: j
163301: up: j
163379: down: a
163488: down: m
163519: up: a
163566: up: m
163691: down: <space>
163769: up: <space>
163862: down: o
164003: up: o
164034: down: n
164143: up: n
164970: down: <space>
165110: up: <space>
165282: down: t
165360: up: t
165453: down: h
165485: down: e
165563: down: <space>
165594: up: h
165625: up: e
165672: up: <space>
166046: down: r
166202: up: r
166202: down: o
166311: up: o
166311: down: a
166467: up: a
166530: down: d
166670: up: d
166701: down: <space>
166842: up: <space>
166998: down: a
167169: up: a
167216: down: n
167357: up: n
167684: down: d
167793: down: <space>
167825: up: d
167934: up: <space>
168215: down: n
168308: up: n
168542: down: e
168620: up: e
168698: down: e
168807: up: e
168901: down: d
168995: down: s
169041: up: d
169182: up: s
170024: down: <space>
170165: up: <space>
170617: down: q
170835: up: q
170835: down: u
171023: up: u
171023: down: i
171116: up: i
171132: down: a
171335: up: a
171881: down: <backspace>
172037: up: <backspace>
172115: down: c
172286: up: c
172551: down: k
172692: up: k
173456: down: <space>
173597: up: <space>
173721: down: h
173831: up: h
173877: down: e
174065: up: e
174065: down: l
174205: up: l
174205: down: p
174345: up: p
174345: down: <space>
174455: up: <space>
174501: down: f
174611: down: r
174657: up: f
174720: down: o
174798: up: r
174860: down: m
174907: up: o
174938: up: m
175032: down: <space>
175172: up: <space>
177185: down: <shift_left>
177543: down: i
177653: up: i
177840: down: t
177933: up: t
178011: up: <shift_left>
178245: down: <space>
178386: up: <space>
178916: down: d
179088: up: d
179166: down: e
179337: up: e
179415: down: p
179525: up: p
179649: down: a
179821: up: a
179852: down: r
179930: up: r
180024: down: t
180117: up: t
180211: down: a
180351: up: a
180367: down: m
180507: up: m
180539: down: e
180648: down: n
180679: up: e
180757: up: n
180819: down: t
180960: up: t
180975: down: <space>
181100: up: <space>
181163: down: t
181272: up: t
181553: down: o
181693: up: o
181709: down: <space>
181787: up: <space>
181896: down: g
182036: up: g
182036: down: a
182145: down: i
182208: up: a
182255: down: n
182317: up: i
182395: up: n
184002: down: <space>
184142: up: <space>
184205: down: a
184361: up: a
184501: down: c
184563: up: c
184641: down: c
184782: up: c
184797: down: e
184907: up: e
185078: down: s
185156: up: s
185250: down: s
185359: up: s
185453: down: <space>
185609: up: <space>
185609: down: t
185749: up: t
185749: down: o
185858: up: o
186389: down: <space>
186529: up: <space>
186810: down: t
186888: up: t
186966: down: h
187044: down: e
187122: up: h
187153: down: <space>
187184: up: e
187293: up: <space>
187371: down: c
187449: down: o
187559: up: c
187590: down: m
187637: up: o
187699: up: m
188292: down: p
188385: up: p
188432: down: a
188541: down: m
188619: up: m
188651: up: a
188744: down: n
188853: up: n
188916: down: y
189025: up: y
190554: down: <backspace>
190616: up: <backspace>
190710: down: <backspace>
190772: up: <backspace>
190850: down: <backspace>
190928: up: <backspace>
190975: down: <backspace>
191053: up: <backspace>
191115: down: <backspace>
191178: up: <backspace>
192551: down: n
192660: up: n
192753: down: y
192863: up: y
193814: down: <backspace>
193908: up: <backspace>
194033: down: <backspace>
194095: up: <backspace>
194157: down: <backspace>
194267: up: <backspace>
194828: down: p
194969: up: p
194969: down: a
195156: up: a
195156: down: n
195218: up: n
195343: down: y
195483: up: y
195483: down: <space>
195593: up: <space>
195671: down: n
195811: up: n
195827: down: e
195967: up: e
196029: down: t
196139: up: t
196607: down: w
196747: down: o
196778: up: w
196841: up: o
196997: down: r
197153: up: r
197153: down: k
197215: up: k
198759: down: .
198900: up: .
199025: down: <space>
199134: up: <space>
199274: down: <shift_left>
199383: down: y
199493: up: <shift_left>
199493: up: y
199493: down: o
199633: down: u
199664: up: o
199742: up: u
199742: down: <space>
199805: up: <space>
199883: down: w
200023: up: w
200039: down: o
200132: up: o
200179: down: u
200335: up: u
200335: down: l
200444: down: d
200475: up: l
200522: down: <space>
200585: up: d
200616: up: <space>
200741: down: b
200850: up: b
200850: down: e
200959: up: e
200959: down: <space>
201068: up: <space>
201692: down: s
201833: up: s
201895: down: u
202004: up: u
202176: down: r
202285: up: r
202753: down: p
202893: up: p
202940: down: r
203081: up: r
203299: down: i
203408: up: i
203595: down: s
203705: up: s
203783: down: e
203892: up: e
203985: down: d
204126: up: d
204141: down: <space>
204297: up: <space>
204750: down: h
204890: down: o
204937: up: h
204968: down: w
205031: up: o
205109: up: w
205140: down: <space>
205280: up: <space>
205311: down: e
205421: up: e
205514: down: a
205717: up: a
205733: down: s
205904: up: s
205967: down: y
206060: up: y
206123: down: <space>
206263: up: <space>
208026: down: i
208135: up: i
208260: down: t
208400: down: <space>
208431: up: t
208541: up: <space>
208697: down: i
208837: up: i
208837: down: s
209009: up: s
209617: down: <space>
209711: up: <space>
209945: down: t
210054: up: t
210085: down: o
210272: up: o
210272: down: <space>
210303: up: <space>
210319: down: <space>
210491: up: <space>
211177: down: d
211317: up: d
211317: down: o
211427: up: o
211739: down: <space>
211879: up: <space>
212051: down: t
212160: up: t
212253: down: h
212316: down: a
212363: up: h
212425: up: a
212456: down: t
212597: up: t
212597: down: <space>
212706: up: <space>
213299: down: k
213408: up: k
213517: down: n
213689: up: n
213704: down: o
213767: down: w
213798: up: o
213907: up: w
214219: down: i
214359: down: n
214406: up: i
214515: up: n
214515: down: g
214609: up: g
217277: down: <backspace>
217370: up: <backspace>
217448: down: <backspace>
217526: up: <backspace>
217620: down: <backspace>
217651: up: <backspace>
217729: down: <backspace>
217791: up: <backspace>
217869: down: <backspace>
217932: up: <backspace>
217994: down: <backspace>
218041: up: <backspace>
218119: down: <backspace>
218275: up: <backspace>
218993: down: w
219133: up: w
219133: down: h
219242: up: h
219242: down: e
219305: down: n
219383: up: e
219414: up: n
219492: down: <space>
219601: up: <space>
219804: down: o
219944: up: o
219944: down: n
220022: down: e
220053: up: n
220116: up: e
220131: down: <space>
220241: up: <space>
220381: down: k
220490: up: k
220584: down: n
220724: down: o
220755: up: n
220896: up: o
221208: down: w
221317: up: w
221395: down: s
221535: up: s
222066: down: <space>
222175: up: <space>
222378: down: h
222518: up: h
222534: down: o
222549: down: w
222659: down: <space>
222690: up: o
222705: up: w
222799: up: <space>
223002: down: t
223111: up: t
223189: down: o
223345: up: o
223345: down: <space>
223439: up: <space>
223563: down: t
223673: up: t
223766: down: a
223875: down: l
223938: up: a
224016: down: k
224094: up: l
224125: up: k
224187: down: <space>
224328: up: <space>
224375: down: t
224484: up: t
224484: down: o
224593: down: <space>
224624: up: o
224702: up: <space>
225373: down: p
225482: up: p
225498: down: e
225607: down: o
225638: up: e
225716: up: o
225810: down: p
225950: down: l
225981: up: p
226059: up: l
226059: down: e
226169: up: e
228165: down: .
228275: up: .

