# Keylogger Version 0.1; Format: (timestamp, downstroke/upstroke, key)
0: down: <shift_left>
359: down: t
468: up: t
499: up: <shift_left>
1638: down: h
1809: up: h
1809: down: e
1950: up: e
2199: down: <space>
2371: up: <space>
2636: down: r
2730: up: r
2855: down: e
2964: up: e
3151: down: c
3260: down: e
3291: up: c
3432: down: n
3479: up: e
3541: up: n
3588: down: t
3697: up: t
3728: down: <space>
3869: up: <space>
4352: down: d
4524: up: d
5070: down: i
5210: up: i
5335: down: s
5429: up: s
5678: down: c
5819: up: c
6084: down: o
6177: up: o
6427: down: v
6567: up: v
6599: down: e
6739: up: e
6864: down: r
7004: up: r
7051: down: y
7207: up: y
7207: down: <space>
7348: up: <space>
8362: down: o
8502: up: o
8564: down: f
8720: up: f
8720: down: <space>
8783: up: <space>
9017: down: i
9157: up: i
9266: down: c
9376: down: e
9407: up: c
9516: down: <space>
9547: up: e
9656: up: <space>
10031: down: p
10171: up: p
10202: down: a
10390: up: a
10514: down: r
10655: up: r
10795: down: t
10936: up: t
11045: down: i
11138: up: i
11310: down: c
11450: up: c
11450: down: l
11560: up: l
12059: down: e
12152: up: e
12324: down: s
12464: up: s
12558: down: <space>
12745: up: <space>
12948: down: o
13120: down: n
13166: up: o
13276: up: n
14929: down: <space>
15101: up: <space>
15740: down: <shift_left>
15896: down: m
15959: up: <shift_left>
15990: up: m
16052: down: a
16224: up: a
16411: down: r
16567: up: r
16739: down: s
16910: up: s
18190: down: <space>
18346: up: <space>
19563: down: h
19703: up: h
19734: down: a
19875: down: s
19953: up: a
19953: down: <space>
20062: up: s
20140: up: <space>
20218: down: r
20327: up: r
20452: down: e
20592: up: e
20764: down: v
20951: up: v
20967: down: o
21076: up: o
21185: down: l
21325: up: l
21544: down: u
21700: up: u
21825: down: t
21981: up: t
21981: down: i
22043: up: i
22137: down: o
22277: down: n
22308: up: o
22371: up: n
23135: down: e
23244: up: e
23603: down: z
23775: up: z
23775: down: <space>
23915: up: <space>
24118: down: t
24227: up: t
24352: down: h
24461: down: e
24492: up: h
24601: up: e
24757: down: <space>
24898: up: <space>
29812: down: <backspace>
29921: up: <backspace>
30030: down: <backspace>
30140: up: <backspace>
30155: down: <backspace>
30264: up: <backspace>
30374: down: <backspace>
30436: up: <backspace>
30530: down: <backspace>
30592: up: <backspace>
30686: down: <backspace>
30764: up: <backspace>
31544: down: <backspace>
31684: up: <backspace>
35319: down: i
35475: up: i
35912: down: z
36052: up: z
36255: down: e
36364: up: e
36473: down: d
36614: up: d
37862: down: <space>
38064: up: <space>
38611: down: h
38751: up: h
39547: down: <backspace>
39687: up: <backspace>
40280: down: t
40373: up: t
40514: down: h
40654: up: h
40748: down: e
40888: up: e
40904: down: <space>
41075: up: <space>
54055: down: e
54226: up: e
54258: down: n
54367: up: n
54585: down: t
54726: up: t
54819: down: i
54960: up: i
55053: down: r
55194: up: r
55194: down: e
55412: up: e
57268: down: <space>
57409: up: <space>
57752: down: s
57892: up: s
57892: down: p
58033: up: p
58033: down: a
58173: up: a
58298: down: c
58470: up: c
58470: down: e
58626: up: e
58626: down: <space>
58719: up: <space>
58828: down: r
58938: up: r
59063: down: e
59125: up: e
59297: down: s
59437: up: s
59531: down: e
59640: up: e
59718: down: a
59858: up: a
59936: down: r
60045: up: r
60170: down: c
60279: down: h
60311: up: c
60389: up: h
60498: down: e
60638: up: e
61059: down: r
61169: up: r
61262: down: s
61403: down: <space>
61434: up: s
61543: up: <space>
61699: down: c
61886: up: c
61886: down: o
61995: up: o
62167: down: m
62245: up: m
62323: down: m
62401: up: m
62651: down: u
62791: up: u
62963: down: n
63103: down: i
63150: up: n
63243: up: i
63337: down: t
63446: down: y
63524: up: t
63555: up: y
67065: down: .
67237: up: .
67315: down: <space>
67502: up: <space>
67674: down: <shift_left>
67783: down: t
67861: up: t
67923: up: <shift_left>
67986: down: h
68095: up: h
68142: down: e
68282: up: e
68766: down: o
68875: up: o
68984: down: l
69093: up: l
69093: down: d
69203: up: d
69203: down: <space>
69343: up: <space>
69593: down: i
69702: up: i
69718: down: s
69827: down: <space>
69858: up: s
69967: up: <space>
70123: down: n
70264: up: n
70295: down: e
70451: down: w
70482: up: e
70622: up: w
71044: down: <space>
71184: up: <space>
71340: down: a
71449: up: a
71465: down: g
71605: up: g
71621: down: a
71714: up: a
71746: down: i
71964: down: n
72042: up: i
72073: up: n
72635: down: <space>
72791: up: <space>
72853: down: a
73025: up: a
73025: down: n
73134: up: n
73150: down: d
73290: up: d
73290: down: <space>
73430: up: <space>
73696: down: t
73805: up: t
73914: down: h
74023: up: h
74070: down: e
74210: up: e
74335: down: <space>
74476: up: <space>
75427: down: c
75568: down: o
75599: up: c
75630: up: o
75770: down: l
75911: up: l
76082: down: d
76223: up: d
76223: down: <space>
76363: up: <space>
76410: down: w
76566: up: w
76722: down: a
76894: up: a
76894: down: r
77003: up: r
77050: down: <space>
77190: up: <space>
77408: down: e
77580: up: e
77642: down: r
77798: up: r
77861: down: a
78048: up: a
78048: down: <space>
78204: up: <space>
78469: down: s
78610: up: s
78625: down: p
78734: up: p
78734: down: a
78875: up: a
78984: down: c
79171: down: e
79202: up: c
79265: down: <space>
79312: up: e
79421: up: <space>
79483: down: r
79624: up: r
79780: down: a
79920: up: a
80076: down: c
80217: up: c
80232: down: e
80404: up: e
80435: down: <space>
80575: up: <space>
80763: down: i
80872: up: i
80887: down: s
81028: down: <space>
81075: up: s
81137: up: <space>
81277: down: o
81371: down: n
81449: up: o
81480: up: n
81589: down: <space>
81699: up: <space>
81777: down: a
81886: up: a
81901: down: g
82042: up: g
82042: down: a
82120: down: i
82182: up: a
82260: down: n
82291: up: i
82369: up: n
83368: down: ,
83477: up: ,
83602: down: <space>
83742: up: <space>
83789: down: t
83929: up: t
83961: down: h
84101: down: i
84132: up: h
84241: down: s
84273: up: i
84413: up: s
84647: down: <space>
84787: up: <space>
85053: down: t
85162: up: t
85271: down: i
85427: down: m
85458: up: i
85536: up: m
85723: down: e
85755: down: w
85833: up: w
85864: up: e
87049: down: <backspace>
87237: up: <backspace>
88235: down: <space>
88375: up: <space>
88438: down: w
88547: up: w
88656: down: e
88765: down: <space>
88797: up: e
88906: up: <space>
88968: down: a
89155: up: a
89218: down: r
89327: up: r
89436: down: e
89545: down: <space>
89592: up: e
89686: up: <space>
89920: down: c
90091: up: c
90091: down: o
90232: up: o
90232: down: m
90372: up: m
90700: down: t
90840: up: t
91792: down: <backspace>
91948: up: <backspace>
92572: down: p
92712: up: p
92759: down: e
92900: up: e
93071: down: t
93180: up: t
93258: down: e
93430: up: e
93570: down: n
93711: up: n
94335: down: <backspace>
94522: up: <backspace>
95006: down: <backspace>
95177: up: <backspace>
96051: down: i
96160: down: n
96238: up: i
96269: down: g
96300: up: n
96410: up: g
96425: down: <space>
96566: up: <space>
96784: down: f
96940: up: f
96940: down: o
97002: up: o
97049: down: r
97221: up: r
97236: down: <space>
97377: up: <space>
97580: down: t
97673: up: t
97782: down: h
97892: up: h
97892: down: e
97985: up: e
98079: down: r
98188: up: r
98297: down: e
98406: up: e
98531: down: d
98672: up: d
98718: down: <space>
98874: up: <space>
98999: down: p
99186: down: l
99218: up: p
99296: up: l
99296: down: a
99467: up: a
99545: down: n
99686: up: n
99686: down: e
99842: up: e
99982: down: t
100122: up: t
131760: down: .
131900: up: .
132852: down: <space>
133008: up: <space>
133570: down: <shift_left>
133726: down: t
133835: up: t
133897: up: <shift_left>
133975: down: h
134147: up: h
134209: down: e
134318: down: <space>
134350: up: e
134459: up: <space>
139576: down: n
139716: up: n
139732: down: e
139825: down: w
139872: up: e
139903: down: <space>
140044: up: w
140044: up: <space>
140231: down: p
140371: down: l
140402: up: p
140480: up: l
140496: down: a
140714: up: a
140761: down: y
140902: up: y
140948: down: e
141089: up: e
141214: down: r
141354: up: r
141401: down: s
141572: up: s
144271: down: <space>
144459: up: <space>
144693: down: i
144833: down: n
144911: up: i
144942: up: n
145036: down: <space>
145176: up: <space>
145379: down: t
145441: up: t
145551: down: h
145613: down: e
145660: up: h
145691: down: <space>
145722: up: e
145800: up: <space>
146502: down: s
146643: down: a
146674: up: s
146783: down: n
146845: up: a
146892: up: n
147001: down: d
147173: up: d
147828: down: b
147969: up: b
148031: down: b
148062: up: b
148062: down: o
148234: up: o
148281: down: x
148390: up: x
148390: down: <space>
148577: up: <space>
149217: down: a
149404: up: a
149529: down: r
149638: up: r
149747: down: e
149887: up: e
149903: down: <space>
149997: up: <space>
150215: down: c
150355: up: c
150371: down: h
150511: up: h
150511: down: i
150683: down: n
150714: up: i
150823: up: n
150886: down: a
151073: up: a
151276: down: <backspace>
151416: up: <backspace>
151494: down: <backspace>
151603: up: <backspace>
151619: down: <backspace>
151759: up: <backspace>
151791: down: <backspace>
151853: up: <backspace>
152134: down: <backspace>
152274: up: <backspace>
152415: down: <backspace>
152555: up: <backspace>
153476: down: <shift_left>
153944: down: c
153975: up: <shift_left>
154115: up: c
154224: down: h
154365: up: h
154380: down: i
154552: up: i
154552: down: n
154630: up: n
154630: down: a
154770: up: a
154770: down: <space>
154911: up: <space>
155160: down: a
155238: down: n
155316: up: a
155348: up: n
155379: down: d
155519: up: d
155535: down: <space>
155675: up: <space>
155784: down: <shift_left>
155925: down: i
156034: up: <shift_left>
156034: up: i
156128: down: n
156268: up: n
156362: down: d
156471: down: i
156502: up: d
156580: up: i
156627: down: a
156845: up: a
158234: down: <arrow_down>
160308: up: <arrow_down>
161603: down: <arrow_left>
161712: up: <arrow_left>
161822: down: <arrow_left>
161931: up: <arrow_left>
161993: down: <arrow_left>
162071: up: <arrow_left>
162165: down: <arrow_left>
162227: up: <arrow_left>
162305: down: <arrow_left>
162368: up: <arrow_left>
162446: down: <arrow_left>
162524: up: <arrow_left>
162617: down: <arrow_left>
162680: up: <arrow_left>
162758: down: <arrow_left>
162820: up: <arrow_left>
162898: down: <arrow_left>
162960: up: <arrow_left>
163070: down: <arrow_left>
163132: up: <arrow_left>
163351: down: <arrow_left>
163429: up: <arrow_left>
163522: down: <arrow_left>
163585: up: <arrow_left>
163678: down: <arrow_left>
163756: up: <arrow_left>
163834: down: <arrow_left>
163912: up: <arrow_left>
163943: down: <arrow_left>
164053: up: <arrow_left>
164146: down: <arrow_left>
164255: up: <arrow_left>
164333: down: <arrow_left>
164411: up: <arrow_left>
164505: down: <arrow_left>
164583: up: <arrow_left>
164677: down: <arrow_left>
164755: up: <arrow_left>
164864: down: <arrow_left>
164926: up: <arrow_left>
165035: down: <arrow_left>
165067: up: <arrow_left>
165191: down: <arrow_left>
165285: up: <arrow_left>
165597: down: <space>
165815: up: <space>
168155: down: <num_lock>
168265: up: <num_lock>
169513: down: <num_lock>
169762: up: <num_lock>
170792: down: <backspace>
170932: up: <backspace>
171119: down: <backspace>
171197: up: <backspace>
174021: down: <end>
174193: up: <end>
178077: down: ,
178218: up: ,
178358: down: <space>
178530: up: <space>
178764: down: w
178951: up: w
178966: down: i
179107: up: i
179278: down: t
179388: up: t
179544: down: h
179715: up: h
179731: down: <space>
179824: up: <space>
180324: down: i
180433: up: i
180636: down: t
180776: up: t
180823: down: s
180870: down: <space>
181010: up: s
181010: up: <space>
181447: down: v
181603: up: v
181634: down: a
181852: up: a
181852: down: s
181993: down: t
182024: up: s
182133: up: t
182133: down: <space>
182274: up: <space>
182929: down: e
183069: up: e
183147: down: n
183256: up: n
183288: down: e
183444: up: e
183678: down: r
183787: up: r
183943: down: g
184083: up: g
184146: down: y
184286: up: y
184286: down: <space>
184395: up: <space>
184645: down: r
184754: up: r
184863: down: e
184973: up: e
185129: down: s
185238: down: o
185316: up: s
185347: up: o
185909: down: u
186049: up: u
186283: down: r
186392: up: r
186564: down: c
186704: up: c
186704: down: e
186845: up: e
187001: down: s
187188: up: s
187562: down: <space>
187718: up: <space>
188139: down: <shift_left>
189387: down: r
189497: up: r
189746: up: <shift_left>
190339: down: u
190433: up: u
190651: down: s
190760: up: s
190823: down: s
190979: up: s
191010: down: i
191150: up: i
191150: down: a
191291: down: <space>
191322: up: a
191400: up: <space>
191556: down: i
191665: up: i
191681: down: s
191821: up: s
191821: down: <space>
191930: up: <space>
192008: down: a
192117: up: a
192180: down: g
192258: down: a
192336: up: g
192367: up: a
192429: down: i
192601: down: n
192632: up: i
192679: up: n
192804: down: <space>
192944: up: <space>
193225: down: r
193319: up: r
193958: down: i
194099: up: i
194255: down: s
194348: down: i
194395: up: s
194536: down: n
194567: up: i
194614: up: n
194629: down: g
194785: up: g
194801: down: <space>
194988: up: <space>
203209: down: t
203365: up: t
203365: down: o
203506: down: <space>
203537: up: o
203646: up: <space>
203911: down: t
204005: up: t
204114: down: h
204223: down: e
204254: up: h
204301: down: <space>
204364: up: e
204442: up: <space>
205284: down: s
205425: down: u
205456: up: s
205534: up: u
205659: down: p
205799: up: p
205861: down: e
206002: up: e
206111: down: r
206267: up: r
206423: down: p
206610: down: o
206673: up: p
206751: up: o
207016: down: w
207125: up: w
207234: down: e
207375: up: e
207499: down: r
207640: up: r
208045: down: <space>
208186: up: <space>
208638: down: t
208747: up: t
208857: down: i
208966: up: i
209075: down: t
209215: up: t
209262: down: l
209403: up: l
209512: down: e
209621: up: e
209668: down: <space>
209808: up: <space>
209917: down: a
210105: up: a
210105: down: n
210214: up: n
210229: down: d
210417: up: d
210417: down: <space>
210557: up: <space>
210775: down: i
210916: up: i
211119: down: t
211259: up: t
211587: down: s
211727: down: <space>
211774: up: s
211867: up: <space>
212179: down: f
212320: up: f
212320: down: l
212507: up: l
212569: down: e
212679: up: e
213053: down: x
213193: down: i
213225: up: x
213365: down: n
213412: up: i
213552: up: n
213661: down: g
213724: up: g
213942: down: <space>
214129: up: <space>
214395: down: i
214535: up: i
214753: down: t
214894: up: t
214941: down: s
215081: up: s
215081: down: <space>
215222: up: <space>
216282: down: m
216392: up: m
216579: down: u
216688: up: u
216766: down: s
216922: up: s
217078: down: c
217265: up: c
217265: down: u
217406: up: u
217468: down: l
217608: up: l
217655: down: e
217764: up: e
217905: down: s
218045: down: <space>
218092: up: s
218201: up: <space>
218295: down: i
218435: down: n
218482: up: i
218544: up: n
218638: down: <space>
218825: up: <space>
218825: down: e
218934: up: e
219028: down: a
219215: down: s
219246: up: a
219356: up: s
219465: down: t
219574: up: t
219574: down: e
219714: up: e
219808: down: r
219964: up: r
219980: down: n
220089: up: n
220198: down: <space>
220354: up: <space>
220526: down: <shift_left>
220775: up: <shift_left>
220775: down: e
220931: up: e
221118: down: u
221212: up: u
221384: down: r
221493: up: r
221618: down: o
221680: up: o
221820: down: p
221930: up: p
222008: down: e
222148: up: e
226095: down: <space>
226282: up: <space>
226516: down: b
226657: down: y
226703: up: b
226766: up: y
226875: down: <space>
227015: up: <space>
227827: down: c
227967: down: o
228029: up: c
228076: down: n
228139: up: o
228217: up: n
228263: down: t
228373: up: t
228482: down: r
228622: up: r
228700: down: o
228809: up: o
228887: down: l
228997: up: l
229121: down: i
229231: up: i
229433: down: n
229543: up: n
229699: down: g
229839: up: g
229886: down: <space>
230026: up: <space>
231680: down: e
231789: up: e
231789: down: n
231898: up: n
231914: down: e
232054: up: e
232335: down: r
232507: up: r
232678: down: g
232819: up: g
232897: down: y
233037: up: y
233053: down: <space>
233193: up: <space>
233365: down: r
233458: up: r
233599: down: e
233708: up: e
233864: down: s
234004: down: o
234051: up: s
234223: up: o
234223: down: u
234332: up: u
234441: down: r
234535: up: r
234722: down: c
234909: up: c
234909: down: e
235018: up: e
235174: down: s
235315: up: s
235751: down: <space>
235923: up: <space>
236001: down: a
236220: up: a
236251: down: n
236360: up: n
236422: down: d
236578: down: <space>
236610: up: d
236750: up: <space>
237546: down: u
237702: up: u
237733: down: s
237889: down: i
237920: up: s
238060: down: n
238092: up: i
238170: up: n
238170: down: g
238279: up: g
238372: down: <space>
238513: up: <space>
238606: down: i
238716: up: i
238716: down: t
238825: up: t
238887: down: <space>
239043: up: <space>
239168: down: a
239386: down: s
239418: up: a
239527: up: s
239527: down: <space>
239667: up: <space>
239730: down: a
239839: down: <space>
239870: up: a
239948: up: <space>
240135: down: p
240307: down: o
240354: up: p
240416: up: o
240478: down: l
240588: up: l
240712: down: i
240806: up: i
240978: down: t
241087: up: t
241087: down: i
241196: up: i
241336: down: c
241508: up: c
241508: down: a
241617: down: l
241726: up: a
241804: up: l
241804: down: <space>
241945: up: <space>
242070: down: t
242210: up: t
242288: down: o
242366: up: o
242460: down: o
242569: up: o
242662: down: l
242756: up: l
243739: down: .
243848: up: .
244020: down: <space>
244160: up: <space>
244363: down: <shift_left>
244503: down: t
244612: up: t
244644: up: <shift_left>
244753: down: h
244893: up: h
244909: down: <space>
244940: down: e
245018: up: e
245049: up: <space>
245377: down: <shift_left>
245564: down: c
245673: up: <shift_left>
245704: up: c
245782: down: h
245860: up: h
246110: down: i
246188: up: i
246422: down: n
246563: up: n
246656: down: e
246812: up: e
246968: down: s
247077: up: s
247187: down: e
247327: up: e
247389: down: <space>
247561: up: <space>
249277: down: a
249417: up: a
249542: down: r
249651: up: r
249745: down: e
249854: up: e
249870: down: <space>
250057: up: <space>
250151: down: a
250338: up: a
250338: down: l
250447: up: l
250447: down: s
250587: down: o
250619: up: s
250697: up: o
250697: down: <space>
250837: up: <space>
251009: down: g
251149: up: g
251149: down: e
251258: up: e
251445: down: t
251555: up: t
251648: down: t
251757: up: t
251789: down: i
251929: down: n
251960: up: i
251991: down: g
252069: up: n
252147: up: g
255221: down: <space>
255408: up: <space>
255673: down: i
255813: down: n
255845: up: i
255954: up: n
256313: down: v
256453: up: v
256469: down: o
256578: up: o
256672: down: l
256812: up: l
257015: down: v
257155: up: v
257155: down: e
257264: up: e
257374: down: d
257483: down: <space>
257545: up: d
257623: up: <space>
257779: down: i
257873: down: n
257920: up: i
257951: up: n
258060: down: <space>
258232: up: <space>
258263: down: s
258403: down: p
258450: up: s
258544: up: p
258559: down: e
258700: up: e
258856: down: c
258996: up: c
258996: down: e
259136: up: e
259214: down: <space>
259370: up: <space>
259511: down: r
259620: up: r
259714: down: e
259823: up: e
259932: down: s
260041: up: s
260135: down: e
260244: up: e
260260: down: a
260447: up: a
260494: down: r
260572: up: r
260759: down: c
260899: up: c
260899: down: h
261008: up: h
261055: down: <space>
261211: up: <space>
261352: down: a
261461: down: n
261539: up: a
261570: up: n
261664: down: d
261820: up: d
261820: down: <space>
261960: up: <space>
262459: down: h
262568: up: h
262646: down: a
262818: up: a
263988: down: v
264128: up: v
264550: down: a
264721: up: a
265298: down: <backspace>
265470: up: <backspace>
265548: down: e
265657: up: e
265688: down: <space>
265860: up: <space>
266312: down: h
266453: up: h
266500: down: a
266718: up: a
266796: down: d
266968: up: d
267171: down: <space>
267358: up: <space>
268153: down: a
268325: up: a
268341: down: <space>
268434: up: <space>
268559: down: s
268715: up: s
268715: down: u
268871: up: u
268949: down: c
269027: up: c
269121: down: c
269230: up: c
269308: down: e
269448: up: e
269651: down: s
269729: up: s
269823: down: s
269932: up: s
270072: down: f
270181: up: f
270213: down: u
270384: up: u
270400: down: l
270540: up: l
271414: down: <space>
271585: up: <space>
273036: down: l
273192: down: a
273223: up: l
273364: down: u
273395: up: a
273473: up: u
273598: down: n
273707: up: n
273738: down: c
273879: down: h
273925: up: c
273988: down: <space>
274035: up: h
274144: up: <space>
274269: down: o
274378: up: o
274799: down: f
274939: up: f
274939: down: <space>
275080: up: <space>
275267: down: i
275407: up: i
275423: down: t
275517: up: t
276265: down: s
276437: up: s
276453: down: <space>
276593: up: <space>
276858: down: o
276999: up: o
277045: down: w
277201: up: w
277201: down: n
277264: up: n
277373: down: <space>
277436: up: <space>
277560: down: m
277670: up: m
277670: down: a
277857: up: a
278184: down: d
278294: up: d
278403: down: e
278559: up: e
281008: down: <space>
281117: up: <space>
281648: down: c
281819: down: r
281866: up: c
281928: up: r
282100: down: a
282240: down: f
282318: up: a
282428: down: t
282459: up: f
282568: up: t
283395: down: <backspace>
283488: up: <backspace>
283520: down: <backspace>
283660: up: <backspace>
283676: down: <backspace>
283785: up: <backspace>
283863: down: <backspace>
283941: up: <backspace>
284003: down: <backspace>
284112: up: <backspace>
284830: down: m
284970: up: m
284986: down: a
285126: down: n
285173: up: a
285204: up: n
285282: down: n
285423: up: n
285438: down: e
285548: up: e
285657: down: d
285766: down: <space>
285797: up: d
285906: up: <space>
286203: down: c
286390: up: c
286390: down: r
286452: up: r
286515: down: a
286702: down: f
286733: up: a
286842: down: t
286920: up: f
286952: up: t
288699: down: .
288808: up: .
292646: down: <space>
292724: up: <space>
293129: down: <shift_left>
293317: down: t
293379: up: t
293426: up: <shift_left>
293504: down: h
293597: up: h
293629: down: e
293769: up: e
293769: down: <space>
293941: up: <space>
294440: down: n
294611: up: n
294611: down: e
294721: up: e
294877: down: x
295017: down: t
295064: up: x
295173: up: t
295407: down: <space>
295547: up: <space>
295594: down: s
295735: up: s
297466: down: t
297575: up: t
297575: down: o
297763: down: p
297794: up: o
297934: up: p
298309: down: <space>
298449: up: <space>
298605: down: f
298746: up: f
298761: down: o
298902: up: o
298902: down: <space>
298995: up: <space>
299182: down: <shift_left>
299479: down: c
299541: up: <shift_left>
299588: up: c
299682: down: h
299775: up: h
300025: down: i
300134: up: i
300352: down: n
300462: up: n
300508: down: a
300649: down: <space>
300680: up: a
300789: up: <space>
301054: down: i
301164: up: i
301164: down: s
301273: down: <space>
301304: up: s
301413: up: <space>
301600: down: t
301663: up: t
301788: down: h
301850: down: e
301897: up: h
301928: down: <space>
301959: up: e
302068: up: <space>
302349: down: m
302458: up: m
302661: down: o
302724: up: o
302802: down: o
302911: up: o
303036: down: n
303145: up: n
304642: down: <space>
304783: up: <space>
304783: down: a
304970: up: a
304970: down: n
305032: up: n
305064: down: d
305204: up: d
305204: down: <space>
305344: up: <space>
305547: down: p
305656: up: p
305656: down: e
305797: up: e
305937: down: r
306109: up: r
306140: down: h
306280: up: h
306327: down: a
306514: up: a
306514: down: p
306655: up: p
306670: down: s
306858: up: s
309791: down: <space>
309962: up: <space>
309993: down: e
310103: up: e
310243: down: v
310383: down: e
310430: up: v
310493: down: n
310602: up: e
310602: up: n
310727: down: <space>
310867: up: <space>
311195: down: <shift_left>
311335: down: m
311413: up: <shift_left>
311444: up: m
311444: down: a
311585: up: a
311787: down: r
311897: up: r
312099: down: s
312240: up: s
314252: down: .
314346: up: .

