# Keylogger Version 0.1; Format: (timestamp, downstroke/upstroke, key)
0: down: <shift_left>
250: down: m
313: up: <shift_left>
344: up: m
594: down: y
656: up: y
797: down: <space>
875: up: <space>
1094: down: d
1188: up: d
1266: down: e
1344: up: e
1485: down: a
1610: up: a
1797: down: r
1875: up: r
2016: down: <space>
2094: up: <space>
3078: down: <shift_left>
3406: down: j
3438: up: <shift_left>
3485: up: j
3625: down: o
3688: up: o
4063: down: h
4156: up: h
4281: down: n
4344: up: n
4453: down: <space>
4500: up: <space>
5297: down: <shift_left>
6016: down: d
6141: up: <shift_left>
6141: up: d
6250: down: o
6360: up: o
6453: down: e
6563: up: e
7375: down: ,
7453: up: ,
7922: down: <enter>
7985: up: <enter>
8063: down: <enter>
8125: up: <enter>
8719: down: <shift_left>
9610: down: i
9672: up: <shift_left>
9672: up: i
10078: down: t
10156: up: t
10203: down: <space>
10281: up: <space>
10563: down: i
10641: up: i
10735: down: s
10828: up: s
10844: down: <space>
10922: up: <space>
11078: down: t
11156: up: t
11235: down: h
11297: up: h
11406: down: e
11500: up: e
11500: down: <space>
11578: up: <space>
11828: down: t
11969: up: t
12094: down: i
12156: up: i
12281: down: m
12391: up: m
12453: down: e
12547: up: e
12578: down: <space>
12641: up: <space>
13016: down: o
13125: up: o
13172: down: f
13281: up: f
13313: down: <space>
13406: up: <space>
13469: down: t
13547: up: t
13656: down: h
13719: up: h
13781: down: e
13891: up: e
13906: down: <space>
13985: up: <space>
14141: down: y
14219: up: y
14328: down: e
14453: up: e
14672: down: a
14797: up: a
14953: down: r
15016: up: r
15094: down: <space>
15172: up: <space>
15360: down: w
15500: up: w
15922: down: h
16000: up: h
16156: down: e
16266: up: e
16547: down: n
16610: up: n
16703: down: <space>
16766: up: <space>
16860: down: t
16938: up: t
17047: down: h
17110: up: h
17250: down: e
17328: up: e
17360: down: <space>
17438: up: <space>
17688: down: l
17781: up: l
17813: down: e
17906: up: e
18985: down: a
19094: up: a
19469: down: v
19531: up: v
19625: down: e
19719: up: e
19860: down: s
19938: up: s
20031: down: <space>
20110: up: <space>
20172: down: a
20281: up: a
20391: down: r
20453: up: r
20531: down: e
20641: up: e
20672: down: <space>
20735: up: <space>
20813: down: t
20906: up: t
21063: down: u
21156: up: u
21344: down: r
21469: up: r
21578: down: n
21688: up: n
21860: down: i
21922: up: i
22063: down: n
22125: up: n
22266: down: g
22360: up: g
22422: down: <space>
22469: up: <space>
22797: down: y
22844: up: y
22953: down: e
23047: up: e
23266: down: l
23328: up: l
23406: down: l
23485: up: l
23578: down: o
23625: up: o
23735: down: w
23828: up: w
23891: down: <space>
23953: up: <space>
24094: down: a
24219: up: a
24469: down: g
24516: up: g
24594: down: a
24703: up: a
24813: down: i
24875: up: i
25031: down: n
25094: up: n
25235: down: <space>
25281: up: <space>
25422: down: a
25531: up: a
25766: down: n
25813: up: n
26031: down: d
26125: up: d
26203: down: <space>
26266: up: <space>
26469: down: h
26531: up: h
26610: down: e
26719: up: e
26797: down: r
26875: up: r
26938: down: e
27016: up: e
27078: down: <space>
27141: up: <space>
27328: down: <caps_lock>
27563: up: <caps_lock>
28047: down: <caps_lock>
28203: up: <caps_lock>
28360: down: <shift_left>
28688: up: <shift_left>
29172: down: <backspace>
29281: up: <backspace>
29360: down: <shift_left>
29766: down: i
29797: up: <shift_left>
29828: up: i
29985: down: <space>
30047: up: <space>
31188: down: <backspace>
31281: up: <backspace>
31422: down: a
31547: up: a
32078: down: m
32172: up: m
32235: down: <space>
32391: up: <space>
32547: down: w
32672: up: w
33000: down: r
33141: up: r
33391: down: i
33485: up: i
33735: down: t
33797: up: t
33828: down: t
33922: up: t
34422: down: <backspace>
34547: up: <backspace>
35328: down: i
35422: up: i
35641: down: n
35735: up: n
36000: down: g
36078: up: g
36203: down: <space>
36250: up: <space>
36438: down: y
36547: up: y
36656: down: o
36766: up: o
36938: down: u
37000: up: u
37156: down: <space>
37203: up: <space>
37281: down: t
37375: up: t
37500: down: h
37578: up: h
37719: down: i
37813: up: i
37906: down: s
38000: up: s
38031: down: <space>
38094: up: <space>
38469: down: e
38578: up: e
38688: down: m
38750: up: m
38844: down: a
39000: up: a
39078: down: i
39156: up: i
39266: down: l
39375: up: l
39500: down: <space>
39578: up: <space>
39766: down: t
39906: up: t
40094: down: o
40172: up: o
40297: down: <space>
40375: up: <space>
40781: down: k
40844: up: k
41125: down: e
41188: up: e
41250: down: e
41328: up: e
41516: down: p
41578: up: p
41735: down: <space>
41828: up: <space>
42094: down: y
42188: up: y
42266: down: o
42360: up: o
42500: down: u
42578: up: u
42735: down: <space>
42781: up: <space>
43047: down: p
43156: down: o
43219: up: p
43297: up: o
43328: down: s
43453: up: s
43641: down: t
43735: up: t
43797: down: e
43922: up: e
44031: down: d
44110: up: d
44219: down: <space>
44297: up: <space>
44531: down: w
44547: down: q
44578: up: q
44610: up: w
44797: down: i
44828: down: u
44860: up: u
44891: up: i
45453: down: <backspace>
45563: up: <backspace>
45672: down: <backspace>
45750: up: <backspace>
45938: down: <backspace>
46016: up: <backspace>
46672: down: i
46735: up: i
46875: down: t
47000: up: t
47125: down: h
47235: up: h
47500: down: <space>
47578: up: <space>
49047: down: t
49141: up: t
49266: down: h
49344: up: h
49406: down: e
49500: up: e
49563: down: <space>
49625: up: <space>
49875: down: l
49953: up: l
50016: down: a
50125: up: a
50281: down: t
50344: up: t
50422: down: e
50531: up: e
50641: down: s
50750: up: s
51344: down: t
51438: up: t
51531: down: <space>
51594: up: <space>
52344: down: c
52453: up: c
52547: down: o
52672: up: o
52844: down: u
52938: up: u
53078: down: s
53235: up: s
53578: down: <backspace>
53703: up: <backspace>
53719: down: r
53828: up: r
53985: down: s
54078: up: s
54172: down: e
54235: up: e
54313: down: <space>
54375: up: <space>
55172: down: o
55266: up: o
55516: down: f
55625: up: f
55813: down: <space>
55875: up: <space>
56031: down: e
56141: up: e
56625: down: v
56703: up: v
56766: down: e
56891: up: e
56985: down: n
57063: up: n
57172: down: t
57266: up: t
57594: down: s
57719: up: s
63063: down: .
63125: up: .
63578: down: <space>
63641: up: <space>
64266: down: <shift_left>
64625: down: i
64688: up: <shift_left>
64719: up: i
64860: down: <space>
64969: up: <space>
65297: down: h
65360: up: h
65453: down: a
65578: up: a
65781: down: v
65906: up: v
66172: down: <backspace>
66235: up: <backspace>
66360: down: <backspace>
66438: up: <backspace>
66531: down: <backspace>
66578: up: <backspace>
69110: down: <backspace>
69172: up: <backspace>
69313: down: <backspace>
69406: up: <backspace>
69891: down: <shift_left>
70203: up: <shift_left>
70735: down: <space>
70797: up: <space>
71375: down: c
71406: up: c
71500: down: a
71610: up: a
71735: down: n
71797: up: n
71906: down: <space>
71969: up: <space>
72203: down: t
72250: up: t
72344: down: e
72453: up: e
72656: down: l
72719: up: l
72797: down: l
72860: up: l
72985: down: <space>
73063: up: <space>
73250: down: y
73344: up: y
73453: down: o
73531: up: o
73735: down: u
73797: up: u
73922: down: <space>
74000: up: <space>
74125: down: a
74235: up: a
74313: down: <space>
74391: up: <space>
74625: down: w
74766: up: w
75000: down: h
75078: up: h
75188: down: o
75250: up: o
75375: down: l
75453: up: l
75563: down: e
75656: up: e
75750: down: <space>
75828: up: <space>
75875: down: s
75969: up: s
76078: down: t
76156: up: t
76672: down: o
76735: up: o
76813: down: r
76938: up: r
77203: down: y
77266: up: y
78844: down: <space>
78906: up: <space>
80063: down: a
80188: up: a
80469: down: b
80563: up: b
80672: down: o
80781: up: o
80953: down: u
81031: up: u
81266: down: t
81375: up: t
81485: down: <space>
81531: up: <space>
82235: down: m
82344: up: m
82578: down: y
82656: up: y
82797: down: <space>
82860: up: <space>
83047: down: l
83094: up: l
83219: down: a
83360: up: a
83453: down: t
83516: up: t
83610: down: e
83735: up: e
83969: down: s
84047: up: s
84188: down: t
84266: up: t
84469: down: <space>
84563: up: <space>
85438: down: t
85500: up: t
85625: down: r
85688: up: r
85813: down: i
85875: up: i
86047: down: p
86110: up: p
86266: down: <space>
86328: up: <space>
86438: down: t
86531: up: t
86688: down: o
86766: up: o
86922: down: <space>
87000: up: <space>
87172: down: <shift_left>
87360: up: <shift_left>
87375: down: m
87438: up: m
87500: down: a
87625: up: a
87688: down: i
87781: up: i
87938: down: n
88000: up: n
88110: down: e
88203: up: e
88781: down: <backspace>
88875: up: <backspace>
88953: down: <backspace>
89047: up: <backspace>
89110: down: <backspace>
89188: up: <backspace>
89250: down: <backspace>
89328: up: <backspace>
89360: down: <backspace>
89453: up: <backspace>
89891: down: <shift_left>
90469: up: <shift_left>
90469: down: m
90563: up: m
90672: down: a
90781: down: i
90813: up: a
90891: up: i
91047: down: n
91156: up: n
92703: down: e
92797: up: e
93485: down: <space>
93563: up: <space>
94110: down: w
94235: up: w
94313: down: i
94453: up: i
94625: down: t
94719: up: t
94875: down: h
94938: up: h
95078: down: <space>
95156: up: <space>
95891: down: <shift_left>
96281: down: j
96344: up: <shift_left>
96344: up: j
96469: down: <shift_left>
96485: down: a
96563: up: <shift_left>
96625: up: a
96672: down: n
96750: up: n
96969: down: e
97110: up: e
97391: down: <backspace>
97469: up: <backspace>
97563: down: <backspace>
97641: up: <backspace>
97703: down: <backspace>
97766: up: <backspace>
97828: down: <backspace>
97906: up: <backspace>
98922: down: a
99047: up: a
99750: down: n
99813: up: n
99906: down: e
100031: up: e
100360: down: .
100422: up: .
100547: down: <space>
100641: up: <space>
100922: down: <shift_left>
101063: up: <shift_left>
101610: down: i
101703: up: i
101953: down: t
102110: up: t
102391: down: <space>
102469: up: <space>
103297: down: w
103360: up: w
103656: down: a
103766: up: a
103860: down: s
103938: up: s
104063: down: <space>
104156: up: <space>
104281: down: a
104422: up: a
104610: down: <space>
104688: up: <space>
105156: down: l
105266: up: l
105328: down: o
105406: up: o
105578: down: n
105641: up: n
105891: down: g
105985: up: g
106047: down: <space>
106125: up: <space>
106422: down: d
106578: up: d
106672: down: r
106781: up: r
106906: down: i
107000: up: i
107391: down: v
107453: up: v
107563: down: e
107672: up: e
107766: down: <space>
107844: up: <space>
109641: down: b
109781: up: b
109938: down: u
110000: up: u
110141: down: t
110219: up: t
110344: down: <space>
110406: up: <space>
111000: down: i
111125: up: i
111563: down: <backspace>
111641: up: <backspace>
111766: down: <shift_left>
112250: down: i
112344: up: <shift_left>
112344: up: i
112453: down: n
112531: up: n
112625: down: <space>
112688: up: <space>
112766: down: t
112844: up: t
112922: down: h
112953: up: h
113047: down: e
113125: up: e
113203: down: <space>
113250: up: <space>
113360: down: e
113469: up: e
113563: down: n
113625: up: n
113906: down: d
114016: up: d
114375: down: ,
114438: up: ,
114531: down: <space>
114610: up: <space>
114766: down: w
114875: up: w
115110: down: h
115188: up: h
115266: down: e
115375: up: e
115500: down: n
115563: up: n
115672: down: <space>
115766: up: <space>
116016: down: w
116125: up: w
116219: down: e
116297: up: e
116391: down: <space>
116438: up: <space>
117047: down: g
117156: up: g
117266: down: o
117344: up: o
117578: down: t
117688: up: t
117735: down: <space>
117781: up: <space>
117875: down: t
117969: up: t
118031: down: h
118110: up: h
118203: down: e
118328: up: e
118391: down: r
118469: up: r
118547: down: e
118641: up: e
118672: down: <space>
118781: up: <space>
119938: down: i
120016: up: i
120156: down: t
120250: up: t
120344: down: <space>
120438: up: <space>
120610: down: t
120703: up: t
120875: down: u
120969: up: u
121141: down: r
121235: up: r
121453: down: n
121531: up: n
121656: down: e
121766: up: e
121891: down: d
121953: up: d
122078: down: <space>
122125: up: <space>
122516: down: p
122578: up: p
123078: down: <backspace>
123156: up: <backspace>
123547: down: <backspace>
123594: up: <backspace>
124297: down: o
124375: up: o
124563: down: u
124641: up: u
124875: down: t
124969: up: t
125031: down: <space>
125094: up: <space>
125156: down: t
125235: up: t
125313: down: h
125375: up: h
125531: down: a
125641: up: a
125688: down: t
125750: up: t
125906: down: <space>
126000: up: <space>
126750: down: <shift_left>
126985: down: i
127031: up: <shift_left>
127047: up: i
127188: down: <space>
127281: up: <space>
127906: down: w
128031: up: w
128125: down: o
128219: up: o
128391: down: r
128547: up: r
128656: down: t
128750: up: t
128891: down: h
128969: up: h
129094: down: e
129203: up: e
129297: down: d
129422: up: d
130297: down: <space>
130360: up: <space>
130781: down: a
130875: up: a
131078: down: l
131141: up: l
131219: down: l
131297: up: l
131422: down: <space>
131500: up: <space>
131906: down: t
131985: up: t
132078: down: h
132156: up: h
132235: down: e
132313: up: e
132375: down: <space>
132438: up: <space>
132563: down: m
132641: up: m
132844: down: o
132922: up: o
133110: down: n
133172: up: n
133297: down: e
133438: up: e
133750: down: y
133813: up: y
134672: down: .
134735: up: .
134860: down: <space>
134953: up: <space>
135250: down: <shift_left>
135750: down: t
135797: up: <shift_left>
135828: up: t
135938: down: h
136016: up: h
136078: down: e
136172: up: e
136188: down: <space>
136266: up: <space>
136485: down: p
136563: up: p
136641: down: l
136797: up: l
136828: down: a
136953: up: a
137078: down: c
137141: up: c
137203: down: e
137297: up: e
137344: down: <space>
137422: up: <space>
137610: down: i
137688: up: i
137766: down: s
137844: up: s
137875: down: <space>
137985: up: <space>
138891: down: g
138985: up: g
139156: down: r
139219: up: r
139328: down: e
139453: up: e
139625: down: a
139735: up: a
139750: down: t
139828: up: t
140203: down: <backspace>
140453: up: <backspace>
140516: down: <backspace>
140656: up: <backspace>
140860: down: <backspace>
140953: up: <backspace>
141016: down: <backspace>
141078: up: <backspace>
141172: down: <backspace>
141250: up: <backspace>
141328: down: <backspace>
141422: up: <backspace>
141516: down: <backspace>
141594: up: <backspace>
141656: down: <backspace>
141735: up: <backspace>
141813: down: <backspace>
141891: up: <backspace>
141969: down: <backspace>
142047: up: <backspace>
142125: down: <backspace>
142203: up: <backspace>
142281: down: <backspace>
142391: up: <backspace>
142453: down: <backspace>
142563: up: <backspace>
142641: down: <backspace>
142703: up: <backspace>
143297: down: s
143406: up: s
143516: down: u
143594: up: u
143781: down: r
143860: up: r
143938: down: r
144016: up: r
144110: down: o
144235: up: o
144391: down: u
144469: up: u
144563: down: n
144641: up: n
145031: down: d
145125: up: d
145235: down: i
145313: up: i
145438: down: n
145531: up: n
145797: down: g
145875: up: g
146156: down: s
146235: up: s
146328: down: <space>
146391: up: <space>
146469: down: a
146563: up: a
146688: down: r
146750: up: r
146813: down: e
146906: up: e
147000: down: <space>
147078: up: <space>
147219: down: m
147313: up: m
147438: down: a
147547: up: a
147719: down: z
147828: up: z
147985: down: i
148078: up: i
148250: down: n
148313: up: n
148688: down: g
148781: up: g
150563: down: <arrow_left>
151141: up: <arrow_left>
151297: down: <arrow_left>
151391: up: <arrow_left>
151500: down: <arrow_left>
151641: up: <arrow_left>
152110: down: a
152188: up: a
152391: down: <arrow_right>
152953: up: <arrow_right>
153110: down: <arrow_right>
153219: up: <arrow_right>
153297: down: <arrow_right>
153453: up: <arrow_right>
153531: down: <arrow_right>
153688: up: <arrow_right>
154485: down: ,
154578: up: ,
154672: down: <space>
154750: up: <space>
155031: down: <shift_left>
156031: up: <shift_left>
156235: down: w
156344: up: w
156453: down: e
156516: up: e
156656: down: <space>
156719: up: <space>
157219: down: s
157328: up: s
157735: down: p
157828: up: p
158000: down: a
158141: up: a
158641: down: n
158750: up: n
158844: down: t
158969: up: t
159031: down: <space>
159125: up: <space>
159781: down: <backspace>
159860: up: <backspace>
159922: down: <backspace>
159985: up: <backspace>
160031: down: <backspace>
160110: up: <backspace>
160203: down: <backspace>
160235: up: <backspace>
160719: down: <backspace>
160797: up: <backspace>
161094: down: <backspace>
161172: up: <backspace>
162000: down: s
162110: up: s
162328: down: t
162406: up: t
162485: down: a
162578: up: a
164078: down: y
164141: up: y
164422: down: e
164547: up: e
164656: down: d
164719: up: d
165656: down: <backspace>
165781: up: <backspace>
166078: down: <backspace>
166172: up: <backspace>
166797: down: <backspace>
166875: up: <backspace>
167969: down: i
168063: up: i
168141: down: e
168235: up: e
168313: down: d
168391: up: d
168719: down: <backspace>
168797: up: <backspace>
169031: down: <backspace>
169125: up: <backspace>
169375: down: <backspace>
169453: up: <backspace>
170344: down: y
170422: up: y
170844: down: e
170953: up: e
171610: down: d
171688: up: d
171953: down: <space>
172016: up: <space>
173094: down: <shift_left>
173266: down: i
173297: up: <shift_left>
173360: up: i
173563: down: <space>
173625: up: <space>
173860: down: a
173985: up: a
174031: down: <space>
174110: up: <space>
174516: down: s
174625: up: s
174781: down: m
174844: up: m
174953: down: a
175031: up: a
175203: down: l
175266: up: l
175344: down: l
175438: up: l
175578: down: <space>
175656: up: <space>
176219: down: c
176297: up: c
176360: down: a
176469: up: a
176703: down: b
176781: up: b
176922: down: i
177031: up: i
177141: down: n
177219: up: n
177344: down: <space>
177391: up: <space>
177688: down: b
177813: up: b
178141: down: y
178203: up: y
178328: down: <space>
178406: up: <space>
178500: down: t
178688: up: t
178781: down: h
178860: up: h
178922: down: e
179016: up: e
179078: down: <space>
179125: up: <space>
179250: down: s
179344: up: s
179438: down: o
179516: up: o
179703: down: r
179844: up: r
179922: down: e
180000: up: e
180828: down: <backspace>
180906: up: <backspace>
180985: down: <backspace>
181063: up: <backspace>
181110: down: <backspace>
181188: up: <backspace>
181797: down: h
181891: up: h
182000: down: o
182094: up: o
182313: down: r
182406: up: r
182516: down: e
182625: up: e
183438: down: <space>
183516: up: <space>
183891: down: a
183969: up: a
184188: down: n
184281: up: n
184438: down: d
184531: up: d
184594: down: <space>
184672: up: <space>
184828: down: w
184953: up: w
185016: down: e
185078: up: e
185188: down: <space>
185250: up: <space>
185485: down: h
185563: up: h
185625: down: a
185766: up: a
186031: down: d
186141: up: d
186203: down: <space>
186297: up: <space>
187125: down: a
187235: up: a
187281: down: <space>
187391: up: <space>
187563: down: v
187625: up: v
187735: down: e
187875: up: e
187985: down: r
188094: up: r
188360: down: y
188422: up: y
188563: down: <space>
188641: up: <space>
188875: down: p
188891: down: o
188985: up: p
188985: up: o
189438: down: <backspace>
189547: up: <backspace>
189828: down: <backspace>
189906: up: <backspace>
190563: down: p
190641: up: p
190750: down: l
190828: up: l
190875: down: e
190969: up: e
191422: down: a
191547: up: a
191828: down: s
191922: up: s
192219: down: a
192328: up: a
192531: down: n
192610: up: n
192750: down: t
192828: up: t
192891: down: <space>
192953: up: <space>
193110: down: w
193235: up: w
193375: down: e
193453: up: e
193625: down: a
193672: up: a
193875: down: t
193938: up: t
194063: down: h
194156: up: h
194203: down: e
194360: up: e
194500: down: r
194610: up: r
194719: down: <space>
194781: up: <space>
195625: down: d
195735: up: d
195938: down: u
196016: up: u
196188: down: r
196313: up: r
196422: down: i
196516: up: i
196688: down: n
196750: up: n
196953: down: g
197063: up: g
197125: down: <space>
197172: up: <space>
197453: down: o
197547: up: o
197719: down: u
197828: up: u
197953: down: r
198063: up: r
198141: down: <space>
198219: up: <space>
198391: down: s
198422: down: d
198453: up: d
198485: up: s
199297: down: <backspace>
199438: up: <backspace>
199953: down: t
200016: up: t
200125: down: a
200235: up: a
200328: down: y
200406: up: y
201906: down: .
201969: up: .
202110: down: <space>
202172: up: <space>
202750: down: <shift_left>
204750: down: t
204813: up: <shift_left>
204813: up: t
204985: down: h
205063: up: h
205125: down: e
205250: up: e
205344: down: r
205422: up: r
205500: down: e
205594: up: e
206000: down: <backspace>
206078: up: <backspace>
206172: down: <backspace>
206250: up: <backspace>
206328: down: <backspace>
206406: up: <backspace>
206485: down: <backspace>
206563: up: <backspace>
206672: down: <backspace>
206688: up: <backspace>
207469: down: <shift_left>
208828: down: i
208891: up: <shift_left>
208906: up: i
209031: down: n
209094: up: n
209188: down: <space>
209266: up: <space>
209375: down: t
209469: up: t
209516: down: h
209578: up: h
209656: down: e
209735: up: e
209766: down: <space>
209828: up: <space>
210000: down: e
210110: up: e
210297: down: v
210360: up: v
210438: down: e
210531: up: e
210625: down: n
210688: up: n
210922: down: o
210938: down: 9
210969: up: o
210969: up: 9
211500: down: <backspace>
211641: up: <backspace>
211860: down: <backspace>
211953: up: <backspace>
212719: down: n
212781: up: n
212938: down: i
213016: up: i
213141: down: n
213235: up: n
213391: down: g
213500: up: g
214578: down: <backspace>
214641: up: <backspace>
214719: down: <backspace>
214813: up: <backspace>
214891: down: <backspace>
215047: up: <backspace>
215188: down: <backspace>
215266: up: <backspace>
215969: down: i
216063: up: i
216203: down: n
216297: up: n
216578: down: g
216688: up: g
217688: down: ,
217766: up: ,
217860: down: <space>
217922: up: <space>
218110: down: t
218250: up: t
218297: down: h
218391: up: h
218438: down: e
218547: up: e
218594: down: r
218703: up: r
218750: down: e
218844: up: e
218891: down: <space>
218985: up: <space>
219375: down: a
219485: up: a
219610: down: r
219688: up: r
219735: down: e
219828: up: e
219891: down: <space>
219985: up: <space>
220047: down: a
220156: up: a
220250: down: <space>
220328: up: <space>
220938: down: l
221063: up: l
221125: down: o
221203: up: o
221313: down: t
221438: up: t
221500: down: <space>
221563: up: <space>
221813: down: o
221906: up: o
222750: down: f
222875: up: f
223281: down: <space>
223360: up: <space>
223750: down: r
223828: up: r
223875: down: e
223953: up: e
224078: down: s
224188: up: s
224297: down: t
224360: up: t
224438: down: a
224547: up: a
224688: down: u
224750: up: u
224969: down: r
225016: up: r
225125: down: a
225235: up: a
225406: down: n
225469: up: n
225656: down: t
225750: up: t
227141: down: s
227219: up: s
227688: down: <space>
227781: up: <space>
228250: down: l
228344: up: l
228485: down: u
228578: up: u
228875: down: r
228985: up: r
229500: down: i
229594: up: i
229969: down: n
230078: up: n
230406: down: g
230516: up: g
230641: down: <space>
230703: up: <space>
230797: down: y
230906: up: y
231063: down: o
231172: up: o
231328: down: u
231406: up: u
231563: down: <space>
231625: up: <space>
231735: down: w
231860: up: w
231953: down: i
232063: up: i
232188: down: t
232328: up: t
232469: down: h
232563: up: h
232688: down: <space>
232797: up: <space>
233750: down: f
233844: up: f
233953: down: r
234047: up: r
234156: down: e
234219: up: e
234360: down: s
234453: up: s
234688: down: h
234750: up: h
234875: down: <space>
234938: up: <space>
235266: down: l
235344: up: l
235438: down: o
235516: up: o
235719: down: b
235797: up: b
235953: down: s
236063: up: s
236203: down: t
236266: up: t
236375: down: e
236500: up: e
236578: down: r
236656: up: r
236781: down: <space>
236860: up: <space>
236969: down: a
237063: up: a
237156: down: n
237219: up: n
237281: down: d
237391: up: d
237500: down: <space>
237563: up: <space>
237656: down: t
237735: up: t
237797: down: h
237891: up: h
237969: down: e
238078: up: e
238922: down: i
239000: up: i
239110: down: r
239203: up: r
239281: down: <space>
239360: up: <space>
239547: down: g
239594: up: g
240047: down: <backspace>
240141: up: <backspace>
240219: down: f
240313: up: f
240453: down: a
240578: up: a
240766: down: m
240828: up: m
241047: down: u
241125: up: u
241360: down: s
241453: up: s
241625: down: <space>
241703: up: <space>
242281: down: <backspace>
242360: up: <backspace>
242469: down: <backspace>
242578: up: <backspace>
242797: down: <backspace>
242891: up: <backspace>
243719: down: o
243828: up: o
243969: down: u
244047: up: u
244156: down: s
244266: up: s
244313: down: <space>
244391: up: <space>
247781: down: l
247922: up: l
248016: down: o
248110: up: o
248500: down: b
248578: up: b
249125: down: s
249235: up: s
249360: down: t
249406: up: t
249485: down: e
249610: up: e
249688: down: r
249781: up: r
249891: down: <space>
249985: up: <space>
250078: down: c
250141: up: c
250235: down: a
250344: up: a
250906: down: k
250969: up: k
251047: down: e
251156: up: e
251266: down: s
251453: up: s
252828: down: .
252906: up: .

