# Keylogger Version 0.1; Format: (timestamp, downstroke/upstroke, key)
0: down: <shift_left>
621: down: i
681: up: <shift_left>
691: up: i
831: down: <space>
891: up: <space>
992: down: w
1072: up: w
1182: down: a
1202: up: a
1312: down: s
1472: up: s
1693: down: <space>
1763: up: <space>
2644: down: w
2714: up: w
2814: down: a
2884: up: a
3115: down: t
3195: up: t
3385: down: c
3475: up: c
3766: down: h
3826: up: h
3966: down: i
4056: up: i
4196: down: n
4276: up: n
4457: down: g
4547: up: g
4587: down: <space>
4667: up: <space>
4727: down: t
4827: up: t
4977: down: h
5057: up: h
5228: down: i
5318: up: i
5378: down: s
5448: up: s
5518: down: <space>
5618: up: <space>
5738: down: m
5798: up: m
5939: down: o
6019: up: o
6099: down: r
6169: up: r
6409: down: n
6499: up: n
6670: down: i
6740: up: i
6860: down: n
6930: up: n
7120: down: g
7190: up: g
7261: down: <space>
7331: up: <space>
7741: down: t
7801: up: t
7881: down: h
7962: up: h
8032: down: e
8102: up: e
8132: down: <space>
8252: up: <space>
8813: down: p
8953: up: p
9053: down: o
9093: up: o
9193: down: l
9273: up: l
9454: down: i
9594: up: i
9894: down: t
9964: up: t
10105: down: i
10155: up: i
10445: down: c
10495: up: c
10615: down: a
10675: up: a
10806: down: l
10876: up: l
10996: down: <space>
11096: up: <space>
11156: down: s
11246: up: s
11587: down: h
11647: up: h
11787: down: o
11867: up: o
12258: down: w
12338: up: w
12698: down: s
12758: up: s
12879: down: <space>
12979: up: <space>
14070: down: o
14161: up: o
14321: down: n
14391: up: n
14471: down: <space>
14551: up: <space>
14691: down: <shift_left>
14882: down: n
14922: up: n
15182: down: b
15222: up: b
15422: down: c
15482: up: c
15492: up: <shift_left>
15573: down: <space>
15653: up: <space>
15753: down: a
15833: up: a
15933: down: n
16003: up: n
16284: down: d
16344: up: d
16454: down: <space>
16514: up: <space>
16684: down: <shift_left>
16965: down: c
17025: up: c
17365: down: n
17555: up: n
17706: up: <shift_left>
18286: down: .
18347: up: .
18597: down: <shift_left>
18777: down: i
18837: up: i
18847: up: <shift_left>
18957: down: <space>
19048: up: <space>
19108: down: r
19178: up: r
19498: down: a
19548: up: a
19638: down: l
19729: up: l
19849: down: i
19899: up: i
20129: down: z
20249: up: z
20409: down: e
20490: up: e
20580: down: d
20640: up: d
20710: down: <space>
20780: up: <space>
20850: down: t
20920: up: t
21030: down: h
21090: up: h
21221: down: a
21251: up: a
21321: down: t
21391: up: t
21501: down: <space>
21581: up: <space>
21601: down: t
21691: up: t
21771: down: h
21822: up: h
21902: down: e
21972: up: e
22122: down: y
22172: up: y
22302: down: <space>
22382: up: <space>
22593: down: h
22663: up: h
23153: down: a
23234: up: a
23344: down: v
23414: up: v
23484: down: e
23554: up: e
23644: down: <space>
23694: up: <space>
28511: down: r
28561: up: r
28651: down: e
28741: up: e
28912: down: a
28972: up: a
29152: down: l
29372: up: l
29543: down: y
29613: up: y
29663: down: <space>
29723: up: <space>
31265: down: g
31345: up: g
31586: down: o
31806: up: o
31876: down: d
31946: up: d
32006: down: <space>
32076: up: <space>
32667: down: q
32727: up: q
32938: down: u
32998: up: u
33078: down: a
33128: up: a
33198: down: l
33288: up: l
33408: down: i
33458: up: i
33608: down: t
33679: up: t
33839: down: y
33929: up: y
36192: down: p
36302: up: p
36352: down: r
36423: up: r
36513: down: i
36583: up: i
36993: down: <backspace>
37073: up: <backspace>
38095: down: d
38165: up: d
38435: down: u
38485: up: u
38686: down: c
38746: up: c
38836: down: e
38956: up: e
39056: down: r
39096: up: r
39267: down: s
39327: up: s
39717: down: n
39777: up: n
39847: down: d
39928: up: d
40198: down: m
40258: up: m
40609: down: d
40719: up: d
40809: down: e
40889: up: e
41119: down: r
41179: up: r
41249: down: a
41320: up: a
41540: down: t
41610: up: t
41640: down: o
41730: up: o
41890: down: r
41960: up: r
42201: down: s
42281: up: s
42631: down: .
42692: up: .
42792: down: <space>
42862: up: <space>
43192: down: <shift_left>
43553: up: <shift_left>
43553: down: m
43643: up: m
43783: down: o
43863: up: o
43893: down: s
43983: up: s
44154: down: t
44214: up: t
44334: down: <space>
44414: up: <space>
44895: down: f
44965: up: f
45155: down: t
45235: up: t
45315: down: h
45365: up: h
45445: down: e
45526: up: e
45596: down: <space>
45676: up: <space>
45736: down: t
45796: up: t
45916: down: i
45966: up: i
46076: down: m
46187: up: m
46247: down: e
46317: up: e
46517: down: s
46587: up: s
46868: down: ,
46928: up: ,
47038: down: <space>
47118: up: <space>
47318: down: a
47388: up: a
47569: down: l
47779: up: l
47929: down: <space>
48009: up: <space>
48109: down: t
48179: up: t
48280: down: h
48330: up: h
48430: down: e
48480: up: e
48530: down: <space>
48600: up: <space>
49051: down: q
49091: up: q
49441: down: <backspace>
49511: up: <backspace>
50312: down: g
50403: up: g
50593: down: u
50663: up: u
50973: down: e
51044: up: e
51154: down: s
51244: up: s
51464: down: t
51534: up: t
51624: down: s
51694: up: s
51785: down: <space>
51885: up: <space>
51935: down: a
52005: up: a
52195: down: r
52245: up: r
52345: down: e
52426: up: e
52476: down: <space>
52556: up: <space>
55290: down: h
55380: up: h
55550: down: i
55630: up: i
55951: down: g
56011: up: g
56211: down: h
56261: up: h
56592: down: l
56652: up: l
56932: down: y
56992: up: y
57122: down: <space>
57212: up: <space>
57803: down: q
57873: up: q
58004: down: u
58054: up: u
58144: down: a
58194: up: a
58264: down: l
58354: up: l
58464: down: i
58524: up: i
58665: down: f
58725: up: f
58795: down: i
58875: up: i
59055: down: e
59125: up: e
59355: down: d
59446: up: d
59566: down: <space>
59636: up: <space>
61158: down: p
61268: up: p
61308: down: r
61368: up: r
61438: down: o
61529: up: o
61929: down: f
61979: up: f
62049: down: e
62099: up: e
62300: down: s
62480: up: s
62580: down: i
62650: up: i
62730: down: o
62810: up: o
62961: down: n
63021: up: n
63111: down: a
63171: up: a
63271: down: l
63341: up: l
63451: down: s
63532: up: s
63682: down: <space>
63752: up: <space>
64012: down: a
64102: up: a
64263: down: n
64333: up: n
64453: down: d
64513: up: d
64603: down: <space>
64663: up: <space>
65024: down: m
65094: up: m
65214: down: o
65274: up: o
65344: down: s
65434: up: s
65554: down: t
65604: up: t
66105: down: o
66185: up: o
66316: down: d
66396: up: d
66766: down: <backspace>
66876: up: <backspace>
66936: down: f
67017: up: f
67237: down: t
67307: up: t
67447: down: h
67497: up: h
67547: down: e
67597: up: e
67697: down: <space>
67758: up: <space>
68559: down: t
68619: up: t
68769: down: i
68839: up: i
68949: down: m
69029: up: m
69110: down: e
69200: up: e
69320: down: s
69410: up: s
69490: down: <space>
69560: up: <space>
70772: down: t
70842: up: t
70942: down: h
71002: up: h
71072: down: e
71142: up: e
71203: down: <space>
71273: up: <space>
71563: down: i
71623: up: i
71934: down: c
72014: up: c
72194: down: u
72244: up: u
72474: down: s
72655: up: s
72795: down: i
72855: up: i
72955: down: o
73025: up: o
73165: down: n
73225: up: n
73356: down: s
73436: up: s
73496: down: <space>
73566: up: <space>
73636: down: a
73736: up: a
74077: down: n
74147: up: n
74267: down: d
74327: up: d
74377: down: <space>
74447: up: <space>
74637: down: p
74698: up: p
74798: down: l
74888: up: l
75379: down: <backspace>
75469: up: <backspace>
75669: down: o
75729: up: o
77151: down: e
77241: up: e
77492: down: m
77582: up: m
77732: down: i
77782: up: i
78062: down: c
78153: up: c
78403: down: h
78453: up: h
78623: down: <space>
78713: up: <space>
78994: down: a
79084: up: a
79234: down: r
79274: up: r
79364: down: e
79434: up: e
79545: down: <space>
79595: up: <space>
80105: down: h
80185: up: h
80276: down: i
80336: up: i
80666: down: g
80726: up: g
80806: down: h
80866: up: h
81187: down: l
81257: up: l
81648: down: y
81698: up: y
81838: down: <space>
81898: up: <space>
82108: down: i
82158: up: i
82539: down: t
82589: up: t
82689: down: e
82759: up: e
82839: down: r
82879: up: r
82939: down: e
82999: up: e
83140: down: s
83220: up: s
83510: down: t
83590: up: t
83741: down: i
83811: up: i
83981: down: n
84071: up: n
84301: down: g
84412: up: g
84802: down: n
84862: up: n
85042: down: d
85113: up: d
85153: down: <space>
85223: up: <space>
85333: down: e
85443: up: e
85763: down: n
85824: up: n
86054: down: t
86104: up: t
86184: down: e
86274: up: e
86364: down: r
86414: up: r
86575: down: t
86585: up: t
86685: down: a
86745: up: a
86935: down: t
86995: up: t
87035: down: i
87095: up: i
87246: down: n
87316: up: n
87456: down: i
87506: up: i
89549: down: .
89589: up: .
90771: down: <shift_left>
91001: up: <shift_left>
91031: down: b
91061: up: b
91231: down: e
91311: up: e
91402: down: s
91502: up: s
91612: down: i
91672: up: i
92183: down: d
92283: up: d
92373: down: e
92443: up: e
92533: down: s
92603: up: s
102508: down: <shift_left>
102958: down: i
103008: up: <shift_left>
103018: up: i
104040: down: <backspace>
104150: up: <backspace>
104921: down: i
104991: up: i
105111: down: r
105181: up: r
105682: down: <backspace>
105772: up: <backspace>
105822: down: t
105902: up: t
106794: down: '
106884: up: '
106974: down: s
107034: up: s
107124: down: <space>
107194: up: <space>
115787: down: a
115857: up: a
115957: down: <space>
116057: up: <space>
116127: down: n
116217: up: n
116327: down: i
116408: up: i
116628: down: c
116678: up: c
116768: down: e
116848: up: e
116918: down: <space>
116968: up: <space>
117089: down: w
117159: up: w
117279: down: a
117339: up: a
117539: down: y
117609: up: y
117739: down: <space>
117830: up: <space>
117890: down: t
117970: up: t
118090: down: o
118170: up: o
118300: down: <space>
118360: up: <space>
118460: down: s
118531: up: s
118621: down: p
118701: up: p
118771: down: e
118861: up: e
118961: down: n
119031: up: n
119332: down: d
119402: up: d
121885: down: s
121966: up: s
122146: down: u
122206: up: u
122296: down: n
122386: up: n
122616: down: d
122687: up: d
122757: down: a
122827: up: a
123027: down: y
123107: up: y
123838: down: <space>
123948: up: <space>
124059: down: m
124079: up: m
124269: down: o
124359: up: o
124830: down: r
124900: up: r
125290: down: i
125360: up: i
125451: down: n
125531: up: n
125711: down: g
125781: up: g
126122: down: s
126172: up: s
126372: down: ,
126422: up: ,
126532: down: <space>
126592: up: <space>
127313: down: i
127393: up: i
127544: down: t
127604: up: t
127664: down: <space>
127734: up: <space>
127884: down: g
127944: up: g
128094: down: i
128164: up: i
128485: down: v
128545: up: v
128615: down: e
128675: up: e
128785: down: s
128855: up: s
128916: down: <space>
128976: up: <space>
129216: down: y
129296: up: y
129356: down: o
129436: up: o
129617: down: u
129667: up: u
129817: down: <space>
129877: up: <space>
129987: down: a
130037: up: a
130137: down: <space>
130197: up: <space>
130398: down: g
130458: up: g
130728: down: o
130938: up: o
131039: down: d
131099: up: d
131179: down: <space>
131269: up: <space>
131459: down: u
131509: up: u
131609: down: n
131690: up: n
131800: down: d
131900: up: d
132000: down: e
132070: up: e
132150: down: r
132230: up: r
132431: down: s
132501: up: s
132641: down: t
132671: up: t
132761: down: a
132831: up: a
132961: down: n
132991: up: n
133813: down: d
133893: up: d
133953: down: i
134053: up: i
134173: down: n
134253: up: n
134484: down: g
134554: up: g
134934: down: o
135034: up: o
135175: down: f
135235: up: f
135285: down: <space>
135375: up: <space>
135906: down: w
135976: up: w
136246: down: h
136306: up: h
136386: down: a
136436: up: a
136546: down: t
136607: up: t
137268: down: '
137348: up: '
137598: down: <space>
137658: up: <space>
142135: down: c
142235: up: c
142405: down: u
142485: up: u
142675: down: r
142886: up: r
142986: down: e
143046: up: e
143116: down: n
143196: up: n
143256: down: t
143346: up: t
143537: down: l
143657: up: l
144097: down: <space>
144177: up: <space>
144478: down: h
144518: up: h
144618: down: a
144638: up: a
144818: down: p
145019: up: p
145079: down: e
145139: up: e
145279: down: n
145349: up: n
145529: down: i
145579: up: i
145700: down: n
145790: up: n
145910: down: g
145980: up: g
146301: down: i
146361: up: i
146471: down: n
146531: up: n
146631: down: <space>
146711: up: <space>
146761: down: t
146821: up: t
146921: down: h
146981: up: h
147062: down: e
147122: up: e
147182: down: <space>
147292: up: <space>
150116: down: w
150226: up: w
150326: down: o
150406: up: o
150747: down: r
150817: up: r
151859: down: l
151939: up: l
153200: down: d
153271: up: d
154412: down: .
154502: up: .
154632: down: <space>
154703: up: <space>
156004: down: <shift_left>
156555: down: i
156615: up: i
156625: up: <shift_left>
156746: down: <space>
156846: up: <space>
156906: down: a
156976: up: a
157076: down: l
157176: up: l
157427: down: w
157497: up: w
157977: down: y
158057: up: y
158288: down: <space>
158378: up: <space>
158698: down: c
158768: up: c
158839: down: o
158929: up: o
159069: down: n
159129: up: n
159259: down: s
159349: up: s
159479: down: i
159570: up: i
159700: down: d
159810: up: d
160100: down: r
160160: up: r
160281: down: e
160341: up: e
160461: down: d
160531: up: d
160631: down: <space>
160701: up: <space>
161172: down: p
161302: up: p
161442: down: o
161492: up: o
161582: down: l
161683: up: l
161803: down: i
161863: up: i
162053: down: t
162123: up: t
162203: down: i
162273: up: i
162534: down: c
162604: up: c
162834: down: s
162904: up: s
162995: down: <space>
163075: up: <space>
163265: down: a
163325: up: a
163405: down: <space>
163495: up: <space>
164016: down: v
164066: up: v
164126: down: e
164216: up: e
164336: down: r
164427: up: r
164657: down: u
164697: up: u
165098: down: <backspace>
165188: up: <backspace>
165218: down: y
165308: up: y
165428: down: <space>
165508: up: <space>
165668: down: i
165728: up: i
165819: down: n
165899: up: n
166079: down: t
166119: up: t
166219: down: e
166279: up: e
166319: down: r
166379: up: r
166460: down: e
166510: up: e
166610: down: s
166710: up: s
166890: down: t
166940: up: t
167020: down: i
167090: up: i
167251: down: n
167331: up: n
167581: down: g
167651: up: g
167721: down: <space>
167781: up: <space>
167932: down: s
168022: up: s
168182: down: u
168252: up: u
168553: down: b
168623: up: b
169133: down: j
169193: up: j
169284: down: e
169384: up: e
169564: down: c
169644: up: c
169814: down: t
169874: up: t
170175: down: a
170225: up: a
170335: down: n
170415: up: n
170505: down: d
170575: up: d
170876: down: <shift_left>
171026: down: i
171056: up: <shift_left>
171086: up: i
171206: down: <space>
171286: up: <space>
171387: down: f
171487: up: f
171577: down: i
171657: up: i
171757: down: n
171827: up: n
172238: down: d
172298: up: d
172378: down: <space>
172458: up: <space>
172869: down: f
172919: up: f
173009: down: a
173059: up: a
173359: down: s
173430: up: s
173590: down: c
173670: up: c
173800: down: i
173860: up: i
173990: down: n
174050: up: n
174131: down: a
174201: up: a
174441: down: t
174521: up: t
174551: down: i
174621: up: i
174771: down: n
174872: up: n
175062: down: g
175122: up: g
175232: down: <space>
175292: up: <space>
176584: down: h
176664: up: h
177055: down: o
177145: up: o
177636: down: w
177686: up: w
177786: down: <space>
177846: up: <space>
179078: down: w
179138: up: w
179268: down: o
179328: up: o
179689: down: n
179759: up: n
179949: down: d
180039: up: d
180169: down: e
180269: up: e
180370: down: r
180440: up: r
180540: down: f
180610: up: f
180830: down: u
180910: up: u
181141: down: l
181351: up: l
181661: down: t
181691: down: y
181741: up: y
181762: up: t
182062: down: <backspace>
182152: up: <backspace>
182192: down: y
182262: up: y
182953: down: <backspace>
183274: up: <backspace>
184315: down: y
184395: up: y
184475: down: <space>
184515: up: <space>
185387: down: p
185467: up: p
185557: down: o
185637: up: o
185747: down: l
185827: up: l
185958: down: i
186038: up: i
186228: down: t
186288: up: t
186358: down: i
186428: up: i
186699: down: c
186769: up: c
187279: down: n
187330: down: a
187350: up: n
187410: up: a
188481: down: <backspace>
188712: up: <backspace>
189222: down: a
189262: up: a
190023: down: n
190083: up: n
190174: down: s
190254: up: s
190334: down: <space>
190394: up: <space>
191035: down: h
191095: up: h
191165: down: a
191265: up: a
191385: down: v
191445: up: v
191516: down: e
191586: up: e
191646: down: <space>
191716: up: <space>
192046: down: b
192096: up: b
192317: down: e
192527: up: e
192617: down: n
192687: up: n
192938: down: t
193008: up: t
193228: down: r
193288: up: r
193478: down: a
193568: up: a
193639: down: i
193719: up: i
193819: down: n
193889: up: n
194019: down: e
194109: up: e
194239: down: d
194320: up: d
194410: down: <space>
194480: up: <space>
194640: down: t
194720: up: t
194910: down: o
194971: up: o
195131: down: <space>
195221: up: <space>
195471: down: l
195551: up: l
195702: down: i
195792: up: i
195872: down: e
195952: up: e
197294: down: <space>
197374: up: <space>
197825: down: a
197915: up: a
198065: down: n
198135: up: n
198466: down: d
198526: up: d
198766: down: d
198856: up: d
198936: down: e
199016: up: e
199167: down: c
199237: up: c
199387: down: e
199477: up: e
199617: down: i
199697: up: i
199898: down: v
199958: up: v
200058: down: e
200138: up: e
201850: down: w
201931: up: w
202091: down: i
202141: up: i
202321: down: t
202391: up: t
202732: down: h
202832: up: h
202902: down: o
203002: up: o
203172: down: u
203222: up: u
203413: down: t
203473: up: t
203573: down: <space>
203623: up: <space>
203733: down: a
203803: up: a
203913: down: <space>
204003: up: <space>
204124: down: b
204204: up: b
204274: down: l
204374: up: l
204504: down: i
204564: up: i
204694: down: n
204785: up: n
205135: down: k
205195: up: k
205626: down: .
205696: up: .
205816: down: <space>
205906: up: <space>
206537: down: <shift_left>
207178: down: a
207228: up: <shift_left>
207258: up: a
207879: down: <space>
207949: up: <space>
208159: down: t
208240: up: t
208280: down: h
208350: up: h
208450: down: e
208510: up: e
208570: down: <space>
208670: up: <space>
208810: down: m
208870: up: m
209021: down: o
209111: up: o
209241: down: m
209321: up: m
209551: down: e
209642: up: e
210042: down: n
210112: up: n
210252: down: t
210333: up: t
210473: down: <space>
210513: up: <space>
211424: down: t
211504: up: t
211654: down: h
211725: up: h
211815: down: e
211895: up: e
212055: down: y
212115: up: y
212245: down: <space>
212335: up: <space>
213067: down: t
213127: up: t
213367: down: a
213407: up: a
213547: down: l
213617: up: l
214378: down: k
214418: up: k
214929: down: ,
214999: up: ,
215089: down: <space>
215160: up: <space>
215260: down: t
215320: up: t
215480: down: h
215540: up: h
215640: down: e
215720: up: e
215881: down: y
215921: up: y
216071: down: <space>
216151: up: <space>
218855: down: r
218925: up: r
218965: down: e
219035: up: e
219165: down: a
219215: up: a
219366: down: l
219596: up: l
219706: down: y
219766: up: y
219836: down: <space>
219896: up: <space>
220237: down: b
220307: up: b
220367: down: e
220447: up: e
220567: down: l
220667: up: l
220818: down: i
220888: up: i
220988: down: e
221078: up: e
221208: down: v
221288: up: v
221539: down: <space>
221609: up: <space>
234728: down: w
234798: up: w
235068: down: h
235138: up: h
235198: down: a
235298: up: a
235389: down: t
235449: up: t
235579: down: <space>
235669: up: <space>
235729: down: t
235799: up: t
235889: down: h
235959: up: h
236220: down: e
236300: up: e
236550: down: y
236590: up: y
237832: down: '
237892: up: '
238032: down: r
238103: up: r
238203: down: e
238253: up: e
238363: down: <space>
238423: up: <space>
238603: down: s
238693: up: s
239004: down: a
239084: up: a
239545: down: y
239605: up: y
239745: down: i
239825: up: i
239995: down: n
240055: up: n
240406: down: g
240486: up: g
242659: down: <space>
242739: up: <space>
243120: down: a
243220: up: a
243360: down: n
243460: up: n
243550: down: d
243630: up: d
243691: down: <space>
243771: up: <space>
246394: down: <shift_left>
246665: down: i
246725: up: <shift_left>
246755: up: i
247085: down: s
247216: up: s
247296: down: e
247396: up: e
247837: down: i
247907: up: i
248007: down: o
248067: up: o
248187: down: u
248257: up: u
248337: down: s
248417: up: s
248578: down: l
248668: up: l
248948: down: y
249008: up: y
249138: down: <space>
249208: up: <space>
249980: down: d
250070: up: d
250220: down: o
250320: up: o
250450: down: u
250510: up: u
250861: down: b
250921: up: b
251322: down: t
251382: up: t
251522: down: <space>
251602: up: <space>
253645: down: t
253735: up: t
253855: down: h
253955: up: h
254015: down: a
254086: up: a
254166: down: t
254226: up: t
254456: down: t
254546: up: t
254656: down: h
254726: up: h
254827: down: e
254907: up: e
255027: down: y
255097: up: y
255568: down: e
255648: up: e
255868: down: v
255928: up: v
255978: down: e
256048: up: e
256148: down: r
256209: up: r
256319: down: <space>
256409: up: <space>
256599: down: h
256699: up: h
259924: down: e
260004: up: e
260054: down: <space>
260114: up: <space>
260555: down: p
260615: up: p
260655: down: r
260745: up: r
260825: down: o
260895: up: o
261176: down: b
261246: up: b
261356: down: l
261426: up: l
261506: down: e
261606: up: e
261777: down: m
261857: up: m
262167: down: .
262227: up: .

