# Keylogger Version 0.1; Format: (timestamp, downstroke/upstroke, key)
0: down: <shift_left>
250: down: p
270: up: <shift_left>
340: up: p
411: down: l
501: up: l
541: down: e
641: up: e
801: down: a
881: up: a
1001: down: s
1101: up: s
1192: down: e
1292: up: e
1392: down: <space>
1472: down: t
1482: up: <space>
1572: up: t
1893: down: y
1953: up: y
2413: down: p
2504: up: p
2604: down: e
2674: up: e
2834: down: <space>
2904: up: <space>
3705: down: a
3745: up: a
3845: down: <space>
3916: up: <space>
4206: down: p
4276: up: p
4346: down: a
4406: up: a
4587: down: s
4647: up: s
4737: down: s
4817: up: s
4907: down: a
4987: up: a
5157: down: g
5207: up: g
5288: down: e
5368: up: e
5438: down: <space>
5498: up: <space>
8773: down: a
8883: up: a
9023: down: s
9093: up: s
9423: down: <space>
9524: up: <space>
9634: down: y
9724: up: y
9884: down: o
10014: up: o
10155: down: u
10225: up: u
10365: down: <space>
10425: up: <space>
10685: down: w
10775: up: w
10896: down: e
10986: up: e
11126: down: r
11186: up: r
11266: down: e
11336: up: e
11486: down: <space>
11567: up: <space>
11617: down: d
11727: up: d
11887: down: r
11937: up: r
12007: down: a
12087: up: a
12288: down: f
12348: up: f
12508: down: t
12588: up: t
12688: down: i
12758: up: i
12888: down: n
12969: up: n
13079: down: g
13139: up: g
13249: down: <space>
13329: up: <space>
13549: down: n
13630: up: n
13730: down: <space>
13820: up: <space>
16984: down: <backspace>
17074: up: <backspace>
17625: down: <backspace>
17665: up: <backspace>
18196: down: a
18266: up: a
18386: down: n
18446: up: n
18567: down: <space>
18627: up: <space>
18687: down: e
18767: up: e
18947: down: m
19037: up: m
19127: down: a
19208: up: a
19268: down: i
19318: up: i
19528: down: l
19578: up: l
19698: down: <space>
19808: up: <space>
19999: down: o
20069: up: o
20149: down: r
20229: up: r
20319: down: <space>
20389: up: <space>
20469: down: a
20529: up: a
20630: down: <space>
20730: up: <space>
20880: down: n
21000: up: n
22693: down: <backspace>
22803: up: <backspace>
23684: down: l
23754: up: l
23814: down: e
23904: up: e
24155: down: t
24215: up: t
24285: down: t
24345: up: t
24505: down: e
24605: up: e
24715: down: r
24796: up: r
24926: down: <space>
25006: up: <space>
26889: down: t
26979: up: t
27119: down: o
27199: up: o
27339: down: <space>
27419: up: <space>
27540: down: a
27590: up: a
27680: down: <space>
27750: up: <space>
27800: down: f
27900: up: f
27990: down: r
28070: up: r
28140: down: i
28241: up: i
28281: down: e
28381: up: e
28481: down: n
28561: up: n
28992: down: d
29062: up: d
30073: down: .
30143: up: .
30223: down: .
30273: up: .
30364: down: .
30434: up: .
30974: down: <space>
31045: up: <space>
31175: down: <shift_left>
31475: down: w
31505: up: <shift_left>
31585: up: w
32086: down: t
32146: up: t
32286: down: <space>
32366: up: <space>
32597: down: i
32667: up: i
32727: down: s
32807: up: s
32887: down: <space>
32957: up: <space>
33057: down: w
33138: up: w
33268: down: i
33338: up: i
33478: down: t
33558: up: t
34159: down: h
34229: up: h
34349: down: <space>
34439: up: <space>
34490: down: t
34540: up: t
35050: down: s
35140: up: s
35781: down: <backspace>
35861: up: <backspace>
36052: down: i
36132: up: i
36212: down: s
36282: up: s
36372: down: <space>
36442: up: <space>
37844: down: <backspace>
37924: up: <backspace>
38025: down: <backspace>
38155: up: <backspace>
38565: down: <backspace>
38655: up: <backspace>
39086: down: h
39166: up: h
39266: down: i
39326: up: i
39487: down: s
39547: up: s
39637: down: <space>
39727: up: <space>
39847: down: l
39947: up: l
40047: down: i
40128: up: i
40248: down: n
40308: up: n
40398: down: e
40488: up: e
40688: down: <shift_right>
40829: down: /
40839: up: <shift_right>
40899: up: /
41470: down: <space>
41540: up: <space>
42972: down: <shift_left>
43533: down: w
43583: up: <shift_left>
43623: up: w
44023: down: h
44083: up: h
44504: down: y
44584: up: y
44674: down: <space>
44744: up: <space>
45686: down: <shift_left>
45916: down: i
45966: up: <shift_left>
45986: up: i
46186: down: <space>
46256: up: <space>
46867: down: <backspace>
46927: up: <backspace>
47028: down: <backspace>
47108: up: <backspace>
47859: down: w
47939: up: w
48129: down: o
48219: up: o
48400: down: u
48460: up: u
48610: down: l
48650: up: l
48770: down: d
48840: up: d
49832: down: n
49892: up: n
50342: down: '
50412: up: '
50513: down: t
50583: up: t
50663: down: <space>
50753: up: <space>
51053: down: <shift_left>
51234: down: i
51264: up: <shift_left>
51264: up: i
51404: down: <space>
51524: up: <space>
51694: down: b
51734: up: b
51854: down: e
51915: up: e
51985: down: <space>
52065: up: <space>
52135: down: a
52215: up: a
52295: down: b
52365: up: b
52596: down: l
52656: up: l
52756: down: e
52856: up: e
52936: down: <space>
53016: up: <space>
53126: down: t
53176: up: t
53427: down: o
53487: up: o
54058: down: <space>
54128: up: <space>
54538: down: c
54628: up: c
54909: down: h
54969: up: h
55049: down: h
55099: up: h
55299: down: o
55360: up: o
55470: down: s
55560: up: s
55730: down: e
55800: up: e
55890: down: <space>
55990: up: <space>
56091: down: m
56161: up: m
56391: down: y
56451: up: y
56571: down: <space>
56671: up: <space>
56731: down: s
56822: up: s
57092: down: u
57182: up: u
57463: down: b
57523: up: b
57953: down: j
58013: up: j
58083: down: e
58174: up: e
58324: down: c
58414: up: c
58564: down: t
58644: up: t
59415: down: <space>
59475: up: <space>
59576: down: <shift_right>
60166: down: 9
60277: up: 9
60387: down: 0
60497: up: 0
60517: up: <shift_right>
60787: down: <arrow_left>
60897: up: <arrow_left>
61719: down: l
61789: up: l
61929: down: i
61989: up: i
62119: down: k
62169: up: k
62259: down: e
62340: up: e
62430: down: <space>
62500: up: <space>
62700: down: a
62750: up: a
63121: down: <backspace>
63181: up: <backspace>
63641: down: <shift_left>
64032: down: i
64082: up: <shift_left>
64102: up: i
64252: down: <space>
64332: up: <space>
64372: down: a
64443: up: a
64613: down: c
64713: up: c
64883: down: t
64953: up: t
65094: down: u
65144: up: u
65244: down: a
65294: up: a
65434: down: l
65494: up: l
65574: down: l
65644: up: l
65855: down: y
65915: up: y
66686: down: <space>
66756: up: <space>
66926: down: d
67016: up: d
67126: down: i
67217: up: i
67337: down: d
67407: up: d
68238: down: <arrow_right>
68378: up: <arrow_right>
68629: down: <space>
68689: up: <space>
69159: down: a
69229: up: a
69760: down: n
69810: up: n
70121: down: d
70191: up: d
70281: down: <space>
70341: up: <space>
70511: down: b
70561: up: b
70652: down: e
70722: up: e
70782: down: <space>
70872: up: <space>
70952: down: c
71022: up: c
71172: down: o
71252: up: o
71443: down: n
71503: up: n
71623: down: s
71703: up: s
71873: down: t
71903: up: t
72795: down: r
72805: up: r
72965: down: a
73035: up: a
73125: down: i
73195: up: i
73325: down: n
73395: up: n
73466: down: e
73536: up: e
73696: down: d
73736: up: d
73856: down: <space>
73926: up: <space>
74207: down: b
74257: up: b
74517: down: y
74567: up: y
74687: down: <space>
74767: up: <space>
74868: down: a
74918: up: a
74978: down: <space>
75078: up: <space>
75418: down: c
75508: up: c
75639: down: e
75719: up: e
75829: down: r
75889: up: r
76079: down: t
76129: up: t
76220: down: a
76300: up: a
76390: down: i
76480: up: i
76650: down: n
76710: up: n
76800: down: <space>
76890: up: <space>
77001: down: s
77081: up: s
77251: down: u
77311: up: u
77591: down: b
77642: up: b
78403: down: j
78443: up: j
78503: down: e
78603: up: e
78783: down: c
78863: up: c
78994: down: t
79064: up: t
79294: down: <space>
79374: up: <space>
79514: down: a
79634: up: a
79895: down: s
79975: up: s
82128: down: <backspace>
82188: up: <backspace>
82258: down: <backspace>
82328: up: <backspace>
82569: down: <backspace>
82599: up: <backspace>
83961: down: <space>
84031: up: <space>
84511: down: s
84602: up: s
84712: down: i
84792: up: i
84912: down: n
84982: up: n
85483: down: c
85543: up: c
85623: down: e
85703: up: e
85763: down: <space>
85863: up: <space>
86414: down: t
86484: up: t
86645: down: h
86715: up: h
86815: down: i
86895: up: i
86995: down: s
87065: up: s
87145: down: <space>
87205: up: <space>
87756: down: i
87816: up: i
87896: down: s
87956: up: s
88037: down: <space>
88107: up: <space>
88167: down: a
88217: up: a
88327: down: <space>
88397: up: <space>
88557: down: f
88637: up: f
88788: down: r
88838: up: r
89128: down: e
89188: up: e
89268: down: e
89328: up: e
89569: down: <space>
89649: up: <space>
91091: down: t
91151: up: t
91251: down: e
91321: up: e
91622: down: x
91702: up: x
92032: down: t
92112: up: t
92293: down: <space>
92363: up: <space>
92914: down: s
92994: up: s
93104: down: a
93154: up: a
93264: down: m
93334: up: m
93544: down: p
93665: up: p
93775: down: l
93905: up: l
94015: down: e
94085: up: e
94145: down: <space>
94215: up: <space>
94316: down: a
94376: up: a
94506: down: n
94606: up: n
94846: down: y
94916: up: y
95307: down: w
95377: up: w
95497: down: a
95557: up: a
95708: down: y
95768: up: y
96128: down: <shift_right>
96248: down: /
96278: up: <shift_right>
96328: up: /
96549: down: <space>
96619: up: <space>
102387: down: <shift_left>
102728: down: i
102808: up: i
102818: up: <shift_left>
102928: down: <space>
102998: up: <space>
103088: down: a
103188: up: a
103238: down: m
103298: up: m
103389: down: <space>
103479: up: <space>
103619: down: r
103689: up: r
103809: down: e
103879: up: e
104080: down: a
104150: up: a
104330: down: l
104370: up: l
104450: down: l
104510: up: l
104660: down: y
104720: up: y
104781: down: <space>
104821: up: <space>
105031: down: c
105091: up: c
105241: down: u
105311: up: u
105512: down: r
105602: up: r
105752: down: i
105822: up: i
105932: down: o
106022: up: o
106153: down: u
106223: up: u
106343: down: s
106423: up: s
106513: down: <space>
106573: up: <space>
107434: down: h
107515: up: h
107565: down: o
107655: up: o
107885: down: w
107955: up: w
108035: down: <space>
108085: up: <space>
108716: down: o
108786: up: o
109237: down: u
109307: up: u
109427: down: r
109507: up: r
109587: down: <space>
109668: up: <space>
109988: down: e
110048: up: e
110268: down: x
110349: up: x
110529: down: p
110629: up: p
110679: down: e
110809: up: e
110909: down: r
110979: up: r
111050: down: i
111150: up: i
111280: down: m
111370: up: m
111430: down: e
111510: up: e
111580: down: n
111660: up: n
111731: down: t
111811: up: t
111891: down: <space>
111971: up: <space>
112141: down: i
112211: up: i
112281: down: s
112361: up: s
112422: down: <space>
112512: up: <space>
112682: down: g
112752: up: g
112882: down: o
112982: up: o
113083: down: i
113143: up: i
113263: down: n
113353: up: n
113513: down: g
113583: up: g
113653: down: <space>
113733: up: <space>
113834: down: t
113914: up: t
113954: down: o
114034: up: o
114154: down: <space>
114244: up: <space>
114334: down: e
114434: up: e
114565: down: v
114625: up: v
114915: down: o
114985: up: o
115105: down: l
115186: up: l
115486: down: v
115526: up: v
115626: down: e
115696: up: e
117419: down: ;
117519: up: ;
117639: down: <space>
117709: up: <space>
118180: down: a
118250: up: a
118340: down: n
118400: up: n
118630: down: y
118701: up: y
119141: down: w
119211: up: w
119352: down: a
119412: up: a
119662: down: y
119712: up: y
120093: down: ,
120143: up: ,
120253: down: <space>
120323: up: <space>
120623: down: w
120713: up: w
120794: down: e
120854: up: e
120964: down: <space>
121044: up: <space>
121104: down: a
121174: up: a
121304: down: r
121354: up: r
121414: down: e
121495: up: e
121575: down: <space>
121655: up: <space>
121905: down: o
122025: up: o
122176: down: n
122236: up: n
122326: down: <space>
122406: up: <space>
122546: down: t
122626: up: t
122716: down: h
122776: up: h
122877: down: e
122937: up: e
122997: down: <space>
123097: up: <space>
123157: down: r
123227: up: r
123357: down: i
123447: up: i
123668: down: g
123768: up: g
123848: down: h
123908: up: h
123968: down: t
124048: up: t
124128: down: <space>
124199: up: <space>
124249: down: t
124339: up: t
124489: down: r
124519: up: r
124789: down: a
124879: up: a
125560: down: c
125621: up: c
125711: down: k
125791: up: k
131649: down: <space>
131749: up: <space>
132651: down: a
132731: up: a
132801: down: n
132871: up: n
132961: down: d
133051: up: d
133101: down: <space>
133151: up: <space>
133332: down: <shift_left>
133512: down: i
133582: up: <shift_left>
133582: up: i
133702: down: <space>
133802: up: <space>
134413: down: a
134493: up: a
134603: down: m
134664: up: m
134764: down: <space>
134844: up: <space>
134954: down: c
135024: up: c
135134: down: o
135204: up: o
135375: down: n
135455: up: n
135625: down: f
135705: up: f
135835: down: i
135905: up: i
136066: down: d
136146: up: d
136246: down: e
136326: up: e
136426: down: n
136496: up: n
136586: down: t
136676: up: t
136747: down: <space>
136827: up: <space>
136907: down: t
136977: up: t
137087: down: h
137137: up: h
137237: down: a
137297: up: a
137377: down: t
137448: up: t
137548: down: <space>
137668: up: <space>
137768: down: b
137858: up: b
138018: down: y
138068: up: y
138199: down: <space>
138309: up: <space>
138329: down: t
138399: up: t
138499: down: h
138559: up: h
138629: down: e
138699: up: e
138759: down: <space>
138860: up: <space>
138950: down: e
139030: up: e
139120: down: n
139190: up: n
139360: down: d
139440: up: d
140011: down: <space>
140061: up: <space>
140973: down: o
141043: up: o
141123: down: f
141203: up: f
141273: down: <space>
141353: up: <space>
141433: down: t
141493: up: t
141584: down: h
141634: up: h
141724: down: e
141774: up: e
141834: down: <space>
141924: up: <space>
142034: down: s
142094: up: s
142214: down: e
142285: up: e
142325: down: m
142425: up: m
142515: down: e
142575: up: e
142745: down: s
142805: up: s
142996: down: t
143056: up: t
143136: down: e
143216: up: e
143376: down: r
143436: up: r
143606: down: <space>
143677: up: <space>
144638: down: w
144748: up: w
144868: down: e
144938: up: e
145850: down: <space>
145910: up: <space>
146010: down: a
146090: up: a
146220: down: r
146270: up: r
146320: down: e
146400: up: e
146501: down: <space>
146591: up: <space>
146621: down: g
146691: up: g
146851: down: o
146881: up: o
147212: down: n
147262: up: n
147362: down: n
147412: up: n
147512: down: <space>
147572: up: <space>
148133: down: <backspace>
148223: up: <backspace>
148263: down: a
148343: up: a
148473: down: <space>
148533: up: <space>
149144: down: b
149184: up: b
149255: down: e
149315: up: e
149395: down: <space>
149455: up: <space>
149515: down: a
149585: up: a
149905: down: b
149986: up: b
150076: down: l
150156: up: l
150266: down: e
150346: up: e
150356: down: <space>
150396: up: <space>
150576: down: t
150637: up: t
150717: down: o
150787: up: o
150907: down: <space>
150997: up: <space>
151247: down: p
151338: up: p
151448: down: r
151518: up: r
151608: down: e
151658: up: e
151918: down: s
152008: up: s
152099: down: e
152179: up: e
152329: down: n
152419: up: n
152509: down: t
152569: up: t
152669: down: <space>
152720: up: <space>
153050: down: s
153120: up: s
153210: down: o
153280: up: o
153421: down: m
153491: up: m
153621: down: e
153681: up: e
153751: down: <space>
153831: up: <space>
153951: down: m
154011: up: m
154112: down: e
154172: up: e
154372: down: a
154432: up: a
154522: down: n
154592: up: n
154732: down: i
154772: up: i
154893: down: n
154973: up: n
155564: down: g
155624: up: g
156074: down: f
156134: up: f
156305: down: u
156395: up: u
156535: down: l
156625: up: l
156745: down: <space>
156825: up: <space>
156875: down: r
156956: up: r
157486: down: e
157566: up: e
157727: down: s
157807: up: s
157987: down: u
158047: up: u
158157: down: l
158257: up: l
158398: down: t
158478: up: t
158768: down: s
158838: up: s
160100: down: .
160150: up: .
160340: down: <space>
160411: up: <space>
162033: down: <shift_left>
163465: down: w
163505: up: <shift_left>
163555: up: w
163645: down: e
163725: up: e
163825: down: <space>
163896: up: <space>
164637: down: h
164697: up: h
164767: down: a
164867: up: a
165007: down: d
165087: up: d
165167: down: <space>
165227: up: <space>
165338: down: a
165398: up: a
165478: down: <space>
165568: up: <space>
165698: down: l
165788: up: l
165898: down: i
165969: up: i
166179: down: t
166259: up: t
166329: down: t
166389: up: t
166569: down: l
166640: up: l
166710: down: e
166790: up: e
166860: down: <space>
166920: up: <space>
167000: down: d
167080: up: d
167170: down: e
167240: up: e
167341: down: l
167401: up: l
167491: down: a
167571: up: a
167791: down: y
167851: up: y
168001: down: <space>
168092: up: <space>
168823: down: i
168903: up: i
169063: down: n
169153: up: n
169233: down: <space>
169313: up: <space>
169494: down: p
169564: up: p
169614: down: r
169694: up: r
169794: down: e
169864: up: e
170235: down: s
170325: up: s
170415: down: e
170495: up: e
170595: down: n
170635: up: n
172198: down: t
172258: up: t
172378: down: i
172458: up: i
172568: down: n
172648: up: n
172838: down: g
172899: up: g
172979: down: <space>
173069: up: <space>
175963: down: t
176063: up: t
176353: down: e
176424: up: e
176914: down: <backspace>
176974: up: <backspace>
177816: down: h
177876: up: h
177976: down: e
178046: up: e
178086: down: <space>
178176: up: <space>
178276: down: d
178356: up: d
178447: down: e
178517: up: e
178597: down: l
178727: up: l
178847: down: i
178997: up: i
179228: down: v
179298: up: v
179388: down: e
179478: up: e
179638: down: r
179698: up: r
179798: down: a
179869: up: a
180099: down: b
180169: up: b
180259: down: l
180369: up: l
180449: down: e
180540: up: e
180610: down: <space>
180670: up: <space>
180780: down: t
180830: up: t
180970: down: o
181030: up: o
181170: down: <space>
181271: up: <space>
181301: down: t
181371: up: t
181501: down: h
181581: up: h
181681: down: e
181711: up: e
181791: down: <space>
181871: up: <space>
182993: down: b
183053: up: b
183133: down: a
183213: up: a
183444: down: c
183534: up: c
183994: down: k
184055: up: k
184365: down: -
184425: up: -
184565: down: e
184655: up: e
184796: down: n
184876: up: n
185036: down: d
185116: up: d
185176: down: <space>
185246: up: <space>
185336: down: t
185417: up: t
185567: down: e
185627: up: e
185867: down: a
185937: up: a
186037: down: m
186118: up: m
186408: down: d
186498: up: d
186608: down: <space>
186658: up: <space>
187469: down: <backspace>
187530: up: <backspace>
187610: down: <backspace>
187680: up: <backspace>
188341: down: s
188421: up: s
190985: down: ,
191065: up: ,
191165: down: <space>
191255: up: <space>
191575: down: b
191666: up: b
191846: down: u
191916: up: u
192026: down: t
192096: up: t
192166: down: <space>
192246: up: <space>
197854: down: a
197935: up: a
198205: down: f
198265: up: f
198626: down: t
198696: up: t
198766: down: e
198876: up: e
198976: down: r
199046: up: r
199146: down: <space>
199236: up: <space>
199367: down: g
199437: up: g
199497: down: a
199567: up: a
199607: down: t
199667: up: t
199847: down: h
199937: up: h
200028: down: e
200138: up: e
200228: down: r
200308: up: r
200398: down: i
200488: up: i
200638: down: n
200709: up: n
200949: down: g
201029: up: g
201109: down: <space>
201189: up: <space>
201259: down: t
201349: up: t
201420: down: h
201490: up: h
201620: down: e
201700: up: e
202211: down: <space>
202271: up: <space>
202351: down: r
202431: up: r
202511: down: e
202581: up: e
203012: down: q
203092: up: q
203262: down: u
203342: up: u
203422: down: i
203523: up: i
203623: down: r
203733: up: r
203823: down: e
203903: up: e
204003: down: d
204073: up: d
204143: down: <space>
204224: up: <space>
204384: down: i
204474: up: i
204594: down: n
204664: up: n
204784: down: f
204895: up: f
204985: down: o
205045: up: o
205145: down: r
205245: up: r
205325: down: m
205395: up: m
205475: down: a
205576: up: a
205766: down: t
205846: up: t
205886: down: i
205946: up: i
206046: down: o
206136: up: o
206287: down: n
206347: up: n
206447: down: <space>
206537: up: <space>
207048: down: <backspace>
207128: up: <backspace>
208360: down: <space>
208440: up: <space>
208510: down: a
208610: up: a
208680: down: n
208740: up: n
208850: down: d
208930: up: d
209000: down: <space>
209101: up: <space>
210122: down: m
210202: up: m
210322: down: o
210392: up: o
210553: down: d
210633: up: d
210723: down: i
210793: up: i
211194: down: f
211264: up: f
211404: down: i
211484: up: i
212165: down: <backspace>
212255: up: <backspace>
212305: down: y
212395: up: y
212485: down: i
212566: up: i
212756: down: n
212846: up: n
213046: down: g
213116: up: g
213186: down: <space>
213267: up: <space>
213427: down: p
213447: down: o
213457: up: p
213487: up: o
214398: down: <backspace>
214518: up: <backspace>
214639: down: <backspace>
214729: up: <backspace>
215330: down: o
215450: up: o
215630: down: u
215720: up: u
215880: down: r
215950: up: r
216021: down: <space>
216121: up: <space>
216271: down: c
216341: up: c
216431: down: o
216521: up: o
216692: down: d
216792: up: d
216862: down: e
216952: up: e
217573: down: ,
217663: up: ,
217743: down: <space>
217823: up: <space>
220617: down: e
220707: up: e
220938: down: v
221008: up: v
221068: down: e
221178: up: e
221248: down: r
221338: up: r
221719: down: y
221799: up: y
222300: down: t
222390: up: t
222770: down: h
222840: up: h
222961: down: i
223031: up: i
223171: down: n
223241: up: n
223431: down: g
223511: up: g
223591: down: <space>
223652: up: <space>
224182: down: w
224282: up: w
224373: down: e
224433: up: e
224543: down: n
224623: up: n
224773: down: t
224863: up: t
224933: down: <space>
225013: up: <space>
225394: down: j
225474: up: j
225584: down: u
225664: up: u
225745: down: s
225825: up: s
225925: down: t
225995: up: t
226135: down: <space>
226225: up: <space>
226305: down: f
226395: up: f
226506: down: i
226586: up: i
226696: down: n
226786: up: n
226886: down: e
226956: up: e
229840: down: l
229870: up: l
232644: down: <backspace>
232715: up: <backspace>
232915: down: .
232995: up: .

