# Keylogger Version 0.1; Format: (timestamp, downstroke/upstroke, key)
0: down: <shift_left>
521: up: <shift_left>
1813: down: <shift_left>
2174: down: i
2244: up: i
2254: up: <shift_left>
2404: down: <space>
2524: up: <space>
4417: down: a
4497: up: a
4757: down: m
4817: up: m
4908: down: <space>
4988: up: <space>
5198: down: g
5248: up: g
5318: down: e
5398: up: e
5579: down: t
5649: up: t
5719: down: t
5769: up: t
5879: down: i
5959: up: i
6049: down: n
6119: up: n
6290: down: g
6370: up: g
6430: down: <space>
6510: up: <space>
6850: down: c
6940: up: c
7021: down: l
7141: up: l
7241: down: o
7321: up: o
7641: down: s
7742: up: s
8483: down: e
8523: up: e
8633: down: <space>
8703: up: <space>
13049: down: t
13129: up: t
13219: down: o
13330: up: o
13490: down: <space>
13580: up: <space>
14872: down: t
14932: up: t
15002: down: h
15072: up: h
15202: down: e
15292: up: e
15353: down: <space>
15453: up: <space>
15983: down: g
16094: up: g
16224: down: r
16304: up: r
16524: down: a
16634: up: a
16765: down: d
16855: up: d
16905: down: u
16995: up: u
17486: down: a
17596: up: a
17796: down: t
17866: up: t
17926: down: i
18006: up: i
18097: down: o
18177: up: o
18297: down: n
18367: up: n
18487: down: <space>
18497: up: <space>
18597: down: <space>
18717: up: <space>
22653: down: f
22753: up: f
22843: down: r
22903: up: r
23044: down: o
23164: up: o
23334: down: m
23444: up: m
23564: down: <space>
23624: up: <space>
23755: down: <shift_left>
23945: down: m
24035: up: <shift_left>
24055: up: m
24676: down: <backspace>
24746: up: <backspace>
25657: down: t
25717: up: t
25838: down: h
25898: up: h
25948: down: e
26018: up: e
26098: down: <space>
26168: up: <space>
26348: down: m
26449: up: m
26529: down: a
26639: up: a
26729: down: s
26839: up: s
26999: down: t
27069: up: t
27119: down: e
27220: up: e
27310: down: r
27370: up: r
27520: down: s
27610: up: s
27710: down: <space>
27790: up: <space>
28391: down: p
28471: up: p
28491: down: r
28572: up: r
28662: down: o
28742: up: o
29132: down: g
29212: up: g
29363: down: r
29413: up: r
29503: down: a
29593: up: a
29803: down: m
29873: up: m
29964: down: <space>
30054: up: <space>
30314: down: <shift_left>
30554: down: i
30604: up: <shift_left>
30625: up: i
30765: down: <space>
30835: up: <space>
30915: down: a
30985: up: a
31065: down: m
31115: up: m
31215: down: <space>
31275: up: <space>
31476: down: p
31566: up: p
31726: down: u
31806: up: u
31906: down: s
32007: up: s
32407: down: <backspace>
32497: up: <backspace>
32527: down: r
32587: up: r
32928: down: s
33018: up: s
33138: down: u
33208: up: u
33288: down: i
33368: up: i
33559: down: n
33629: up: n
33939: down: g
34019: up: g
34090: down: <space>
34150: up: <space>
34240: down: a
34340: up: a
34440: down: t
34500: up: t
34640: down: <space>
34710: up: <space>
34811: down: <shift_left>
35011: down: p
35041: up: <shift_left>
35081: up: p
35131: down: a
35241: up: a
35522: down: c
35582: up: c
35652: down: e
35732: up: e
40539: down: .
40609: up: .
40719: down: <space>
40799: up: <space>
40889: down: <shift_left>
41720: down: i
41761: up: <shift_left>
41781: up: i
41921: down: <space>
42001: up: <space>
42101: down: a
42181: up: a
42191: down: m
42261: up: m
42351: down: <space>
42432: up: <space>
42522: down: r
42602: up: r
42672: down: e
42762: up: e
42992: down: a
43042: up: a
43273: down: l
43323: up: l
43403: down: l
43493: up: l
43673: down: y
43733: up: y
43844: down: <space>
43924: up: <space>
43984: down: e
44044: up: e
44304: down: x
44424: up: x
44535: down: c
44625: up: c
44835: down: i
44915: up: i
46678: down: t
46738: up: t
46828: down: e
46938: up: e
47048: down: d
47098: up: d
47228: down: <space>
47288: up: <space>
47339: down: a
47439: up: a
47779: down: b
47869: up: b
47939: down: o
48040: up: o
48220: down: u
48310: up: u
48460: down: t
48540: up: t
48580: down: <space>
48640: up: <space>
48691: down: t
48771: up: t
48911: down: h
48991: up: h
49061: down: e
49131: up: e
49211: down: <space>
49271: up: <space>
49492: down: p
49602: up: p
49682: down: o
49762: up: o
49952: down: s
49982: up: s
50062: down: s
50113: up: s
50223: down: i
50293: up: i
50553: down: b
50613: up: b
50693: down: i
50743: up: i
50864: down: l
50964: up: l
51064: down: i
51124: up: i
51354: down: t
51434: up: t
51505: down: i
51585: up: i
51865: down: e
51925: up: e
52075: down: s
52155: up: s
52246: down: <space>
52306: up: <space>
52476: down: o
52556: up: o
52927: down: p
52987: up: p
53037: down: e
53117: up: e
53247: down: n
53307: up: n
53497: down: i
53547: up: i
53678: down: n
53748: up: n
53918: down: g
53998: up: g
54048: down: <space>
54128: up: <space>
54389: down: i
54479: up: i
54609: down: n
54669: up: n
54759: down: <space>
54839: up: <space>
54939: down: f
55020: up: f
55140: down: r
55210: up: r
55300: down: o
55410: up: o
55550: down: n
55610: up: n
55691: down: <space>
55781: up: <space>
55831: down: t
55911: up: t
57012: down: <backspace>
57093: up: <backspace>
57183: down: <backspace>
57223: up: <backspace>
57754: down: t
57834: up: t
57884: down: <space>
57964: up: <space>
58094: down: o
58184: up: o
58294: down: f
58374: up: f
58394: down: <space>
58495: up: <space>
58625: down: m
58685: up: m
58775: down: e
58845: up: e
58915: down: <space>
58995: up: <space>
59416: down: b
59476: up: b
59666: down: u
59756: up: u
60177: down: t
60257: up: t
60337: down: <space>
60397: up: <space>
61168: down: i
61269: up: i
61379: down: n
61439: up: n
61529: down: <space>
61609: up: <space>
61689: down: t
61749: up: t
61819: down: h
61899: up: h
61970: down: e
62040: up: e
62100: down: <space>
62180: up: <space>
62260: down: s
62340: up: s
62460: down: a
62520: up: a
62601: down: m
62671: up: m
62721: down: e
62801: up: e
62871: down: <space>
62941: up: <space>
63081: down: t
63171: up: t
63281: down: i
63362: up: i
63462: down: m
63552: up: m
63602: down: e
63682: up: e
63752: down: <space>
63822: up: <space>
63882: down: a
63993: up: a
64603: down: <backspace>
64704: up: <backspace>
65294: down: <shift_left>
65354: up: <shift_left>
65485: down: <shift_left>
65615: down: i
65695: up: <shift_left>
65695: up: i
65815: down: <space>
65905: up: <space>
66116: down: a
66206: up: a
66656: down: m
66726: up: m
66827: down: <space>
66887: up: <space>
66977: down: a
67067: up: a
67237: down: l
67337: up: l
67508: down: i
67598: up: i
67808: down: t
67868: up: t
67948: down: t
68008: up: t
68078: down: l
68148: up: l
68259: down: e
68329: up: e
68829: down: <backspace>
68890: up: <backspace>
70231: down: <backspace>
70322: up: <backspace>
70402: down: <backspace>
70452: up: <backspace>
70532: down: <backspace>
70582: up: <backspace>
70652: down: <backspace>
70712: up: <backspace>
70802: down: <backspace>
70842: up: <backspace>
71453: down: <space>
71523: up: <space>
71794: down: l
71894: up: l
72024: down: i
72084: up: i
72355: down: t
72435: up: t
72505: down: t
72565: up: t
72685: down: l
72745: up: l
72825: down: e
72905: up: e
72975: down: <space>
73056: up: <space>
73266: down: w
73326: up: w
73526: down: o
73566: up: o
75359: down: r
75419: up: r
75469: down: r
75529: up: r
75699: down: i
75779: up: i
75860: down: e
75950: up: e
76060: down: d
76130: up: d
76240: down: <space>
76300: up: <space>
76450: down: a
76511: up: a
76781: down: b
76891: up: b
76981: down: o
77091: up: o
77292: down: u
77372: up: u
77502: down: t
77602: up: t
77632: down: <space>
77732: up: <space>
77772: down: t
77872: up: t
77973: down: h
78033: up: h
78183: down: e
78273: up: e
78313: down: <space>
78393: up: <space>
79264: down: c
79335: up: c
79525: down: u
79575: up: u
79875: down: r
79885: up: r
79965: down: r
80056: up: r
80176: down: e
80256: up: e
80366: down: n
80436: up: n
80566: down: t
80646: up: t
80707: down: <space>
80797: up: <space>
81097: down: s
81197: up: s
81317: down: i
81388: up: i
81638: down: t
81708: up: t
81818: down: u
81888: up: u
81968: down: a
82058: up: a
82279: down: t
82349: up: t
82399: down: i
82499: up: i
82579: down: o
82689: up: o
82810: down: n
82870: up: n
82960: down: <space>
83040: up: <space>
83220: down: o
83300: up: o
83430: down: n
83501: up: n
83591: down: <space>
83711: up: <space>
85584: down: l
85654: up: l
85704: down: a
85794: up: a
86074: down: b
86154: up: b
86224: down: o
86325: up: o
86495: down: r
86585: up: r
86645: down: <space>
86725: up: <space>
86815: down: m
86885: up: m
86956: down: a
87056: up: a
87256: down: r
87346: up: r
87556: down: k
87637: up: k
87687: down: e
87797: up: e
88067: down: t
88127: up: t
89149: down: .
89229: up: .
89319: down: <space>
89399: up: <space>
97110: down: <shift_left>
97621: down: m
97731: up: <shift_left>
97741: up: m
98011: down: y
98132: up: y
98322: down: <space>
98392: up: <space>
99243: down: <shift_left>
100405: up: <shift_left>
100765: down: <shift_left>
102017: down: i
102057: up: <shift_left>
102087: up: i
102197: down: n
102278: up: n
102468: down: f
102538: up: f
102628: down: o
102728: up: o
102878: down: r
102918: up: r
104220: down: m
104300: up: m
104351: down: a
104461: up: a
104701: down: t
104771: up: t
104821: down: i
104891: up: i
104971: down: o
105072: up: o
105172: down: n
105212: up: n
105312: down: <space>
105392: up: <space>
105492: down: <shift_left>
105682: down: s
105702: up: <shift_left>
105763: up: s
105873: down: e
105973: up: e
106113: down: c
106203: up: c
106333: down: u
106403: up: u
106534: down: r
106624: up: r
106704: down: i
106794: up: i
106884: down: t
106984: up: t
107104: down: y
107175: up: y
107315: down: <space>
107395: up: <space>
108947: down: c
109037: up: c
109127: down: o
109218: up: o
109328: down: n
109428: up: n
109688: down: c
109768: up: c
109848: down: e
109939: up: e
110059: down: n
110129: up: n
110309: down: t
110389: up: t
110549: down: r
110620: up: r
110800: down: a
110910: up: a
111110: down: t
111190: up: t
111260: down: i
111331: up: i
111411: down: o
111491: up: o
111651: down: n
111711: up: n
111811: down: <space>
111891: up: <space>
112342: down: w
112412: up: w
113163: down: o
113293: up: o
113404: down: u
113454: up: u
113614: down: l
113764: up: l
113884: down: d
113954: up: d
114054: down: <space>
114125: up: <space>
115376: down: t
115426: up: t
115547: down: e
115647: up: e
115917: down: o
115987: up: o
116218: down: r
116298: up: r
116428: down: e
116468: up: e
116668: down: t
116728: up: t
116869: down: i
116949: up: i
117159: down: c
117209: up: c
117289: down: a
117339: up: a
117529: down: l
117600: up: l
117680: down: l
117750: up: l
117920: down: y
118020: up: y
118080: down: <space>
118140: up: <space>
120914: down: o
120974: up: o
121075: down: p
121155: up: p
121245: down: e
121325: up: e
121445: down: n
121515: up: n
121615: down: <space>
121685: up: <space>
121846: down: m
121936: up: m
122046: down: e
122106: up: e
122136: down: <space>
122226: up: <space>
122356: down: m
122427: up: m
122517: down: a
122587: up: a
122667: down: n
122727: up: n
122987: down: y
123057: up: y
123198: down: <space>
123288: up: <space>
123378: down: d
123448: up: d
123688: down: o
123728: up: o
123829: down: o
123889: up: o
123999: down: r
124059: up: r
124369: down: s
124439: up: s
124810: down: ,
124880: up: ,
124970: down: <space>
125050: up: <space>
125271: down: b
125361: up: b
125611: down: u
125691: up: u
125841: down: t
125912: up: t
125962: down: <space>
126042: up: <space>
126212: down: i
126292: up: i
126392: down: n
126462: up: n
126552: down: <space>
126613: up: <space>
126983: down: r
127073: up: r
127193: down: e
127263: up: e
127404: down: a
127484: up: a
127544: down: l
127654: up: l
127794: down: i
127904: up: i
128185: down: t
128255: up: t
128585: down: y
128666: up: y
129757: down: ,
129817: up: ,
129917: down: <space>
130017: up: <space>
130258: down: t
130328: up: t
130418: down: h
130508: up: h
130538: down: e
130598: up: e
130708: down: <space>
130779: up: <space>
151879: down: j
151989: up: j
152119: down: o
152199: up: o
153111: down: b
153181: up: b
153261: down: s
153351: up: s
153411: down: <space>
153501: up: <space>
154793: down: d
154873: up: d
154963: down: e
155033: up: e
155174: down: a
155264: up: a
155354: down: l
155464: up: l
155574: down: i
155664: up: i
155784: down: n
155855: up: n
156355: down: g
156435: up: g
156516: down: <space>
156596: up: <space>
157106: down: w
157166: up: w
157267: down: i
157357: up: i
157557: down: t
157617: up: t
157747: down: h
157807: up: h
157948: down: <space>
158018: up: <space>
158088: down: t
158158: up: t
158248: down: h
158308: up: h
158418: down: e
158488: up: e
158568: down: <space>
158659: up: <space>
158739: down: s
158839: up: s
159029: down: u
159109: up: u
159360: down: b
159420: up: b
160001: down: j
160061: up: j
160131: down: e
160251: up: e
160411: down: c
160501: up: c
160651: down: t
160722: up: t
160882: down: <space>
160942: up: <space>
161062: down: a
161142: up: a
161623: down: r
161683: up: r
161763: down: e
161823: up: e
161883: down: <space>
161983: up: <space>
162104: down: f
162174: up: f
162484: down: i
162564: up: i
162714: down: l
162755: up: l
162825: down: l
162885: up: l
163065: down: e
163175: up: e
163355: down: d
163425: up: d
163586: down: <space>
163646: up: <space>
165268: down: w
165358: up: w
165508: down: i
165599: up: i
165799: down: t
165869: up: t
166009: down: h
166079: up: h
166199: down: <space>
166280: up: <space>
166570: down: i
166640: up: i
166760: down: n
166830: up: n
166910: down: s
167001: up: s
167121: down: i
167191: up: i
167361: down: d
167471: up: d
167591: down: e
167702: up: e
167792: down: r
167852: up: r
168092: down: s
168172: up: s
169394: down: ,
169454: up: ,
169554: down: <space>
169644: up: <space>
169845: down: t
169925: up: t
170015: down: r
170075: up: r
170155: down: a
170225: up: a
170355: down: i
170426: up: i
170586: down: n
170656: up: n
170916: down: e
170986: up: e
171086: down: d
171157: up: d
171247: down: <space>
171317: up: <space>
171497: down: a
171577: up: a
171637: down: n
171717: up: n
171878: down: d
171938: up: d
172018: down: <space>
172098: up: <space>
172248: down: p
172318: up: p
172418: down: r
172489: up: r
172579: down: o
172659: up: o
172789: down: m
172889: up: m
173089: down: o
173169: up: o
173590: down: t
173660: up: t
173740: down: e
173840: up: e
173941: down: d
174001: up: d
174091: down: <space>
174171: up: <space>
174892: down: t
174962: up: t
175052: down: o
175142: up: o
175323: down: <space>
175413: up: <space>
176374: down: o
176434: up: o
176695: down: c
176765: up: c
176825: down: c
176865: up: c
176995: down: u
177045: up: u
177275: down: p
177356: up: p
178267: down: y
178337: up: y
178507: down: <space>
178577: up: <space>
179519: down: t
179599: up: t
179689: down: h
179769: up: h
179819: down: e
179879: up: e
179959: down: <space>
180049: up: <space>
180290: down: p
180370: up: p
180440: down: o
180530: up: o
180590: down: s
180680: up: s
180760: down: i
180851: up: i
181061: down: t
181131: up: t
181211: down: i
181291: up: i
181381: down: o
181471: up: o
181812: down: s
181902: up: s
182873: down: <backspace>
182954: up: <backspace>
183474: down: n
183534: up: n
183604: down: s
183675: up: s
184466: down: <backspace>
184506: up: <backspace>
185477: down: s
185547: up: s
185677: down: <space>
185758: up: <space>
186619: down: a
186679: up: a
187510: down: v
187570: up: v
187630: down: a
187690: up: a
187821: down: i
187871: up: i
189303: down: l
189373: up: l
189433: down: a
189513: up: a
189783: down: b
189843: up: b
189924: down: l
190004: up: l
190104: down: e
190164: up: e
190214: down: <space>
190284: up: <space>
190494: down: w
190575: up: w
190735: down: i
190805: up: i
190955: down: t
191035: up: t
191185: down: h
191266: up: h
191366: down: i
191456: up: i
191576: down: n
191646: up: n
191736: down: <space>
191816: up: <space>
191866: down: t
191926: up: t
192027: down: h
192087: up: h
192157: down: e
192227: up: e
192297: down: <space>
192407: up: <space>
192547: down: c
192617: up: c
192758: down: o
192838: up: o
192958: down: m
193038: up: m
193198: down: p
193248: up: p
193328: down: a
193419: up: a
193629: down: n
193699: up: n
193969: down: y
194019: up: y
194460: down: .
194510: up: .
199277: down: <space>
199347: up: <space>
199457: down: <shift_left>
199738: down: o
199798: up: <shift_left>
199818: up: o
199928: down: n
200008: up: n
200088: down: <space>
200168: up: <space>
200198: down: t
200278: up: t
200359: down: h
200419: up: h
200499: down: e
200569: up: e
200639: down: <space>
200719: up: <space>
201160: down: s
201260: up: s
201360: down: e
201440: up: e
201610: down: c
201711: up: c
201851: down: o
201971: up: o
202111: down: n
202181: up: n
202432: down: d
202522: up: d
202622: down: <space>
202712: up: <space>
205105: down: h
205176: up: h
205226: down: a
205316: up: a
205346: down: n
205456: up: n
205586: down: d
205656: up: d
205997: down: ,
206067: up: ,
206157: down: <space>
206237: up: <space>
206317: down: t
206377: up: t
206457: down: h
206537: up: h
207549: down: e
207649: up: e
207739: down: r
207819: up: r
207899: down: e
207960: up: e
208080: down: <space>
208150: up: <space>
208280: down: a
208380: up: a
208661: down: r
208711: up: r
208781: down: e
208851: up: e
208931: down: <space>
209011: up: <space>
209241: down: m
209261: up: m
209802: down: a
209912: up: a
210423: down: n
210543: up: n
210713: down: y
210774: up: y
210924: down: <space>
211004: up: <space>
211354: down: c
211425: up: c
211525: down: o
211595: up: o
211725: down: m
211785: up: m
211975: down: p
212045: up: p
212115: down: a
212226: up: a
212686: down: i
212756: up: i
212837: down: e
212937: up: e
213077: down: s
213127: up: s
213227: down: <space>
213287: up: <space>
213698: down: n
213748: up: n
214008: down: o
214078: up: o
214219: down: t
214299: up: t
214309: down: <space>
214389: up: <space>
214789: down: b
214829: up: b
215220: down: e
215280: up: e
215360: down: e
215440: up: e
215691: down: i
215761: up: i
215881: down: n
215961: up: n
216111: down: g
216201: up: g
216271: down: <space>
216342: up: <space>
216512: down: a
216602: up: a
217153: down: w
217243: up: w
217373: down: a
217433: up: a
217553: down: r
217613: up: r
217684: down: e
217754: up: e
217844: down: <space>
217954: up: <space>
218214: down: o
218294: up: o
218354: down: f
218465: up: f
218475: down: <space>
218585: up: <space>
218635: down: t
218715: up: t
218785: down: h
218855: up: h
219045: down: <space>
219126: up: <space>
220437: down: <backspace>
220528: up: <backspace>
220748: down: e
220828: up: e
220898: down: <space>
220968: up: <space>
224573: down: i
224654: up: i
224754: down: m
224824: up: m
225104: down: p
225214: down: o
225224: up: p
225335: up: o
225365: down: r
225465: up: r
225535: down: t
225625: up: t
225835: down: a
225865: up: a
225955: down: n
226056: up: n
226336: down: c
226406: up: c
227728: down: e
227808: up: e
227878: down: <space>
227958: up: <space>
228890: down: o
228950: up: o
229020: down: f
229110: up: f
229180: down: <space>
229250: up: <space>
229480: down: s
229621: up: s
229721: down: e
229821: up: e
229991: down: c
230071: up: c
230352: down: u
230402: up: u
230642: down: r
230742: up: r
230832: down: i
230943: up: i
231113: down: n
231193: up: n
231433: down: g
231533: up: g
231573: down: <space>
231654: up: <space>
231684: down: t
231774: up: t
231864: down: h
231954: up: h
232064: down: e
232104: up: e
232244: down: i
232365: up: i
232555: down: r
232665: up: r
232735: down: <space>
232795: up: <space>
233576: down: i
233656: up: i
233757: down: n
233847: up: n
234017: down: f
234107: up: f
234187: down: o
234257: up: o
234408: down: r
234488: up: r
234588: down: m
234648: up: m
234738: down: a
234828: up: a
235018: down: t
235099: up: t
235139: down: i
235209: up: i
235309: down: o
235379: up: o
235499: down: n
235589: up: n
235689: down: a
235770: up: a
235840: down: l
235910: up: l
236020: down: <space>
236120: up: <space>
236340: down: e
236440: up: e
236561: down: n
236671: up: n
237051: down: v
237162: up: v
237242: down: i
237322: up: i
237522: down: r
237612: up: r
237682: down: o
237772: up: o
237953: down: n
238023: up: n
238203: down: m
238283: up: m
238363: down: e
238473: up: e
238564: down: n
238624: up: n
238734: down: t
238794: up: t
239124: down: s
239204: up: s
247366: down: n
247416: up: n
251873: down: .
251963: up: .
252053: down: <space>
252143: up: <space>
252253: down: <shift_left>
252644: down: f
252704: up: <shift_left>
252784: up: f
252904: down: o
253004: up: o
253064: down: r
253155: up: r
253215: down: <space>
253295: up: <space>
253375: down: t
253475: up: t
253635: down: h
253715: up: h
253805: down: i
253886: up: i
253986: down: s
254056: up: s
254096: down: <space>
254186: up: <space>
254306: down: r
254396: up: r
254486: down: e
254557: up: e
254787: down: a
254867: up: a
254987: down: s
255077: up: s
255147: down: o
255258: up: o
255378: down: n
255438: up: n
255718: down: ,
255758: up: ,
255858: down: <space>
255928: up: <space>
256009: down: t
256089: up: t
256199: down: h
256259: up: h
256319: down: e
256419: up: e
256589: down: i
256680: up: i
257100: down: <backspace>
257210: up: <backspace>
257300: down: y
257401: up: y
257461: down: <space>
257521: up: <space>
258132: down: a
258232: up: a
258352: down: r
258422: up: r
258462: down: e
258542: up: e
258612: down: <space>
258692: up: <space>
258853: down: u
258903: up: u
259003: down: n
259083: up: n
259223: down: d
259343: up: d
259434: down: e
259544: up: e
259614: down: r
259704: up: r
260115: down: <backspace>
260215: up: <backspace>
261366: down: r
261436: up: r
262288: down: e
262348: up: e
262438: down: s
262558: up: s
262748: down: t
262828: up: t
262949: down: i
263009: up: i
263119: down: m
263199: up: m
263229: down: a
263309: up: a
263529: down: t
263590: up: t
263670: down: i
263720: up: i
263830: down: o
263920: up: o
264321: down: <backspace>
264391: up: <backspace>
264571: down: n
264651: up: n
264881: down: g
264971: up: g
265012: down: <space>
265092: up: <space>
266854: down: t
266944: up: t
267024: down: h
267095: up: h
267175: down: e
267245: up: e
267295: down: <space>
267365: up: <space>
268587: down: i
268657: up: i
268777: down: m
268857: up: m
269137: down: p
269218: down: o
269288: up: p
269348: up: o
269438: down: r
269538: up: r
269658: down: t
269728: up: t
269808: down: a
269909: up: a
269969: down: n
270049: up: n
270279: down: c
270339: up: c
270409: down: e
270479: up: e
270560: down: <space>
270650: up: <space>
270860: down: o
270950: up: o
271020: down: f
271100: up: f
271170: down: <space>
271251: up: <space>
272442: down: h
272492: up: h
272542: down: a
272653: up: a
273003: down: v
273083: up: v
273133: down: i
273213: up: i
273394: down: n
273504: up: n
273714: down: f
273794: up: f
274315: down: <backspace>
274405: up: <backspace>
274435: down: g
274515: up: g
274605: down: <space>
274695: up: <space>
279152: down: a
279222: up: a
279292: down: <space>
279382: up: <space>
279492: down: <shift_left>
279923: down: i
280003: up: <shift_left>
280013: up: i
280123: down: n
280193: up: n
280404: down: f
280504: up: f
280614: down: o
280714: up: o
280784: down: r
280884: up: r
280985: down: m
281055: up: m
281125: down: a
281235: up: a
281415: down: t
281485: up: t
281525: down: i
281615: up: i
281696: down: o
281816: up: o
282106: down: <space>
282226: up: <space>
282236: down: <shift_left>
282397: down: s
282447: up: <shift_left>
282527: up: s
282637: down: e
282757: up: e
282887: down: c
282997: up: c
283078: down: u
283188: up: u
283278: down: r
283388: up: r
283498: down: i
283608: up: i
283688: down: t
283799: up: t
283899: down: y
283959: up: y
284109: down: <space>
284179: up: <space>
285221: down: s
285301: up: s
285481: down: p
285571: up: p
285621: down: e
285721: up: e
285882: down: c
285982: up: c
286062: down: i
286162: up: i
286232: down: a
286302: up: a
286332: down: l
286412: up: l
286543: down: i
286603: up: i
287234: down: s
287334: up: s
287414: down: t
287484: up: t
287644: down: <space>
287724: up: <space>
288275: down: i
288355: up: i
288475: down: n
288535: up: n
288636: down: <space>
288736: up: <space>
288786: down: t
288846: up: t
288946: down: h
288996: up: h
289046: down: e
289126: up: e
289186: down: <space>
289276: up: <space>
289847: down: h
289927: up: h
289987: down: o
290108: up: o
290228: down: u
290318: up: u
290418: down: s
290538: up: s
290618: down: e
290688: up: e
290889: down: .
290969: up: .

