# Keylogger Version 0.1; Format: (timestamp, downstroke/upstroke, key)
0: down: o
110: up: o
235: down: n
328: up: n
703: down: g
782: up: g
860: down: o
985: up: o
1141: down: i
1157: down: u
1203: up: u
1219: up: i
16063: down: <shift_left>
16313: down: i
16360: up: <shift_left>
16422: up: i
16547: down: <space>
16641: up: <space>
16703: down: w
16797: up: w
16875: down: a
16985: up: a
17047: down: s
17110: up: s
17188: down: <space>
17266: up: <space>
17344: down: a
17438: up: a
17516: down: s
17594: up: s
17766: down: k
17860: up: k
17953: down: i
18047: up: i
18141: down: n
18219: up: n
18328: down: g
18407: up: g
18485: down: <space>
18563: up: <space>
19641: down: m
19750: up: m
20000: down: y
20078: up: y
20141: down: s
20250: up: s
20344: down: e
20438: up: e
20500: down: l
20610: up: l
20891: down: f
20969: up: f
21078: down: <space>
21172: up: <space>
22016: down: o
22110: up: o
22250: down: n
22328: up: n
22422: down: e
22516: up: e
22594: down: <space>
22657: up: <space>
22860: down: o
22953: up: o
23063: down: f
23172: up: f
23235: down: <space>
23313: up: <space>
23391: down: t
23485: up: t
23532: down: h
23625: up: h
23688: down: e
23782: up: e
23985: down: s
24094: up: s
24203: down: e
24266: up: e
24391: down: <space>
24453: up: <space>
24641: down: d
24735: up: d
24844: down: a
24922: up: a
25047: down: y
25125: up: y
25250: down: s
25344: up: s
25438: down: <space>
25500: up: <space>
26563: down: w
26657: up: w
26969: down: h
27063: up: h
27407: down: y
27485: up: y
27610: down: <space>
27688: up: <space>
28407: down: <shift_left>
28672: down: i
28703: up: <shift_left>
28735: up: i
28875: down: <space>
28938: up: <space>
29078: down: k
29141: up: k
29188: down: e
29266: up: e
29547: down: e
29594: up: e
29969: down: p
30032: up: p
30188: down: <space>
30235: up: <space>
30422: down: a
30547: up: a
30750: down: p
30875: up: p
31094: down: <backspace>
31438: up: <backspace>
31532: down: <backspace>
31594: up: <backspace>
31969: down: p
32094: up: p
32141: down: a
32266: up: a
32453: down: y
32563: up: y
32719: down: i
32844: up: i
33016: down: n
33094: up: n
33282: down: g
33375: up: g
33453: down: <space>
33532: up: <space>
34188: down: t
34266: up: t
34360: down: h
34453: up: h
34516: down: e
34625: up: e
34672: down: <space>
34750: up: <space>
37625: down: f
37703: up: f
37782: down: a
37907: up: a
38422: down: n
38532: up: n
38828: down: c
38938: up: c
39188: down: y
39235: up: y
39422: down: <space>
39500: up: <space>
40797: down: c
40860: up: c
40938: down: a
41032: up: a
41110: down: b
41172: up: b
41532: down: l
41625: up: l
41672: down: e
41750: up: e
41828: down: <space>
41875: up: <space>
42016: down: p
42094: up: p
42141: down: a
42235: up: a
42453: down: c
42547: up: c
42735: down: k
42797: up: k
42891: down: a
42985: up: a
43328: down: g
43391: up: g
43453: down: e
43547: up: e
43610: down: <space>
43688: up: <space>
44407: down: a
44547: up: a
44625: down: s
44719: up: s
44766: down: <space>
44860: up: <space>
45094: down: l
45235: up: l
45313: down: o
45407: up: o
45547: down: n
45641: up: n
45938: down: g
46032: up: g
46110: down: <space>
46203: up: <space>
46672: down: a
46828: up: a
46907: down: s
46985: up: s
47078: down: <space>
47188: up: <space>
47969: down: <shift_left>
48125: down: i
48141: up: <shift_left>
48203: up: i
48344: down: <space>
48391: up: <space>
48453: down: r
48547: up: r
48672: down: e
48703: up: e
49016: down: a
49110: up: a
49188: down: l
49297: up: l
49391: down: i
49485: up: i
49875: down: s
50000: up: s
50094: down: e
50203: up: e
50297: down: d
50375: up: d
50469: down: <space>
50563: up: <space>
52360: down: l
52485: up: l
52578: down: o
52672: up: o
52844: down: n
52922: up: n
53141: down: f
53203: up: f
53563: down: <backspace>
53672: up: <backspace>
53688: down: g
53782: up: g
53860: down: <space>
53953: up: <space>
54032: down: t
54141: up: t
54250: down: i
54360: up: i
54469: down: m
54625: up: m
54657: down: e
54735: up: e
54782: down: <space>
54875: up: <space>
54907: down: a
55032: up: a
55282: down: g
55360: up: g
55438: down: o
55547: up: o
55703: down: <space>
55782: up: <space>
55969: down: t
56078: up: t
56157: down: h
56235: up: h
56297: down: a
56407: up: a
56485: down: t
56563: up: t
56688: down: <space>
56782: up: <space>
57469: down: t
57563: up: t
57844: down: h
57922: up: h
58063: down: e
58203: up: e
58407: down: r
58485: up: r
58578: down: e
58657: up: e
59422: down: '
59532: up: '
59563: down: s
59657: up: s
59735: down: <space>
59828: up: <space>
60063: down: n
60110: up: n
60203: down: e
60297: up: e
60657: down: v
60719: up: v
60797: down: e
60922: up: e
60985: down: r
61063: up: r
61141: down: <space>
61219: up: <space>
61282: down: a
61391: up: a
61438: down: n
61532: up: n
61703: down: y
61782: up: y
61985: down: t
62094: up: t
62422: down: h
62516: up: h
62625: down: i
62719: up: i
62875: down: n
62938: up: n
63141: down: g
63235: up: g
63328: down: <space>
63391: up: <space>
63469: down: t
63578: up: t
63672: down: o
63766: up: o
63891: down: <space>
64000: up: <space>
64328: down: w
64422: up: w
64516: down: a
64641: up: a
64750: down: t
64844: up: t
64953: down: c
65063: up: c
65282: down: h
65360: up: h
66422: down: .
66485: up: .
66610: down: <space>
66688: up: <space>
94969: down: <shift_left>
95266: down: i
95344: up: <shift_left>
95375: up: i
95532: down: <space>
95641: up: <space>
95797: down: t
95875: up: t
97172: down: <backspace>
97297: up: <backspace>
97438: down: <backspace>
97578: up: <backspace>
97672: down: <backspace>
97797: up: <backspace>
98594: down: <shift_left>
103016: down: t
103063: up: <shift_left>
103094: up: t
103266: down: h
103375: up: h
103391: down: e
103469: up: e
103563: down: <space>
103625: up: <space>
104547: down: o
104657: up: o
105125: down: b
105203: up: b
105453: down: s
105578: up: s
105813: down: t
105891: up: t
105985: down: i
106063: up: i
106219: down: n
106282: up: n
106375: down: a
106485: up: a
106672: down: t
106766: up: t
106844: down: i
106953: up: i
107047: down: o
107172: up: o
107360: down: n
107438: up: n
107532: down: <space>
107594: up: <space>
109860: down: t
109922: up: t
110000: down: o
110094: up: o
110235: down: <space>
110313: up: <space>
110563: down: b
110641: up: b
110875: down: r
110953: up: r
111297: down: o
111391: up: o
111469: down: a
111625: up: a
112078: down: d
112188: up: d
112360: down: c
112438: up: c
112485: down: a
112625: up: a
112735: down: s
112828: up: s
112969: down: t
113032: up: t
113172: down: <space>
113250: up: <space>
113688: down: o
113766: up: o
114125: down: v
114188: up: v
114235: down: e
114375: up: e
114453: down: r
114532: up: r
114657: down: <space>
114735: up: <space>
114782: down: a
114891: up: a
115000: down: n
115094: up: n
115172: down: d
115250: up: d
115297: down: <space>
115391: up: <space>
115766: down: o
115875: up: o
116094: down: v
116172: up: v
116219: down: e
116360: up: e
116407: down: r
116516: up: r
116547: down: <space>
116625: up: <space>
116703: down: t
116782: up: t
116828: down: h
116907: up: h
117032: down: e
117125: up: e
117203: down: <space>
117313: up: <space>
117594: down: s
117688: up: s
117766: down: a
117860: up: a
118000: down: m
118094: up: m
118141: down: e
118219: up: e
118282: down: <space>
118344: up: <space>
118516: down: s
118625: up: s
118844: down: h
118907: up: h
119172: down: o
119250: up: o
119438: down: w
119563: up: w
119750: down: s
119844: up: s
119953: down: <space>
120016: up: <space>
120078: down: a
120188: up: a
120250: down: m
120313: up: m
120438: down: a
120547: up: a
120703: down: z
120797: up: z
120969: down: e
121094: up: e
121219: down: s
121282: up: s
121453: down: <space>
121547: up: <space>
121719: down: m
121813: up: m
121875: down: e
121969: up: e
122344: down: .
122453: up: .
122563: down: <space>
122672: up: <space>
125172: down: <shift_left>
125719: down: b
125797: up: <shift_left>
125797: up: b
125844: down: e
125953: up: e
126032: down: s
126141: up: s
126235: down: i
126360: up: i
126469: down: d
126578: up: d
126641: down: e
126735: up: e
126828: down: s
126907: up: s
127000: down: <space>
127094: up: <space>
127750: down: y
127828: up: y
127907: down: o
128032: up: o
128188: down: u
128250: up: u
128375: down: <space>
128469: up: <space>
128766: down: c
128828: up: c
128907: down: a
129000: up: a
129094: down: n
129157: up: n
129250: down: <space>
129328: up: <space>
129391: down: s
129500: up: s
129813: down: e
129891: up: e
129953: down: e
130032: up: e
130203: down: <space>
130282: up: <space>
130375: down: t
130453: up: t
130563: down: h
130578: down: g
130610: up: g
130625: up: h
130703: down: e
130797: up: e
131297: down: <backspace>
131407: up: <backspace>
131500: down: <backspace>
131610: up: <backspace>
132344: down: e
132438: up: e
132485: down: <space>
132563: up: <space>
133157: down: s
133266: up: s
133375: down: a
133453: up: a
133532: down: m
133625: up: m
133688: down: e
133766: up: e
133813: down: <space>
133891: up: <space>
133969: down: s
134078: up: s
134250: down: o
134344: up: o
134453: down: p
134547: up: p
134641: down: a
134735: up: a
134860: down: <space>
134922: up: <space>
135500: down: <backspace>
135578: up: <backspace>
135672: down: <backspace>
135750: up: <backspace>
136063: down: <backspace>
136172: up: <backspace>
136235: down: a
136344: up: a
136922: down: p
137000: up: p
137157: down: m
137203: up: m
138016: down: <backspace>
138110: up: <backspace>
138188: down: <backspace>
138266: up: <backspace>
138547: down: <space>
138610: up: <space>
139063: down: o
139125: up: o
139203: down: p
139297: up: p
139344: down: e
139469: up: e
139532: down: r
139625: up: r
139844: down: a
139969: up: a
140063: down: s
140141: up: s
140266: down: <space>
140375: up: <space>
141219: down: s
141344: up: s
141438: down: e
141500: up: e
141703: down: v
141782: up: v
141875: down: e
142000: up: e
142094: down: r
142172: up: r
142313: down: a
142422: up: a
142516: down: l
142610: up: l
142735: down: <space>
142813: up: <space>
143360: down: t
143407: up: t
143532: down: i
143625: up: i
143735: down: m
143891: up: m
143891: down: e
143969: up: e
144110: down: s
144172: up: s
144250: down: <space>
144344: up: <space>
144375: down: a
144469: up: a
144532: down: <space>
144610: up: <space>
144641: down: d
144735: up: d
144875: down: a
144969: up: a
145125: down: y
145235: up: y
145422: down: <space>
145485: up: <space>
145750: down: o
145875: up: o
146000: down: n
146063: up: n
146172: down: <space>
146235: up: <space>
146328: down: t
146422: up: t
146485: down: h
146563: up: h
146641: down: e
146735: up: e
146828: down: <space>
146938: up: <space>
147000: down: a
147110: up: a
147453: down: <backspace>
147594: up: <backspace>
147594: down: s
147703: up: s
147797: down: a
147922: up: a
148500: down: m
148610: up: m
148672: down: e
148750: up: e
148813: down: <space>
148907: up: <space>
148953: down: c
149094: up: c
149203: down: h
149282: up: h
149328: down: a
149407: up: a
149500: down: n
149547: up: n
149641: down: n
149703: up: n
149797: down: e
149891: up: e
150516: down: l
150594: up: l
151407: down: ,
151469: up: ,
151547: down: <space>
151672: up: <space>
151750: down: t
151844: up: t
151907: down: h
151985: up: h
152032: down: e
152141: up: e
152219: down: r
152297: up: r
152344: down: e
152422: up: e
152469: down: <space>
152563: up: <space>
152938: down: a
153047: up: a
153266: down: r
153328: up: r
153391: down: e
153500: up: e
153563: down: <space>
153641: up: <space>
153735: down: f
153844: up: f
153969: down: e
154063: up: e
154360: down: w
154453: up: w
154703: down: <space>
154813: up: <space>
154969: down: o
155063: up: o
155172: down: f
155250: up: f
155282: down: <space>
155391: up: <space>
155469: down: t
155547: up: t
155594: down: h
155672: up: h
155766: down: e
155860: up: e
155953: down: <space>
156016: up: <space>
156469: down: t
156547: up: t
156625: down: h
156703: up: h
156797: down: a
156891: up: a
156953: down: t
157000: up: t
157141: down: <space>
157219: up: <space>
157469: down: y
157547: up: y
157594: down: o
157703: up: o
157907: down: u
157969: up: u
158110: down: <space>
158172: up: <space>
158438: down: c
158485: up: c
158532: down: a
158625: up: a
158703: down: n
158797: up: n
158891: down: <space>
158953: up: <space>
159032: down: s
159141: up: s
159407: down: e
159485: up: e
159532: down: e
159625: up: e
159719: down: <space>
159813: up: <space>
160000: down: o
160125: up: o
160235: down: n
160360: up: n
160844: down: <space>
160938: up: <space>
161922: down: s
162047: up: s
162125: down: e
162203: up: e
162438: down: v
162516: up: v
162563: down: e
162657: up: e
162797: down: r
162860: up: r
162907: down: a
163016: up: a
163203: down: l
163297: up: l
163453: down: <space>
163532: up: <space>
163625: down: c
163703: up: c
163875: down: h
163953: up: h
163985: down: a
164078: up: a
164157: down: n
164219: up: n
164297: down: n
164360: up: n
164438: down: e
164532: up: e
164688: down: l
164766: up: l
165235: down: s
165344: up: s
165688: down: .
165766: up: .
165907: down: <space>
166016: up: <space>
166891: down: <shift_left>
167094: down: a
167157: up: <shift_left>
167235: up: a
167547: down: f
167657: up: f
167766: down: t
167844: up: t
167938: down: e
168063: up: e
168157: down: r
168219: up: r
168297: down: <space>
168391: up: <space>
169688: down: o
169797: up: o
169907: down: n
170000: up: n
170110: down: <space>
170203: up: <space>
170735: down: <backspace>
170860: up: <backspace>
171578: down: e
171672: up: e
171782: down: <space>
171875: up: <space>
172547: down: s
172641: up: s
173172: down: h
173250: up: h
173938: down: o
174016: up: o
174094: down: w
174203: up: w
174250: down: <space>
174344: up: <space>
175938: down: i
176032: up: i
176094: down: s
176188: up: s
176266: down: n
176282: down: <space>
176407: up: n
176407: up: <space>
176907: down: <backspace>
177016: up: <backspace>
177078: down: <backspace>
177219: up: <backspace>
178953: down: <space>
179063: up: <space>
179766: down: w
179891: up: w
179953: down: e
180032: up: e
180172: down: a
180297: up: a
180453: down: r
180563: up: r
180657: down: e
180782: up: e
180891: down: d
180969: up: d
181047: down: <space>
181172: up: <space>
181250: down: a
181391: up: a
181469: down: n
181610: up: n
181782: down: d
181875: up: d
181922: down: <space>
182032: up: <space>
182110: down: t
182219: up: t
182375: down: e
182485: up: e
182641: down: a
182766: up: a
182922: down: r
183032: up: r
183110: down: e
183203: up: e
183328: down: d
183422: up: d
183485: down: <space>
183610: up: <space>
183938: down: o
184063: up: o
184235: down: n
184328: up: n
184438: down: <space>
184532: up: <space>
184750: down: a
184844: up: a
184891: down: <space>
185000: up: <space>
185235: down: p
185344: down: a
185360: up: p
185453: up: a
185625: down: r
185719: up: r
185813: down: t
185875: up: t
186078: down: i
186172: up: i
186438: down: c
186547: up: c
186719: down: u
186797: up: u
186922: down: l
187016: up: l
187047: down: a
187172: up: a
187313: down: r
187391: up: r
187469: down: <space>
187578: up: <space>
187610: down: c
187719: up: c
187844: down: h
187938: up: h
187969: down: a
188063: up: a
188203: down: n
188282: up: n
188328: down: n
188422: up: n
188532: down: e
188641: up: e
189328: down: l
189407: up: l
190407: down: ,
190469: up: ,
190578: down: <space>
190641: up: <space>
190891: down: i
190985: up: i
191141: down: t
191219: up: t
191813: down: '
191907: up: '
192188: down: s
192282: up: s
192391: down: <space>
192469: up: <space>
192969: down: r
193032: up: r
193094: down: e
193188: up: e
193391: down: p
193516: up: p
193547: down: a
193657: up: a
193844: down: i
193922: up: i
194063: down: n
194157: up: n
194344: down: t
194422: up: t
194516: down: e
194641: up: e
194735: down: d
194828: up: d
195063: down: ,
195125: up: ,
195235: down: <space>
195328: up: <space>
195563: down: r
195625: up: r
195688: down: e
195782: up: e
195938: down: v
196000: up: v
196078: down: a
196188: up: a
196328: down: m
196407: up: m
196657: down: p
196750: up: p
196844: down: e
196969: up: e
197078: down: d
197157: up: d
197391: down: <space>
197485: up: <space>
197578: down: a
197703: up: a
197750: down: n
197828: up: n
197953: down: d
198047: up: d
198125: down: <space>
198188: up: <space>
198422: down: r
198516: up: r
198594: down: r
198641: up: r
199375: down: <backspace>
199532: up: <backspace>
199641: down: <backspace>
199766: up: <backspace>
199828: down: s
199953: up: s
200297: down: <backspace>
200422: up: <backspace>
200875: down: e
200969: up: e
201110: down: s
201203: up: s
201469: down: o
201578: up: o
202188: down: l
202282: up: l
202578: down: d
202688: up: d
202735: down: <space>
202797: up: <space>
203000: down: t
203094: up: t
203172: down: o
203250: up: o
203360: down: <space>
203438: up: <space>
203500: down: a
203594: up: a
203672: down: n
203719: up: n
203938: down: o
204063: up: o
204188: down: t
204282: up: t
204422: down: h
204469: up: h
204547: down: e
204672: up: e
204766: down: r
204828: up: r
204891: down: <space>
204985: up: <space>
205969: down: c
206063: up: c
206203: down: a
206282: up: a
206657: down: h
206766: up: h
207422: down: <backspace>
207485: up: <backspace>
207563: down: <backspace>
207672: up: <backspace>
208157: down: h
208219: up: h
208266: down: a
208360: up: a
208438: down: n
208500: up: n
208563: down: n
208657: up: n
208750: down: e
208844: up: e
209047: down: l
209157: up: l
209266: down: <space>
209375: up: <space>
210016: down: a
210157: up: a
210297: down: n
210391: up: n
210563: down: d
210672: up: d
210719: down: <space>
210782: up: <space>
211000: down: e
211125: up: e
211282: down: v
211360: up: v
211422: down: e
211547: up: e
211657: down: r
211735: up: r
212500: down: y
212563: up: y
213078: down: t
213172: up: t
213313: down: h
213422: up: h
213532: down: i
213657: up: i
213766: down: n
213875: up: n
214078: down: g
214172: up: g
214297: down: <space>
214407: up: <space>
215250: down: s
215344: up: s
215563: down: t
215657: up: t
215688: down: a
215797: up: a
215922: down: r
215985: up: r
216078: down: t
216172: up: t
216282: down: s
216375: up: s
216438: down: <space>
216516: up: <space>
216813: down: o
216891: up: o
217094: down: v
217172: up: v
217235: down: e
217360: up: e
217438: down: r
217485: up: r
217547: down: <space>
217625: up: <space>
217688: down: a
217782: up: a
217907: down: g
217969: up: g
218047: down: a
218141: up: a
218219: down: i
218313: up: i
218422: down: n
218500: up: n
218938: down: .
219032: up: .
220157: down: <space>
220266: up: <space>
221360: down: <shift_left>
221672: down: i
221703: up: <shift_left>
221750: up: i
221875: down: <space>
221953: up: <space>
222032: down: w
222125: up: w
222250: down: a
222360: up: a
222407: down: s
222485: up: s
222578: down: <space>
222641: up: <space>
223094: down: w
223188: up: w
223235: down: o
223344: up: o
223532: down: n
223610: up: n
223750: down: d
223875: up: d
223953: down: e
224078: up: e
224157: down: r
224235: up: r
224344: down: i
224438: up: i
224547: down: n
224672: up: n
224813: down: g
224953: up: g
224985: down: <space>
225078: up: <space>
225250: down: i
225344: up: i
225516: down: f
225610: up: f
225641: down: <space>
225719: up: <space>
233032: down: t
233094: up: t
233219: down: h
233344: up: h
233391: down: e
233485: up: e
233578: down: r
233657: up: r
233750: down: e
233828: up: e
233985: down: <space>
234078: up: <space>
234532: down: i
234625: up: i
234688: down: s
234782: up: s
234828: down: <space>
234891: up: <space>
234985: down: s
235110: up: s
235266: down: t
235344: up: t
235469: down: i
235532: up: i
235735: down: l
235828: up: l
235891: down: l
235969: up: l
236094: down: <space>
236172: up: <space>
239391: down: a
239532: up: a
239719: down: u
239797: up: u
240000: down: d
240110: up: d
240235: down: i
240344: up: i
240407: down: e
240547: up: e
240703: down: n
240797: up: n
241375: down: c
241438: up: c
241500: down: e
241610: up: e
241657: down: <space>
241735: up: <space>
241813: down: f
241907: up: f
242032: down: o
242157: up: o
242250: down: r
242360: up: r
242407: down: <space>
242516: up: <space>
243219: down: s
243344: up: s
243610: down: h
243735: up: h
243766: down: o
243860: up: o
244157: down: w
244282: up: w
244516: down: s
244594: up: s
244672: down: <space>
244797: up: <space>
245485: down: l
245610: up: l
245735: down: i
245828: up: i
245953: down: k
246016: up: k
246094: down: e
246188: up: e
246219: down: <space>
246313: up: <space>
246735: down: <shift_right>
247000: down: '
247266: up: <shift_right>
247266: up: '
248297: down: <arrow_left>
248969: down: t
249000: up: <arrow_left>
249032: up: t
249141: down: h
249235: up: h
249266: down: e
249360: up: e
249422: down: <space>
249500: up: <space>
249844: down: y
249922: up: y
249969: down: o
250094: up: o
250266: down: u
250344: up: u
250469: down: n
250563: up: n
250860: down: g
250938: up: g
251016: down: <space>
251078: up: <space>
251188: down: a
251282: up: a
251328: down: n
251407: up: n
251516: down: d
251594: up: d
251657: down: <space>
251735: up: <space>
251828: down: t
251907: up: t
252000: down: h
252063: up: h
252125: down: e
252203: up: e
252375: down: r
252453: up: r
252532: down: e
252610: up: e
252782: down: s
252891: up: s
253000: down: t
253063: up: t
253438: down: e
253532: up: e
253813: down: s
254032: up: s
254672: down: <arrow_right>
254985: up: <arrow_right>
255485: down: <space>
255594: up: <space>
255844: down: o
255953: up: o
256016: down: r
256110: up: r
256188: down: <space>
256250: up: <space>
256313: down: t
256391: up: t
256469: down: h
256547: up: h
256625: down: e
256719: up: e
256828: down: y
256891: up: y
257032: down: <space>
257094: up: <space>
257188: down: a
257266: up: a
257360: down: r
257422: up: r
257532: down: e
257594: up: e
257641: down: <space>
257750: up: <space>
257907: down: j
258000: up: j
258094: down: u
258203: up: u
258250: down: s
258375: up: s
258485: down: t
258563: up: t
258688: down: <space>
258750: up: <space>
258907: down: a
259016: up: a
259078: down: <space>
259157: up: <space>
259469: down: c
259563: up: c
259688: down: o
259766: up: o
259891: down: n
259969: up: n
260172: down: v
260235: up: v
260297: down: e
260391: up: e
260563: down: n
260625: up: n
260813: down: i
260875: up: i
261032: down: e
261125: up: e
261735: down: <backspace>
261844: up: <backspace>
262797: down: e
262907: up: e
262938: down: n
263047: up: n
263188: down: t
263282: up: t
263344: down: <space>
263407: up: <space>
264422: down: f
264516: up: f
264688: down: i
264766: up: i
264969: down: l
265188: up: l
265313: down: i
265375: up: i
265469: down: n
265563: up: n
265719: down: g
265797: up: g
265860: down: <space>
265938: up: <space>
266047: down: m
266110: up: m
266141: down: a
266250: up: a
266407: down: t
266469: up: t
266547: down: e
266657: up: e
266750: down: r
266813: up: r
266875: down: i
266969: up: i
267078: down: a
267172: up: a
267219: down: l
267328: up: l
267485: down: <space>
267532: up: <space>
268250: down: f
268344: up: f
268407: down: o
268516: up: o
268641: down: r
268766: up: r
268782: down: <space>
268891: up: <space>
271907: down: t
272000: up: t
272297: down: h
272360: up: h
272782: down: s
272922: up: s
273016: down: e
273094: up: e
273219: down: <space>
273297: up: <space>
273375: down: d
273453: up: d
274328: down: e
274407: up: e
274547: down: a
274672: up: a
274782: down: d
274844: up: d
275344: down: h
275438: up: h
275500: down: o
275594: up: o
276172: down: r
276250: up: r
276578: down: s
276672: up: s
278172: down: <backspace>
278485: up: <backspace>
279203: down: u
279282: up: u
279641: down: s
279703: up: s
279782: down: <space>
279860: up: <space>
280203: down: o
280266: up: o
280375: down: f
280469: up: f
280485: down: <space>
280563: up: <space>
280657: down: t
280735: up: t
280782: down: h
280860: up: h
280938: down: e
281000: up: e
281047: down: <space>
281157: up: <space>
281391: down: d
281453: up: d
281532: down: a
281625: up: a
282000: down: y
282047: up: y
283547: down: .
283610: up: .

