# Keylogger Version 0.1; Format: (timestamp, downstroke/upstroke, key)
0: down: <shift_left>
625: down: t
703: up: t
734: up: <shift_left>
922: down: h
984: up: h
1328: down: i
1391: up: i
1469: down: s
1578: up: s
1625: down: <space>
1703: up: <space>
1875: down: i
1953: up: i
2047: down: s
2141: up: s
2234: down: <space>
2313: up: <space>
3516: down: a
3641: up: a
3844: down: n
3906: up: n
4016: down: <space>
4063: up: <space>
4141: down: e
4266: up: e
4391: down: m
4469: up: m
4531: down: a
4641: up: a
4688: down: i
4750: up: i
4875: down: l
4953: up: l
5078: down: <space>
5125: up: <space>
5219: down: d
5313: up: d
5406: down: e
5484: up: e
5563: down: s
5672: up: s
5797: down: c
5906: up: c
6031: down: r
6109: up: r
6203: down: i
6281: up: i
6500: down: b
6594: up: b
6672: down: i
6750: up: i
6859: down: n
6938: up: n
7125: down: g
7219: up: g
7266: down: <space>
7359: up: <space>
12922: down: m
13016: up: m
13266: down: y
13344: up: y
13469: down: <space>
13531: up: <space>
13875: down: m
13953: up: m
14094: down: o
14156: up: o
14266: down: r
14344: up: r
14500: down: n
14547: up: n
14703: down: i
14766: up: i
14891: down: n
14984: up: n
15266: down: g
15359: up: g
15469: down: <space>
15516: up: <space>
15594: down: r
15688: up: r
15766: down: o
15891: up: o
16031: down: u
16094: up: u
16250: down: t
16344: up: t
16422: down: i
16500: up: i
16625: down: n
16750: up: n
16844: down: e
16938: up: e
17328: down: s
17406: up: s
18453: down: <enter>
18516: up: <enter>
18891: down: <shift_left>
19625: down: i
19672: up: <shift_left>
19703: up: i
19828: down: <space>
19906: up: <space>
19984: down: d
20078: up: d
20219: down: o
20281: up: o
20406: down: <space>
20469: up: <space>
20672: down: h
20750: up: h
20813: down: a
20938: up: a
21094: down: v
21156: up: v
21234: down: e
21313: up: e
21406: down: <space>
21484: up: <space>
22516: down: q
22609: up: q
22734: down: u
22797: up: u
22891: down: i
22953: up: i
23063: down: r
23141: up: r
23484: down: <backspace>
23547: up: <backspace>
23609: down: t
23703: up: t
23844: down: <space>
23906: up: <space>
24688: down: <backspace>
24797: up: <backspace>
25344: down: e
25422: up: e
25516: down: <space>
25578: up: <space>
25688: down: f
25766: up: f
25953: down: e
26031: up: e
26141: down: w
26203: up: w
26344: down: <space>
26406: up: <space>
26500: down: a
26609: up: a
26688: down: n
26750: up: n
26844: down: d
26922: up: d
27016: down: <space>
27063: up: <space>
27297: down: <shift_left>
27484: down: i
27547: up: <shift_left>
27563: up: i
27703: down: <space>
27781: up: <space>
28563: down: <shift_left>
29609: up: <shift_left>
29734: down: <backspace>
29797: up: <backspace>
30125: down: <backspace>
30219: up: <backspace>
30281: down: <shift_left>
30500: up: <shift_left>
30969: down: i
31031: up: i
31125: down: f
31188: up: f
31266: down: <space>
31313: up: <space>
31469: down: <shift_left>
31625: down: i
31672: up: i
31703: up: <shift_left>
31813: down: <space>
31891: up: <space>
31953: down: d
32063: up: d
32141: down: o
32234: up: o
32438: down: n
32500: up: n
33219: down: '
33297: up: '
33516: down: t
33594: up: t
33688: down: <space>
33750: up: <space>
34000: down: p
34063: up: p
34125: down: e
34219: up: e
34297: down: r
34359: up: r
34484: down: f
34547: up: f
34688: down: o
34781: up: o
35047: down: r
35141: up: r
35375: down: m
35484: up: m
35594: down: <space>
35656: up: <space>
35719: down: t
35797: up: t
35891: down: h
35969: up: h
36063: down: e
36156: up: e
36250: down: <space>
36328: up: <space>
36594: down: i
36688: up: i
36797: down: n
36875: up: n
36938: down: <space>
37031: up: <space>
37156: down: a
37234: up: a
37359: down: <space>
37438: up: <space>
37516: down: r
37594: up: r
38172: down: i
38250: up: i
38656: down: g
38734: up: g
38859: down: u
38953: up: u
39172: down: r
39266: up: r
39328: down: o
39469: up: o
39594: down: u
39688: up: u
39781: down: s
39859: up: s
39906: down: <space>
40000: up: <space>
40375: down: o
40469: up: o
40578: down: r
40672: up: r
40875: down: d
40969: up: d
41250: down: e
41359: up: e
41469: down: r
41547: up: r
42656: down: ,
42766: up: ,
42859: down: <space>
42938: up: <space>
43156: down: <shift_left>
43672: up: <shift_left>
43828: down: m
43922: up: m
44156: down: y
44234: up: y
44375: down: <space>
44438: up: <space>
44500: down: d
44594: up: d
44719: down: a
44813: up: a
44891: down: y
44969: up: y
45078: down: <space>
45172: up: <space>
45359: down: i
45438: up: i
45484: down: s
45578: up: s
45688: down: <space>
45750: up: <space>
45828: down: a
45906: up: a
46016: down: l
46078: up: l
46156: down: l
46234: up: l
46375: down: <space>
46422: up: <space>
46500: down: m
46578: up: m
46625: down: e
46703: up: e
46859: down: s
46922: up: s
46984: down: s
47063: up: s
47172: down: e
47250: up: e
47422: down: d
47531: up: d
47844: down: <space>
47922: up: <space>
48469: down: u
48531: up: u
48844: down: p
48906: up: p
49469: down: .
49547: up: .
50250: down: <space>
50313: up: <space>
50594: down: <shift_left>
50969: down: f
51031: up: <shift_left>
51063: up: f
51656: down: i
51750: up: i
51813: down: r
51906: up: r
52094: down: s
52172: up: s
52219: down: t
52281: up: t
52406: down: <space>
52484: up: <space>
52750: down: o
52828: up: o
52922: down: f
53016: up: f
53063: down: <space>
53141: up: <space>
53203: down: a
53297: up: a
53422: down: l
53484: up: l
53547: down: l
53641: up: l
53906: down: ,
54000: up: ,
54078: down: <space>
54172: up: <space>
54328: down: <shift_left>
54484: down: i
54531: up: <shift_left>
54547: up: i
54656: down: <space>
54719: up: <space>
54922: down: p
55109: down: o
55141: up: p
55250: up: o
55500: down: u
55578: up: u
55703: down: r
55813: up: r
55906: down: <space>
56000: up: <space>
56156: down: m
56234: up: m
56406: down: u
56422: up: u
56578: down: y
56625: up: y
56766: down: s
56875: up: s
56969: down: e
57063: up: e
57344: down: <backspace>
57406: up: <backspace>
57500: down: <backspace>
57563: up: <backspace>
57625: down: <backspace>
57672: up: <backspace>
57750: down: <backspace>
57781: up: <backspace>
58094: down: <backspace>
58141: up: <backspace>
58797: down: y
58844: up: y
58969: down: s
59078: up: s
59172: down: e
59281: up: e
59516: down: l
59594: up: l
59750: down: f
59828: up: f
59906: down: <space>
59969: up: <space>
60031: down: a
60141: up: a
60219: down: <space>
60281: up: <space>
60469: down: b
60547: up: b
60688: down: i
60766: up: i
61094: down: g
61188: up: g
61281: down: <space>
61344: up: <space>
61563: down: c
61656: up: c
61813: down: u
61875: up: u
62078: down: p
62172: up: p
62344: down: <space>
62422: up: <space>
62609: down: o
62672: up: o
62797: down: f
62875: up: f
62953: down: <space>
63047: up: <space>
63094: down: c
63188: up: c
63375: down: o
63422: up: o
63953: down: f
64000: up: f
64078: down: f
64141: up: f
64313: down: e
64406: up: e
65359: down: <space>
65438: up: <space>
65906: down: <backspace>
65969: up: <backspace>
66531: down: e
66594: up: e
66672: down: <space>
66750: up: <space>
67766: down: i
67891: up: i
68031: down: n
68078: up: n
68188: down: <space>
68266: up: <space>
68391: down: w
68500: up: w
68984: down: i
69078: up: i
69563: down: c
69672: up: c
69781: down: h
69875: up: h
69984: down: <space>
70063: up: <space>
70375: down: <shift_left>
70563: down: i
70625: up: <shift_left>
70641: up: i
70766: down: <space>
70844: up: <space>
70938: down: a
71016: up: a
71281: down: d
71297: up: d
71406: down: d
71453: up: d
71797: down: <space>
71891: up: <space>
72891: down: e
72984: up: e
73297: down: x
73359: up: x
73563: down: a
73641: up: a
73797: down: c
73906: up: c
74359: down: t
74438: up: t
74500: down: l
74625: up: l
74938: down: y
75000: up: y
75156: down: <space>
75234: up: <space>
75328: down: t
75438: up: t
75578: down: o
75656: up: o
75813: down: <space>
75875: up: <space>
77297: down: t
77375: up: t
77547: down: e
77625: up: e
77781: down: a
77875: up: a
78031: down: s
78094: up: s
78281: down: p
78375: up: p
78609: down: o
78672: up: o
78734: down: o
78813: up: o
78953: down: n
79031: up: n
79141: down: s
79234: up: s
79297: down: <space>
79375: up: <space>
79641: down: o
79734: up: o
79844: down: f
79922: up: f
80000: down: <space>
80063: up: <space>
80203: down: s
80313: up: s
80469: down: u
80563: up: u
81063: down: g
81141: up: g
81188: down: a
81313: up: a
81359: down: r
81438: up: r
81578: down: <space>
81656: up: <space>
81750: down: a
81844: up: a
82063: down: n
82156: up: n
82266: down: d
82359: up: d
82438: down: <space>
82516: up: <space>
85906: down: t
85984: up: t
86219: down: w
86297: up: w
86406: down: o
86500: up: o
86656: down: <space>
86719: up: <space>
87516: down: o
87641: up: o
87766: down: u
87844: up: u
87984: down: n
88063: up: n
88313: down: c
88375: up: c
88453: down: e
88531: up: e
88641: down: s
88719: up: s
88797: down: <space>
88875: up: <space>
89875: down: o
89938: up: o
90688: down: f
90750: up: f
90875: down: <space>
90891: up: <space>
93234: down: w
93328: up: w
94531: down: h
94625: up: h
94688: down: o
94750: up: o
94844: down: l
94938: up: l
95000: down: e
95078: up: e
95109: down: <space>
95203: up: <space>
95313: down: m
95328: down: ,
95359: up: ,
95375: up: m
95672: down: i
95750: up: i
95875: down: l
95922: up: l
96688: down: k
96766: up: k
97375: down: <backspace>
97438: up: <backspace>
97516: down: <backspace>
97625: up: <backspace>
97688: down: <backspace>
97750: up: <backspace>
97797: down: <backspace>
97875: up: <backspace>
98406: down: i
98469: up: i
98594: down: l
98672: up: l
99328: down: k
99391: up: k
100281: down: .
100344: up: .
100453: down: <space>
100547: up: <space>
100688: down: <shift_left>
100922: down: n
100938: up: <shift_left>
100984: up: n
101172: down: o
101250: up: o
101563: down: t
101656: up: t
102234: down: <space>
102297: up: <space>
102766: down: s
102859: up: s
103375: down: k
103438: up: k
103547: down: i
103625: up: i
103844: down: n
103922: up: n
104813: down: <backspace>
104906: up: <backspace>
105703: down: m
105797: up: m
106281: down: ,
106359: up: ,
106438: down: <space>
106531: up: <space>
106875: down: n
106938: up: n
107234: down: o
107313: up: o
107453: down: t
107516: up: t
107609: down: <space>
107672: up: <space>
108125: down: t
108219: up: t
108563: down: w
108656: up: w
108719: down: o
108813: up: o
108938: down: <space>
109000: up: <space>
109203: down: p
109266: up: p
109391: down: e
109484: up: e
109578: down: r
109672: up: r
109906: down: c
109969: up: c
110063: down: e
110156: up: e
110328: down: n
110406: up: n
110641: down: t
110719: up: t
111875: down: s
111938: up: s
112906: down: <backspace>
112984: up: <backspace>
115594: down: ,
115672: up: ,
115781: down: <space>
115859: up: <space>
116250: down: n
116344: up: n
116656: down: o
116734: up: o
116891: down: t
117016: up: t
117094: down: <space>
117156: up: <space>
120094: down: v
120156: up: v
120234: down: e
120328: up: e
120656: down: g
120719: up: g
120766: down: e
120844: up: e
121125: down: t
121188: up: t
121250: down: a
121375: up: a
122000: down: b
122094: up: b
122188: down: l
122266: up: l
122328: down: e
122422: up: e
122469: down: <space>
122531: up: <space>
123125: down: c
123219: up: c
123391: down: r
123453: up: r
123531: down: e
123594: up: e
123734: down: a
123828: up: a
123922: down: m
123984: up: m
124063: down: e
124188: up: e
124297: down: r
124359: up: r
125797: down: .
125906: up: .
126047: down: <space>
126125: up: <space>
126578: down: <shift_left>
126969: down: w
127047: up: <shift_left>
127078: up: w
127344: down: h
127438: up: h
127516: down: o
127578: up: o
127656: down: l
127766: up: l
127813: down: e
127906: up: e
128047: down: <space>
128141: up: <space>
128219: down: m
128313: up: m
128438: down: i
128516: up: i
128781: down: l
128875: up: l
129047: down: k
129109: up: k
130156: down: ,
130234: up: ,
130375: down: <space>
130500: up: <space>
130609: down: e
130719: up: e
131094: down: n
131156: up: n
131359: down: o
131453: up: o
131922: down: u
131969: up: u
132234: down: g
132328: up: g
132359: down: h
132453: up: h
132578: down: <space>
132656: up: <space>
132703: down: t
132797: up: t
132938: down: o
133031: up: o
133203: down: <space>
133344: up: <space>
134188: down: g
134281: up: g
134391: down: i
134469: up: i
134766: down: v
134813: up: v
134922: down: e
135000: up: e
135047: down: <space>
135125: up: <space>
135219: down: t
135313: up: t
135359: down: h
135422: up: h
135500: down: e
135578: up: e
135656: down: <space>
135734: up: <space>
135797: down: c
135859: up: c
135953: down: o
136016: up: o
136313: down: f
136375: up: f
136453: down: f
136516: up: f
136688: down: e
136766: up: e
136906: down: <space>
137016: up: <space>
137047: down: t
137125: up: t
137219: down: h
137313: up: h
137422: down: a
137516: up: a
137563: down: t
137625: up: t
137766: down: <space>
137859: up: <space>
137922: down: a
138016: up: a
138313: down: d
138375: up: d
138469: down: d
138516: up: d
138594: down: o
138672: up: o
138781: down: r
138859: up: r
139031: down: a
139141: up: a
139406: down: b
139484: up: b
139578: down: l
139656: up: l
139719: down: e
139828: up: e
139859: down: <space>
139953: up: <space>
140281: down: w
140375: up: w
140500: down: a
140609: up: a
140797: down: r
140891: up: r
141109: down: m
141188: up: m
141297: down: <space>
141359: up: <space>
145391: down: b
145484: up: b
145969: down: <backspace>
146094: up: <backspace>
146781: down: l
146875: up: l
147000: down: i
147094: up: i
147469: down: g
147578: up: g
147672: down: h
147750: up: h
147828: down: t
147906: up: t
147953: down: <space>
148078: up: <space>
148281: down: b
148375: up: b
148547: down: r
148656: up: r
148766: down: o
148891: up: o
149188: down: w
149266: up: w
149422: down: n
149500: up: n
149609: down: <space>
149672: up: <space>
149766: down: c
149859: up: c
149984: down: o
150047: up: o
150141: down: l
150234: up: l
150297: down: o
150391: up: o
150484: down: r
150578: up: r
150969: down: .
151047: up: .
153906: down: <space>
153953: up: <space>
154734: down: <shift_left>
155406: down: t
155453: up: <shift_left>
155469: up: t
155609: down: h
155688: up: h
155766: down: e
155844: up: e
156094: down: <space>
156156: up: <space>
156578: down: <backspace>
156656: up: <backspace>
156750: down: <backspace>
156797: up: <backspace>
157078: down: <backspace>
157156: up: <backspace>
157250: down: <backspace>
157281: up: <backspace>
157797: down: <shift_left>
158031: down: w
158094: up: <shift_left>
158203: up: w
158641: down: h
158750: up: h
158813: down: i
158891: up: i
159031: down: l
159063: up: l
159141: down: e
159219: up: e
159906: down: <space>
160016: up: <space>
160453: down: p
160516: up: p
160594: down: e
160719: up: e
160781: down: r
160875: up: r
160969: down: f
161063: up: f
161125: down: o
161219: up: o
161328: down: r
161422: up: r
161531: down: m
161625: up: m
161781: down: i
161844: up: i
161969: down: n
162047: up: n
162250: down: g
162375: up: g
162453: down: <space>
162547: up: <space>
162578: down: t
162672: up: t
162781: down: h
162844: up: h
162922: down: e
163000: up: e
163078: down: <space>
163141: up: <space>
163203: down: c
163297: up: c
163391: down: o
163453: up: o
163781: down: f
163859: up: f
163938: down: f
164000: up: f
164219: down: e
164313: up: e
164375: down: e
164438: up: e
164547: down: <space>
164641: up: <space>
164734: down: r
164828: up: r
165000: down: o
165141: up: o
165328: down: u
165391: up: u
165625: down: t
165734: up: t
165844: down: i
165922: up: i
166047: down: n
166125: up: n
166219: down: e
166328: up: e
168016: down: ,
168109: up: ,
168203: down: <space>
168281: up: <space>
168453: down: <shift_left>
168688: down: i
168766: up: i
168781: up: <shift_left>
168922: down: <space>
169016: up: <space>
170750: down: s
170844: up: s
171328: down: t
171438: up: t
171906: down: a
172016: up: a
172250: down: r
172391: up: r
172484: down: t
172547: up: t
172688: down: <space>
172813: up: <space>
172906: down: m
173016: up: m
173219: down: y
173297: up: y
173438: down: <space>
173547: up: <space>
173609: down: c
173703: up: c
173797: down: o
173875: up: o
173984: down: m
174063: up: m
174266: down: p
174359: up: p
174563: down: u
174641: up: u
174859: down: t
174938: up: t
175031: down: e
175156: up: e
175281: down: r
175359: up: r
177688: down: <space>
177797: up: <space>
178266: down: w
178344: up: w
178453: down: a
178547: up: a
178719: down: i
178828: up: i
179063: down: t
179156: up: t
179250: down: i
179375: up: i
179484: down: n
179594: up: n
179719: down: g
179813: up: g
179891: down: <space>
179984: up: <space>
180313: down: f
180422: up: f
180500: down: o
180625: up: o
180703: down: r
180828: up: r
180875: down: <space>
180984: up: <space>
181047: down: t
181125: up: t
181203: down: h
181281: up: h
181375: down: e
181469: up: e
181516: down: <space>
181594: up: <space>
181813: down: b
181875: up: b
182078: down: e
182156: up: e
182234: down: e
182297: up: e
182578: down: p
182656: up: p
182969: down: t
183047: up: t
183891: down: <backspace>
183984: up: <backspace>
184281: down: <space>
184359: up: <space>
184703: down: t
184797: up: t
184875: down: h
184969: up: h
185031: down: a
185125: up: a
185219: down: t
185297: up: t
185422: down: <space>
185516: up: <space>
185609: down: c
185672: up: c
185781: down: o
185859: up: o
186000: down: n
186094: up: n
186234: down: f
186328: up: f
186453: down: i
186547: up: i
186672: down: r
186766: up: r
186906: down: m
186969: up: m
187078: down: <space>
187156: up: <space>
187484: down: <backspace>
187547: up: <backspace>
187625: down: s
187703: up: s
187906: down: <space>
188000: up: <space>
188547: down: m
188609: up: m
188719: down: e
188813: up: e
188844: down: <space>
188906: up: <space>
189063: down: t
189141: up: t
189203: down: h
189281: up: h
189406: down: a
189500: up: a
189563: down: t
189641: up: t
189797: down: <space>
189891: up: <space>
190781: down: <shift_left>
191047: down: i
191156: up: <shift_left>
191156: up: i
191438: down: <space>
191516: up: <space>
191828: down: a
191922: up: a
192016: down: m
192094: up: m
192203: down: <space>
192266: up: <space>
192313: down: a
192391: up: a
192547: down: c
192625: up: c
192703: down: o
192781: up: o
192922: down: n
192984: up: n
193047: down: n
193125: up: n
193188: down: e
193266: up: e
193375: down: c
193469: up: c
193609: down: t
193672: up: t
193719: down: e
193813: up: e
193922: down: <space>
194000: up: <space>
194047: down: d
194141: up: d
194891: down: <backspace>
194953: up: <backspace>
194984: down: <backspace>
195094: up: <backspace>
195406: down: d
195500: up: d
195734: down: <space>
195828: up: <space>
199953: down: <backspace>
200031: up: <backspace>
201297: down: <space>
201391: up: <space>
201844: down: t
201922: up: t
202016: down: o
202109: up: o
202266: down: <space>
202344: up: <space>
202422: down: t
202500: up: t
202594: down: h
202688: up: h
202750: down: e
202828: up: e
202906: down: <space>
202969: up: <space>
203141: down: <shift_left>
203266: down: i
203344: up: i
203375: up: <shift_left>
203453: down: n
203547: up: n
203703: down: t
203781: up: t
203828: down: e
203938: up: e
204016: down: r
204094: up: r
204188: down: n
204281: up: n
204313: down: e
204422: up: e
204531: down: t
204641: up: t
205641: down: .
205719: up: .
205813: down: <space>
205906: up: <space>
206438: down: <shift_left>
206688: down: a
206750: up: <shift_left>
206813: up: a
207047: down: f
207156: up: f
207219: down: t
207297: up: t
207422: down: e
207516: up: e
207578: down: r
207641: up: r
207719: down: <space>
207813: up: <space>
207859: down: t
207969: up: t
208031: down: h
208094: up: h
208141: down: e
208234: up: e
208328: down: <space>
208406: up: <space>
208438: down: c
208547: up: c
208766: down: o
208828: up: o
209234: down: f
209281: up: f
209359: down: f
209422: up: f
209516: down: e
209594: up: e
209734: down: <space>
209813: up: <space>
210031: down: i
210094: up: i
210219: down: s
210297: up: s
210375: down: <space>
210438: up: <space>
210531: down: d
210625: up: d
210750: down: o
210828: up: o
210969: down: n
211047: up: n
211266: down: e
211328: up: e
213516: down: <space>
213625: up: <space>
213953: down: a
214063: up: a
214219: down: n
214313: up: n
214406: down: d
214547: up: d
214672: down: <space>
214750: up: <space>
215703: down: t
215781: up: t
215891: down: h
215969: up: h
216047: down: e
216125: up: e
216188: down: <space>
216266: up: <space>
216516: down: c
216578: up: c
216703: down: o
216781: up: o
216953: down: n
217031: up: n
217094: down: n
217141: up: n
217203: down: e
217297: up: e
217406: down: c
217500: up: c
217719: down: t
217797: up: t
217891: down: i
217984: up: i
218047: down: o
218156: up: o
218281: down: n
218359: up: n
218453: down: <space>
218516: up: <space>
218688: down: i
218750: up: i
218828: down: s
218938: up: s
219000: down: <space>
219094: up: <space>
219953: down: s
220000: up: s
220328: down: e
220438: up: e
220578: down: t
220672: up: t
221625: down: ,
221703: up: ,
221781: down: <space>
221875: up: <space>
221969: down: <shift_left>
222156: down: i
222188: up: <shift_left>
222219: up: i
222344: down: <space>
222438: up: <space>
222531: down: s
222656: up: s
222922: down: i
223000: up: i
223125: down: t
223219: up: t
223297: down: <space>
223391: up: <space>
223516: down: b
223578: up: b
223938: down: y
224016: up: y
224141: down: <space>
224234: up: <space>
224297: down: t
224391: up: t
224453: down: h
224531: up: h
224594: down: e
224672: up: e
224734: down: <space>
224828: up: <space>
225219: down: w
225297: up: w
225375: down: i
225453: up: i
225563: down: n
225641: up: n
226063: down: d
226141: up: d
226281: down: o
226359: up: o
226531: down: w
226625: up: w
226922: down: ,
227000: up: ,
227094: down: <space>
227172: up: <space>
227516: down: h
227563: up: h
227609: down: a
227703: up: a
227813: down: v
227891: up: v
227953: down: e
228063: up: e
228141: down: <space>
228219: up: <space>
228750: down: a
228828: up: a
228922: down: <space>
229000: up: <space>
229156: down: l
229266: up: l
229391: down: o
229453: up: o
229609: down: n
229688: up: n
229906: down: g
229984: up: g
230063: down: <space>
230141: up: <space>
230250: down: s
230297: up: s
230469: down: i
230547: up: i
230672: down: p
230750: up: p
230906: down: <space>
231000: up: <space>
231719: down: o
231781: up: o
231922: down: f
232000: up: f
232109: down: <space>
232141: up: <space>
232250: down: c
232313: up: c
232469: down: o
232531: up: o
232828: down: f
232891: up: f
232969: down: f
233031: up: f
233234: down: e
233313: up: e
233391: down: e
233453: up: e
234547: down: ,
234609: up: ,
234688: down: <space>
234766: up: <space>
234875: down: s
234953: up: s
235219: down: t
235297: up: t
235453: down: r
235516: up: r
235609: down: e
235703: up: e
235875: down: t
235938: up: t
236188: down: c
236266: up: c
236484: down: h
236547: up: h
236656: down: <space>
236719: up: <space>
236828: down: a
236906: up: a
237016: down: <space>
237094: up: <space>
237219: down: l
237609: up: l
237703: down: t
237781: up: t
237859: down: t
237922: up: t
238078: down: l
238156: up: l
238219: down: e
238281: up: e
238359: down: <space>
238438: up: <space>
238672: down: b
238750: up: b
238828: down: i
238938: up: i
239063: down: t
239141: up: t
239234: down: <space>
239328: up: <space>
239969: down: a
240078: up: a
240188: down: n
240313: up: n
240359: down: d
240453: up: d
240516: down: <space>
240609: up: <space>
240781: down: o
240875: up: o
240984: down: p
241094: up: p
241188: down: e
241297: up: e
241406: down: n
241484: up: n
241563: down: <space>
241656: up: <space>
241797: down: t
241859: up: t
242516: down: h
242578: up: h
242656: down: e
242734: up: e
242797: down: <space>
242891: up: <space>
243422: down: h
243500: up: h
243594: down: o
243656: up: o
244281: down: m
244375: up: m
244453: down: e
244547: up: e
244672: down: p
244734: up: p
244797: down: a
244891: up: a
245250: down: g
245313: up: g
245406: down: e
245484: up: e
245563: down: <space>
245656: up: <space>
247141: down: o
247219: up: o
247328: down: f
247453: up: f
247641: down: <space>
247703: up: <space>
247781: down: <shift_left>
247953: up: <shift_left>
247969: down: n
248031: up: n
248094: down: e
248188: up: e
248500: down: w
248578: up: w
248672: down: <space>
248750: up: <space>
249031: down: <shift_left>
249281: down: y
249313: up: <shift_left>
249344: up: y
249578: down: p
249656: up: p
250078: down: <backspace>
250156: up: <backspace>
250891: down: <backspace>
250969: up: <backspace>
251047: down: <backspace>
251109: up: <backspace>
251203: down: <backspace>
251266: up: <backspace>
251344: down: <backspace>
251391: up: <backspace>
251438: down: <backspace>
251516: up: <backspace>
252438: down: t
252516: up: t
252594: down: h
252672: up: h
252719: down: e
252797: up: e
252859: down: <space>
252922: up: <space>
253109: down: o
253188: up: o
253313: down: n
253375: up: n
253469: down: <space>
253547: up: <space>
253672: down: l
253766: up: l
253891: down: i
253953: up: i
254047: down: n
254156: up: n
254203: down: e
254281: up: e
254344: down: <space>
254391: up: <space>
254578: down: e
254672: up: e
254766: down: d
254859: up: d
254938: down: i
255016: up: i
255172: down: t
255281: up: t
255391: down: i
255469: up: i
255547: down: o
255641: up: o
255766: down: n
255844: up: n
255906: down: <space>
256016: up: <space>
257266: down: o
257375: up: o
257438: down: f
257531: up: f
257578: down: <space>
257641: up: <space>
257828: down: <shift_left>
258016: down: n
258047: up: <shift_left>
258078: up: n
258156: down: e
258266: up: e
258563: down: w
258641: up: w
258781: down: <space>
258844: up: <space>
259016: down: <shift_left>
259406: down: y
259453: up: <shift_left>
259469: up: y
259797: down: o
259891: up: o
260188: down: r
260266: up: r
260469: down: k
260547: up: k
260672: down: <space>
260750: up: <space>
260828: down: <shift_left>
261016: down: t
261063: up: <shift_left>
261063: up: t
261281: down: i
261344: up: i
261500: down: m
261578: up: m
261656: down: e
261734: up: e
261891: down: s
261984: up: s

