# Keylogger Version 0.1; Format: (timestamp, downstroke/upstroke, key)
0: down: <shift_left>
341: down: i
401: up: <shift_left>
411: up: i
541: down: <space>
631: up: <space>
711: down: a
791: up: a
821: down: m
891: up: m
992: down: <space>
1092: up: <space>
1763: down: t
1853: up: t
1943: down: r
2023: up: r
2494: down: y
2554: up: y
2774: down: i
2864: up: i
3615: down: n
3675: up: n
3776: down: g
3866: up: g
3906: down: <space>
3986: up: <space>
4066: down: t
4166: up: t
4236: down: o
4316: up: o
4467: down: <space>
4537: up: <space>
4777: down: q
4867: up: q
5017: down: u
5067: up: u
5148: down: i
5228: up: i
5398: down: t
5468: up: t
5528: down: <space>
5608: up: <space>
5819: down: s
5899: up: s
6069: down: m
6149: up: m
6289: down: o
6349: up: o
6760: down: k
6860: up: k
6960: down: i
7010: up: i
7170: down: n
7241: up: n
7491: down: g
7561: up: g
8072: down: .
8122: up: .
8222: down: <space>
8292: up: <space>
11176: down: <shift_left>
11437: down: i
11507: up: <shift_left>
11517: up: i
11677: down: <space>
11757: up: <space>
11847: down: a
11927: up: a
11987: down: m
12048: up: m
12138: down: <space>
12208: up: <space>
12388: down: t
12468: up: t
12538: down: r
12598: up: r
12859: down: y
12929: up: y
13039: down: i
13129: up: i
13269: down: n
13329: up: n
13480: down: g
13580: up: g
13620: down: <space>
13710: up: <space>
13750: down: t
13870: up: t
14030: down: h
14120: up: h
14201: down: i
14291: up: i
14401: down: s
14491: up: s
14551: down: <space>
14631: up: <space>
14781: down: f
14872: up: f
14972: down: r
15062: up: r
15182: down: o
15282: up: o
15422: down: m
15543: up: m
15653: down: <space>
15803: up: <space>
15963: down: s
16053: up: s
16153: down: e
16234: up: e
16424: down: v
16504: up: v
16564: down: e
16674: up: e
16754: down: r
16814: up: r
16965: down: a
17045: up: a
17135: down: l
17205: up: l
17345: down: <space>
17445: up: <space>
17786: down: y
17866: up: y
17956: down: e
18076: up: e
18256: down: a
18357: up: a
18507: down: r
18577: up: r
18697: down: s
18797: up: s
18847: down: <space>
18937: up: <space>
19128: down: n
19198: up: n
19408: down: o
19508: up: o
19719: down: w
19829: up: w
21331: down: ,
21401: up: ,
21491: down: <space>
21581: up: <space>
21832: down: b
21912: up: b
22182: down: u
22252: up: u
22372: down: t
22442: up: t
22493: down: <space>
22573: up: <space>
22753: down: i
22823: up: i
23073: down: t
23143: up: t
23194: down: <space>
23244: up: <space>
23464: down: s
23554: up: s
23734: down: e
23774: up: e
23875: down: e
23915: up: e
24035: down: m
24155: up: m
24235: down: s
24295: up: s
24375: down: <space>
24445: up: <space>
24616: down: t
24696: up: t
24846: down: h
24916: up: h
24986: down: a
25056: up: a
25166: down: t
25226: up: t
25347: down: <space>
25427: up: <space>
36262: down: t
36312: up: t
36423: down: h
36573: up: h
36573: down: a
36673: up: a
36763: down: t
36843: up: t
36983: down: <space>
37053: up: <space>
37865: down: i
37935: up: i
38015: down: t
38075: up: t
38145: down: <space>
38215: up: <space>
39377: down: d
39457: up: d
39567: down: o
39627: up: o
39767: down: e
39847: up: e
40018: down: s
40108: up: s
40488: down: n
40548: up: n
41009: down: '
41370: up: '
41430: down: r
41500: up: r
41630: down: e
41680: up: e
42021: down: a
42041: up: a
42812: down: l
42872: up: l
42942: down: l
43002: up: l
43242: down: y
43312: up: y
43373: down: <space>
43423: up: <space>
43903: down: w
43983: up: w
44034: down: o
44144: up: o
44264: down: r
44334: up: r
44544: down: k
44614: up: k
44694: down: s
44785: up: s
44855: down: <space>
44915: up: <space>
45335: down: f
45426: up: f
45716: down: o
45796: up: o
45886: down: r
45986: up: r
46137: down: <space>
46227: up: <space>
46327: down: m
46367: up: m
46507: down: e
46597: up: e
47448: down: .
47519: up: .
47609: down: <space>
47689: up: <space>
47819: down: <shift_left>
48029: down: i
48099: up: <shift_left>
48099: up: i
48240: down: <space>
48330: up: <space>
48500: down: l
48570: up: l
48640: down: a
48730: up: a
48971: down: c
49061: up: c
49141: down: k
49201: up: k
49331: down: <space>
49441: up: <space>
49531: down: t
49612: up: t
49682: down: h
49762: up: h
49812: down: e
49872: up: e
49952: down: <space>
50052: up: <space>
50353: down: w
50423: up: w
50553: down: i
50603: up: i
50773: down: l
50823: up: l
50893: down: l
50963: up: l
51074: down: i
51134: up: i
51254: down: n
51344: up: n
51705: down: g
51765: up: g
52005: down: n
52065: up: n
52145: down: e
52235: up: e
52546: down: s
52596: up: s
52656: down: s
52706: up: s
52946: down: <space>
53026: up: <space>
54228: down: a
54298: up: a
54398: down: n
54469: up: n
54579: down: d
54649: up: d
54739: down: <space>
54799: up: <space>
54909: down: t
54999: up: t
55079: down: h
55129: up: h
55190: down: e
55250: up: e
55340: down: <space>
55400: up: <space>
55480: down: d
55580: up: d
55670: down: e
55720: up: e
55871: down: t
55931: up: t
56011: down: e
56091: up: e
56171: down: r
56241: up: r
56301: down: m
56391: up: m
56552: down: i
56602: up: i
56692: down: n
56762: up: n
56822: down: a
56912: up: a
57082: down: t
57152: up: t
57222: down: i
57293: up: i
57373: down: o
57493: up: o
57743: down: <space>
57843: up: <space>
57923: down: t
57994: up: t
58124: down: o
58184: up: o
58294: down: <space>
58374: up: <space>
58745: down: w
58805: up: w
58915: down: a
58975: up: a
59356: down: k
59416: up: k
59486: down: e
59546: up: e
59636: down: <space>
59706: up: <space>
59906: down: u
59946: up: u
60167: down: p
60227: up: p
60687: down: <space>
60748: up: <space>
61038: down: o
61108: up: o
61278: down: n
61358: up: n
61449: down: e
61539: up: e
61609: down: <space>
61669: up: <space>
61689: down: d
61759: up: d
61889: down: a
61949: up: a
62099: down: y
62170: up: y
62290: down: <space>
62360: up: <space>
62420: down: s
62510: up: s
62800: down: <backspace>
62911: up: <backspace>
62951: down: a
63041: up: a
63141: down: n
63241: up: n
63361: down: d
63441: up: d
63512: down: <space>
63582: up: <space>
64623: down: s
64693: up: s
64793: down: a
64893: up: a
65224: down: y
65304: up: y
66576: down: <space>
66636: up: <space>
66756: down: <shift_right>
66876: down: '
66966: up: <shift_right>
67007: up: '
67317: down: <space>
67407: up: <space>
68699: down: <backspace>
68739: up: <backspace>
69170: down: <shift_right>
69320: down: '
69380: up: <shift_right>
69400: up: '
70191: down: <arrow_left>
70281: up: <arrow_left>
70472: down: <shift_left>
71393: down: t
71443: up: <shift_left>
71453: up: t
71563: down: h
71643: up: h
71864: down: i
71944: up: i
71994: down: s
72064: up: s
72154: down: <space>
72214: up: <space>
72334: down: i
72384: up: i
72484: down: s
72555: up: s
72645: down: <space>
72705: up: <space>
73055: down: t
73155: up: t
73256: down: h
73316: up: h
73366: down: e
73436: up: e
73536: down: <space>
73616: up: <space>
74107: down: d
74187: up: d
74347: down: a
74447: up: a
74527: down: y
74577: up: y
74718: down: <space>
74788: up: <space>
75078: down: <shift_left>
75278: down: i
75339: up: i
75349: up: <shift_left>
75469: down: <space>
75529: up: <space>
75579: down: w
75659: up: w
75779: down: i
75839: up: i
75999: down: l
76060: up: l
76130: down: l
76190: up: l
76310: down: <space>
76350: up: <space>
76400: down: s
76490: up: s
76721: down: t
76811: up: t
77081: down: o
77201: up: o
77371: down: p
77432: up: p
77612: down: <space>
77672: up: <space>
78483: down: s
78543: up: s
78773: down: m
78864: up: m
78984: down: o
79044: up: o
79535: down: k
79625: up: k
79735: down: n
79805: up: n
80446: down: g
80506: up: g
81978: down: <arrow_left>
82078: up: <arrow_left>
82148: down: <arrow_left>
82228: up: <arrow_left>
82278: down: <arrow_left>
82329: up: <arrow_left>
82879: down: <arrow_right>
83000: up: <arrow_right>
83600: down: i
83681: up: i
83811: down: <arrow_right>
83931: up: <arrow_right>
84021: down: <arrow_right>
84131: up: <arrow_right>
84181: down: <arrow_right>
84271: up: <arrow_right>
85103: down: .
85193: up: .
85343: down: <space>
85443: up: <space>
90340: down: <shift_left>
91352: down: t
91412: up: t
91452: up: <shift_left>
91912: down: r
91982: up: r
92754: down: u
92814: up: u
93074: down: t
93144: up: t
93404: down: h
93475: up: h
93625: down: <space>
93685: up: <space>
93855: down: i
93905: up: i
93995: down: s
94075: up: s
94256: down: ,
94306: up: ,
94406: down: <space>
94486: up: <space>
94596: down: <shift_left>
94746: down: i
94776: up: <shift_left>
94786: up: i
94897: down: <space>
94987: up: <space>
95157: down: n
95217: up: n
95287: down: e
95387: up: e
95648: down: v
95708: up: v
95778: down: e
95868: up: e
95958: down: r
96008: up: r
96098: down: <space>
96148: up: <space>
96259: down: t
96339: up: t
96469: down: r
96539: up: r
96900: down: y
96960: up: y
97731: down: i
97791: up: i
97861: down: e
97941: up: e
98061: down: d
98121: up: d
98221: down: <space>
98271: up: <space>
98432: down: a
98502: up: a
98742: down: d
98802: up: d
98872: down: d
98922: up: d
99063: down: i
99123: up: i
99343: down: t
99423: up: t
99503: down: i
99573: up: i
99674: down: o
99794: up: o
99934: down: n
100004: up: n
100154: down: a
100214: up: a
100314: down: l
100395: up: l
100505: down: <space>
100595: up: <space>
100705: down: m
100765: up: m
100885: down: e
100995: up: e
101156: down: t
101236: up: t
101386: down: h
101456: up: h
101566: down: o
101646: up: o
102738: down: d
102818: up: d
102898: down: s
102978: up: s
103359: down: ,
103419: up: ,
103509: down: <space>
103579: up: <space>
103719: down: b
103739: up: b
103850: down: e
103920: up: e
104030: down: s
104110: up: s
104230: down: i
104280: up: i
104771: down: d
104841: up: d
104951: down: e
105011: up: e
105221: down: s
105282: up: s
108346: down: a
108406: up: a
108486: down: <space>
108556: up: <space>
108626: down: s
108717: up: s
109017: down: t
109087: up: t
109177: down: r
109247: up: r
109377: down: o
109468: up: o
109618: down: n
109688: up: n
110389: down: g
110459: up: g
110499: down: <space>
110599: up: <space>
110980: down: d
111030: up: d
111100: down: e
111170: up: e
111300: down: t
111360: up: t
111430: down: e
111521: up: e
111611: down: r
111671: up: r
111801: down: m
111881: up: m
112051: down: i
112101: up: i
112212: down: n
112302: up: n
112372: down: a
112472: up: a
112662: down: t
112722: up: t
112812: down: i
112872: up: i
112963: down: o
113043: up: o
113193: down: n
113263: up: n
114405: down: <space>
114495: up: <space>
115026: down: a
115086: up: a
115546: down: n
115616: up: n
115717: down: d
115787: up: d
115837: down: <space>
115907: up: <space>
116057: down: w
116127: up: w
116347: down: i
116428: up: i
116798: down: l
116848: up: l
116918: down: l
116988: up: l
117099: down: <space>
117169: up: <space>
117299: down: t
117399: up: t
117489: down: o
117569: up: o
117699: down: <space>
117780: up: <space>
117930: down: c
117980: up: c
118050: down: e
118100: up: e
118290: down: a
118390: up: a
118531: down: s
118631: up: s
118831: down: e
118891: up: e
119782: down: .
119843: up: .
119973: down: <space>
120053: up: <space>
120904: down: <shift_left>
121124: down: t
121194: up: t
121204: up: <shift_left>
121295: down: h
121395: up: h
121435: down: e
121505: up: e
121595: down: r
121665: up: r
121695: down: e
121755: up: e
121855: down: <space>
121946: up: <space>
122016: down: a
122096: up: a
122166: down: r
122206: up: r
122296: down: e
122346: up: e
122416: down: <space>
122506: up: <space>
122556: down: a
122596: up: a
122727: down: <space>
122797: up: <space>
122907: down: l
122987: up: l
123057: down: o
123157: up: o
123237: down: t
123307: up: t
123398: down: <space>
123498: up: <space>
124469: down: o
124549: up: o
124679: down: f
124750: up: f
124790: down: <space>
124870: up: <space>
130398: down: l
130488: up: l
130708: down: i
130768: up: i
130848: down: i
130898: up: i
131009: down: t
131069: up: t
131179: down: l
131269: up: l
131339: down: e
131419: up: e
131479: down: <space>
131569: up: <space>
133652: down: <backspace>
133742: up: <backspace>
133823: down: <backspace>
133873: up: <backspace>
133943: down: <backspace>
133983: up: <backspace>
134073: down: <backspace>
134123: up: <backspace>
134413: down: <backspace>
134464: up: <backspace>
135114: down: t
135175: up: t
135245: down: t
135295: up: t
135635: down: e
135715: up: e
136366: down: <backspace>
136426: up: <backspace>
137418: down: l
137488: up: l
137568: down: e
137638: up: e
137688: down: <space>
137748: up: <space>
138609: down: a
138670: up: a
139160: down: d
139210: up: d
139270: down: d
139321: up: d
139521: down: -
139581: up: -
139951: down: i
140042: up: i
140342: down: n
140402: up: n
140682: down: s
140743: up: s
141243: down: <space>
141303: up: <space>
142145: down: o
142215: up: o
142355: down: n
142425: up: n
142515: down: <space>
142585: up: <space>
142685: down: t
142755: up: t
142836: down: h
142916: up: h
142976: down: e
143046: up: e
143116: down: <space>
143216: up: <space>
143296: down: m
143356: up: m
143446: down: a
143547: up: a
143697: down: r
143757: up: r
144107: down: k
144178: up: k
144258: down: e
144358: up: e
144488: down: t
144548: up: t
144598: down: <space>
144668: up: <space>
144728: down: t
144808: up: t
144909: down: h
144979: up: h
145069: down: a
145149: up: a
145219: down: t
145299: up: t
145449: down: <space>
145549: up: <space>
146140: down: c
146260: up: c
146731: down: o
146861: up: o
146982: down: u
147052: up: u
147222: down: l
147302: up: l
147502: down: d
147562: up: d
147632: down: <space>
147713: up: <space>
147793: down: m
147853: up: m
147933: down: a
148013: up: a
148263: down: k
148313: up: k
148404: down: e
148484: up: e
148514: down: <space>
148594: up: <space>
148764: down: t
148924: up: t
149095: down: h
149155: up: h
149255: down: i
149325: up: i
149445: down: s
149485: up: s
149535: down: <space>
149605: up: <space>
149746: down: e
149826: up: e
150086: down: n
150156: up: n
150356: down: d
150447: up: d
150527: down: e
150577: up: e
150757: down: a
150797: up: a
151067: down: v
151138: up: v
151228: down: o
151318: up: o
151478: down: u
151558: up: u
151708: down: r
151778: up: r
151859: down: <space>
151929: up: <space>
152109: down: a
152169: up: a
152259: down: <space>
152349: up: <space>
152469: down: l
152519: up: l
152670: down: i
152740: up: i
152990: down: t
153060: up: t
153160: down: t
153180: up: t
153401: down: l
153491: up: l
153611: down: <space>
153711: up: <space>
153881: down: e
153942: up: e
154082: down: <space>
154122: up: <space>
155474: down: <backspace>
155514: up: <backspace>
155784: down: <backspace>
155854: up: <backspace>
155894: down: <backspace>
155964: up: <backspace>
156045: down: <backspace>
156105: up: <backspace>
156185: down: <backspace>
156235: up: <backspace>
156325: down: <backspace>
156385: up: <backspace>
156465: down: <backspace>
156535: up: <backspace>
156615: down: <backspace>
156655: up: <backspace>
156746: down: <backspace>
156816: up: <backspace>
157036: down: <backspace>
157096: up: <backspace>
157927: down: l
157987: up: l
158017: down: e
158098: up: e
158338: down: s
158398: up: s
158478: down: s
158538: up: s
158608: down: <space>
158698: up: <space>
158939: down: p
159019: up: p
159059: down: a
159119: up: a
159229: down: i
159269: up: i
159389: down: n
159480: up: n
159730: down: f
159800: up: f
159970: down: u
160020: up: u
160261: down: l
160331: up: l
160461: down: <space>
160561: up: <space>
161172: down: a
161242: up: a
161372: down: n
161462: up: n
161603: down: d
161673: up: d
161713: down: <space>
161793: up: <space>
162714: down: d
162784: up: d
162975: down: i
163035: up: i
163265: down: f
163335: up: f
163405: down: f
163465: up: f
163545: down: i
163615: up: i
163746: down: c
163816: up: c
163946: down: u
164016: up: u
164166: down: l
164226: up: l
164477: down: t
164577: up: t
164897: down: .
164967: up: .
165098: down: <space>
165188: up: <space>
169854: down: <shift_left>
170075: down: m
170135: up: <shift_left>
170185: up: m
170295: down: o
170385: up: o
170796: down: s
170896: up: s
171086: down: t
171146: up: t
171216: down: <space>
171286: up: <space>
171467: down: o
171547: up: o
171587: down: f
171667: up: f
171717: down: <space>
171817: up: <space>
171877: down: t
171937: up: t
172038: down: h
172088: up: h
172158: down: e
172228: up: e
172298: down: <space>
172368: up: <space>
172578: down: p
172658: up: p
172759: down: e
172829: up: e
173059: down: o
173129: up: o
173239: down: p
173309: up: p
173410: down: l
173490: up: l
173590: down: e
173670: up: e
173770: down: <space>
173860: up: <space>
174070: down: <shift_left>
174231: down: i
174291: up: <shift_left>
174301: up: i
174451: down: <space>
174541: up: <space>
174882: down: k
174962: up: k
175072: down: n
175142: up: n
175332: down: o
175412: up: o
175983: down: w
176063: up: w
176103: down: <space>
176194: up: <space>
177015: down: t
177085: up: t
177245: down: h
177315: up: h
177445: down: a
177485: up: a
177566: down: t
177626: up: t
177746: down: <space>
177836: up: <space>
177896: down: t
177966: up: t
178036: down: h
178086: up: h
178156: down: e
178216: up: e
178357: down: y
178427: up: y
178547: down: <space>
178647: up: <space>
178937: down: q
179058: up: q
179188: down: u
179258: up: u
179338: down: i
179448: up: i
179608: down: t
179669: up: t
179749: down: <space>
179799: up: <space>
180039: down: s
180139: up: s
180279: down: m
180360: up: m
180500: down: o
180570: up: o
180770: down: l
180820: up: l
181371: down: <backspace>
181431: up: <backspace>
181772: down: k
181872: up: k
181972: down: i
182052: up: i
182222: down: n
182302: up: n
182693: down: g
182783: up: g
182813: down: <space>
182903: up: <space>
182963: down: t
183033: up: t
183134: down: o
183214: up: o
183304: down: l
183394: up: l
183554: down: d
183624: up: d
183704: down: <space>
183784: up: <space>
183875: down: m
183915: up: m
184015: down: e
184085: up: e
184145: down: <space>
184225: up: <space>
184325: down: t
184395: up: t
184475: down: h
184536: up: h
184636: down: a
184726: up: a
184796: down: t
184846: up: t
184966: down: <space>
185076: up: <space>
185126: down: t
185196: up: t
185277: down: h
185337: up: h
185407: down: e
185477: up: e
185667: down: y
185717: up: y
185867: down: <space>
185968: up: <space>
186178: down: u
186238: up: u
186338: down: s
186448: up: s
186578: down: e
186669: up: e
186779: down: d
186819: up: d
186929: down: <space>
187019: up: <space>
187209: down: p
187300: up: p
187340: down: a
187400: up: a
187570: down: t
187650: up: t
187810: down: c
187910: up: c
188051: down: h
188121: up: h
188181: down: e
188261: up: e
188391: down: s
188471: up: s
192267: down: .
192347: up: .
192427: down: <space>
192507: up: <space>
192557: down: <shift_left>
192847: down: t
192908: up: t
192918: up: <shift_left>
193018: down: h
193108: up: h
193158: down: e
193258: up: e
193298: down: <space>
193388: up: <space>
193548: down: p
193609: up: p
193689: down: a
193759: up: a
193909: down: t
193969: up: t
194470: down: c
194550: up: c
194700: down: h
194780: up: h
194890: down: <space>
194981: up: <space>
195882: down: i
195952: up: i
196012: down: s
196072: up: s
196152: down: <space>
196212: up: <space>
196302: down: a
196353: up: a
196463: down: <space>
196523: up: <space>
199527: down: b
199577: up: b
199617: down: a
199727: up: a
199858: down: n
199928: up: n
200028: down: d
200098: up: d
200328: down: -
200458: up: -
200478: down: a
200559: up: a
200709: down: i
200809: up: i
201029: down: d
201099: up: d
201159: down: <space>
201220: up: <space>
203693: down: r
203783: up: r
203853: down: e
203963: up: e
204124: down: l
204174: up: l
204234: down: e
204314: up: e
204494: down: a
204594: up: a
204875: down: s
204925: up: s
205105: down: i
205195: up: i
205345: down: n
205436: up: n
206197: down: g
206257: up: g
206327: down: <space>
206397: up: <space>
207288: down: g
207338: up: g
207438: down: r
207519: up: r
208410: down: a
208500: up: a
208670: down: d
208720: up: d
208830: down: u
208901: up: u
209021: down: a
209041: up: a
209311: down: l
209361: up: l
209451: down: l
209481: up: l
209622: down: y
209682: up: y
209752: down: <space>
209822: up: <space>
210673: down: n
210743: up: n
210893: down: i
210964: up: i
211094: down: c
211164: up: c
211294: down: o
211384: up: o
211645: down: t
211705: up: t
211815: down: i
211875: up: i
212035: down: n
212135: up: n
212195: down: e
212255: up: e
212315: down: <space>
212406: up: <space>
212556: down: i
212646: up: i
212856: down: n
212926: up: n
213016: down: <space>
213087: up: <space>
213467: down: y
213547: up: y
213607: down: o
213738: up: o
213888: down: u
213978: up: u
214118: down: r
214178: up: r
214258: down: <space>
214328: up: <space>
214619: down: b
214689: up: b
214959: down: o
215029: up: o
215470: down: d
215540: up: d
215971: down: y
216031: up: y
219025: down: ,
219085: up: ,
219175: down: <space>
219265: up: <space>
219997: down: s
220077: up: s
220317: down: u
220377: up: u
220637: down: p
220698: up: p
220768: down: p
220818: up: p
220908: down: o
220978: up: o
221098: down: s
221178: up: s
221308: down: e
221389: up: e
221509: down: d
221559: up: d
221659: down: <space>
221739: up: <space>
221809: down: t
221869: up: t
221969: down: o
222039: up: o
222170: down: <space>
222230: up: <space>
222841: down: r
222901: up: r
222971: down: e
223051: up: e
223151: down: d
223221: up: d
223331: down: u
223411: up: u
224102: down: c
224173: up: c
224243: down: e
224333: up: e
224403: down: <space>
224483: up: <space>
224583: down: t
224643: up: t
224783: down: h
224854: up: h
224984: down: e
225064: up: e
226396: down: <space>
226486: up: <space>
228058: down: <backspace>
228789: up: <backspace>
229070: down: <backspace>
229130: up: <backspace>
229410: down: <backspace>
229460: up: <backspace>
230231: down: d
230291: up: d
230371: down: e
230422: up: e
230532: down: c
230602: up: c
230732: down: r
230782: up: r
230862: down: e
230912: up: e
231072: down: a
231173: up: a
231293: down: s
231383: up: s
231473: down: e
231543: up: e
231633: down: <space>
231713: up: <space>
231783: down: t
231874: up: t
232535: down: h
232595: up: h
232695: down: e
232775: up: e
232815: down: <space>
232885: up: <space>
234507: down: d
234618: up: d
234698: down: e
234758: up: e
234878: down: s
234968: up: s
235058: down: i
235128: up: i
235238: down: r
235319: up: r
235399: down: e
235489: up: e
235589: down: <space>
235659: up: <space>
235729: down: t
235789: up: t
235889: down: o
235959: up: o
236100: down: <space>
236160: up: <space>
236260: down: s
236350: up: s
236510: down: m
236590: up: m
236751: down: o
236811: up: o
237622: down: k
237682: up: k
237742: down: e
237822: up: e
240496: down: .
240556: up: .

