# Keylogger Version 0.1; Format: (timestamp, downstroke/upstroke, key)
0: down: t
78: up: t
156: down: i
234: up: i
375: down: l
437: up: l
500: down: l
562: up: l
687: down: <space>
750: up: <space>
1172: down: s
1265: up: s
1375: down: o
1469: up: o
1609: down: m
1687: up: m
2109: down: e
2187: up: e
2250: down: <space>
2328: up: <space>
2578: down: m
2640: up: m
2719: down: a
2844: up: a
3156: down: g
3234: up: g
3328: down: i
3422: up: i
3594: down: c
3687: up: c
3734: down: <space>
3812: up: <space>
3922: down: l
4015: up: l
4062: down: e
4172: up: e
4312: down: f
4422: up: f
4547: down: t
4625: up: t
4719: down: <space>
4781: up: <space>
4953: down: i
5047: up: i
5140: down: n
5297: down: <space>
5375: up: <space>
51297: down: <shift_left>
51781: down: i
51844: up: <shift_left>
51859: up: i
52000: down: <space>
52078: up: <space>
52125: down: a
52234: up: a
52297: down: m
52359: up: m
52484: down: <space>
52515: up: <space>
52703: down: l
52828: up: l
52937: down: i
53031: up: i
53047: down: s
53172: up: s
53297: down: t
53359: up: t
53453: down: e
53531: up: e
53578: down: n
53687: up: n
53750: down: e
53812: up: e
53906: down: n
53984: up: n
54140: down: i
54219: up: i
54328: down: n
54406: up: n
54515: down: g
54594: up: g
54672: down: <space>
54765: up: <space>
56094: down: t
56156: up: t
56281: down: o
56375: up: o
56484: down: <space>
56578: up: <space>
56765: down: <shift_left>
56890: down: i
56922: up: <shift_left>
56953: up: i
57047: down: n
57140: up: n
57312: down: t
57390: up: t
57453: down: e
57562: up: e
57625: down: r
57687: up: r
57781: down: n
57875: up: n
57906: down: e
57984: up: e
58109: down: t
58172: up: t
58297: down: <space>
58375: up: <space>
58625: down: r
58687: up: r
58781: down: a
58922: up: a
59031: down: d
59109: up: d
59187: down: i
59265: up: i
59359: down: o
59437: up: o
59578: down: <space>
59640: up: <space>
59765: down: r
59844: up: r
59984: down: i
60094: up: i
60344: down: g
60422: up: g
60531: down: h
60594: up: h
60656: down: t
60750: up: t
60828: down: <space>
60906: up: <space>
62719: down: n
62797: up: n
63094: down: o
63172: up: o
63406: down: w
63484: up: w
64156: down: ,
64250: up: ,
64344: down: <space>
64406: up: <space>
64578: down: <shift_left>
65062: up: <shift_left>
65344: down: a
65484: up: a
65672: down: s
65781: up: s
66203: down: <space>
66312: up: <space>
66703: down: <shift_left>
66937: down: i
66984: up: <shift_left>
67015: up: i
67156: down: <space>
67219: up: <space>
67359: down: a
67453: up: a
67500: down: m
67562: up: m
67656: down: <space>
67781: up: <space>
68359: down: s
68453: up: s
68703: down: u
68797: up: u
69234: down: b
69312: up: b
69406: down: m
69515: up: m
69609: down: i
69672: up: i
69922: down: t
70000: up: t
70062: down: t
70109: up: t
70203: down: i
70265: up: i
70375: down: n
70453: up: n
70656: down: g
70734: up: g
70875: down: <space>
70937: up: <space>
71984: down: t
72062: up: t
72484: down: h
72562: up: h
72625: down: i
72719: up: i
72812: down: s
72875: up: s
72906: down: <space>
72984: up: <space>
73047: down: s
73140: up: s
73250: down: a
73297: up: a
73359: down: m
73422: up: m
73625: down: p
73719: up: p
73828: down: l
73844: down: ,
73875: up: ,
73906: up: l
73969: down: e
74062: up: e
74640: down: <backspace>
74906: up: <backspace>
74984: down: <backspace>
75078: up: <backspace>
75578: down: e
75640: up: e
76015: down: .
76109: up: .
76234: down: <space>
76312: up: <space>
76922: down: <shift_left>
77219: down: i
77297: up: <shift_left>
77328: up: i
77687: down: t
77797: up: t
77922: down: <space>
77984: up: <space>
78719: down: i
78797: up: i
79031: down: s
79109: up: s
79234: down: <space>
79297: up: <space>
79390: down: w
79484: up: w
79594: down: o
79703: up: o
79844: down: n
79906: up: n
80109: down: d
80219: up: d
80297: down: e
80422: up: e
80500: down: r
80609: up: r
80703: down: f
80765: up: f
80937: down: u
81031: up: u
81172: down: l
81265: up: l
81406: down: <space>
81484: up: <space>
81875: down: h
81953: up: h
82687: down: o
82797: up: o
82844: down: w
82937: up: w
83547: down: <space>
83640: up: <space>
84453: down: y
84531: up: y
84578: down: o
84719: up: o
84859: down: u
84937: up: u
85609: down: <space>
85672: up: <space>
86781: down: <backspace>
86906: up: <backspace>
86984: down: <backspace>
87062: up: <backspace>
87125: down: <backspace>
87187: up: <backspace>
87390: down: <backspace>
87469: up: <backspace>
88375: down: o
88453: up: o
88625: down: n
88703: up: n
88781: down: e
88890: up: e
88937: down: <space>
89015: up: <space>
89250: down: c
89328: up: c
89406: down: a
89500: up: a
89578: down: n
89640: up: n
89781: down: <space>
89859: up: <space>
89922: down: c
90000: up: c
90156: down: o
90250: up: o
90359: down: n
90422: up: n
90500: down: n
90562: up: n
90625: down: e
90734: up: e
91047: down: c
91140: up: c
91312: down: t
91406: up: t
91547: down: <space>
91640: up: <space>
92359: down: t
92453: up: t
92531: down: o
92625: up: o
92765: down: <space>
92812: up: <space>
92875: down: r
92969: up: r
93047: down: e
93140: up: e
93406: down: m
93531: up: m
93656: down: o
93750: up: o
93922: down: t
94078: up: t
94187: down: e
94297: up: e
94375: down: <space>
94484: up: <space>
94922: down: p
95000: up: p
95078: down: l
95187: up: l
95203: down: a
95328: up: a
95547: down: c
95609: up: c
95672: down: e
95765: up: e
95859: down: s
95937: up: s
96031: down: <space>
96094: up: <space>
96281: down: o
96375: up: o
96562: down: f
96656: up: f
96734: down: <space>
96797: up: <space>
96875: down: t
96953: up: t
97031: down: h
97094: up: h
97156: down: e
97265: up: e
97344: down: <space>
97437: up: <space>
99453: down: w
99547: up: w
99625: down: o
99765: up: o
99922: down: r
100031: up: r
100250: down: l
100375: up: l
100547: down: d
100640: up: d
100765: down: <space>
100875: up: <space>
101422: down: a
101562: up: a
101719: down: n
101797: up: n
101875: down: d
102000: up: d
102031: down: <space>
102125: up: <space>
102265: down: l
102375: up: l
102469: down: i
102500: down: u
102515: up: u
102531: up: i
102625: down: s
102734: up: s
102844: down: t
102922: up: t
102984: down: e
103109: up: e
103250: down: n
103344: up: n
103484: down: <space>
103609: up: <space>
104250: down: <backspace>
104375: up: <backspace>
104422: down: <backspace>
104484: up: <backspace>
104531: down: <backspace>
104594: up: <backspace>
104672: down: <backspace>
104828: up: <backspace>
104890: down: <backspace>
105015: up: <backspace>
105062: down: <backspace>
105140: up: <backspace>
105219: down: <backspace>
105265: up: <backspace>
106125: down: i
106203: up: i
106265: down: s
106390: up: s
106594: down: t
106656: up: t
106719: down: e
106828: up: e
106984: down: n
107062: up: n
107156: down: <space>
107219: up: <space>
107359: down: t
107453: up: t
107531: down: o
107609: up: o
107750: down: <space>
107812: up: <space>
107906: down: s
108000: up: s
108078: down: o
108172: up: o
108297: down: m
108359: up: m
108469: down: e
108547: up: e
108578: down: <space>
108656: up: <space>
111531: down: r
111640: up: r
111797: down: a
111937: up: a
112062: down: d
112172: up: d
112203: down: i
112312: up: i
112375: down: o
112500: up: o
112562: down: s
112656: up: s
112734: down: <space>
112844: up: <space>
113000: down: f
113125: up: f
113203: down: r
113312: up: r
113406: down: o
113515: up: o
113812: down: m
113859: up: m
113937: down: <space>
114015: up: <space>
114234: down: o
114312: up: o
114578: down: v
114656: up: v
114703: down: e
114844: up: e
114906: down: r
115015: up: r
115062: down: <space>
115156: up: <space>
115172: down: t
115250: up: t
115297: down: h
115390: up: h
115437: down: e
115531: up: e
115656: down: r
115750: up: r
115781: down: e
115890: up: e
116937: down: .
117031: up: .
117234: down: <space>
117297: up: <space>
117625: down: <shift_left>
118250: down: r
118312: up: r
118359: up: <shift_left>
118719: down: i
118797: up: i
119125: down: h
119234: up: h
120328: down: <backspace>
120422: up: <backspace>
120484: down: <backspace>
120609: up: <backspace>
120797: down: <backspace>
120906: up: <backspace>
121406: down: <shift_left>
121719: down: i
121797: up: <shift_left>
121812: up: i
121969: down: <space>
122047: up: <space>
122156: down: a
122265: up: a
122312: down: m
122390: up: m
122484: down: <space>
122578: up: <space>
122765: down: t
122844: up: t
122922: down: u
123015: up: u
123125: down: n
123265: up: n
123328: down: e
123437: up: e
123515: down: d
123594: up: d
123672: down: <space>
123734: up: <space>
124015: down: o
124125: up: o
124281: down: n
124344: up: n
124437: down: <space>
124515: up: <space>
124812: down: <shift_left>
125625: down: b
125812: up: b
126703: down: c
126781: up: c
126844: up: <shift_left>
126906: down: <space>
127000: up: <space>
127562: down: r
127625: up: r
127656: down: a
127781: up: a
127890: down: d
127984: up: d
128094: down: i
128109: down: u
128156: up: u
128172: up: i
128328: down: o
128484: up: o
128984: down: <backspace>
129250: up: <backspace>
129953: down: o
130062: up: o
131375: down: a
131484: up: a
131719: down: n
131828: up: n
131922: down: d
132000: up: d
132062: down: <space>
132125: up: <space>
132344: down: <shift_left>
132484: down: i
132531: up: <shift_left>
132547: up: i
132703: down: <space>
132812: up: <space>
132875: down: a
132969: up: a
133062: down: m
133140: up: m
133250: down: <space>
133328: up: <space>
134109: down: a
134234: up: a
134328: down: m
134437: up: m
134609: down: u
134703: up: u
134812: down: s
134969: up: s
135078: down: e
135203: up: e
135281: down: d
135359: up: d
135453: down: <space>
135531: up: <space>
135984: down: b
136094: up: b
136406: down: y
136515: up: y
136656: down: <space>
136719: up: <space>
136781: down: t
136875: up: t
136969: down: h
137031: up: h
137109: down: e
137187: up: e
137422: down: f
137515: up: f
137672: down: u
137765: up: u
137922: down: n
138109: up: n
138390: down: y
138469: up: y
138531: down: <space>
138594: up: <space>
138703: down: a
138781: up: a
138922: down: c
139125: up: c
139187: down: e
139265: up: e
139375: down: n
139453: up: n
140312: down: s
140406: up: s
141359: down: t
141437: up: t
141922: down: h
142000: up: h
142031: down: o
142140: up: o
142297: down: s
142406: up: s
142515: down: e
142594: up: e
142672: down: <space>
142734: up: <space>
142984: down: b
143078: up: b
143328: down: r
143422: up: r
143500: down: i
143640: up: i
143797: down: t
143875: up: t
144140: down: s
144234: up: s
144328: down: <space>
144406: up: <space>
144469: down: a
144562: up: a
144672: down: r
144734: up: r
144797: down: e
144859: up: e
144937: down: <space>
145031: up: <space>
145140: down: h
145187: up: h
145234: down: a
145344: up: a
145562: down: v
145656: up: v
145719: down: i
145844: up: i
145953: down: n
146047: up: n
146297: down: g
146375: up: g
147547: down: .
147625: up: .
148687: down: <shift_left>
149859: down: i
149969: up: <shift_left>
149984: up: i
150140: down: n
150219: up: n
150578: down: a
150687: up: a
150750: down: <space>
150844: up: <space>
151000: down: w
151109: up: w
151219: down: a
151344: up: a
151578: down: y
151703: up: y
151890: down: <space>
151969: up: <space>
152906: down: <shift_left>
153062: down: i
153125: up: <shift_left>
153156: up: i
153297: down: <space>
153375: up: <space>
153594: down: m
153656: up: m
153734: down: <space>
153812: up: <space>
154015: down: t
154078: up: t
154156: down: r
154250: up: r
154422: down: a
154531: up: a
154609: down: n
154687: up: n
155047: down: s
155125: up: s
155375: down: p
155500: up: p
155594: down: o
155687: up: o
155844: down: r
155984: up: r
156062: down: t
156125: up: t
156719: down: d
156828: up: d
157640: down: <backspace>
157922: up: <backspace>
158906: down: t
158984: up: t
159250: down: e
159359: up: e
159437: down: d
159515: up: d
159609: down: <space>
159734: up: <space>
160547: down: t
160656: up: t
160844: down: h
160937: up: h
161422: down: r
161531: up: r
162125: down: <backspace>
162594: up: <backspace>
163562: down: t
163687: up: t
163953: down: o
164062: up: o
164250: down: <space>
164312: up: <space>
164422: down: <shift_left>
164594: down: l
164609: up: <shift_left>
164703: up: l
164781: down: o
164890: up: o
165015: down: n
165094: up: n
165234: down: d
165328: up: d
165453: down: o
165594: up: o
165750: down: n
165844: up: n
166672: down: ,
166765: up: ,
166859: down: <space>
166922: up: <space>
166953: down: s
167062: up: s
167219: down: i
167265: up: i
167594: down: p
167844: up: p
167953: down: i
168015: up: i
168219: down: n
168344: up: n
168687: down: g
168797: up: g
170140: down: a
170250: up: a
170312: down: <space>
170390: up: <space>
170484: down: c
170594: up: c
170765: down: u
170859: up: u
171031: down: p
171140: up: p
171297: down: <space>
171375: up: <space>
171828: down: f
171890: up: f
171953: down: <space>
172047: up: <space>
172172: down: c
172281: up: c
172406: down: o
172500: up: o
173015: down: f
173250: up: f
174000: down: e
174250: up: e
174562: down: <space>
174609: up: <space>
174984: down: i
175094: up: i
175219: down: n
175281: up: n
175547: down: <shift_left>
175703: up: <shift_left>
175734: down: t
175844: up: t
176047: down: a
176140: up: a
176500: down: f
176594: up: f
176656: down: a
176781: up: a
177453: down: g
177531: up: g
177594: down: a
177687: up: a
177765: down: r
177844: up: r
177984: down: <space>
178047: up: <space>
178140: down: <shift_left>
178328: down: s
178375: up: <shift_left>
178437: up: s
178703: down: q
178797: up: q
178953: down: u
179031: up: u
179156: down: a
179265: up: a
179422: down: r
179484: up: r
179547: down: e
179672: up: e
184250: down: <backspace>
184359: up: <backspace>
184531: down: <shift_left>
184781: down: t
184875: up: <shift_left>
184875: up: t
186578: down: <space>
186672: up: <space>
186937: down: w
187031: up: w
187125: down: a
187219: up: a
187359: down: t
187422: up: t
187500: down: c
187594: up: c
187781: down: h
187859: up: h
188078: down: i
188172: up: i
188297: down: n
188375: up: n
188578: down: g
188640: up: g
188703: down: <space>
188797: up: <space>
188844: down: t
188922: up: t
188984: down: h
189062: up: h
189687: down: p
189765: up: p
189844: down: a
189937: up: a
190187: down: s
190406: up: s
190531: down: e
190625: up: e
190719: down: r
190781: up: r
190969: down: s
191062: up: s
192859: down: b
192953: up: b
193172: down: y
193234: up: y
193359: down: <space>
193422: up: <space>
193484: down: t
193578: up: t
193719: down: h
193781: up: h
194078: down: r
194187: up: r
194297: down: o
194422: up: o
194594: down: u
194672: up: u
195515: down: g
195609: up: g
195734: down: h
195797: up: h
195937: down: <space>
196000: up: <space>
196844: down: t
196922: up: t
196984: down: h
197078: up: h
197140: down: e
197203: up: e
197781: down: c
197859: up: c
198000: down: o
198094: up: o
198328: down: f
198531: up: f
198781: down: e
198969: up: e
199156: down: <space>
199219: up: <space>
199312: down: s
199406: up: s
199640: down: h
199734: up: h
199812: down: o
199890: up: o
199984: down: p
200094: up: p
200234: down: <space>
200328: up: <space>
200406: down: w
200500: up: w
200594: down: i
200703: up: i
200812: down: n
200875: up: n
201375: down: d
201469: up: d
202015: down: w
202109: up: w
202500: down: .
202594: up: .
202734: down: <space>
202812: up: <space>
207594: down: <shift_left>
207875: down: s
207922: up: <shift_left>
207984: up: s
208328: down: m
208437: up: m
208515: down: e
208609: up: e
208765: down: t
208875: up: t
208984: down: i
209078: up: i
209172: down: m
209281: up: m
209344: down: e
209437: up: e
209594: down: s
209672: up: s
209765: down: <space>
209875: up: <space>
210484: down: <shift_left>
210765: down: i
210812: up: <shift_left>
210828: up: i
210953: down: <space>
211031: up: <space>
211078: down: a
211203: up: a
211234: down: m
211297: up: m
211390: down: <space>
211453: up: <space>
211594: down: l
211672: up: l
211953: down: i
212047: up: i
212078: down: s
212203: up: s
212297: down: t
212359: up: t
212406: down: e
212500: up: e
212656: down: n
212765: up: n
212890: down: i
212984: up: i
213094: down: n
213156: up: n
213375: down: f
213484: up: f
214015: down: <backspace>
214125: up: <backspace>
214187: down: g
214281: up: g
214344: down: <space>
214422: up: <space>
214484: down: t
214562: up: t
214656: down: o
214750: up: o
214984: down: r
215078: up: r
215219: down: a
215328: up: a
215453: down: d
215531: up: d
215594: down: i
215672: up: i
215719: down: o
215828: up: o
215969: down: <space>
216047: up: <space>
216094: down: s
216187: up: s
216344: down: a
216422: up: a
216703: down: t
216797: up: t
216890: down: i
216984: up: i
217062: down: o
217140: up: o
217250: down: n
217344: up: n
217406: down: s
217515: up: s
217625: down: <space>
217734: up: <space>
219015: down: f
219109: up: f
219203: down: r
219265: up: r
219469: down: o
219640: up: o
220015: down: m
220078: up: m
220172: down: <space>
220250: up: <space>
220797: down: <shift_left>
221078: down: s
221156: up: <shift_left>
221187: up: s
221297: down: o
221437: up: o
221547: down: u
221625: up: u
221906: down: t
222000: up: t
222140: down: h
222219: up: h
222390: down: <space>
222437: up: <space>
222515: down: <shift_left>
222672: down: a
222687: up: <shift_left>
222781: up: a
223031: down: f
223109: up: f
223219: down: r
223312: up: r
223453: down: i
223515: up: i
224328: down: <backspace>
224453: up: <backspace>
225172: down: c
225281: up: c
225437: down: a
225500: up: a
226672: down: o
226750: up: o
226781: down: r
226890: up: r
226953: down: <space>
227047: up: <space>
227312: down: <shift_left>
227469: down: a
227515: up: <shift_left>
227609: up: a
227687: down: u
227797: up: u
227890: down: s
227984: up: s
228531: down: r
228578: up: r
228672: down: a
228781: up: a
228969: down: r
228984: down: t
229047: up: t
229062: up: r
229922: down: <backspace>
230844: up: <backspace>
231765: down: l
231906: up: l
232000: down: i
232125: up: i
232172: down: a
232297: up: a
233281: down: ,
233375: up: ,
233469: down: <space>
233547: up: <space>
234047: down: a
234156: up: a
234203: down: n
234297: up: n
234406: down: d
234500: up: d
234547: down: <space>
234609: up: <space>
236015: down: i
236109: up: i
236219: down: t
236297: up: t
237062: down: '
237187: up: '
237234: down: s
237328: up: s
237687: down: r
237765: up: r
238328: down: l
238547: up: l
238656: down: y
238734: up: y
238812: down: <space>
238859: up: <space>
239015: down: i
239094: up: i
239172: down: n
239281: up: n
239453: down: t
239515: up: t
239578: down: e
239672: up: e
239844: down: e
239906: up: e
240000: down: s
240109: up: s
240312: down: t
240406: up: t
240531: down: i
240625: up: i
240765: down: n
240828: up: n
241031: down: g
241125: up: g
241187: down: <space>
241250: up: <space>
241328: down: t
241422: up: t
241531: down: o
241594: up: o
241719: down: <space>
241875: up: <space>
242031: down: h
242140: up: h
242187: down: e
242281: up: e
242422: down: a
242531: up: a
242687: down: r
242765: up: r
242797: down: <space>
242875: up: <space>
245594: down: l
245687: up: l
245750: down: o
245828: up: o
246062: down: c
246140: up: c
246172: down: a
246297: up: a
246453: down: l
246547: up: l
246656: down: <space>
246719: up: <space>
246797: down: t
246906: up: t
247015: down: u
247078: up: u
247172: down: n
247297: up: n
247344: down: e
247469: up: e
247594: down: s
247672: up: s
247797: down: <space>
247859: up: <space>
247969: down: t
248031: up: t
248109: down: h
248203: up: h
248312: down: a
248406: up: a
248437: down: t
248453: down: y
248500: up: t
248500: up: y
248906: down: <backspace>
249812: up: <backspace>
250390: down: h
250469: up: h
250562: down: a
250687: up: a
250765: down: t
250828: up: t
250937: down: <space>
251031: up: <space>
251797: down: o
251922: up: o
252406: down: <backspace>
252515: up: <backspace>
253281: down: <shift_left>
253422: down: i
253484: up: <shift_left>
253484: up: i
253609: down: <space>
253719: up: <space>
253781: down: n
253859: up: n
253906: down: e
254000: up: e
254219: down: v
254281: up: v
254297: down: e
254422: up: e
254500: down: r
254562: up: r
254672: down: <space>
254734: up: <space>
255109: down: h
255156: up: h
255203: down: e
255281: up: e
255406: down: a
255500: up: a
255640: down: r
255734: up: r
255828: down: d
255922: up: d
256000: down: <space>
256094: up: <space>
256312: down: o
256390: up: o
256515: down: f
256609: up: f
256672: down: <space>
256734: up: <space>
256828: down: a
256922: up: a
257000: down: n
257078: up: n
257172: down: d
257328: up: d
257375: down: <space>
257469: up: <space>
257781: down: o
257875: up: o
258000: down: t
258125: up: t
258203: down: h
258265: up: h
258344: down: e
258453: up: e
258578: down: r
258656: up: r
259031: down: w
259140: up: w
259281: down: i
259297: down: u
259312: up: u
259375: up: i
259703: down: s
259828: up: s
259890: down: e
260000: up: e
260734: down: <backspace>
261094: up: <backspace>
261890: down: s
262015: up: s
262094: down: e
262187: up: e
262281: down: <space>
262406: up: <space>
262859: down: <shift_left>
263172: down: i
263234: up: <shift_left>
263265: up: i
263437: down: <space>
263500: up: <space>
263562: down: w
263672: up: w
263844: down: o
263969: up: o
264219: down: u
264297: up: u
264640: down: l
264781: up: l
264906: down: d
264984: up: d
265078: down: <space>
265156: up: <space>
265906: down: n
265984: up: n
266031: down: e
266125: up: e
266453: down: v
266515: up: v
266578: down: e
266687: up: e
266781: down: r
266859: up: r
267000: down: <space>
267078: up: <space>
267453: down: a
267562: up: a
267781: down: d
267875: up: d
267906: down: <space>
268000: up: <space>
268094: down: t
268172: up: t
268234: down: h
268312: up: h
268359: down: e
268437: up: e
268640: down: c
268734: up: c
268859: down: j
268875: down: h
268922: up: h
268937: up: j
269015: down: a
269109: up: a
269609: down: <backspace>
270406: up: <backspace>
271094: down: c
271187: up: c
271453: down: h
271562: up: h
271609: down: a
271719: up: a
271750: down: n
271828: up: n
272125: down: c
272187: up: c
272265: down: e
272359: up: e
272422: down: <space>
272500: up: <space>
272625: down: t
272703: up: t
272812: down: o
272906: up: o
273047: down: <space>
273125: up: <space>
273250: down: l
273375: up: l
273469: down: i
273562: up: i
273609: down: s
273719: up: s
273875: down: t
273953: up: t
274015: down: e
274140: up: e
274562: up: n
276390: down: .
276453: up: .

