# Keylogger Version 0.1; Format: (timestamp, downstroke/upstroke, key)
0: down: i
60: down: u
71: up: u
81: up: i
91: down: y
141: up: y
171: down: i
181: down: u
191: down: y
201: up: u
221: up: i
231: down: e
271: up: e
301: up: y
411: down: i
481: down: w
491: up: i
491: down: e
501: up: e
521: down: t
541: up: w
591: up: t
621: down: o
631: down: i
681: down: u
691: up: o
721: up: i
731: down: w
741: down: e
751: down: t
772: up: u
792: up: e
812: up: w
822: up: t
1573: down: <space>
1653: up: <space>
1803: down: w
1883: down: o
1903: up: o
1923: up: w
1923: down: o
1933: down: i
1963: up: o
2013: up: i
2153: down: e
2174: down: w
2194: down: y
2204: down: t
2214: up: e
2234: up: w
2264: up: y
2294: up: t
2354: down: u
2364: up: u
2374: down: y
2384: down: u
2414: up: u
2454: down: e
2464: up: y
2464: up: e
2484: down: t
2564: up: t
3415: down: r
3425: down: u
3485: up: r
3485: up: u
3495: down: t
3535: up: t
3586: down: w
3596: up: w
3636: down: u
3646: down: w
3666: down: y
3676: up: w
3686: up: u
3696: up: y
3706: down: r
3736: down: t
3766: up: t
3806: up: r
3826: down: e
3846: down: i
3856: down: u
3896: up: i
3916: up: e
3926: up: u
3936: down: r
3986: up: r
4036: down: i
4046: down: w
4066: up: i
4076: up: w
4096: down: t
4106: down: r
4176: up: t
4176: up: r
4226: down: e
4236: down: u
4277: up: u
4297: up: e
4297: down: t
4367: up: t
4427: down: e
4437: down: w
4477: up: w
4477: down: t
4497: up: e
4567: up: t
4607: down: i
4617: down: u
4677: up: i
4677: down: e
4707: up: u
4707: up: e
4707: down: t
4717: up: t
4817: down: i
4837: down: u
4847: down: w
4857: down: e
4867: up: i
4907: up: u
4907: up: w
4917: down: t
4927: up: e
4978: up: t
5018: down: i
5038: down: u
5048: down: w
5058: down: e
5078: up: i
5088: up: w
5108: up: u
5108: down: t
5118: up: e
5188: up: t
5228: down: i
5248: down: e
5258: up: i
5268: down: w
5308: up: w
5318: down: t
5328: up: e
5378: up: t
5428: down: i
5458: down: e
5468: up: i
5478: down: w
5498: up: w
5508: down: t
5518: up: t
5538: up: e
5538: down: t
5568: up: t
5618: down: i
5628: down: u
5639: up: u
5659: up: i
5669: down: u
5679: up: u
5679: down: e
5699: down: w
5719: down: t
5729: up: w
5739: up: e
5789: up: t
5809: down: i
5869: down: e
5879: up: i
5899: down: w
5929: down: t
5939: up: w
5959: up: e
6019: up: t
6069: down: u
6109: down: e
6119: down: w
6149: up: u
6179: up: w
6189: up: e
6330: down: t
6350: down: e
6360: down: w
6420: up: t
6460: up: w
6490: up: e
6500: down: i
6520: down: u
6550: up: i
6560: up: u
6590: down: t
6610: up: t
6630: down: e
6650: down: w
6710: up: w
6720: up: e
6720: down: i
6730: down: u
6740: up: u
6760: up: i
6780: down: t
6850: up: t
6880: down: e
6910: down: i
6920: down: w
6930: down: u
6970: up: w
6980: up: i
6990: up: u
7000: up: e
7121: down: i
7131: down: e
7141: down: u
7151: down: w
7191: up: i
7201: up: w
7211: up: u
7221: up: e
7241: down: y
7271: up: y
7331: down: i
7361: down: e
7381: down: w
7391: up: i
7401: up: w
7411: down: y
7431: up: e
7491: up: y
7531: down: i
7551: down: u
7571: up: i
7571: down: e
7591: down: w
7601: up: w
7621: down: y
7631: up: u
7641: up: e
7681: down: f
7691: up: y
7701: up: f
7722: down: i
7742: down: u
7772: up: i
7792: down: y
7802: up: u
7862: up: y
7912: down: i
7922: up: i
7922: down: u
7932: down: i
7942: up: i
7952: down: e
7962: down: w
7972: up: u
7982: down: y
7992: up: w
8012: up: e
8042: up: y
8092: down: i
8112: down: u
8142: down: e
8152: up: i
8172: down: y
8182: up: u
8212: up: e
8232: up: y
8302: down: u
8342: down: e
8352: down: w
8362: up: u
8372: down: y
8382: up: w
8402: up: e
8423: up: y
8503: down: u
8513: down: i
8523: up: i
8523: down: e
8533: down: w
8563: down: y
8573: up: u
8573: up: w
8593: up: e
8633: up: y
8673: down: i
8693: down: u
8713: up: u
8723: down: w
8733: up: i
8763: down: y
8783: up: w
8833: up: y
8833: down: r
8843: up: r
8873: down: i
8893: down: u
8913: down: e
8923: down: w
8933: up: i
8983: up: u
8983: up: w
8983: down: y
9033: up: e
9033: up: y
9073: down: i
9093: down: u
9124: up: i
9124: down: w
9144: down: y
9154: up: u
9174: up: w
9194: up: y
9264: down: i
9284: up: i
9284: down: u
9294: down: i
9314: up: i
9314: down: w
9324: down: e
9344: down: y
9364: up: y
9374: up: u
9374: up: w
9374: up: e
9464: down: i
9484: down: u
9504: up: i
9504: down: e
9514: down: w
9524: up: u
9544: up: w
9544: down: t
9554: up: t
9564: up: e
9574: down: t
9584: up: t
9664: down: i
9674: up: i
9674: down: u
9684: down: i
9694: up: i
9694: down: e
9704: up: u
9704: down: w
9714: down: u
9724: up: u
9744: up: w
9764: up: e
9865: down: i
9875: up: i
9885: down: u
9895: down: w
9905: up: u
9945: up: w
10085: down: i
10095: down: u
10105: up: u
10115: up: i
10115: down: e
10155: down: t
10175: up: e
10215: up: t
10265: down: i
10285: up: i
10285: down: u
10295: down: i
10305: up: u
10305: up: i
10305: down: e
10325: down: w
10345: down: t
10375: up: w
10395: up: e
10415: up: t
10475: down: i
10495: down: u
10506: up: u
10526: down: w
10536: up: i
10536: down: e
10566: down: t
10586: up: w
10596: up: e
10616: up: t
10686: down: i
10706: down: u
10726: up: u
10726: down: e
10736: up: i
10736: down: w
10776: up: w
10786: down: t
10796: up: e
10826: up: t
10896: down: i
10906: down: e
10916: down: w
10956: up: i
10966: up: w
10986: up: e
10986: down: t
11006: up: t
11086: down: i
11106: down: u
11126: down: e
11136: down: w
11166: up: i
11166: up: u
11176: up: w
11176: down: y
11197: up: e
11207: down: r
11237: up: y
11257: up: r
11287: down: i
11337: down: e
11347: down: u
11367: up: i
11377: up: u
11387: down: y
11407: up: e
11447: up: y
11467: down: r
11477: up: r
11497: down: i
11527: down: u
11537: up: u
11547: down: e
11557: up: i
11577: down: y
11617: up: e
11627: up: y
11647: down: r
11687: up: r
11697: down: i
11727: down: u
11737: up: u
11747: up: i
11757: down: e
11767: down: w
11817: up: w
11837: up: e
11857: down: r
11908: down: i
11918: down: u
11928: up: r
11948: up: i
11958: up: u
11968: down: y
11998: down: e
12008: down: w
12028: up: y
12048: up: w
12078: up: e
12088: down: i
12098: down: r
12118: down: u
12168: up: i
12168: up: r
12178: up: u
12178: down: y
12228: down: w
12238: up: y
12238: down: e
12298: up: w
12298: down: i
12318: up: e
12318: down: u
12338: down: r
12348: up: i
12358: up: u
12368: down: y
12408: up: r
12428: up: y
12468: down: e
12488: down: w
12498: down: i
12508: down: u
12528: up: w
12548: up: i
12558: up: e
12558: up: u
12568: down: y
12649: up: y
12689: down: e
12699: down: i
12709: down: u
12759: up: i
12779: up: e
12779: up: u
12779: down: y
12799: down: r
12849: up: y
12869: up: r
12889: down: i
12919: down: w
12929: down: u
12959: up: i
12979: up: w
12989: up: u
12989: down: y
13009: down: r
13049: up: y
13079: up: r
13109: down: i
13129: down: w
13139: down: u
13169: up: i
13189: up: w
13199: up: u
13219: down: r
13310: up: r
13330: down: i
13350: down: w
13360: down: e
13410: up: i
13430: up: w
13430: down: y
13460: up: e
13460: down: r
13490: up: y
13540: up: r
13550: down: i
13560: down: w
13570: down: u
13620: up: i
13630: up: u
13640: up: w
13640: down: y
13650: up: y
13650: down: y
13670: down: r
13700: up: y
13740: up: r
13750: down: i
13780: down: u
13790: down: w
13830: up: i
13850: up: w
13870: up: u
13870: down: r
13930: up: r
13960: down: i
13991: down: e
14001: down: u
14041: up: i
14041: up: u
14061: up: e
14071: down: y
14091: down: r
14121: up: y
14121: up: r
14181: down: i
14201: down: w
14251: up: i
14261: up: w
14271: down: y
14331: up: y
14381: down: i
14391: down: w
14411: down: u
14421: up: u
14451: up: i
14471: up: w
14471: down: y
14481: up: y
14581: down: i
14601: down: e
14651: up: i
14671: up: e
14671: down: y
14742: up: y
14792: down: i
14822: down: u
14862: up: i
14882: down: y
14892: up: u
14902: down: r
14942: up: y
14982: up: r
15012: down: i
15042: down: u
15092: up: i
15102: up: u
15122: down: y
15152: down: r
15192: up: y
15212: up: r
15252: down: i
15272: down: e
15282: down: u
15292: up: u
15342: up: i
15342: down: u
15352: up: u
15362: up: e
15362: down: y
15373: up: y
15393: down: r
15403: down: y
15423: up: y
15483: up: r
27480: down: d
27500: up: d
27520: down: k
27590: down: f
27600: up: k
27640: down: y
27660: up: y
27670: up: f
27730: down: s
27780: down: l
27790: up: l
27810: up: s
27820: down: f
27860: down: h
27870: up: h
27911: up: f
27941: down: s
27951: down: a
27961: down: l
27991: down: k
28001: up: a
28011: up: l
28021: up: k
28031: up: s
28051: down: f
28071: up: f
28081: down: j
28101: up: j
28151: down: a
28161: down: s
28181: down: l
28221: up: l
28251: up: a
28251: up: s
28261: down: f
28311: up: f
28361: down: s
28381: down: i
28391: up: i
28391: down: a
28441: up: a
28441: down: f
28451: up: s
28451: down: h
28471: up: h
28511: up: f
28511: down: h
28521: up: h
28561: down: s
28571: down: a
28582: down: k
28622: up: a
28632: up: k
28652: up: s
28652: down: f
28662: down: h
28712: up: h
28722: up: f
28772: down: s
28782: down: k
28792: up: k
28832: up: s
28832: down: f
28842: down: h
28902: up: h
28912: up: f
28962: down: s
28982: down: k
28992: up: k
29032: up: s
29032: down: h
29062: down: f
29102: up: h
29112: up: f
29162: down: k
29172: down: s
29182: up: k
29182: down: a
29192: up: a
29222: down: h
29242: up: s
29252: down: f
29313: up: h
29323: up: f
29363: down: s
29373: down: k
29393: up: k
29423: down: h
29463: up: s
29463: down: f
29503: up: h
29533: up: f
29563: down: k
29583: down: s
29613: up: k
29643: up: s
29643: down: h
29663: down: f
29713: up: h
29753: up: f
29763: down: k
29793: down: s
29803: down: j
29873: up: k
29873: up: s
29873: up: j
29873: down: h
29883: down: f
29913: up: h
29933: up: f
29974: down: k
29984: down: s
29994: up: k
30024: down: h
30084: up: s
30084: down: f
30134: up: h
30154: up: f
30154: down: k
30184: down: j
30194: up: j
30204: down: s
30214: up: k
30224: down: h
30264: up: s
30284: down: f
30304: up: h
30354: up: f
30354: down: k
30414: up: k
30414: down: s
30424: up: s
30424: down: h
30434: down: s
30484: up: s
30514: down: f
30564: up: h
30564: down: k
30584: up: f
30584: down: j
30594: up: j
30624: up: k
30644: down: h
30654: down: s
30664: down: d
30715: up: h
30715: up: d
30725: up: s
30735: down: f
30765: down: k
30775: down: j
30815: up: f
30815: up: k
30825: down: h
30835: up: j
30875: down: d
30885: up: d
30915: up: h
30915: down: d
30945: up: d
30945: down: k
30965: down: f
30975: down: j
31035: up: k
31035: up: j
31035: down: h
31055: up: f
31095: up: h
31105: down: s
31135: down: k
31155: up: s
31155: down: j
31175: up: j
31195: down: f
31205: up: k
31205: down: j
31215: up: j
31285: up: f
31315: down: k
31355: down: j
31396: up: k
31396: down: f
31406: down: h
31416: up: j
31466: up: f
31476: up: h
31506: down: k
31526: down: s
31576: up: k
31586: up: s
31596: down: h
31616: down: f
31666: up: h
31676: up: f
31696: down: k
31736: down: s
31756: down: j
31776: up: k
31786: down: h
31796: up: s
31796: up: j
31816: down: f
31856: up: h
31886: up: f
31896: down: k
31926: down: j
31946: up: j
31946: down: s
31956: down: d
31966: down: j
31976: up: k
31976: down: h
31996: up: s
31996: up: j
32006: up: d
32006: down: f
32056: up: h
32087: up: f
32097: down: k
32117: down: j
32137: up: j
32147: down: s
32157: down: d
32187: up: k
32197: down: h
32207: up: s
32207: up: d
32207: down: f
32257: up: h
32297: up: f
32297: down: k
32337: down: s
32347: down: j
32367: down: d
32387: down: h
32397: up: k
32397: up: j
32417: up: d
32437: up: s
32457: up: h
32457: down: f
32507: down: k
32517: up: f
32537: down: j
32547: up: j
32557: down: d
32567: down: j
32597: up: k
32607: down: h
32617: up: j
32647: up: d
32657: up: h
32727: down: k
32768: down: d
32778: down: s
32798: up: k
32798: down: h
32848: up: d
32848: up: s
32868: up: h
32868: down: f
32918: down: k
32948: up: f
32958: down: j
32988: down: d
32998: up: j
32998: up: d
33008: up: k
33008: down: h
33018: up: h
33018: down: d
33068: up: d
33078: down: f
33118: down: k
33148: up: f
33198: up: k
33198: down: d
33208: down: s
33218: up: d
33218: down: h
33248: up: s
33268: up: h
33268: down: f
33318: down: k
33348: up: f
33398: down: s
33408: up: k
33408: down: h
33418: up: h
33428: down: d
33438: down: h
33448: up: s
33459: up: d
33469: up: h
33489: down: f
33529: down: k
33559: up: f
33559: down: j
33569: up: j
33599: up: k
33599: down: h
33609: down: d
33619: up: d
33619: down: s
33679: up: s
33689: up: h
33699: down: f
33739: down: k
33779: up: f
33799: up: k
33809: down: h
33829: down: d
33839: down: s
33889: up: h
33909: up: d
33909: up: s
33919: down: k
33929: down: f
33989: up: f
34009: up: k
34009: down: h
34059: down: s
34079: up: h
34139: down: d
34150: up: s
34150: up: d
34160: down: f
34220: down: h
34240: up: f
34280: up: h
34300: down: d
34320: up: d
34340: down: k
34390: down: f
34410: up: k
34420: down: h
34480: up: f
34490: up: h
34530: down: d
34540: down: k
34570: down: j
34580: up: j
34610: up: k
34620: down: h
34650: up: d
34650: down: f
34700: up: h
34720: up: f
34750: down: k
34780: down: s
34790: down: d
34820: up: s
34841: up: k
34841: down: h
34851: up: h
34871: up: d
34881: down: h
34891: down: f
34911: up: h
34961: up: f
34961: down: k
35001: down: s
35021: down: j
35031: down: d
35051: up: k
35051: up: j
35061: down: h
35081: up: s
35081: up: d
35101: down: f
35131: up: h
35171: up: f
35181: down: k
35221: down: s
35241: down: d
35271: up: k
35281: up: s
35281: down: h
35301: up: d
35311: down: f
35351: up: h
35391: up: f
35401: down: k
35451: down: d
35491: up: k
35511: down: h
35521: up: d
35531: up: h
35531: down: f
35542: down: h
35582: up: h
35622: up: f
35632: down: k
35672: down: d
35712: up: k
35732: down: h
35762: up: d
35802: up: h
35882: down: k
35902: down: s
35972: up: s
35982: up: k
35992: down: h
36012: up: h
36022: down: f
36032: down: h
36082: up: h
36102: up: f
36172: down: d
36182: up: d
36243: down: k
36263: down: f
36273: up: k
36303: down: h
36343: up: f
36393: up: h
36443: down: d
36453: down: k
36523: up: d
36533: up: k
36543: down: f
36563: down: h
36623: up: f
36653: up: h
36683: down: d
36723: down: k
36783: up: k
36803: up: d
36803: down: f
36813: down: h
36903: up: h
36913: up: f
36964: down: d
36984: up: d
36984: down: k
37024: down: j
37034: up: j
37064: down: f
37084: up: k
37094: down: h
37174: up: f
37194: up: h
37244: down: k
37264: down: s
37274: up: s
37354: up: k
37364: down: f
37374: down: h
37444: up: f
37454: up: h
37504: down: k
37514: down: d
37594: up: d
37614: up: k
37614: down: h
37625: down: f
37715: up: h
37725: up: f
37785: down: d
37795: down: k
37825: down: j
37835: up: j
37885: down: h
37895: up: d
37895: down: f
37905: up: k
37965: up: f
37975: up: h
38065: down: s
38085: down: d
38135: up: s
38145: up: d
38155: down: f
38195: down: h
38205: up: h
38255: up: f
38255: down: h
38285: up: h
38315: down: d
38326: up: d
38346: down: k
38426: down: f
38436: up: k
38446: down: h
38456: up: h
38506: up: f
38506: down: h
38526: up: h
53177: down: k
53197: down: u
53207: up: u
53207: down: s
53217: down: d
53247: up: k
53267: down: h
53287: up: s
53287: up: d
53287: up: h
53287: down: f
53307: down: h
53337: up: h
53387: up: f
53417: down: u
53437: up: u
53447: down: i
53457: down: u
53467: up: i
53477: up: u
53487: down: y
53497: down: f
53557: up: y
53597: up: f
53638: down: i
53698: up: i
53708: down: f
53718: down: y
53778: up: y
53788: up: f
53828: down: o
53848: down: w
53858: up: w
53878: up: o
53908: down: y
53928: up: y
54078: down: s
54088: up: s
54088: down: i
54098: down: s
54148: up: i
54148: down: y
54158: up: s
54168: down: f
54208: up: y
54288: up: f
54298: down: i
54308: up: i
54308: down: s
54329: down: i
54339: up: i
54379: up: s
54389: down: h
54399: up: h
54399: down: f
54409: down: h
54459: up: h
54479: up: f
54519: down: s
54589: up: s
54599: down: f
54709: up: f
54799: down: d
54809: up: d
54839: down: h
54849: up: h
54859: down: f
54869: down: h
54919: up: h
54939: up: f
55500: down: s
55570: up: s
55791: down: d
55851: down: k
55861: up: k
55871: down: f
55881: up: d
55911: down: h
55971: up: f
55991: up: h
56001: down: d
56061: down: k
56081: up: k
56101: down: f
56111: down: h
56121: up: d
56201: up: f
56201: up: h
56462: down: k
56472: down: s
56482: up: s
56492: down: j
56512: up: j
56572: down: f
56592: up: k
56602: down: h
56632: up: f
56642: up: h

