# Keylogger Version 0.1; Format: (timestamp, downstroke/upstroke, key)
0: down: <shift_left>
381: down: t
471: up: t
952: up: <shift_left>
972: down: o
992: up: o
1152: down: n
1252: up: n
1392: down: i
1453: up: i
1913: down: g
2003: up: g
2154: down: h
2244: up: h
2374: down: r
2464: up: r
2594: down: <space>
2704: up: <space>
3155: down: <backspace>
3295: up: <backspace>
3345: down: t
3455: up: t
3616: down: <space>
3726: up: <space>
4056: down: <backspace>
4156: up: <backspace>
4247: down: <backspace>
4317: up: <backspace>
4367: down: <backspace>
4427: up: <backspace>
5278: down: t
5368: up: t
5448: down: <space>
5488: up: <space>
5659: down: <shift_left>
5849: down: i
5879: up: <shift_left>
5919: up: i
6059: down: <space>
6169: up: <space>
6259: down: m
6320: up: m
6420: down: a
6530: up: a
6690: down: d
6790: up: d
6910: down: e
7021: up: e
7361: down: <space>
7461: up: <space>
9614: down: p
9744: up: p
9895: down: i
9965: up: i
10285: down: z
10365: up: z
10425: down: z
10536: up: z
10946: down: a
11026: up: a
12278: down: .
12358: up: .
12448: down: <space>
12548: up: <space>
13049: down: <shift_left>
13510: down: i
13590: up: i
13610: up: <shift_left>
13971: down: t
14061: up: t
14121: down: <space>
14201: up: <space>
15142: down: i
15232: up: i
15393: down: s
15523: up: s
15563: down: <space>
15663: up: <space>
15733: down: s
15823: up: s
15903: down: o
16003: up: o
16404: down: o
16454: up: o
16554: down: o
16594: up: o
16674: down: o
16745: up: o
16945: down: <space>
17025: up: <space>
17756: down: d
17836: up: d
18006: down: i
18106: up: i
18427: down: f
18497: up: f
18577: down: f
18637: up: f
18697: down: e
18818: up: e
18908: down: r
18988: up: r
19088: down: e
19128: up: e
19328: down: n
19408: up: n
19519: down: t
19589: up: t
19669: down: <space>
19739: up: <space>
19949: down: f
20049: up: f
20169: down: r
20250: up: r
20400: down: o
20530: up: o
20680: down: m
20780: up: m
20860: down: <space>
20971: up: <space>
21521: down: w
21602: up: w
21832: down: h
21902: up: h
21982: down: a
22062: up: a
22623: down: t
22683: up: t
22843: down: <space>
22923: up: <space>
23244: down: y
23354: up: y
23444: down: o
23574: up: o
23765: down: u
23845: up: u
24025: down: <space>
24115: up: <space>
24436: down: b
24496: up: b
25036: down: u
25107: up: u
25487: down: y
25567: up: y
25727: down: <space>
25818: up: <space>
26028: down: i
26128: up: i
26248: down: n
26328: up: n
26418: down: <space>
26509: up: <space>
26589: down: a
26689: up: a
26769: down: n
26869: up: n
27049: down: y
27160: up: y
27290: down: <space>
27390: up: <space>
27440: down: a
27550: up: a
27590: down: v
27680: up: v
27800: down: e
27911: up: e
28101: down: r
28181: up: r
28261: down: a
28361: up: a
28722: down: g
28782: up: g
28882: down: e
28982: up: e
29032: down: <space>
29122: up: <space>
29423: down: p
29523: up: p
29693: down: i
29763: up: i
30284: down: z
30364: up: z
30444: down: z
30544: up: z
30725: down: e
30835: up: e
30925: down: r
31025: up: r
31145: down: i
31235: up: i
31305: down: a
31416: up: a
32587: down: .
32667: up: .
32778: down: <space>
32848: up: <space>
32958: down: <shift_left>
33168: down: i
33198: up: <shift_left>
33258: up: i
33659: down: f
33759: up: f
33789: down: <space>
33849: up: <space>
34049: down: y
34120: up: y
34240: down: o
34350: up: o
34510: down: u
34570: up: u
35351: down: <space>
35411: up: <space>
35852: down: a
35962: up: a
36723: down: k
36793: up: k
36964: down: <space>
37054: up: <space>
37234: down: m
37304: up: m
37374: down: e
37474: up: e
37715: down: ,
37805: up: ,
37895: down: <space>
37995: up: <space>
38265: down: t
38376: up: t
38416: down: h
38576: up: h
38586: down: e
38656: up: e
38726: down: <space>
38836: up: <space>
39577: down: <backspace>
39698: up: <backspace>
40719: down: <space>
40809: up: <space>
40909: down: m
40999: up: m
41130: down: o
41240: up: o
41290: down: s
41400: up: s
41570: down: t
41650: up: t
41791: down: <space>
42051: up: <space>
42141: down: i
42211: up: i
42341: down: m
42401: up: m
42702: down: p
42842: down: o
42862: up: p
42962: up: o
43042: down: r
43153: up: r
43333: down: t
43423: up: t
43503: down: a
43593: up: a
43743: down: n
43823: up: n
44004: down: t
44094: up: t
44154: down: <space>
44234: up: <space>
44284: down: t
44394: up: t
44655: down: h
44745: up: h
44915: down: i
45005: up: i
45155: down: n
45246: up: n
45426: down: g
45526: up: g
45576: down: <space>
45666: up: <space>
45826: down: i
45947: up: i
46077: down: n
46137: up: n
46237: down: <space>
46287: up: <space>
46377: down: a
46457: up: a
46507: down: <space>
46607: up: <space>
46848: down: p
46958: up: p
47218: down: u
47268: up: u
47799: down: <backspace>
47889: up: <backspace>
48781: down: i
48851: up: i
49161: down: z
49231: up: z
49291: down: z
49391: up: z
49552: down: a
49572: up: a
49892: down: <space>
49992: up: <space>
50463: down: i
50553: up: i
50703: down: s
50834: up: s
50854: down: <space>
50954: up: <space>
51034: down: t
51124: up: t
51204: down: h
51274: up: h
51334: down: e
51414: up: e
51505: down: <space>
51595: up: <space>
51975: down: d
52085: up: d
52185: down: o
52326: up: o
52496: down: u
52566: up: u
52977: down: g
53077: up: g
53187: down: h
53267: up: h
53327: down: t
53417: up: t
53848: down: <backspace>
53958: up: <backspace>
54409: down: <space>
54489: up: <space>
54799: down: a
54899: up: a
55110: down: n
55200: up: n
55360: down: d
55440: up: d
55520: down: <space>
55570: up: <space>
55771: down: a
55851: up: a
55911: down: <space>
55991: up: <space>
56061: down: d
56171: up: d
56271: down: e
56361: up: e
56532: down: c
56612: up: c
56782: down: e
56862: up: e
57063: down: n
57133: up: n
57293: down: t
57373: up: t
57453: down: <space>
57533: up: <space>
57774: down: c
57864: up: c
57964: down: o
58054: up: o
58204: down: m
58274: up: m
58965: down: b
59055: up: b
59236: down: i
59336: up: i
59426: down: n
59516: up: n
59586: down: a
59706: up: a
59877: down: t
59977: up: t
60047: down: i
60137: up: i
60217: down: o
60327: up: o
63071: down: n
63151: up: n
63322: down: <space>
63432: up: <space>
70592: down: o
70722: up: o
70952: down: f
71043: up: f
71113: down: <space>
71203: up: <space>
71363: down: i
71443: up: i
71553: down: n
71653: up: n
72224: down: g
72344: up: g
72445: down: r
72525: up: r
72585: down: e
72705: up: e
72805: down: d
72885: up: d
73005: down: i
73086: up: i
73136: down: e
73256: up: e
73316: down: n
73376: up: n
73516: down: t
73606: up: t
73937: down: s
74027: up: s
74678: down: <space>
74758: up: <space>
74898: down: <shift_right>
75509: down: 9
75629: up: 9
75779: down: 0
75890: up: 0
75910: up: <shift_right>
77292: down: <arrow_left>
77372: up: <arrow_left>
77872: down: i
77963: up: i
78994: down: .
79074: up: .
79315: down: e
79395: up: e
79655: down: .
79735: up: .
80196: down: <space>
80286: up: <space>
81207: down: d
81287: up: d
81357: down: o
81458: up: o
81688: down: n
81758: up: n
82800: down: '
82880: up: '
83010: down: t
83090: up: t
83150: down: <space>
83230: up: <space>
83641: down: m
83741: up: m
83901: down: i
83981: up: i
84482: down: x
84552: up: x
84722: down: <space>
84792: up: <space>
85233: down: a
85313: up: a
85594: down: n
85684: up: n
85874: down: c
85944: up: c
86615: down: h
86695: up: h
86935: down: o
87016: up: o
87286: down: v
87386: up: v
87506: down: i
87586: up: i
87807: down: e
87907: up: e
88057: down: s
88147: up: s
88267: down: <space>
88347: up: <space>
88708: down: w
88808: up: w
88878: down: i
88988: up: i
89199: down: t
89299: up: t
89419: down: h
89499: up: h
89629: down: <space>
89729: up: <space>
91552: down: s
91642: up: s
91843: down: t
91943: up: t
92043: down: r
92123: up: r
92183: down: a
92293: up: a
92984: down: w
93104: up: w
93605: down: b
93665: up: b
93775: down: e
93895: up: e
94066: down: r
94116: up: r
94196: down: r
94256: up: r
94356: down: i
94456: up: i
94637: down: e
94717: up: e
94867: down: s
94987: up: s
95768: down: <arrow_right>
95968: up: <arrow_right>
99143: down: .
99233: up: .
99343: down: <space>
99453: up: <space>
102428: down: <shift_left>
104951: down: a
105031: up: <shift_left>
105072: up: a
105222: down: l
105322: up: l
105692: down: w
105773: up: w
105893: down: a
105983: up: a
106444: down: y
106544: up: y
106724: down: s
106814: up: s
106884: down: <space>
106964: up: <space>
107315: down: l
107435: up: l
107515: down: a
107605: up: a
108166: down: y
108246: up: y
108897: down: <space>
108977: up: <space>
109588: down: d
109668: up: d
109748: down: o
109848: up: o
110249: down: w
110329: up: w
110479: down: n
110539: up: n
110650: down: <space>
110720: up: <space>
110810: down: a
110890: up: a
110930: down: <space>
111040: up: <space>
111130: down: b
111220: up: b
111311: down: a
111411: up: a
111501: down: s
111611: up: s
111711: down: e
111791: up: e
111841: down: <space>
111931: up: <space>
112142: down: o
112212: up: o
112362: down: f
112452: up: f
112512: down: <space>
112602: up: <space>
113293: down: k
113363: up: k
113394: down: e
113524: up: e
113914: down: t
113974: up: t
114115: down: x
114255: up: x
114555: down: <backspace>
114685: up: <backspace>
114715: down: c
114816: up: c
116248: down: h
116318: up: h
116578: down: u
116638: up: u
116949: down: p
117019: up: p
117199: down: <space>
117279: up: <space>
117369: down: t
117469: up: t
117559: down: h
117620: up: h
117720: down: a
117830: up: a
117900: down: t
117970: up: t
118100: down: <space>
118190: up: <space>
118311: down: w
118411: up: w
118561: down: i
118641: up: i
118921: down: l
119002: up: l
119072: down: l
119152: up: l
119342: down: <space>
119422: up: <space>
120444: down: k
120504: up: k
120804: down: e
120884: up: e
120914: down: e
121004: up: e
123017: down: p
123128: up: p
123328: down: <space>
123438: up: <space>
124029: down: t
124109: up: t
124219: down: h
124319: up: h
124379: down: e
124469: up: e
124550: down: <space>
124640: up: <space>
125180: down: i
125251: up: i
125391: down: n
125471: up: n
125881: down: g
126002: up: g
126142: down: r
126222: up: r
126302: down: e
126402: up: e
126512: down: d
126613: up: d
126993: down: i
127103: up: i
127273: down: e
127384: up: e
127504: down: n
127594: up: n
127824: down: t
127914: up: t
128085: down: s
128215: up: s
129407: down: <space>
129517: up: <space>
130077: down: t
130158: up: t
130238: down: o
130328: up: o
131079: down: g
131149: up: g
131209: down: e
131309: up: e
131459: down: t
131560: up: t
131670: down: e
131780: up: e
132701: down: <backspace>
132811: up: <backspace>
133633: down: <backspace>
133713: up: <backspace>
135065: down: t
135115: up: t
135305: down: h
135365: up: h
135465: down: e
135585: up: e
135696: down: r
135826: up: r
137158: down: ,
137218: up: ,
137298: down: <space>
137418: up: <space>
137518: down: a
137638: up: a
137678: down: s
137779: up: s
137889: down: <space>
137989: up: <space>
138149: down: t
138219: up: t
138349: down: h
138419: up: h
138480: down: e
138560: up: e
138640: down: <space>
138790: up: <space>
140362: down: m
140452: up: m
140613: down: o
140683: up: o
141444: down: z
141514: up: z
141584: down: z
141684: up: z
141824: down: a
141905: up: a
142135: down: r
142225: up: r
142315: down: e
142385: up: e
142636: down: l
142696: up: l
142796: down: l
142886: up: l
142996: down: a
143066: up: a
143136: down: <space>
143216: up: <space>
143857: down: l
143967: up: l
143967: down: a
144088: up: a
144258: down: y
144358: up: y
144478: down: e
144618: up: e
144719: down: r
144789: up: r
144829: down: <space>
144919: up: <space>
145179: down: o
145279: up: o
145440: down: n
145510: up: n
145600: down: <space>
145700: up: <space>
145790: down: t
145890: up: t
145990: down: o
146091: up: o
146201: down: p
146281: up: p
146421: down: <space>
146521: up: <space>
146631: down: d
146721: up: d
146842: down: o
146942: up: o
147102: down: e
147192: up: e
147322: down: s
147452: up: s
148794: down: .
148915: up: .
149055: down: <space>
149135: up: <space>
150106: down: <shift_left>
150897: down: a
150978: up: <shift_left>
151028: up: a
151538: down: l
151588: up: l
151689: down: l
151749: up: l
151979: down: <space>
152059: up: <space>
152730: down: t
152840: up: t
152930: down: h
153020: up: h
153061: down: e
153141: up: e
153211: down: <space>
153271: up: <space>
153331: down: r
153411: up: r
153491: down: e
153571: up: e
153721: down: s
153912: up: s
154122: down: t
154202: up: t
154382: down: <space>
154453: up: <space>
155043: down: i
155134: up: i
155374: down: s
155464: up: s
155574: down: <space>
155664: up: <space>
155774: down: a
155835: up: a
155905: down: <space>
155995: up: <space>
156075: down: m
156145: up: m
156235: down: a
156335: up: a
156536: down: t
156586: up: t
156666: down: t
156926: up: t
156936: down: e
156966: up: e
157026: down: r
157076: up: r
157166: down: <space>
157267: up: <space>
158388: down: o
158478: up: o
158869: down: f
158969: up: f
159259: down: i
159340: up: i
159450: down: n
159530: up: n
159640: down: s
159740: up: s
159970: down: p
160031: up: p
161703: down: i
161783: up: i
162003: down: r
162154: up: r
162234: down: a
162374: up: a
162664: down: t
162734: up: t
162865: down: i
162945: up: i
163045: down: o
163125: up: o
163255: down: n
163285: up: n
163476: down: <space>
163556: up: <space>
163646: down: a
163756: up: a
163856: down: n
163926: up: n
164056: down: d
164126: up: d
164207: down: <space>
164287: up: <space>
164948: down: a
165058: up: a
165829: down: v
165899: up: v
165969: down: a
166089: up: a
166209: down: i
166280: up: i
166400: down: l
166490: up: l
166540: down: a
166630: up: a
166880: down: b
167011: up: b
167081: down: i
167161: up: i
167291: down: l
167381: up: l
167511: down: i
167601: up: i
167712: down: t
167812: up: t
168062: down: y
168142: up: y
169254: down: .
169364: up: .
169524: down: <space>
169614: up: <space>
172649: down: <shift_left>
172939: down: t
172999: up: <shift_left>
173019: up: t
173139: down: h
173220: up: h
173290: down: e
173390: up: e
173420: down: <space>
173510: up: <space>
173770: down: o
173870: up: o
174021: down: n
174101: up: n
174191: down: e
174261: up: e
174371: down: <space>
174461: up: <space>
174592: down: <shift_left>
174792: down: i
174822: up: <shift_left>
174862: up: i
174992: down: <space>
175092: up: <space>
175172: down: m
175242: up: m
175333: down: a
175433: up: a
175613: down: d
175703: up: d
175813: down: e
175883: up: e
175973: down: <space>
176054: up: <space>
178327: down: h
178407: up: h
178497: down: a
178617: up: a
178768: down: d
178858: up: d
179118: down: <space>
179218: up: <space>
180810: down: h
180891: up: h
181001: down: a
181081: up: a
181632: down: m
181712: up: m
181922: down: ,
181972: up: ,
182072: down: <space>
182152: up: <space>
184486: down: g
184576: up: g
184716: down: r
184796: up: r
184976: down: i
185057: up: i
185237: down: l
185247: up: l
185327: down: l
185407: up: l
185527: down: e
185607: up: e
185667: down: d
185748: up: d
185838: down: <space>
185898: up: <space>
186348: down: p
186459: up: p
186609: down: i
186689: up: i
186829: down: n
186899: up: n
186969: down: e
187049: up: e
187200: down: a
187280: up: a
187360: down: p
187460: up: p
187570: down: l
187700: up: l
187800: down: e
187891: up: e
188231: down: ,
188301: up: ,
188401: down: <space>
188481: up: <space>
188582: down: m
188682: up: m
188872: down: u
188962: up: u
189213: down: s
189323: up: s
189643: down: h
189713: up: h
189984: down: r
190064: up: r
190384: down: o
190454: up: o
190514: down: o
190584: up: o
190935: down: m
191045: up: m
191215: down: s
191306: up: s
191916: down: <space>
191997: up: <space>
192077: down: <shift_right>
192577: down: 0
192667: up: 0
193709: up: <shift_right>
194911: down: <arrow_left>
195031: up: <arrow_left>
195652: down: <shift_right>
196122: down: 9
196223: up: 9
196233: up: <shift_right>
197404: down: n
197494: up: n
197635: down: i
197735: up: i
198045: down: c
198115: up: c
198185: down: e
198266: up: e
198326: down: <space>
198426: up: <space>
198596: down: f
198666: up: f
198766: down: a
198826: up: a
198876: down: t
198947: up: t
199097: down: <space>
199197: up: <space>
199517: down: p
199617: up: p
199818: down: o
200028: up: o
200178: down: r
200308: up: r
200409: down: t
200509: up: t
201400: down: a
201480: up: a
201931: down: b
202011: up: b
202131: down: e
202221: up: e
202412: down: l
202432: up: l
202542: down: l
202622: up: l
202722: down: a
202792: up: a
203924: down: s
204024: up: s
204825: down: <arrow_right>
204965: up: <arrow_right>
207669: down: ,
207759: up: ,
207849: down: <space>
207949: up: <space>
209652: down: o
209732: up: o
209912: down: n
210012: up: n
210203: down: i
210303: up: i
210603: down: o
210733: up: o
210944: down: n
211024: up: n
211895: down: <arrow_left>
212065: up: <arrow_left>
212186: down: <arrow_left>
212296: up: <arrow_left>
212386: down: <arrow_left>
212476: up: <arrow_left>
212576: down: <arrow_left>
212666: up: <arrow_left>
212766: down: <arrow_left>
212877: up: <arrow_left>
213778: down: r
213848: up: r
213918: down: e
214028: up: e
214128: down: d
214168: up: d
214319: down: <space>
214409: up: <space>
224003: down: ,
224073: up: ,
224163: down: <space>
224263: up: <space>
225034: down: m
225124: up: m
225284: down: o
225365: up: o
225835: down: z
225895: up: z
225965: down: z
226076: up: z
226236: down: a
226306: up: a
226686: down: r
226736: up: r
226807: down: e
226887: up: e
227187: down: l
227237: up: l
227337: down: l
227377: up: l
227488: down: a
227588: up: a
228719: down: .
228749: up: .
228860: down: .
228930: up: .
229490: down: a
229601: up: a
230141: down: n
230232: up: n
230312: down: d
230402: up: d
230452: down: <space>
230532: up: <space>
230642: down: t
230722: up: t
230822: down: h
230902: up: h
230993: down: a
231083: up: a
231163: down: t
231223: up: t
232294: down: ,
232375: up: ,
232505: down: s
232635: up: s
232695: down: <space>
232775: up: <space>
233136: down: p
233216: up: p
233526: down: r
233616: up: r
233707: down: e
233827: up: e
234037: down: t
234127: up: t
234187: down: t
234247: up: t
234367: down: y
234428: up: y
234588: down: <space>
234688: up: <space>
234788: down: m
234868: up: m
235048: down: u
235169: up: u
235519: down: c
235619: up: c
235840: down: h
235920: up: h
236050: down: <space>
236120: up: <space>
236290: down: i
236370: up: i
236491: down: t
236601: up: t
237782: down: .
237862: up: .
237963: down: <space>
238053: up: <space>
239154: down: <shift_left>
239705: down: i
239765: up: <shift_left>
239775: up: i
240076: down: t
240146: up: t
240186: down: <space>
240296: up: <space>
240687: down: g
240767: up: g
240957: down: o
241047: up: o
241147: down: e
241247: up: e
241378: down: s
241458: up: s
241548: down: <space>
241638: up: <space>
241798: down: i
241888: up: i
242028: down: n
242089: up: n
242199: down: <space>
242289: up: <space>
242429: down: a
242489: up: a
242539: down: <space>
242619: up: <space>
242840: down: p
242920: up: p
243180: down: r
243280: up: r
243360: down: e
243461: up: e
243981: down: a
244051: up: a
244422: down: h
244492: up: h
244582: down: e
244682: up: e
245193: down: <backspace>
245273: up: <backspace>
245373: down: <backspace>
245453: up: <backspace>
245924: down: <backspace>
246024: up: <backspace>
247126: down: h
247196: up: h
247276: down: e
247346: up: e
247496: down: a
247576: up: a
247777: down: t
247857: up: t
247937: down: e
248027: up: e
248127: down: d
248207: up: d
248297: down: <space>
248378: up: <space>
248558: down: o
248618: up: o
248968: down: v
249029: up: v
249139: down: e
249239: up: e
249609: down: n
249679: up: n
249770: down: <space>
249860: up: <space>
249980: down: a
250090: up: a
250661: down: t
250731: up: t
250801: down: <space>
250881: up: <space>
252393: down: 4
252473: up: 4
252904: down: 2
253014: up: 2
254727: down: 5
254807: up: 5
255498: down: <space>
255618: up: <space>
256810: down: d
256930: up: d
257010: down: e
257110: up: e
257501: down: g
257611: up: g
257761: down: r
257821: up: r
257871: down: e
257951: up: e
258572: down: e
258642: up: e
258773: down: s
258843: up: s
258953: down: <space>
259053: up: <space>
259924: down: f
260014: up: f
260135: down: o
260225: up: o
260465: down: r
260595: up: r
260625: down: <space>
260705: up: <space>
262268: down: 2
262358: up: 2
262458: down: 0
262538: up: 0
262748: down: <space>
262838: up: <space>
262969: down: m
263049: up: m
263189: down: i
263249: up: i
263369: down: n
263469: up: n
263650: down: u
263720: up: u
263980: down: t
264080: up: t
264210: down: e
264321: up: e
264441: down: s
264551: up: s
267685: down: .
267765: up: .
267896: down: <space>
267976: up: <space>
268086: down: <shift_left>
268266: down: i
268306: up: <shift_left>
268326: up: i
268667: down: f
268737: up: f
268777: down: <space>
268847: up: <space>
269188: down: y
269298: up: y
269368: down: o
269518: up: o
269658: down: u
269748: up: u
269889: down: <space>
269979: up: <space>
270209: down: c
270279: up: c
270369: down: a
270469: up: a
270630: down: n
270720: up: n
270790: down: <space>
270890: up: <space>
271271: down: b
271331: up: b
271451: down: e
271541: up: e
271751: down: a
271841: up: a
272062: down: r
272142: up: r
272252: down: <space>
272352: up: <space>
273354: down: <backspace>
273444: up: <backspace>
273544: down: <backspace>
273594: up: <backspace>
273704: down: <backspace>
273744: up: <backspace>
273844: down: <backspace>
273914: up: <backspace>
274034: down: <backspace>
274105: up: <backspace>
276288: down: h
276358: up: h
276688: down: o
276748: up: o
276879: down: l
276969: up: l
277129: down: d
277239: up: d
277259: down: <space>
277359: up: <space>
277660: down: y
277760: up: y
277820: down: o
277980: up: o
278160: down: u
278291: up: u
278451: down: r
278531: up: r
278571: down: <space>
278671: up: <space>
279042: down: h
279102: up: h
279242: down: o
279362: up: o
280434: down: r
280444: up: r
280474: down: s
280544: up: s
280694: down: e
280844: up: e
281035: down: s
281115: up: s
281285: down: <space>
281415: up: <space>
282356: down: a
282467: up: a
282577: down: n
282697: up: n
282887: down: d
282987: up: d
283057: down: <space>
283148: up: <space>
283989: down: s
284119: up: s
284279: down: t
284389: up: t
284500: down: o
284600: up: o
284730: down: p
284830: up: p
285000: down: <space>
285070: up: <space>
285371: down: p
285481: up: p
285741: down: e
285801: up: e
285892: down: e
285952: up: e
286132: down: k
286262: up: k
286362: down: i
286472: up: i
286623: down: n
286733: up: n
287113: down: g
287213: up: g
287274: down: <space>
287364: up: <space>
287464: down: t
287574: up: t
287804: down: h
287894: up: h
288125: down: r
288205: up: r
288305: down: o
288435: up: o
288666: down: u
288736: up: u
289076: down: g
289156: up: g
289266: down: h
289357: up: h
289657: down: <space>
289727: up: <space>
289807: down: t
289897: up: t
289987: down: h
290058: up: h
290128: down: e
290218: up: e
290298: down: <space>
290388: up: <space>
291229: down: o
291329: up: o
291580: down: v
291670: up: v
291740: down: e
291840: up: e
292040: down: n
292121: up: n
292221: down: <space>
292331: up: <space>
292611: down: d
292691: up: d
292761: down: o
292882: up: o
293112: down: r
293212: up: r
294043: down: <backspace>
294163: up: <backspace>
295095: down: o
295175: up: o
295706: down: r
295796: up: r
297218: down: ,
297288: up: ,
297378: down: <space>
297478: up: <space>
297578: down: a
297699: up: a
297869: down: f
297969: up: f
298079: down: t
298139: up: t
298219: down: e
298349: up: e
298430: down: r
298530: down: <space>
298550: up: r
298630: up: <space>
298750: down: t
298850: up: t
298920: down: h
298990: up: h
299081: down: e
299211: up: e
299331: down: <space>
299421: up: <space>
299531: down: t
299641: up: t
299751: down: i
299852: up: i
299992: down: m
300072: up: m
300132: down: e
300232: up: e
300302: down: <space>
300392: up: <space>
301414: down: p
301494: up: p
301564: down: a
301654: up: a
301854: down: s
301925: up: s
301995: down: s
302105: up: s
302235: down: e
302325: up: e
302465: down: s
302505: up: s
302596: down: <space>
302686: up: <space>
302916: down: b
303016: up: b
303186: down: u
303236: up: u
303727: down: <backspace>
303817: up: <backspace>
304378: down: y
304398: up: y
305239: down: <space>
305319: up: <space>
305900: down: y
305980: up: y
306061: down: o
306171: up: o
306351: down: u
306421: up: u
306581: down: <space>
306661: up: <space>
306882: down: w
306972: up: w
307072: down: i
307142: up: i
307533: down: l
307593: up: l
307673: down: l
307753: up: l
308244: down: <space>
308334: up: <space>
309305: down: h
309365: up: h
309445: down: a
309556: up: a
309626: down: v
309716: up: v
309806: down: e
309876: up: e
309936: down: <space>
310016: up: <space>
310166: down: a
310247: up: a
310307: down: <space>
310377: up: <space>
310867: down: g
310958: up: g
311058: down: o
311158: up: o
311268: down: l
311378: up: l
311609: down: d
311709: up: d
311829: down: e
311919: up: e
312249: down: n
312330: up: n
312420: down: <space>
312510: up: <space>
312620: down: m
312700: up: m
312780: down: a
312880: up: a
313131: down: r
313201: up: r
313631: down: v
313702: up: v
313782: down: e
313892: up: e
314052: down: l
314132: up: l
314262: down: <space>
314342: up: <space>
314533: down: o
314633: up: o
314773: down: n
314853: up: n
314943: down: <space>
315013: up: <space>
315404: down: y
315514: up: y
315554: down: o
315704: up: o
315885: down: u
315975: up: u
316536: down: r
316616: up: r
316686: down: <space>
316796: up: <space>
317016: down: t
317096: up: t
317227: down: a
317317: up: a
317467: down: b
317537: up: b
318008: down: l
318098: up: l
318168: down: e
318268: up: e
320992: down: .
321042: up: .

