# Keylogger Version 0.1; Format: (timestamp, downstroke/upstroke, key)
0: down: <shift_left>
235: up: <shift_left>
719: down: <shift_left>
891: down: h
922: up: <shift_left>
969: up: h
1125: down: e
1203: up: e
1266: down: y
1344: up: y
1656: down: <space>
1719: up: <space>
3500: down: <shift_left>
3672: down: t
3735: up: t
3781: up: <shift_left>
3906: down: i
3985: up: i
4156: down: n
4219: up: n
4391: down: a
4469: up: a
4641: down: <shift_left>
4938: down: 1
5016: up: 1
5047: up: <shift_left>
5360: down: <space>
5438: up: <space>
7547: down: <shift_left>
7719: down: t
7766: up: <shift_left>
7766: up: t
7969: down: h
8047: up: h
8156: down: i
8219: up: i
8297: down: s
8360: up: s
8469: down: <space>
8531: up: <space>
8844: down: w
8922: up: w
9047: down: a
9125: up: a
9219: down: s
9297: up: s
9406: down: <space>
9469: up: <space>
9703: down: p
9781: up: p
9891: down: r
9953: up: r
10031: down: o
10094: up: o
10641: down: b
10719: up: b
10781: down: a
10860: up: a
10891: down: b
10953: up: b
11203: down: l
11266: up: l
11313: down: y
11375: up: y
11438: down: <space>
11516: up: <space>
11578: down: t
11656: up: t
11719: down: h
11797: up: h
11844: down: e
11906: up: e
12016: down: <space>
12078: up: <space>
12250: down: b
12297: up: b
12328: down: e
12391: up: e
12531: down: s
12610: up: s
12641: down: t
12672: up: t
12844: down: <space>
12922: up: <space>
12953: down: w
13031: up: w
13156: down: e
13235: up: e
13344: down: e
13375: up: e
13610: down: k
13656: up: k
13750: down: e
13828: up: e
13891: down: n
13969: up: n
14031: down: d
14110: up: d
14203: down: <space>
14281: up: <space>
14625: down: o
14656: up: o
14766: down: f
14828: up: f
14906: down: <space>
14969: up: <space>
15141: down: m
15219: up: m
15250: down: y
15328: up: y
15391: down: <space>
15469: up: <space>
15875: down: e
15938: up: e
16141: down: n
16219: up: n
16281: down: t
16360: up: t
16422: down: i
16500: up: i
16563: down: r
16672: up: r
16985: down: e
17047: up: e
17250: down: <space>
17328: up: <space>
17531: down: l
17610: up: l
17781: down: i
17844: up: i
17922: down: f
17985: up: f
18063: down: e
18125: up: e
18328: down: <shift_left>
18563: down: 1
18610: up: 1
18641: up: <shift_left>
18953: down: <space>
19016: up: <space>
20141: down: <shift_left>
20344: down: f
20422: up: <shift_left>
20422: up: f
20766: down: i
20844: up: i
21110: down: r
21188: up: r
21281: down: s
21360: up: s
21422: down: t
21500: up: t
21969: down: ,
22047: up: ,
22188: down: <space>
22250: up: <space>
22422: down: o
22500: up: o
22625: down: n
22703: up: n
22844: down: <space>
22953: up: <space>
23047: down: s
23125: up: s
23297: down: a
23328: up: a
23391: down: t
23469: up: t
23703: down: u
23781: up: u
23844: down: r
23922: up: r
24547: down: <backspace>
24594: up: <backspace>
24688: down: <backspace>
24766: up: <backspace>
24860: down: <backspace>
24938: up: <backspace>
25000: down: <backspace>
25078: up: <backspace>
25281: down: <backspace>
25360: up: <backspace>
25688: down: <shift_left>
26000: down: s
26078: up: s
26110: up: <shift_left>
26313: down: a
26391: up: a
26516: down: t
26594: up: t
26938: down: u
27000: up: u
27047: down: r
27110: up: r
27328: down: d
27360: up: d
28453: down: a
28563: up: a
28594: down: y
28672: up: y
29485: down: ,
29563: up: ,
29656: down: <space>
29766: up: <space>
30344: down: i
30391: up: i
30625: down: <space>
30688: up: <space>
32031: down: w
32094: up: w
32172: down: o
32235: up: o
32313: down: k
32375: up: k
32453: down: e
32516: up: e
32594: down: <space>
32656: up: <space>
32860: down: u
32938: up: u
33000: down: p
33047: up: p
33219: down: <space>
33281: up: <space>
33485: down: a
33563: up: a
33735: down: t
33797: up: t
34281: down: <space>
34344: up: <space>
35203: down: t
35281: up: t
35406: down: w
35453: up: w
35563: down: o
35594: up: o
35797: down: <space>
35875: up: <space>
36110: down: i
36188: up: i
36328: down: n
36406: up: n
36547: down: <space>
36625: up: <space>
36719: down: t
36797: up: t
36860: down: h
36891: up: h
37000: down: e
37047: up: e
37141: down: <space>
37219: up: <space>
37797: down: a
37875: up: a
38000: down: f
38047: up: f
38172: down: t
38250: up: t
38313: down: e
38391: up: e
38500: down: r
38563: up: r
38672: down: n
38719: up: n
38891: down: o
38953: up: o
39031: down: o
39110: up: o
39250: down: n
39313: up: n
39563: down: .
39594: up: .
39735: down: <space>
39797: up: <space>
39906: down: <shift_left>
40078: down: t
40110: up: <shift_left>
40156: up: t
40250: down: h
40360: up: h
40391: down: e
40469: up: e
40469: down: n
40531: up: n
40641: down: <space>
40719: up: <space>
40875: down: i
40953: up: i
41125: down: <space>
41203: up: <space>
43078: down: w
43156: up: w
43313: down: e
43391: up: e
44078: down: n
44110: up: n
44219: down: t
44281: up: t
44360: down: <space>
44453: up: <space>
44938: down: d
45016: up: d
45250: down: o
45313: up: o
45422: down: w
45453: up: w
45563: down: n
45594: up: n
45938: down: s
46016: up: s
46125: down: t
46188: up: t
46266: down: a
46328: up: a
46500: down: i
46531: up: i
46610: down: r
46672: up: r
47016: down: s
47094: up: s
47188: down: <space>
47266: up: <space>
47610: down: <backspace>
47672: up: <backspace>
47875: down: .
47953: up: .
48063: down: <space>
48125: up: <space>
48156: down: <shift_left>
48297: up: <shift_left>
48344: down: a
48438: up: a
48516: down: n
48578: up: n
49578: down: <backspace>
49641: up: <backspace>
49719: down: <backspace>
49781: up: <backspace>
49891: down: <backspace>
49953: up: <backspace>
50031: down: <backspace>
50094: up: <backspace>
50203: down: <space>
50281: up: <space>
50953: down: a
51031: up: a
51094: down: n
51172: up: n
51235: down: d
51313: up: d
51375: down: <space>
51453: up: <space>
51656: down: a
51719: up: a
51797: down: t
51828: up: t
51906: down: e
51985: up: e
52078: down: <space>
52156: up: <space>
53250: down: s
53313: up: s
53391: down: o
53453: up: o
53563: down: m
53625: down: e
53641: up: m
53703: up: e
53766: down: <space>
53844: up: <space>
54016: down: b
54094: up: b
54156: down: r
54235: up: r
54438: down: a
54516: up: a
54547: down: n
54578: up: n
54719: down: <space>
54797: up: <space>
55063: down: f
55141: up: f
55203: down: l
55281: up: l
56328: down: a
56406: up: a
56438: down: k
56516: up: k
56578: down: e
56656: up: e
56828: down: s
56891: up: s
57375: down: <space>
57438: up: <space>
57688: down: f
57750: up: f
57860: down: o
57922: up: o
57969: down: r
58031: up: r
58141: down: <space>
58235: up: <space>
59328: down: b
59375: up: b
59547: down: r
59610: up: r
59656: down: e
59719: up: e
59922: down: <caps_lock>
59969: up: <caps_lock>
60031: down: k
60078: up: k
60750: down: <backspace>
60828: up: <backspace>
61094: down: a
61203: up: a
61344: down: k
61422: up: k
61656: down: <backspace>
61719: up: <backspace>
61828: down: <backspace>
61860: up: <backspace>
61938: down: <caps_lock>
62016: up: <caps_lock>
62797: down: a
62828: up: a
63375: down: k
63422: up: k
63750: down: f
63828: up: f
63860: down: a
63938: up: a
64031: down: s
64110: up: s
64141: down: t
64188: up: t
64594: down: .
64656: up: .
64797: down: <space>
64860: up: <space>
64860: down: <shift_left>
65031: up: <shift_left>
65031: down: a
65141: up: a
65297: down: f
65375: up: f
65516: down: t
65547: up: t
65578: down: e
65688: up: e
65797: down: r
65828: up: r
65906: down: <space>
65969: up: <space>
66047: down: t
66110: up: t
66172: down: h
66250: up: h
66313: down: a
66391: up: a
66422: down: t
66500: up: t
66703: down: <space>
66781: up: <space>
66985: down: i
67016: up: i
67203: down: <space>
67281: up: <space>
67547: down: w
67625: up: w
67797: down: a
67860: up: a
67891: down: t
67969: up: t
68063: down: c
68141: up: c
68141: down: h
68250: up: h
68313: down: e
68360: up: e
68485: down: d
68563: up: d
68625: down: <space>
68703: up: <space>
68766: down: t
68844: up: t
68906: down: h
68985: up: h
69016: down: e
69094: up: e
69156: down: <space>
69235: up: <space>
69610: down: w
69703: up: w
69813: down: e
69844: up: e
70016: down: a
70094: up: a
70156: down: t
70203: up: t
70344: down: h
70422: up: h
70453: down: e
70516: up: e
70594: down: r
70672: up: r
70735: down: <space>
70781: up: <space>
70906: down: c
70985: up: c
71016: down: h
71094: up: h
71156: down: a
71235: up: a
71266: down: n
71328: up: n
71406: down: n
71469: up: n
71547: down: e
71610: up: e
71688: down: l
71750: up: l
71891: down: <space>
72000: up: <space>
72250: down: f
72313: up: f
72422: down: o
72453: up: o
72563: down: r
72625: up: r
72688: down: <space>
72750: up: <space>
73438: down: a
73500: up: a
73547: down: b
73610: up: b
73766: down: o
73828: up: o
73938: down: u
74016: up: u
74078: down: t
74141: up: t
74735: down: <space>
74797: up: <space>
75625: down: t
75688: up: t
75766: down: h
75828: up: h
75906: down: r
75969: up: r
76141: down: e
76219: up: e
76281: down: e
76360: up: e
76453: down: <space>
76531: up: <space>
76656: down: h
76735: up: h
76844: down: o
76906: up: o
77078: down: u
77125: up: u
77188: down: r
77266: up: r
77500: down: s
77563: up: s
79828: down: .
79891: up: .
80031: down: <space>
80110: up: <space>
80172: down: <shift_left>
80281: up: <shift_left>
80281: down: i
80360: up: i
80531: down: t
80563: up: t
80766: down: <space>
80844: up: <space>
80844: down: w
80906: up: w
81047: down: a
81125: up: a
81188: down: s
81266: up: s
81672: down: <space>
81735: up: <space>
81953: down: g
81985: up: g
82156: down: r
82188: up: r
82219: down: e
82297: up: e
82469: down: a
82500: up: a
82578: down: t
82641: up: t
83016: down: <shift_left>
83188: down: 1
83266: up: 1
83297: up: <shift_left>
83578: down: <space>
83641: up: <space>
83719: down: <shift_left>
84094: up: <shift_left>
84094: down: d
84172: up: d
84235: down: i
84313: up: i
84344: down: d
84406: up: d
84547: down: <space>
84625: up: <space>
84797: down: y
84860: up: y
84891: down: o
84969: up: o
85110: down: u
85172: up: u
85391: down: <space>
85469: up: <space>
85735: down: k
85813: up: k
85875: down: n
85953: up: n
86063: down: o
86125: up: o
86235: down: w
86266: up: w
86406: down: <space>
86469: up: <space>
86813: down: <shift_left>
87031: down: e
87063: up: <shift_left>
87141: up: e
87203: down: n
87281: up: n
87406: down: g
87485: up: g
87516: down: l
87594: up: l
87797: down: a
87875: up: a
87938: down: n
88016: up: n
88281: down: d
88360: up: d
88485: down: <space>
88563: up: <space>
90235: down: i
90281: up: i
90375: down: s
90453: up: s
90516: down: <space>
90594: up: <space>
91063: down: f
91110: up: f
91281: down: a
91375: up: a
91547: down: c
91625: up: c
91719: down: i
91797: up: i
91938: down: n
92000: up: n
92078: down: g
92125: up: g
92219: down: <space>
92297: up: <space>
93422: down: l
93500: up: l
93625: down: o
93703: up: o
93875: down: t
93938: up: t
94047: down: s
94078: up: s
94188: down: <space>
94250: up: <space>
94594: down: o
94672: up: o
94813: down: f
94891: up: f
94985: down: <space>
95078: up: <space>
95422: down: f
95485: up: f
95563: down: l
95625: up: l
95797: down: o
95875: up: o
95938: down: o
96016: up: o
96188: down: d
96250: up: d
96422: down: s
96500: up: s
96828: down: <shift_left>
97594: down: /
97672: up: /
97735: up: <shift_left>
97875: down: <space>
97938: up: <space>
101063: down: t
101141: up: t
101203: down: h
101281: up: h
101344: down: e
101422: up: e
101453: down: n
101516: up: n
102141: down: <backspace>
102203: up: <backspace>
102313: down: <backspace>
102375: up: <backspace>
102453: down: <backspace>
102516: up: <backspace>
102766: down: <backspace>
102828: up: <backspace>
103063: down: <shift_left>
103344: down: t
103422: up: <shift_left>
103422: up: t
103594: down: h
103703: up: h
103766: down: e
103844: up: e
103875: down: n
103953: up: n
104094: down: <space>
104156: up: <space>
104469: down: i
104531: up: i
104703: down: <space>
104781: up: <space>
104985: down: a
105063: up: a
105125: down: t
105203: up: t
105297: down: e
105375: up: e
105500: down: <space>
105578: up: <space>
107281: down: a
107360: up: a
107469: down: <space>
107531: up: <space>
107766: down: s
107813: up: s
107985: down: a
108047: up: a
108125: down: l
108188: up: l
108906: down: a
108985: up: a
109156: down: d
109219: up: d
109766: down: <space>
109844: up: <space>
110078: down: f
110156: up: f
110250: down: o
110328: up: o
110391: down: r
110469: up: r
110563: down: <space>
110641: up: <space>
111016: down: d
111094: up: d
111188: down: i
111266: up: i
111391: down: n
111469: up: n
111578: down: n
111641: up: n
111750: down: e
111813: up: e
111922: down: r
112000: up: r
112031: down: .
112110: up: .
112235: down: <space>
112328: up: <space>
112391: down: <shift_left>
112500: down: i
112578: up: <shift_left>
112578: up: i
112750: down: t
112813: up: t
112985: down: <space>
113063: up: <space>
113156: down: w
113235: up: w
113375: down: a
113438: up: a
113578: down: s
113656: up: s
113719: down: <space>
113797: up: <space>
114469: down: 6
114547: up: 6
114985: down: <shift_left>
115156: down: ;
115203: up: ;
115235: up: <shift_left>
115406: down: 0
115469: up: 0
115547: down: 0
115656: up: 0
117391: down: p
117438: up: p
117610: down: .
117672: up: .
118156: down: m
118219: up: m
118500: down: .
118563: up: .
122328: down: <space>
122375: up: <space>
122641: down: <shift_left>
123047: down: i
123125: up: <shift_left>
123125: up: i
123328: down: <space>
123406: up: <space>
123531: down: d
123610: up: d
123781: down: e
123813: up: e
124063: down: c
124125: up: c
124203: down: i
124235: up: i
125875: down: d
125953: up: d
126078: down: e
126156: up: e
126391: down: d
126500: up: d
127078: down: <space>
127172: up: <space>
127344: down: t
127406: up: t
127485: down: o
127531: up: o
127703: down: <space>
127766: up: <space>
127844: down: t
127906: up: t
128594: down: a
128672: up: a
128875: down: e
128953: up: e
129031: down: <space>
129110: up: <space>
129203: down: a
129281: up: a
129313: down: <space>
129391: up: <space>
129594: down: h
129656: up: h
129813: down: o
129875: up: o
130125: down: <backspace>
130188: up: <backspace>
130313: down: <backspace>
130375: up: <backspace>
131125: down: s
131203: up: s
131235: down: h
131313: up: h
131485: down: o
131547: up: o
131656: down: w
131735: up: w
131860: down: e
131938: up: e
132078: down: r
132141: up: r
132860: down: <space>
132938: up: <space>
133516: down: f
133578: up: f
133656: down: o
133719: up: o
133766: down: r
133828: up: r
133922: down: <space>
133985: up: <space>
134156: down: a
134235: up: a
134266: down: b
134328: up: b
134469: down: o
134547: up: o
134641: down: u
134719: up: u
134781: down: t
134860: up: t
135000: down: <space>
135063: up: <space>
135953: down: 3
135985: up: 3
136125: down: 0
136188: up: 0
136344: down: <space>
136453: up: <space>
136594: down: m
136672: up: m
136797: down: i
136875: up: i
136969: down: n
137047: up: n
137188: down: u
137250: up: u
137328: down: t
137391: up: t
137641: down: e
137703: up: e
137844: down: s
137922: up: s
137985: down: .
138063: up: .
138188: down: <space>
138266: up: <space>
138297: down: <shift_left>
138469: up: <shift_left>
138469: down: a
138578: up: a
138719: down: f
138766: up: f
138891: down: t
138969: up: t
139000: down: e
139078: up: e
139203: down: r
139281: up: r
139328: down: <space>
139391: up: <space>
139453: down: t
139531: up: t
139594: down: h
139672: up: h
139766: down: a
139844: up: a
139875: down: t
139922: up: t
140156: down: <space>
140219: up: <space>
140391: down: i
140469: up: i
140641: down: <space>
140703: up: <space>
140875: down: w
140953: up: w
141125: down: a
141188: up: a
141938: down: t
142016: up: t
142047: down: c
142125: up: c
142188: down: h
142266: up: h
142297: down: e
142375: up: e
142500: down: d
142578: up: d
142688: down: <space>
142750: up: <space>
142781: down: t
142860: up: t
142953: down: h
143031: up: h
143063: down: e
143141: up: e
143203: down: <space>
143281: up: <space>
143953: down: n
144031: up: n
144031: down: e
144110: up: e
144235: down: w
144313: up: w
144485: down: s
144563: up: s
144688: down: .
144766: up: .
145188: down: <space>
145266: up: <space>
146422: down: <shift_left>
146563: up: <shift_left>
146563: down: t
146641: up: t
146735: down: h
146813: up: h
146844: down: e
146922: up: e
146953: down: n
147031: up: n
147125: down: <space>
147203: up: <space>
147344: down: i
147422: up: i
147594: down: <space>
147672: up: <space>
148313: down: r
148391: up: r
148422: down: e
148485: up: e
148860: down: a
148938: up: a
149110: down: d
149188: up: d
149219: down: <space>
149281: up: <space>
149391: down: t
149453: up: t
149531: down: h
149594: up: h
149641: down: e
149703: up: e
149813: down: <space>
149875: up: <space>
150047: down: <shift_left>
150156: down: n
150203: up: <shift_left>
150235: up: n
150406: down: e
150485: up: e
150610: down: w
150656: up: w
150922: down: s
151000: up: s
151203: down: p
151281: up: p
151344: down: a
151422: up: a
151485: down: p
151531: up: p
151703: down: e
151766: up: e
151906: down: r
151985: up: r
152563: down: .
152641: up: .
152844: down: <space>
152922: up: <space>
153672: down: <shift_left>
153844: up: <shift_left>
153844: down: i
153875: up: i
154125: down: <space>
154188: up: <space>
154625: down: s
154703: up: s
154766: down: t
154813: up: t
156078: down: a
156141: up: a
156719: down: r
156797: up: r
157203: down: t
157281: up: t
157281: down: e
157344: up: e
157516: down: d
157625: up: d
158141: down: <space>
158203: up: <space>
158344: down: t
158422: up: t
158453: down: o
158531: up: o
158656: down: <space>
158766: up: <space>
158938: down: g
159016: up: g
159078: down: e
159110: up: e
159188: down: t
159219: up: t
159391: down: <space>
159469: up: <space>
159672: down: t
159735: up: t
159813: down: i
159860: up: i
159922: down: r
160000: up: r
160141: down: e
160203: up: e
160375: down: d
160453: up: d
160516: down: <space>
160594: up: <space>
161063: down: s
161141: up: s
161203: down: o
161313: up: o
161438: down: <space>
161500: up: <space>
161672: down: i
161750: up: i
161922: down: <space>
161985: up: <space>
164000: down: <backspace>
164078: up: <backspace>
164860: down: <backspace>
164938: up: <backspace>
165656: down: <shift_left>
166000: down: i
166063: up: i
166110: up: <shift_left>
166313: down: <space>
166406: up: <space>
168016: down: w
168094: up: w
168235: down: e
168266: up: e
168328: down: n
168406: up: n
168469: down: t
168547: up: t
168578: down: <space>
168656: up: <space>
168719: down: t
168797: up: t
168860: down: o
168906: up: o
169063: down: <space>
169141: up: <space>
169313: down: b
169344: up: b
169422: down: e
169485: up: e
169625: down: d
169703: up: d
170078: down: .
170141: up: .
170391: down: <space>
170453: up: <space>
173781: down: <arrow_left>
173860: up: <arrow_left>
174063: down: <backspace>
174125: up: <backspace>
174235: down: <shift_left>
174406: down: i
174469: up: i
174485: up: <shift_left>
176625: down: <backspace>
176703: up: <backspace>
176844: down: <shift_left>
176985: down: i
177047: up: i
177063: up: <shift_left>
179110: down: <arrow_right>
179188: up: <arrow_right>
179485: down: <backspace>
179531: up: <backspace>
179766: down: <shift_left>
179938: down: i
179985: up: <shift_left>
179985: up: i
182781: down: <shift_left>
182985: down: s
183031: up: <shift_left>
183094: up: s
183172: down: u
183235: up: u
183344: down: n
183453: up: n
183485: down: d
183547: up: d
183656: down: a
183735: up: a
183797: down: y
183875: up: y
184047: down: <space>
184110: up: <space>
184188: down: w
184250: up: w
184391: down: a
184469: up: a
184531: down: s
184610: up: s
184641: down: <space>
184703: up: <space>
184813: down: e
184875: up: e
184922: down: v
184985: up: v
186219: down: e
186297: up: e
186328: down: n
186391: up: n
186844: down: <space>
186906: up: <space>
187156: down: b
187219: up: b
187250: down: e
187328: up: e
187531: down: t
187563: up: t
187672: down: t
187750: up: t
187813: down: e
187844: up: e
187985: down: r
188031: up: r
188672: down: ,
188750: up: ,
188875: down: <space>
188953: up: <space>
189219: down: i
189297: up: i
189469: down: <space>
189547: up: <space>
189641: down: w
189719: up: w
189766: down: o
189813: up: o
189891: down: k
190000: up: k
190031: down: e
190063: up: e
190172: down: <space>
190235: up: <space>
190610: down: <backspace>
190688: up: <backspace>
190750: down: <backspace>
190828: up: <backspace>
190922: down: <backspace>
191000: up: <backspace>
191063: down: <backspace>
191141: up: <backspace>
191203: down: <backspace>
191281: up: <backspace>
191391: down: <backspace>
191453: up: <backspace>
191531: down: <backspace>
191594: up: <backspace>
192313: down: <shift_left>
192516: down: i
192563: up: <shift_left>
192563: up: i
192735: down: <space>
192828: up: <space>
193047: down: w
193110: up: w
193219: down: o
193281: up: o
193391: down: k
193453: up: k
193531: down: e
193594: up: e
193672: down: <space>
193735: up: <space>
193985: down: u
194047: up: u
194125: down: p
194188: up: p
194391: down: <space>
194438: up: <space>
196719: down: a
196797: up: a
196828: down: n
196906: up: n
197000: down: <space>
197110: up: <space>
197281: down: h
197360: up: h
197485: down: o
197563: up: o
197656: down: u
197735: up: u
197766: down: r
197844: up: r
197906: down: <space>
197985: up: <space>
198156: down: e
198219: up: e
198531: down: a
198563: up: a
198844: down: r
198891: up: r
198953: down: l
199031: up: l
199203: down: i
199266: up: i
199344: down: e
199406: up: e
199547: down: r
199625: up: r
201156: down: <space>
201266: up: <space>
201438: down: s
201500: up: s
201578: down: o
201641: up: o
201781: down: <space>
201860: up: <space>
202016: down: i
202094: up: i
202235: down: <space>
202297: up: <space>
202469: down: h
202516: up: h
202656: down: a
202735: up: a
202938: down: d
203000: up: d
203110: down: <space>
203172: up: <space>
203422: down: m
203469: up: m
203594: down: o
203672: up: o
203703: down: r
203781: up: r
203922: down: e
204000: up: e
204031: down: <space>
204094: up: <space>
204172: down: t
204235: up: t
204313: down: i
204375: up: i
204485: down: m
204563: up: m
204625: down: e
204703: up: e
204735: down: <space>
204797: up: <space>
204875: down: t
204938: up: t
205016: down: o
205078: up: o
205250: down: <space>
205328: up: <space>
206422: down: r
206500: up: r
206594: down: e
206672: up: e
206735: down: a
206781: up: a
206813: down: d
206891: up: d
207047: down: <space>
207125: up: <space>
207235: down: t
207297: up: t
207328: down: h
207406: up: h
207469: down: e
207547: up: e
207578: down: <space>
207656: up: <space>
207781: down: n
207828: up: n
207875: down: e
207969: up: e
208110: down: w
208188: up: w
208422: down: s
208500: up: s
208703: down: p
208735: up: p
208813: down: a
208875: up: a
208938: down: p
208985: up: p
209156: down: e
209219: up: e
209360: down: r
209438: up: r
210219: down: <shift_left>
210391: down: 1
210469: up: 1
210500: up: <shift_left>
211250: down: <space>
211328: up: <space>
212078: down: <shift_left>
212203: down: t
212219: up: <shift_left>
212250: up: t
212391: down: h
212469: up: h
212641: down: o
212672: up: o
212750: down: s
212860: up: s
212985: down: e
213063: up: e
213125: down: <space>
213203: up: <space>
213375: down: c
213438: up: c
213516: down: o
213578: up: o
213719: down: m
213797: up: m
213891: down: i
213969: up: i
214031: down: c
214110: up: c
214516: down: s
214594: up: s
214750: down: <space>
214828: up: <space>
215375: down: k
215453: up: k
215516: down: e
215594: up: e
215688: down: e
215766: up: e
215797: down: p
215860: up: p
216031: down: <space>
216110: up: <space>
216391: down: g
216438: up: g
216500: down: e
216578: up: e
216703: down: t
216781: up: t
216860: down: t
216922: up: t
217360: down: i
217406: up: i
217516: down: n
217594: up: n
217656: down: g
217735: up: g
217828: down: <space>
217906: up: <space>
218250: down: f
218313: up: f
218719: down: u
218797: up: u
218938: down: n
219000: up: n
219031: down: n
219125: up: n
219219: down: i
219297: up: i
219391: down: e
219531: down: r
219578: up: e
219641: up: r
219703: down: .
219781: up: .
220047: down: <space>
220125: up: <space>
221250: down: <shift_left>
221594: down: t
221656: up: t
221672: up: <shift_left>
221797: down: h
221875: up: h
221906: down: a
221985: up: a
222016: down: t
222078: up: t
222281: down: <space>
222360: up: <space>
222391: down: w
222469: up: w
222610: down: a
222672: up: a
222750: down: s
222828: up: s
222860: down: <space>
222922: up: <space>
223063: down: t
223141: up: t
223203: down: h
223281: up: h
223610: down: e
223719: up: e
224406: down: <space>
224438: up: <space>
225500: down: b
225578: up: b
225610: down: e
225672: up: e
225813: down: s
225891: up: s
225891: down: t
225953: up: t
226844: down: <space>
226906: up: <space>
227281: down: w
227344: up: w
227516: down: e
227578: up: e
227641: down: e
227703: up: e
227875: down: k
227953: up: k
228047: down: e
228125: up: e
228266: down: n
228328: up: n
228360: down: d
228438: up: d
228547: down: <space>
228610: up: <space>
228844: down: o
228922: up: o
228985: down: f
229063: up: f
229406: down: <backspace>
229438: up: <backspace>
229719: down: <backspace>
229781: up: <backspace>
230610: down: e
230719: up: e
230750: down: v
230813: up: v
230844: down: e
230922: up: e
231031: down: r
231110: up: r
231266: down: <shift_left>
231438: down: 1
231516: up: 1
231547: up: <shift_left>
249594: down: <backspace>
249641: up: <backspace>
250485: down: <shift_left>
250656: down: i
250735: up: i
250766: up: <shift_left>
254047: down: <backspace>
254094: up: <backspace>
254266: down: <shift_left>
254391: down: i
254469: up: <shift_left>
254469: up: i

