# Keylogger Version 0.1; Format: (timestamp, downstroke/upstroke, key)
0: down: <shift_left>
109: up: <shift_left>
109: down: d
140: up: d
343: down: e
421: up: e
1453: down: a
1484: up: a
1593: down: r
1656: up: r
2203: down: <space>
2281: up: <space>
2812: down: <shift_left>
2984: up: <shift_left>
2984: down: s
3062: up: s
3125: down: t
3171: up: t
3234: down: a
3312: up: a
3515: down: c
3578: up: c
3656: down: y
3718: up: y
3828: down: <shift_left>
4171: up: <shift_left>
4375: down: <shift_left>
4406: up: <shift_left>
5703: down: ,
5781: up: ,
5921: down: <space>
5984: up: <space>
6937: down: y
7015: up: y
7218: down: o
7265: up: o
7406: down: u
7453: up: u
7796: down: '
7859: up: '
8109: down: l
8171: up: l
8250: down: l
8312: up: l
8515: down: <space>
8593: up: <space>
8765: down: n
8796: up: n
8906: down: e
8968: up: e
9218: down: v
9265: up: v
10187: down: e
10250: up: e
10359: down: r
10421: up: r
11000: down: <space>
11078: up: <space>
11328: down: g
11390: up: g
11546: down: u
11609: up: u
11750: down: e
11828: up: e
11984: down: s
12062: up: s
12171: down: s
12203: up: s
12312: down: <space>
12375: up: <space>
12484: down: w
12562: up: w
12656: down: h
12703: up: h
12765: down: a
12843: up: a
12875: down: t
12937: up: t
13109: down: <space>
13187: up: <space>
13328: down: h
13406: up: h
13437: down: a
13515: up: a
13671: down: p
13718: up: p
13812: down: p
13890: up: p
14062: down: e
14140: up: e
14203: down: n
14281: up: n
14312: down: e
14375: up: e
14484: down: d
14546: up: d
14687: down: <space>
14734: up: <space>
14859: down: t
14937: up: t
15031: down: h
15109: up: h
15218: down: i
15250: up: i
15312: down: s
15421: up: s
15500: down: <space>
15562: up: <space>
15875: down: w
15984: up: w
16109: down: e
16187: up: e
16281: down: e
16359: up: e
16843: down: k
16875: up: k
16984: down: e
17046: up: e
17156: down: n
17218: up: n
17359: down: d
17437: up: d
17703: down: .
17781: up: .
17906: down: <space>
17984: up: <space>
21265: down: <shift_left>
21437: down: i
21531: up: i
21546: up: <shift_left>
21718: down: <space>
21796: up: <space>
22437: down: w
22515: up: w
22687: down: a
22750: up: a
22859: down: s
22921: up: s
23031: down: <space>
23109: up: <space>
23546: down: t
23609: up: t
23890: down: a
23953: up: a
24000: down: k
24062: up: k
24203: down: i
24281: up: i
24375: down: n
24453: up: n
24453: down: g
24515: up: g
24593: down: <space>
24687: up: <space>
24734: down: a
24796: up: a
24875: down: <space>
24937: up: <space>
25656: down: w
25734: up: w
25828: down: l
25906: up: l
26203: down: <backspace>
26250: up: <backspace>
26390: down: a
26453: up: a
26484: down: l
26593: up: l
26671: down: k
26734: up: k
26906: down: <space>
26984: up: <space>
27796: down: i
27875: up: i
27968: down: n
28046: up: n
28140: down: <space>
28218: up: <space>
28250: down: t
28328: up: t
28421: down: h
28468: up: h
28531: down: e
28609: up: e
28640: down: <space>
28718: up: <space>
28921: down: p
28968: up: p
29078: down: a
29140: up: a
29343: down: r
29421: up: r
29484: down: k
29562: up: k
29703: down: <space>
29765: up: <space>
29937: down: w
30015: up: w
30046: down: h
30109: up: h
30187: down: e
30250: up: e
30296: down: n
30359: up: n
30468: down: <space>
30531: up: <space>
30734: down: i
30812: up: i
30984: down: <space>
31062: up: <space>
31562: down: g
31609: up: g
31703: down: i
31781: up: i
31984: down: a
32015: up: a
32093: down: n
32156: up: n
32437: down: t
32500: up: t
32671: down: i
32781: up: i
32953: down: c
33031: up: c
33375: down: <space>
33437: up: <space>
35765: down: <shift_left>
35968: down: u
36015: up: <shift_left>
36046: up: u
36250: down: f
36296: up: f
36359: down: o
36468: up: o
36906: down: <backspace>
36953: up: <backspace>
37421: down: <backspace>
37500: up: <backspace>
37765: down: <shift_left>
38515: down: f
38625: up: f
38671: up: <shift_left>
39140: down: o
39218: up: o
39515: down: <backspace>
39593: up: <backspace>
39625: down: <shift_left>
39765: down: p
39843: up: <shift_left>
39843: up: p
40281: down: <backspace>
40359: up: <backspace>
40687: down: <shift_left>
40906: down: o
40968: up: o
40984: up: <shift_left>
41171: down: <space>
41250: up: <space>
41531: down: c
41593: up: c
41703: down: r
41781: up: r
41843: down: a
41921: up: a
42187: down: s
42265: up: s
42328: down: h
42406: up: h
42437: down: e
42500: up: e
42671: down: d
42750: up: d
42812: down: <space>
42890: up: <space>
43093: down: i
43171: up: i
43265: down: n
43343: up: n
43406: down: t
43484: up: t
43515: down: o
43546: up: o
43718: down: <space>
43796: up: <space>
44375: down: t
44453: up: t
44515: down: h
44593: up: h
44718: down: i
44765: up: i
44828: down: s
44937: up: s
45000: down: <space>
45078: up: <space>
45421: down: b
45453: up: b
45625: down: u
45671: up: u
46078: down: s
46156: up: s
46218: down: h
46296: up: h
46750: down: .
46812: up: .
46984: down: <space>
47046: up: <space>
47156: down: <shift_left>
47328: down: i
47390: up: i
47406: up: <shift_left>
47671: down: <space>
47750: up: <space>
48015: down: w
48093: up: w
48390: down: a
48468: up: a
48734: down: s
48781: up: s
49250: down: <space>
49328: up: <space>
49734: down: i
49812: up: i
49937: down: n
50015: up: n
50218: down: t
50250: up: t
50359: down: e
50437: up: e
50562: down: r
50640: up: r
50781: down: e
50843: up: e
51015: down: s
51093: up: s
51187: down: t
51234: up: t
51296: down: e
51375: up: e
51468: down: d
51546: up: d
51609: down: <space>
51687: up: <space>
52328: down: i
52406: up: i
52500: down: n
52609: up: n
52718: down: <space>
52781: up: <space>
52890: down: w
52968: up: w
53031: down: h
53062: up: h
53140: down: a
53203: up: a
53234: down: t
53312: up: t
53453: down: <space>
53515: up: <space>
53687: down: w
53734: up: w
53875: down: a
53937: up: a
54046: down: s
54078: up: s
54156: down: <space>
54218: up: <space>
54359: down: i
54437: up: i
54500: down: n
54609: up: n
54671: down: <space>
54781: up: <space>
54812: down: t
54890: up: t
54953: down: h
55031: up: h
55062: down: e
55125: up: e
55203: down: <space>
55265: up: <space>
55343: down: <shift_left>
55578: down: u
55625: up: u
55890: down: f
55921: up: f
56171: down: o
56234: up: o
56281: up: <shift_left>
56375: down: <space>
56453: up: <space>
56546: down: a
56625: up: a
56656: down: n
56734: up: n
56796: down: d
56906: up: d
56937: down: <space>
57015: up: <space>
59171: down: w
59234: up: w
59375: down: a
59453: up: a
59484: down: l
59546: up: l
59656: down: k
59718: up: k
59765: down: e
59828: up: e
60031: down: d
60109: up: d
60203: down: <space>
60281: up: <space>
60515: down: o
60593: up: o
60796: down: v
60875: up: v
60937: down: e
61015: up: e
61109: down: r
61187: up: r
61250: down: <space>
61328: up: <space>
61421: down: t
61500: up: t
61562: down: o
61640: up: o
61781: down: <space>
61843: up: <space>
61984: down: i
62062: up: i
62125: down: t
62203: up: t
62359: down: .
62437: up: .
62578: down: <space>
62640: up: <space>
63390: down: <shift_left>
63562: down: t
63609: up: <shift_left>
63609: up: t
63718: down: h
63796: up: h
63859: down: e
63937: up: e
63968: down: n
64031: up: n
64140: down: <space>
64218: up: <space>
64796: down: t
64859: up: t
64937: down: h
65000: up: h
65109: down: i
65171: up: i
65250: down: s
65312: up: s
65390: down: <space>
65453: up: <space>
65656: down: l
65734: up: l
65906: down: i
65937: up: i
66593: down: t
66703: up: t
66765: down: t
66843: up: t
66937: down: l
67015: up: l
67078: down: e
67156: up: e
67218: down: <space>
67296: up: <space>
67671: down: a
67734: up: a
67781: down: l
67843: up: l
68046: down: i
68093: up: i
68187: down: e
68265: up: e
68328: down: n
68406: up: n
68531: down: <space>
68609: up: <space>
68921: down: c
68953: up: c
69062: down: a
69125: up: a
69234: down: m
69265: up: m
69343: down: e
69406: up: e
69468: down: <space>
69546: up: <space>
70406: down: o
70468: up: o
70609: down: u
70640: up: u
70750: down: t
70828: up: t
70890: down: <space>
71000: up: <space>
72937: down: o
73015: up: o
73296: down: f
73359: up: f
73437: down: <space>
73500: up: <space>
73703: down: i
73781: up: i
73812: down: t
73890: up: t
74062: down: .
74093: up: .
74234: down: <space>
74296: up: <space>
74375: down: <shift_left>
74500: down: i
74546: down: u
74578: up: u
74593: up: i
74625: up: <shift_left>
75640: down: <backspace>
75718: up: <backspace>
76328: down: t
76406: up: t
76468: down: <space>
76546: up: <space>
76750: down: h
76781: up: h
76890: down: a
76953: up: a
77156: down: d
77234: up: d
77343: down: <space>
77406: up: <space>
77546: down: t
77625: up: t
77718: down: h
77796: up: h
77921: down: i
77968: up: i
78031: down: s
78109: up: s
78203: down: <space>
78281: up: <space>
79812: down: b
79859: up: b
80062: down: i
80140: up: i
80453: down: g
80515: up: g
80625: down: <space>
80687: up: <space>
81031: down: u
81109: up: u
81203: down: g
81281: up: g
81312: down: l
81390: up: l
81453: down: y
81531: up: y
81593: down: <space>
81687: up: <space>
82187: down: g
82265: up: g
82359: down: r
82437: up: r
82640: down: e
82718: up: e
82781: down: e
82859: up: e
82953: down: n
83000: up: n
83171: down: <space>
83234: up: <space>
83781: down: f
83859: up: f
83921: down: a
83968: up: a
84000: down: c
84062: up: c
84171: down: e
84234: up: e
84281: down: <space>
84343: up: <space>
84421: down: t
84484: up: t
84593: down: h
84656: up: h
84765: down: a
84843: up: a
84875: down: t
84937: up: t
85140: down: <space>
85250: up: <space>
85359: down: w
85468: up: w
85562: down: a
85640: up: a
85734: down: s
85812: up: s
85875: down: <space>
85953: up: <space>
86250: down: c
86328: up: c
86375: down: o
86453: up: o
86687: down: v
86718: up: v
86796: down: e
86906: up: e
87000: down: r
87078: up: r
87187: down: e
87250: up: e
87359: down: d
87421: up: d
87500: down: <space>
87562: up: <space>
88468: down: i
88531: up: i
88640: down: n
88718: up: n
88859: down: <space>
88921: up: <space>
89609: down: z
89750: up: z
89796: down: i
89859: up: i
90031: down: t
90078: up: t
90140: down: s
90218: up: s
90250: down: <space>
90328: up: <space>
90390: down: a
90468: up: a
90500: down: n
90562: up: n
90593: down: d
90671: up: d
90734: down: <space>
90812: up: <space>
91906: down: h
92015: up: h
92015: down: a
92078: up: a
92218: down: d
92296: up: d
92328: down: <space>
92406: up: <space>
92703: down: l
92750: up: l
92906: down: o
92984: up: o
93156: down: n
93187: up: n
93328: down: g
93406: up: g
93468: down: <space>
93546: up: <space>
93750: down: s
93812: up: s
93921: down: t
93953: up: t
94437: down: r
94515: up: r
95046: down: a
95125: up: a
95468: down: g
95546: up: g
95781: down: a
95859: up: a
95890: down: l
95968: up: l
96171: down: y
96203: up: y
96343: down: <space>
96421: up: <space>
96593: down: h
96671: up: h
96703: down: a
96781: up: a
96906: down: i
96953: up: i
97015: down: r
97093: up: r
97203: down: ,
97281: up: ,
97406: down: <space>
97484: up: <space>
97687: down: i
97765: up: i
97859: down: t
97937: up: t
98000: down: <space>
98078: up: <space>
98250: down: k
98281: up: k
98421: down: i
98484: up: i
98625: down: n
98703: up: n
99562: down: d
99625: up: d
99734: down: <space>
99796: up: <space>
99968: down: o
100046: up: o
100218: down: f
100296: up: f
100390: down: <space>
100453: up: <space>
100687: down: l
100750: up: l
100921: down: o
101000: up: o
101062: down: o
101140: up: o
101281: down: k
101343: up: k
101453: down: e
101515: up: e
101656: down: d
101734: up: d
101796: down: <space>
101875: up: <space>
102109: down: l
102187: up: l
102343: down: i
102421: up: i
102562: down: k
102625: up: k
102703: down: e
102765: up: e
102875: down: <space>
102921: up: <space>
103031: down: y
103093: up: y
103171: down: o
103234: up: o
103312: down: u
103375: up: u
103484: down: .
103562: up: .
103718: down: <space>
103796: up: <space>
106125: down: <shift_left>
106265: down: i
106359: up: <shift_left>
106359: up: i
106562: down: t
106640: up: t
106875: down: <space>
106953: up: <space>
107906: down: w
107984: up: w
108312: down: a
108390: up: a
108484: down: s
108562: up: s
108640: down: <space>
108718: up: <space>
109031: down: w
109093: up: w
109234: down: e
109265: up: e
109484: down: a
109546: up: a
109578: down: r
109625: up: r
109921: down: i
109968: up: i
110078: down: n
110156: up: n
110218: down: g
110296: up: g
110328: down: <space>
110390: up: <space>
110500: down: t
110578: up: t
110671: down: h
110718: up: h
110812: down: e
110890: up: e
111062: down: s
111171: up: s
111265: down: e
111343: up: e
112468: down: <space>
112531: up: <space>
113531: down: w
113593: up: w
113765: down: e
113843: up: e
114046: down: i
114125: up: i
114187: down: r
114265: up: r
114468: down: d
114531: up: d
114703: down: <space>
114781: up: <space>
119781: down: s
119843: up: s
119921: down: h
119953: up: h
120125: down: o
120187: up: o
120296: down: e
120375: up: e
120750: down: s
120812: up: s
121046: down: <space>
121125: up: <space>
122187: down: t
122218: up: t
122359: down: h
122468: up: h
122531: down: a
122609: up: a
122640: down: t
122718: up: t
123000: down: <space>
123062: up: <space>
125328: down: w
125390: up: w
125562: down: r
125640: up: r
126046: down: <backspace>
126156: up: <backspace>
126187: down: e
126328: down: r
126390: up: e
126468: up: r
126500: down: e
126609: up: e
127171: down: <space>
127234: up: <space>
127546: down: g
127609: up: g
127718: down: r
127796: up: r
128031: down: e
128109: up: e
128203: down: e
128281: up: e
129546: down: n
129609: up: n
129750: down: <space>
129859: up: <space>
130031: down: a
130062: up: a
130171: down: n
130234: up: n
130296: down: d
130375: up: d
130484: down: <space>
130546: up: <space>
131375: down: s
131437: up: s
131546: down: h
131578: up: h
131718: down: i
131796: up: i
131921: down: n
132000: up: n
132093: down: y
132171: up: y
132437: down: .
132500: up: .
132671: down: <space>
132765: up: <space>
132906: down: <shift_left>
133109: down: i
133187: up: <shift_left>
133187: up: i
133500: down: <space>
133562: up: <space>
133812: down: a
133875: up: a
134015: down: s
134093: up: s
134218: down: k
134265: up: k
134562: down: e
134640: up: e
134812: down: d
134875: up: d
134984: down: <space>
135062: up: <space>
136218: down: w
136250: up: w
136328: down: h
136390: up: h
136531: down: y
136609: up: y
136765: down: <space>
136843: up: <space>
137031: down: i
137093: up: i
137140: down: t
137203: up: t
137312: down: <space>
137375: up: <space>
137656: down: c
137687: up: c
137859: down: r
137937: up: r
138031: down: a
138109: up: a
138234: down: s
138281: up: s
138312: down: h
138390: up: h
138453: down: e
138531: up: e
138656: down: d
138734: up: d
138796: down: <space>
138875: up: <space>
139343: down: i
139421: up: i
139796: down: n
139875: up: n
140046: down: t
140109: up: t
140140: down: o
140218: up: o
140359: down: <space>
140421: up: <space>
140500: down: t
140562: up: t
140640: down: h
140703: up: h
140781: down: e
140843: up: e
140921: down: <space>
140984: up: <space>
141125: down: b
141203: up: b
141343: down: u
141406: up: u
141578: down: s
141656: up: s
141687: down: h
141734: up: h
141906: down: <space>
141984: up: <space>
142046: down: a
142125: up: a
142187: down: n
142218: up: n
142296: down: d
142359: up: d
142437: down: <space>
142468: up: <space>
143015: down: i
143093: up: i
143187: down: t
143265: up: t
143328: down: <space>
143406: up: <space>
143875: down: t
143953: up: t
144015: down: o
144093: up: o
144187: down: l
144265: up: l
144437: down: d
144515: up: d
144640: down: <space>
144718: up: <space>
144859: down: m
144921: up: m
145000: down: e
145062: up: e
145140: down: <space>
145250: up: <space>
145453: down: i
145531: up: i
145562: down: t
145671: up: t
145968: down: s
146046: up: s
146593: down: <space>
146671: up: <space>
147796: down: <shift_left>
148171: down: u
148250: up: u
148593: down: f
148625: up: f
148859: down: o
148937: up: o
149046: up: <shift_left>
149250: down: <space>
149312: up: <space>
152125: down: r
152203: up: r
152406: down: a
152468: up: a
152546: down: n
152578: up: n
152687: down: <space>
152750: up: <space>
152921: down: o
153000: up: o
153093: down: u
153171: up: u
153203: down: t
153281: up: t
153312: down: <space>
153390: up: <space>
153515: down: o
153593: up: o
153656: down: f
153734: up: f
153765: down: <space>
153843: up: <space>
154046: down: g
154078: up: g
154156: down: a
154250: up: a
154359: down: s
154421: up: s
154562: down: .
154640: up: .
154781: down: <space>
154843: up: <space>
155187: down: i
155218: up: i
155437: down: <space>
155500: up: <space>
156531: down: f
156578: up: f
156750: down: e
156812: up: e
156859: down: l
156937: up: l
157078: down: t
157140: up: t
157578: down: <space>
157656: up: <space>
158171: down: k
158234: up: k
158375: down: i
158421: up: i
158562: down: n
158640: up: n
158734: down: d
158812: up: d
158937: down: a
159015: up: a
159125: down: <space>
159156: up: <space>
159937: down: b
160015: up: b
160046: down: a
160125: up: a
160328: down: d
160390: up: d
160734: down: <backspace>
160812: up: <backspace>
160906: down: <backspace>
160984: up: <backspace>
161093: down: <backspace>
161156: up: <backspace>
161218: down: <backspace>
161296: up: <backspace>
161406: down: <backspace>
161437: up: <backspace>
161875: down: <space>
161953: up: <space>
162593: down: o
162671: up: o
162734: down: f
162812: up: f
162875: down: <space>
162953: up: <space>
163328: down: b
163359: up: b
163437: down: a
163500: up: a
163640: down: d
163718: up: d
163781: down: <space>
163859: up: <space>
164156: down: f
164234: up: f
164296: down: o
164375: up: o
164406: down: r
164484: up: r
164546: down: <space>
164625: up: <space>
164750: down: i
164828: up: i
164859: down: t
164937: up: t
164968: down: <space>
165046: up: <space>
165140: down: a
165218: up: a
165281: down: n
165328: up: n
165359: down: d
165437: up: d
165500: down: <space>
165578: up: <space>
165640: down: t
165750: up: t
165812: down: o
165890: up: o
165984: down: l
166062: up: l
166328: down: d
166437: up: d
166546: down: <space>
166656: up: <space>
166921: down: t
167000: up: t
167062: down: h
167093: up: h
167171: down: e
167234: up: e
167265: down: <space>
167343: up: <space>
167546: down: a
167625: up: a
167687: down: l
167734: up: l
167937: down: i
168000: up: i
168031: down: e
168109: up: e
168171: down: n
168218: up: n
168359: down: <space>
168421: up: <space>
168625: down: i
168671: up: i
168796: down: t
168875: up: t
168984: down: <space>
169046: up: <space>
169296: down: c
169406: up: c
169640: down: o
169703: up: o
169843: down: u
169921: up: u
170046: down: l
170125: up: l
170187: down: d
170265: up: d
170328: down: <space>
170406: up: <space>
170609: down: h
170687: up: h
170718: down: o
170796: up: o
170953: down: m
171062: up: m
171171: down: e
171234: up: e
172093: down: <backspace>
172750: up: <backspace>
173531: down: c
173609: up: c
173671: down: o
173750: up: o
173843: down: m
173921: up: m
173953: down: e
174031: up: e
174093: down: <space>
174171: up: <space>
174375: down: h
174484: up: h
174515: down: o
174578: up: o
174687: down: m
174765: up: m
174859: down: e
174937: up: e
174984: down: <space>
175062: up: <space>
175265: down: w
175328: up: w
175359: down: i
175437: up: i
175546: down: t
175578: up: t
175609: down: h
175656: up: h
175781: down: <space>
175859: up: <space>
176000: down: m
176031: up: m
176078: down: e
176140: up: e
176171: down: <space>
176250: up: <space>
176437: down: i
176500: up: i
176578: down: f
176640: up: f
176718: down: <space>
176781: up: <space>
176953: down: i
177031: up: i
177062: down: t
177125: up: t
177203: down: <space>
177265: up: <space>
177437: down: w
177546: up: w
177750: down: a
177828: up: a
177890: down: n
177937: up: n
178109: down: t
178140: up: t
178171: down: e
178250: up: e
178343: down: d
178421: up: d
178484: down: <space>
178562: up: <space>
178625: down: t
178703: up: t
178765: down: o
178843: up: o
179078: down: <space>
179156: up: <space>
179734: down: <backspace>
179765: up: <backspace>
179937: down: .
179984: up: .
180109: down: <space>
180187: up: <space>
180250: down: <shift_left>
180421: down: t
180437: up: <shift_left>
180468: up: t
180562: down: h
180640: up: h
180703: down: e
180781: up: e
180796: down: n
180859: up: n
180953: down: <space>
181031: up: <space>
181062: down: w
181171: up: w
181468: down: h
181546: up: h
181609: down: e
181687: up: e
181703: down: n
181765: up: n
181875: down: <space>
181937: up: <space>
182109: down: i
182156: up: i
182312: down: <space>
182390: up: <space>
182531: down: g
182593: up: g
182640: down: o
182703: up: o
182781: down: t
182843: up: t
182906: down: <space>
182984: up: <space>
183171: down: h
183265: up: h
183375: down: o
183453: up: o
183546: down: m
183625: up: m
183718: down: e
183796: up: e
184203: down: ,
184281: up: ,
184406: down: <space>
184484: up: <space>
185328: down: m
185406: up: m
187218: down: y
187296: up: y
187375: down: <space>
187453: up: <space>
187578: down: m
187656: up: m
187718: down: o
187796: up: o
187906: down: m
188000: up: m
188109: down: <space>
188171: up: <space>
188390: down: w
188453: up: w
188593: down: a
188656: up: a
188765: down: s
188796: up: s
188875: down: <space>
188937: up: <space>
189390: down: o
189421: up: o
189562: down: n
189640: up: n
189734: down: <space>
189812: up: <space>
189843: down: t
189906: up: t
190015: down: h
190046: up: h
190093: down: e
190156: up: e
190234: down: <space>
190296: up: <space>
190500: down: c
190578: up: c
190609: down: o
190687: up: o
190859: down: u
190921: up: u
190953: down: c
191031: up: c
191062: down: h
191171: up: h
192093: down: <space>
192171: up: <space>
192578: down: t
192625: up: t
193000: down: a
193062: up: a
193171: down: l
193234: up: l
193359: down: k
193421: up: k
193531: down: i
193593: up: i
193703: down: n
193765: up: n
193812: down: g
193875: up: g
193953: down: <space>
194015: up: <space>
194046: down: t
194125: up: t
194187: down: o
194234: up: o
194375: down: <space>
194437: up: <space>
194843: down: a
194921: up: a
194953: down: n
195031: up: n
195296: down: o
195375: up: o
195437: down: t
195515: up: t
195546: down: h
195625: up: h
195687: down: e
195765: up: e
195859: down: r
195937: up: r
196171: down: <space>
196250: up: <space>
196406: down: a
196484: up: a
196531: down: l
196609: up: l
196781: down: i
196843: up: i
196906: down: e
197031: up: e
197046: down: n
197125: up: n
197234: down: <shift_left>
197406: down: 1
197468: up: 1
197546: up: <shift_left>
197718: down: <space>
197781: up: <space>
197812: down: <shift_left>
198031: down: s
198062: up: <shift_left>
198140: up: s
198171: down: h
198281: up: h
198312: down: e
198375: up: e
198453: down: <space>
198515: up: <space>
198765: down: s
198828: up: s
198968: down: a
199031: up: a
199109: down: i
199140: up: i
199218: down: d
199281: up: d
199359: down: <space>
199421: up: <space>
200000: down: s
200109: up: s
200140: down: h
200218: up: h
200281: down: e
200359: up: e
200421: down: <space>
200500: up: <space>
200640: down: f
200703: up: f
200812: down: o
200843: up: o
201015: down: u
201046: up: u
201187: down: n
201265: up: n
201406: down: d
201468: up: d
201531: down: <space>
201609: up: <space>
201890: down: i
201921: up: i
202328: down: t
202406: up: t
202468: down: <space>
202546: up: <space>
202671: down: i
202750: up: i
202859: down: n
202921: up: n
203031: down: <space>
203093: up: <space>
203140: down: t
203203: up: t
203234: down: h
203312: up: h
203375: down: e
203453: up: e
203484: down: <space>
203562: up: <space>
203734: down: p
203765: up: p
203875: down: a
203968: up: a
204171: down: r
204218: up: r
204562: down: k
204625: up: k
204796: down: <space>
204875: up: <space>
204906: down: a
204984: up: a
205046: down: n
205078: up: n
205156: down: d
205218: up: d
205265: down: <space>
205328: up: <space>
205390: down: f
205437: up: f
205609: down: e
205640: up: e
205750: down: l
205781: up: l
205953: down: t
206031: up: t
206093: down: <space>
206171: up: <space>
206468: down: b
206546: up: b
206578: down: a
206656: up: a
206781: down: d
206859: up: d
206890: down: <space>
206968: up: <space>
207109: down: f
207171: up: f
207250: down: o
207281: up: o
207390: down: r
207453: up: r
207484: down: <space>
207562: up: <space>
207703: down: i
207765: up: i
207765: down: t
207843: up: t
208015: down: <shift_left>
208187: down: 1
208250: up: 1
208328: up: <shift_left>
208562: down: <space>
208609: up: <space>
210750: down: <shift_left>
211125: down: t
211203: up: <shift_left>
211203: up: t
211296: down: h
211375: up: h
211406: down: e
211484: up: e
211515: down: n
211546: up: n
211687: down: <space>
211750: up: <space>
211906: down: i
211968: up: i
212093: down: <space>
212203: up: <space>
212265: down: w
212343: up: w
212453: down: o
212484: up: o
212656: down: k
212687: up: k
212765: down: e
212843: up: e
212906: down: <space>
212984: up: <space>
213109: down: u
213187: up: u
213250: down: p
213328: up: p
213468: down: .
213531: up: .
221687: down: <backspace>
221750: up: <backspace>
222265: down: <shift_left>
222468: down: i
222515: up: i
222593: up: <shift_left>

