# Keylogger Version 0.1; Format: (timestamp, downstroke/upstroke, key)
0: down: <shift_left>
265: down: d
312: up: <shift_left>
344: up: d
578: down: e
656: up: e
719: down: a
828: up: a
859: down: r
969: up: r
1281: down: <space>
1344: up: <space>
19656: down: <shift_left>
19859: up: <shift_left>
19859: down: s
19937: up: s
19969: down: t
20047: up: t
20078: down: a
20156: up: a
20250: down: c
20328: up: c
20437: down: y
20500: up: y
21156: down: ,
21219: up: ,
21390: down: <space>
21515: up: <space>
22219: down: t
22281: up: t
22390: down: h
22469: up: h
22500: down: e
22562: up: e
22672: down: <space>
22781: up: <space>
22890: down: o
22969: up: o
23031: down: t
23109: up: t
23172: down: h
23250: up: h
23281: down: e
23344: up: e
23453: down: r
23515: up: r
23625: down: <space>
23703: up: <space>
23937: down: d
24000: up: d
24140: down: a
24187: up: a
24250: down: y
24328: up: y
24531: down: <space>
24594: up: <space>
24765: down: i
24844: up: i
24969: down: <space>
25078: up: <space>
25187: down: w
25219: up: w
25328: down: e
25390: up: e
25469: down: n
25531: up: n
25640: down: t
25719: up: t
25781: down: <space>
25890: up: <space>
25953: down: t
26031: up: t
26094: down: o
26172: up: o
26359: down: <space>
26453: up: <space>
26562: down: t
26625: up: t
26734: down: h
26812: up: h
26906: down: e
26953: up: e
27078: down: <space>
27172: up: <space>
27312: down: b
27375: up: b
27406: down: a
27484: up: a
27625: down: s
27656: up: s
27797: down: b
27875: up: b
27937: down: a
27969: up: a
28140: down: l
28219: up: l
28281: down: l
28359: up: l
28484: down: <space>
28594: up: <space>
28765: down: g
28890: up: g
28906: down: a
28984: up: a
29047: down: m
29125: up: m
29219: down: e
29297: up: e
29390: down: .
29469: up: .
29672: down: <space>
29781: up: <space>
32062: down: <shift_left>
32219: down: i
32297: up: <shift_left>
32297: up: i
32500: down: t
32562: up: t
32703: down: <space>
32781: up: <space>
32844: down: w
32922: up: w
33015: down: a
33094: up: a
33187: down: s
33265: up: s
33265: down: <space>
33344: up: <space>
33515: down: v
33578: up: v
33609: down: e
33656: up: e
33750: down: r
33828: up: r
33859: down: y
33937: up: y
34062: down: <space>
34156: up: <space>
34390: down: u
34437: up: u
34765: down: <backspace>
34844: up: <backspace>
34906: down: f
34953: up: f
35094: down: u
35156: up: u
35297: down: n
35375: up: n
35469: down: <space>
35547: up: <space>
35719: down: a
35750: up: a
35922: down: c
36000: up: c
36265: down: t
36344: up: t
36469: down: u
36547: up: u
36578: down: a
36625: up: a
36719: down: l
36797: up: l
36859: down: l
36937: up: l
37000: down: y
37031: up: y
37172: down: <space>
37250: up: <space>
38578: down: e
38625: up: e
38890: down: x
38969: up: x
39062: down: c
39140: up: c
39203: down: e
39281: up: e
39422: down: p
39484: up: p
39594: down: t
39656: up: t
39734: down: <space>
39797: up: <space>
39875: down: t
39922: up: t
40015: down: h
40094: up: h
40125: down: e
40203: up: e
40265: down: <space>
40375: up: <space>
40640: down: f
40687: up: f
40750: down: a
40797: up: a
40859: down: c
40937: up: c
41047: down: t
41109: up: t
41312: down: <space>
41390: up: <space>
41422: down: t
41500: up: t
41594: down: h
41672: up: h
41781: down: a
41812: up: a
41844: down: t
41922: up: t
42062: down: <space>
42156: up: <space>
42265: down: i
42344: up: i
42437: down: t
42515: up: t
42547: down: <space>
42656: up: <space>
42750: down: w
42797: up: w
42969: down: a
43000: up: a
43109: down: s
43140: up: s
43219: down: <space>
43281: up: <space>
43453: down: v
43531: up: v
43531: down: e
43594: up: e
43703: down: r
43734: up: r
43765: down: y
43844: up: y
44015: down: <space>
44094: up: <space>
44250: down: h
44297: up: h
44469: down: o
44531: up: o
44609: down: t
44672: up: t
44781: down: .
44844: up: .
45062: down: <space>
45125: up: <space>
45234: down: <shift_left>
45359: down: b
45406: up: <shift_left>
45406: up: b
45515: down: u
45578: up: u
45687: down: t
45719: up: t
45750: down: <space>
45859: up: <space>
45969: down: i
46047: up: i
46187: down: <space>
46297: up: <space>
46359: down: s
46390: up: s
46703: down: <backspace>
46750: up: <backspace>
46859: down: d
46890: up: d
47000: down: i
47031: up: i
47109: down: d
47172: up: d
47281: down: <space>
47344: up: <space>
47547: down: h
47656: down: a
47672: up: h
47734: up: a
47765: down: v
47844: up: v
47906: down: e
47953: up: e
48015: down: <space>
48125: up: <space>
48187: down: a
48265: up: a
48297: down: <space>
48406: up: <space>
48781: down: p
48859: up: p
48922: down: r
48953: up: r
49125: down: e
49203: up: e
49375: down: t
49437: up: t
49515: down: t
49578: up: t
49687: down: y
49765: up: y
49922: down: <space>
50000: up: <space>
50031: down: g
50109: up: g
50187: down: o
50265: up: o
50328: down: o
50406: up: o
50500: down: d
50547: up: d
50609: down: <space>
50719: up: <space>
50812: down: v
50890: up: v
51062: down: i
51109: up: i
51140: down: e
51172: up: e
51312: down: w
51390: up: w
51422: down: <space>
51500: up: <space>
51625: down: o
51703: up: o
51734: down: f
51781: up: f
51859: down: <space>
51937: up: <space>
51969: down: t
52047: up: t
52109: down: h
52187: up: h
52250: down: e
52328: up: e
52422: down: <space>
52500: up: <space>
52797: down: s
52875: up: s
53047: down: t
53125: up: t
53187: down: a
53265: up: a
53469: down: d
53500: up: d
53703: down: u
53750: up: u
54047: down: <backspace>
54125: up: <backspace>
54297: down: i
54359: up: i
54437: down: u
54469: up: u
54531: down: m
54609: up: m
54750: down: .
54812: up: .
54953: down: <space>
55047: up: <space>
55062: down: <shift_left>
55219: up: <shift_left>
55219: down: s
55297: up: s
55297: down: o
55359: up: o
56219: down: ,
56265: up: ,
56406: down: <space>
56515: up: <space>
62125: down: <backspace>
62187: up: <backspace>
62297: down: <backspace>
62359: up: <backspace>
62469: down: <backspace>
62531: up: <backspace>
62812: down: <backspace>
62906: up: <backspace>
63234: down: <shift_left>
63406: down: i
63484: up: i
63515: up: <shift_left>
63719: down: <space>
63797: up: <space>
64000: down: b
64031: up: b
64203: down: o
64281: up: o
64390: down: u
64453: up: u
64484: down: g
64531: up: g
64594: down: h
64672: up: h
64734: down: t
64765: up: t
64812: down: <space>
64906: up: <space>
65078: down: l
65156: up: l
65250: down: o
65328: up: o
65531: down: t
65578: up: t
65640: down: s
65719: up: s
65781: down: <space>
65890: up: <space>
66015: down: o
66094: up: o
66203: down: f
66234: up: f
66297: down: <space>
66375: up: <space>
66422: down: f
66484: up: f
66594: down: o
66656: up: o
66734: down: o
66797: up: o
66906: down: d
66937: up: d
67015: down: <space>
67109: up: <space>
67390: down: t
67469: up: t
67531: down: o
67594: up: o
67734: down: <space>
67812: up: <space>
67875: down: e
67953: up: e
68078: down: a
68156: up: a
68219: down: t
68297: up: t
68562: down: <space>
68672: up: <space>
68875: down: o
68953: up: o
69094: down: n
69187: up: n
69297: down: <space>
69375: up: <space>
69437: down: t
69469: up: t
69547: down: h
69609: up: h
69687: down: e
69750: up: e
69828: down: <space>
69890: up: <space>
70140: down: e
70203: up: e
70640: down: <backspace>
70719: up: <backspace>
70750: down: w
70797: up: w
70922: down: a
71000: up: a
71062: down: y
71140: up: y
71375: down: <space>
71453: up: <space>
71547: down: t
71594: up: t
71984: down: o
72078: up: o
72219: down: <space>
72297: up: <space>
72390: down: t
72437: up: t
72500: down: h
72578: up: h
72672: down: e
72719: up: e
72781: down: <space>
72859: up: <space>
72922: down: b
73000: up: b
73031: down: a
73109: up: a
73250: down: s
73281: up: s
73750: down: a
73828: up: a
74000: down: b
74078: up: b
74687: down: <backspace>
74797: up: <backspace>
74922: down: <backspace>
75031: up: <backspace>
75140: down: <backspace>
75172: up: <backspace>
75953: down: s
76000: up: s
76922: down: e
76984: up: e
77094: down: b
77172: up: b
77250: down: e
77281: up: e
77594: down: <backspace>
77656: up: <backspace>
77765: down: a
77797: up: a
77828: down: l
77906: up: l
77969: down: l
78047: up: l
78219: down: <space>
78328: up: <space>
78625: down: g
78703: up: g
78765: down: a
78844: up: a
78906: down: m
78984: up: m
79015: down: e
79094: up: e
79156: down: ,
79234: up: ,
79359: down: <space>
79437: up: <space>
79640: down: i
79672: up: i
79812: down: <space>
79890: up: <space>
80031: down: h
80094: up: h
80094: down: a
80172: up: a
80265: down: d
80344: up: d
80375: down: <space>
80453: up: <space>
80547: down: a
80594: up: a
80625: down: <space>
80687: up: <space>
80828: down: h
80906: up: h
81000: down: o
81078: down: t
81094: up: o
81156: up: t
81219: down: <space>
81328: up: <space>
81734: down: d
81781: up: d
81844: down: o
81922: up: o
82015: down: g
82062: up: g
82125: down: ,
82203: up: ,
82328: down: <space>
82406: up: <space>
82500: down: a
82547: up: a
82640: down: <space>
82719: up: <space>
83406: down: <shift_left>
83578: down: b
83640: up: b
83781: down: l
83859: up: l
84062: down: t
84140: up: t
84172: up: <shift_left>
84312: down: <space>
84359: up: <space>
84625: down: <backspace>
84656: up: <backspace>
85047: down: <space>
85125: up: <space>
85359: down: <backspace>
85406: up: <backspace>
85578: down: ,
85656: up: ,
85797: down: <space>
85859: up: <space>
85969: down: a
86031: up: a
86453: down: n
86515: up: n
86922: down: <space>
87000: up: <space>
87375: down: i
87422: up: i
87875: down: c
87937: up: c
88140: down: e
88219: up: e
88281: down: <space>
88359: up: <space>
88531: down: c
88578: up: c
88687: down: r
88750: up: r
88859: down: e
88922: up: e
88953: down: a
89000: up: a
89172: down: m
89234: up: m
89375: down: ,
89453: up: ,
89547: down: <space>
89625: up: <space>
89656: down: a
89734: up: a
89797: down: n
89875: up: n
90047: down: <space>
90140: up: <space>
90250: down: s
90281: up: s
90359: down: o
90422: up: o
90562: down: <space>
90640: up: <space>
90765: down: m
90844: up: m
90844: down: a
90875: up: a
90953: down: n
90984: up: n
91125: down: y
91187: up: y
91344: down: <space>
91422: up: <space>
91484: down: c
91531: up: c
91656: down: a
91734: up: a
91765: down: n
91844: up: n
91937: down: d
92015: up: d
92109: down: i
92187: up: i
92500: down: .
92562: up: .
92890: down: <backspace>
92969: up: <backspace>
93000: down: s
93062: up: s
93140: down: .
93203: up: .
93344: down: <space>
93453: up: <space>
94672: down: <backspace>
94750: up: <backspace>
94812: down: <backspace>
94890: up: <backspace>
95125: down: <backspace>
95203: up: <backspace>
95375: down: e
95406: up: e
95547: down: s
95625: up: s
95656: down: .
95719: up: .
95890: down: <space>
95969: up: <space>
96469: down: <shift_left>
96781: down: b
96890: up: <shift_left>
96890: up: b
97062: down: a
97140: up: a
97344: down: s
97406: up: s
97547: down: e
97625: up: e
97890: down: b
97937: up: b
97969: down: a
98015: up: a
98109: down: l
98219: up: l
98250: down: l
98344: up: l
98469: down: <space>
98547: up: <space>
98687: down: g
98750: up: g
98781: down: a
98828: up: a
98890: down: m
98969: up: m
99000: down: e
99031: up: e
99172: down: s
99250: up: s
99281: down: <space>
99344: up: <space>
99484: down: s
99531: up: s
99625: down: u
99734: up: u
99765: down: r
99812: up: r
99937: down: e
99984: up: e
100015: down: <space>
100125: up: <space>
100187: down: g
100265: up: g
100437: down: e
100484: up: e
100531: down: t
100609: up: t
100781: down: <space>
100844: up: <space>
101015: down: m
101062: up: m
101109: down: e
101140: up: e
101219: down: <space>
101281: up: <space>
101422: down: h
101500: up: h
101594: down: u
101672: up: u
101765: down: n
101875: up: n
102047: down: g
102125: up: g
102219: down: r
102297: up: r
102328: down: y
102406: up: y
102703: down: .
102781: up: .
102906: down: <space>
102984: up: <space>
103094: down: <shift_left>
103328: down: a
103359: up: <shift_left>
103437: up: a
103500: down: n
103578: up: n
103640: down: d
103719: up: d
103781: down: <space>
103859: up: <space>
104078: down: i
104140: up: i
104281: down: <space>
104390: up: <space>
104390: down: w
104453: up: w
104562: down: a
104625: up: a
104734: down: s
104812: up: s
104844: down: <space>
104906: up: <space>
104984: down: a
105015: up: a
105125: down: l
105187: up: l
105765: down: s
105812: up: s
105844: down: o
105922: up: o
106078: down: <space>
106156: up: <space>
106265: down: v
106328: up: v
106359: down: e
106437: up: e
106500: down: r
106547: down: y
106578: up: r
106609: up: y
106781: down: <space>
106859: up: <space>
107031: down: l
107094: up: l
107234: down: u
107312: up: u
107344: down: c
107375: up: c
107484: down: k
107562: up: k
107687: down: y
107734: up: y
107797: down: <space>
107906: up: <space>
107969: down: t
108015: up: t
108078: down: o
108156: up: o
108328: down: <space>
108406: up: <space>
108531: down: g
108609: up: g
108640: down: e
108687: up: e
108719: down: t
108812: up: t
108922: down: <space>
109000: up: <space>
109203: down: a
109234: up: a
109375: down: <space>
109437: up: <space>
109625: down: b
109734: up: b
109797: down: a
109875: up: a
109969: down: s
110047: up: s
110172: down: e
110250: up: e
110359: down: l
110390: up: l
110656: down: <backspace>
110734: up: <backspace>
110937: down: b
110984: up: b
111015: down: a
111078: up: a
111187: down: l
111265: up: l
111328: down: l
111390: up: l
111562: down: <space>
111640: up: <space>
111750: down: a
111781: up: a
112047: down: u
112094: up: u
112203: down: t
112281: up: t
112406: down: o
112484: up: o
112828: down: g
112890: up: g
113031: down: r
113109: up: r
113172: down: a
113250: up: a
113453: down: p
113515: up: p
113969: down: g
114031: up: g
114406: down: <backspace>
114484: up: <backspace>
115094: down: g
115203: down: h
115234: up: g
115312: up: h
115765: down: <backspace>
115797: up: <backspace>
115890: down: <backspace>
115969: up: <backspace>
116109: down: h
116172: up: h
116625: down: <space>
116765: up: <space>
117140: down: f
117203: up: f
117344: down: r
117422: up: r
117484: down: o
117562: up: o
117656: down: m
117734: up: m
117828: down: <space>
117906: up: <space>
117969: down: s
118047: up: s
118078: down: o
118156: up: o
118219: down: m
118297: up: m
118359: down: e
118390: up: e
118437: down: <space>
118500: up: <space>
119422: down: o
119500: up: o
119594: down: l
119703: up: l
120390: down: <backspace>
120562: up: <backspace>
120625: down: <backspace>
120734: up: <backspace>
120937: down: <backspace>
121015: up: <backspace>
121515: down: <space>
121625: up: <space>
122172: down: b
122250: up: b
122359: down: a
122390: up: a
122562: down: s
122594: up: s
122734: down: e
122812: up: e
122984: down: b
123062: up: b
123125: down: a
123156: up: a
123297: down: l
123375: up: l
123437: down: l
123515: up: l
123640: down: <space>
123719: up: <space>
123890: down: p
123969: up: p
124031: down: l
124140: up: l
124234: down: a
124281: up: a
124312: down: y
124375: up: y
124515: down: e
124594: up: e
124687: down: r
124765: up: r
124859: down: .
124937: up: .
125047: down: <space>
125109: up: <space>
125140: down: <shift_left>
125281: down: i
125328: up: i
125344: up: <shift_left>
125469: down: <space>
125578: up: <space>
125953: down: a
125984: up: a
126187: down: l
126265: up: l
126469: down: <backspace>
126547: up: <backspace>
126750: down: l
126812: up: l
127015: down: o
127094: up: o
127156: down: s
127234: up: s
127640: down: <backspace>
127719: up: <backspace>
127812: down: <backspace>
127890: up: <backspace>
127984: down: <backspace>
128062: up: <backspace>
128203: down: <backspace>
128265: up: <backspace>
128406: down: <backspace>
128484: up: <backspace>
129359: down: t
129406: up: t
129640: down: <space>
129719: up: <space>
130328: down: w
130406: up: w
130531: down: a
130609: up: a
130672: down: s
130750: up: s
130781: down: <space>
130859: up: <space>
131031: down: b
131094: up: b
131125: down: a
131172: up: a
131312: down: s
131375: up: s
131515: down: e
131594: up: e
131797: down: b
131859: up: b
131890: down: a
131969: up: a
132078: down: l
132172: up: l
132250: down: l
132312: up: l
132484: down: <space>
132562: up: <space>
132937: down: t
132969: up: t
133078: down: h
133140: up: h
133219: down: a
133281: up: a
133312: down: t
133390: up: t
133531: down: <space>
133594: up: <space>
133734: down: i
133812: up: i
133906: down: <space>
134015: up: <space>
134078: down: c
134125: up: c
134265: down: a
134328: up: a
134406: down: u
134453: up: u
134515: down: g
134594: up: g
134625: down: h
134687: up: h
134719: down: t
134797: up: t
134859: down: <space>
134969: up: <space>
137031: down: <backspace>
137094: up: <backspace>
138844: down: .
138906: up: .
139015: down: <space>
139078: up: <space>
139156: down: <shift_left>
139297: down: o
139328: up: <shift_left>
139328: up: o
139437: down: n
139500: up: n
139578: down: e
139609: up: e
139609: down: <space>
139687: up: <space>
139812: down: o
139890: up: o
139953: down: f
140000: up: f
140047: down: <space>
140156: up: <space>
140703: down: t
140781: up: t
140812: down: h
140859: up: h
140922: down: e
141000: up: e
141000: down: <space>
141078: up: <space>
141219: down: p
141297: up: p
141359: down: l
141437: up: l
141469: down: a
141547: up: a
141609: down: y
141687: up: y
141750: down: e
141828: up: e
141922: down: r
142000: up: r
142125: down: s
142203: up: s
142265: down: <space>
142344: up: <space>
142578: down: o
142656: up: o
142750: down: t
142828: up: t
142859: down: <space>
142937: up: <space>
143062: down: a
143109: up: a
143140: down: <space>
143219: up: <space>
143344: down: h
143422: up: h
143531: down: o
143594: up: o
143672: down: m
143765: up: m
143875: down: e
143937: up: e
144078: down: r
144125: up: r
144281: down: i
144328: up: i
144531: down: u
144609: up: u
144765: down: n
144844: up: n
145047: down: <space>
145125: up: <space>
145187: down: a
145234: up: a
145297: down: n
145375: up: n
145437: down: d
145469: up: d
145687: down: <backspace>
146453: up: <backspace>
147312: down: u
147390: up: u
147484: down: n
147562: up: n
147656: down: <space>
147734: up: <space>
147734: down: a
147797: up: a
147875: down: n
147906: up: n
147937: down: d
148015: up: d
148047: down: <space>
148125: up: <space>
148265: down: i
148328: up: i
148734: down: <backspace>
148812: up: <backspace>
148906: down: <backspace>
148969: up: <backspace>
149062: down: <backspace>
149109: up: <backspace>
149203: down: <backspace>
149265: up: <backspace>
149359: down: <backspace>
149406: up: <backspace>
149469: down: <backspace>
149547: up: <backspace>
149640: down: <backspace>
149719: up: <backspace>
150094: down: <backspace>
150203: up: <backspace>
151031: down: u
151094: up: u
151203: down: n
151281: up: n
151390: down: <space>
151422: down: a
151453: up: <space>
151500: up: a
151594: down: n
151672: up: n
151672: down: d
151703: up: d
151781: down: <space>
151844: up: <space>
151953: down: i
152015: up: i
152156: down: <space>
152265: up: <space>
152500: down: <backspace>
152578: up: <backspace>
152609: down: <backspace>
152719: up: <backspace>
153125: down: <shift_left>
153500: down: i
153562: up: i
153609: up: <shift_left>
153734: down: <space>
153844: up: <space>
153875: down: g
153953: up: g
153984: down: o
154062: up: o
154094: down: t
154172: up: t
154203: down: <space>
154297: down: t
154312: up: <space>
154375: up: t
154406: down: h
154531: up: h
154547: down: e
154625: up: e
154656: down: <space>
154734: up: <space>
154828: down: b
154875: up: b
154937: down: a
155015: up: a
155078: down: l
155156: up: l
155219: down: l
155297: up: l
155390: down: .
155469: up: .
155609: down: <space>
155672: up: <space>
157344: down: <shift_left>
157515: down: i
157594: up: <shift_left>
157594: up: i
157734: down: <space>
157765: up: <space>
157875: down: n
157937: up: n
157984: down: e
158015: up: e
158109: down: v
158156: up: v
158156: down: e
158234: up: e
158328: down: r
158375: up: r
158437: down: <space>
158515: up: <space>
159015: down: k
159094: up: k
159500: down: n
159578: up: n
159609: down: e
159672: up: e
159703: down: w
159781: up: w
159844: down: <space>
159922: up: <space>
160062: down: i
160094: up: i
160234: down: <space>
160344: up: <space>
161359: down: w
161437: up: w
161469: down: o
161547: up: o
161640: down: u
161719: up: u
161859: down: l
161922: up: l
162000: down: d
162031: up: d
162062: down: <space>
162140: up: <space>
162234: down: b
162312: up: b
162312: down: e
162390: up: e
162453: down: <space>
162515: up: <space>
162687: down: s
162765: up: s
162828: down: u
162906: up: u
163109: down: h
163187: up: h
163281: down: <space>
163359: up: <space>
163390: down: a
163469: up: a
163562: down: <space>
163640: up: <space>
163875: down: b
163953: up: b
164109: down: i
164187: up: i
164297: down: g
164328: up: g
164437: down: <space>
164500: up: <space>
164781: down: f
164844: up: f
164922: down: a
164984: up: a
165062: down: n
165094: up: n
165203: down: <space>
165265: up: <space>
165437: down: o
165515: up: o
165578: down: f
165609: up: f
165687: down: <space>
165797: up: <space>
165922: down: b
166000: up: b
166000: down: a
166078: up: a
166406: down: e
166484: up: e
166828: down: <backspace>
166859: up: <backspace>
166890: down: s
166969: up: s
167062: down: e
167140: up: e
167172: down: b
167250: up: b
167344: down: a
167390: up: a
167625: down: l
167672: up: l
167812: down: l
167844: up: l
168219: down: .
168297: up: .
168437: down: <space>
168515: up: <space>
168719: down: <shift_left>
168890: down: a
168937: up: <shift_left>
169000: up: a
169047: down: n
169109: up: n
169250: down: y
169328: up: y
169390: down: w
169469: up: w
169562: down: a
169609: up: a
169672: down: y
169750: up: y
169906: down: ,
169984: up: ,
170109: down: <space>
170172: up: <space>
170203: down: w
170250: up: w
170328: down: h
170390: up: h
170437: down: a
170469: up: a
170531: down: t
170609: up: t
171125: down: <backspace>
171562: up: <backspace>
172078: down: <backspace>
172156: up: <backspace>
172234: down: <backspace>
172312: up: <backspace>
172406: down: <backspace>
172484: up: <backspace>
172547: down: <backspace>
172625: up: <backspace>
172719: down: <backspace>
172797: up: <backspace>
172890: down: <backspace>
172937: up: <backspace>
173047: down: <backspace>
173094: up: <backspace>
173187: down: <backspace>
173265: up: <backspace>
173344: down: <backspace>
173422: up: <backspace>
173484: down: <backspace>
173562: up: <backspace>
173672: down: <backspace>
173734: up: <backspace>
174484: down: <shift_left>
174719: down: s
174797: up: <shift_left>
174828: up: s
174906: down: o
174969: up: o
175312: down: ,
175390: up: ,
175515: down: <space>
175625: up: <space>
176312: down: d
176390: up: d
176422: down: i
176453: down: d
176484: up: i
176531: up: d
176656: down: <space>
176734: up: <space>
176765: down: y
176844: up: y
176906: down: o
176953: up: o
177047: down: u
177125: up: u
177265: down: <space>
177328: up: <space>
177359: down: e
177406: up: e
177437: down: v
177515: up: v
177547: down: e
177578: up: e
177656: down: r
177719: up: r
177797: down: <space>
177890: up: <space>
178265: down: d
178312: up: d
178344: down: o
178422: up: o
178750: down: <backspace>
178797: up: <backspace>
178890: down: <backspace>
178969: up: <backspace>
179031: down: g
179109: up: g
179172: down: o
179250: up: o
179484: down: <space>
179562: up: <space>
179890: down: t
179937: up: t
180047: down: o
180109: up: o
180250: down: <space>
180328: up: <space>
180390: down: a
180469: up: a
180531: down: <space>
180578: up: <space>
180703: down: b
180781: up: b
180781: down: a
180859: up: a
180922: down: s
181000: up: s
181203: down: b
181265: up: b
181344: down: a
181375: up: a
181484: down: l
181547: up: l
181625: down: l
181719: up: l
181828: down: <space>
181937: up: <space>
182109: down: g
182172: up: g
182203: down: a
182250: up: a
182344: down: m
182422: up: m
182453: down: e
182500: up: e
182703: down: <shift_left>
182906: down: /
182969: up: /
183015: up: <shift_left>

