# Keylogger Version 0.1; Format: (timestamp, downstroke/upstroke, key)
0: down: <shift_left>
109: up: <shift_left>
109: down: f
188: up: f
891: down: <backspace>
953: up: <backspace>
1234: down: <shift_left>
1438: down: d
1469: up: <shift_left>
1500: up: d
1719: down: a
1750: up: a
1781: down: e
1859: up: e
2438: down: <backspace>
2500: up: <backspace>
2609: down: <backspace>
2688: up: <backspace>
3203: down: e
3266: up: e
3438: down: r
3516: up: r
4156: down: <backspace>
4234: up: <backspace>
4328: down: a
4406: up: a
5188: down: <backspace>
5266: up: <backspace>
5328: down: r
5375: up: r
5609: down: <space>
5672: up: <space>
6016: down: <backspace>
6094: up: <backspace>
6156: down: <backspace>
6234: up: <backspace>
6734: down: a
6781: up: a
6875: down: r
6953: up: r
7156: down: <space>
7234: up: <space>
7328: down: s
7375: up: s
7438: down: t
7516: up: t
7547: down: a
7625: up: a
7688: down: c
7766: up: c
7969: down: y
8047: up: y
13609: down: <backspace>
13688: up: <backspace>
13797: down: <backspace>
13828: up: <backspace>
13938: down: <backspace>
13969: up: <backspace>
14078: down: <backspace>
14141: up: <backspace>
14969: down: <backspace>
15063: up: <backspace>
15234: down: <shift_left>
15406: down: s
15453: up: <shift_left>
15484: up: s
15656: down: t
15719: up: t
15797: down: a
15828: up: a
15938: down: c
16000: up: c
17063: down: y
17109: up: y
17234: down: ,
17313: up: ,
17547: down: <space>
17625: up: <space>
17828: down: <shift_left>
18031: down: t
18078: up: <shift_left>
18109: up: t
18250: down: h
18328: up: h
18438: down: i
18500: up: i
18578: down: s
18609: up: s
18672: down: <space>
18750: up: <space>
18891: down: w
18922: up: w
19094: down: e
19141: up: e
19234: down: e
19266: up: e
19406: down: k
19453: up: k
19547: down: e
19594: up: e
20078: down: n
20141: up: n
20422: down: <space>
20484: up: <space>
21719: down: <backspace>
21828: up: <backspace>
22672: down: d
22719: up: d
22781: down: <space>
22891: up: <space>
23094: down: i
23172: up: i
23375: down: <space>
23438: up: <space>
23641: down: w
23719: up: w
23828: down: e
23891: up: e
23953: down: n
24031: up: n
24266: down: <space>
24344: up: <space>
24484: down: t
24516: up: t
24578: down: o
24656: up: o
24828: down: <space>
24938: up: <space>
25031: down: t
25078: up: t
25172: down: h
25250: up: h
25422: down: <space>
25484: up: <space>
25625: down: m
25703: up: m
25734: down: a
25766: up: a
25875: down: l
25906: up: l
26016: down: l
26078: up: l
26219: down: .
26297: up: .
26469: down: <space>
26531: up: <space>
29000: down: e
29078: up: e
32250: down: t
32297: up: t
42250: down: <shift_left>
42703: down: a
42781: up: <shift_left>
42781: up: a
43078: down: t
43125: up: t
43422: down: <space>
43500: up: <space>
43703: down: t
43734: up: t
43813: down: h
43891: up: h
44000: down: e
44031: up: e
44125: down: <space>
44172: up: <space>
44375: down: m
44453: up: m
44516: down: a
44547: up: a
44656: down: l
44734: up: l
44828: down: l
44875: up: l
45078: down: <space>
45172: up: <space>
45656: down: i
45719: up: i
45891: down: <space>
45969: up: <space>
46406: down: b
46453: up: b
46656: down: o
46719: up: o
46891: down: u
46938: up: u
47109: down: h
47188: up: h
47250: down: t
47297: up: t
47375: down: <space>
47453: up: <space>
47688: down: j
47766: up: j
47906: down: u
47969: up: u
48109: down: t
48188: up: t
48359: down: <space>
48422: up: <space>
64844: down: g
64891: up: g
65500: down: <backspace>
65578: up: <backspace>
66078: down: g
66125: up: g
69234: down: s
69266: up: s
70141: down: <arrow_right>
70203: up: <arrow_right>
70344: down: <space>
70406: up: <space>
70953: down: a
71000: up: a
71031: down: b
71078: up: b
71250: down: o
71313: up: o
71422: down: u
71500: up: u
71625: down: <space>
71719: up: <space>
72016: down: <backspace>
72125: up: <backspace>
72203: down: t
72234: up: t
72406: down: <space>
72484: up: <space>
73438: down: e
73469: up: e
73500: down: v
73578: up: v
73609: down: e
73656: up: e
73750: down: r
73797: up: r
73797: down: y
73875: up: y
73969: down: h
74047: up: h
74078: down: t
74109: up: t
74156: down: i
74188: up: i
74297: down: n
74359: up: n
74391: down: g
74438: up: g
74469: down: <space>
74547: up: <space>
74672: down: i
74750: up: i
74891: down: <space>
74953: up: <space>
75297: down: s
75375: up: s
75547: down: a
75609: up: a
75750: down: w
75781: up: w
75891: down: .
75969: up: .
76094: down: <space>
76172: up: <space>
76406: down: <shift_left>
76859: down: i
76891: up: i
76922: up: <shift_left>
77094: down: <space>
77203: up: <space>
77781: down: g
77828: up: g
77891: down: o
77969: up: o
78125: down: <space>
78234: up: <space>
78516: down: <backspace>
78578: up: <backspace>
78719: down: t
78750: up: t
79500: down: <space>
79578: up: <space>
80125: down: y
80156: up: y
80234: down: o
80297: up: o
80406: down: u
80469: up: u
80641: down: <space>
80719: up: <space>
80891: down: s
80922: up: s
80953: down: o
81031: up: o
81141: down: m
81203: up: m
81203: down: e
81281: up: e
81422: down: t
81484: up: t
81516: down: h
81594: up: h
81672: down: i
81750: up: i
81891: down: n
81922: up: n
82094: down: <space>
82156: up: <space>
82531: down: <backspace>
82594: up: <backspace>
82656: down: g
82688: up: g
83172: down: <space>
83219: up: <space>
83422: down: a
83469: up: a
83563: down: l
83641: up: l
84359: down: s
84391: up: s
84500: down: o
84563: up: o
84609: down: <shift_left>
84906: down: 1
84984: up: <shift_left>
84984: up: 1
85172: down: <space>
85281: up: <space>
92984: down: <shift_left>
93391: up: <shift_left>
94719: down: <shift_left>
94859: down: i
94906: up: <shift_left>
94938: up: i
95078: down: <space>
95172: up: <space>
95344: down: h
95391: up: h
95453: down: a
95531: up: a
95656: down: d
95703: up: d
95781: down: <space>
95844: up: <space>
95953: down: t
95984: up: t
96047: down: o
96125: up: o
96266: down: <space>
96344: up: <space>
96484: down: g
96563: up: g
96625: down: e
96641: up: e
96703: down: t
96750: up: t
96906: down: <space>
96984: up: <space>
97016: down: t
97063: up: t
97125: down: h
97203: up: h
97328: down: o
97375: up: o
97469: down: u
97547: up: u
97578: down: s
97656: up: s
97781: down: a
97859: up: a
97891: down: n
97969: up: n
98031: down: d
98078: up: d
98250: down: s
98281: up: s
98344: down: <space>
98422: up: <space>
98625: down: o
98703: up: o
98828: down: f
98875: up: f
98969: down: <space>
99047: up: <space>
99219: down: b
99250: up: b
99453: down: i
99531: up: i
99938: down: r
99984: up: r
100078: down: t
100156: up: t
100188: down: h
100297: up: h
100531: down: d
100594: up: d
100703: down: a
100734: up: a
100844: down: y
100875: up: y
101047: down: <space>
101125: up: <space>
101469: down: p
101531: up: p
101609: down: r
101641: up: r
101781: down: e
101813: up: e
101984: down: s
102031: up: s
102156: down: e
102203: up: e
102266: down: n
102375: up: n
102516: down: t
102578: up: t
102656: down: s
102719: up: s
102813: down: <space>
102875: up: <space>
103563: down: f
103594: up: f
103734: down: o
103813: up: o
103844: down: r
103891: up: r
104016: down: <space>
104094: up: <space>
104125: down: e
104172: up: e
104266: down: v
104297: down: e
104344: up: v
104344: up: e
104453: down: r
104484: up: r
104547: down: y
104594: up: y
104797: down: o
104906: up: o
105000: down: n
105078: up: n
105125: down: e
105188: up: e
105250: down: <space>
105328: up: <space>
105391: down: t
105438: up: t
105578: down: o
105641: up: o
105719: down: o
105781: up: o
105953: down: .
106000: up: .
106203: down: <space>
106266: up: <space>
106672: down: <shift_left>
106844: down: l
106891: up: <shift_left>
106891: up: l
107063: down: e
107125: up: e
107234: down: t
107313: up: t
107609: down: '
107688: up: '
107781: down: s
107828: up: s
107953: down: <space>
108031: up: <space>
108750: down: j
108828: up: j
108922: down: u
109000: up: u
109172: down: t
109203: up: t
109375: down: <space>
109453: up: <space>
109578: down: s
109625: up: s
109797: down: a
109828: up: a
110344: down: y
110406: up: y
110609: down: <space>
110688: up: <space>
110859: down: i
110922: up: i
111031: down: <space>
111109: up: <space>
111266: down: p
111313: up: p
111406: down: e
111453: up: e
111547: down: n
111625: up: n
111688: down: t
111766: up: t
111828: down: <space>
111922: up: <space>
112063: down: m
112125: up: m
112266: down: y
112344: up: y
112469: down: <space>
112547: up: <space>
112578: down: e
112625: up: e
112688: down: n
112719: up: n
112859: down: i
112906: up: i
112969: down: r
113000: up: r
113141: down: e
113172: up: e
113281: down: <space>
113313: up: <space>
113453: down: a
113531: up: a
113578: down: l
113641: up: l
113719: down: l
113781: up: l
113891: down: o
113969: up: o
114000: down: w
114063: up: w
114203: down: a
114281: up: a
114344: down: n
114422: up: n
114797: down: c
114828: up: c
115000: down: e
115063: up: e
115141: down: <space>
115219: up: <space>
115328: down: w
115359: up: w
115469: down: h
115547: up: h
115641: down: i
115719: up: i
115781: down: c
115828: up: c
115859: down: h
115922: up: h
116031: down: <space>
116141: up: <space>
116172: down: w
116234: up: w
116344: down: a
116422: up: a
116516: down: s
116563: up: s
116594: down: <space>
116656: up: <space>
116859: down: a
116938: up: a
117047: down: b
117109: up: b
117281: down: o
117359: up: o
117453: down: u
117531: up: u
117563: down: t
117594: up: t
117703: down: <space>
117813: up: <space>
118109: down: 1
118188: up: 1
118875: down: 5
118906: up: 5
119109: down: 0
119188: up: 0
119828: down: <space>
119906: up: <space>
120078: down: d
120109: up: d
120172: down: o
120250: up: o
120359: down: l
120438: up: l
120500: down: l
120578: up: l
120688: down: a
120719: up: a
120828: down: r
120891: up: r
121094: down: s
121172: up: s
121234: down: .
121313: up: .
121406: down: <space>
121516: up: <space>
121516: down: <shift_left>
121688: down: i
121734: up: <shift_left>
121734: up: i
122141: down: '
122203: up: '
122250: down: v
122313: up: v
122547: down: <space>
122625: up: <space>
122766: down: b
122797: down: e
122813: up: b
122875: up: e
122984: down: n
123016: up: n
123047: down: e
123125: up: e
123359: down: <backspace>
123406: up: <backspace>
123469: down: e
123547: up: e
124156: down: <backspace>
124188: up: <backspace>
124297: down: <backspace>
124328: down: e
124344: up: <backspace>
124406: up: e
124547: down: n
124609: up: n
124750: down: <space>
124859: up: <space>
125438: down: s
125500: up: s
125609: down: a
125641: up: a
125719: down: v
125750: up: v
125953: down: i
126031: up: i
126125: down: n
126203: up: n
126234: down: g
126313: up: g
126344: down: <space>
126453: up: <space>
126547: down: u
126625: up: u
126688: down: p
126766: up: p
126938: down: <space>
127000: up: <space>
127344: down: f
127391: up: f
127422: down: o
127484: up: o
127531: down: r
127563: up: r
127672: down: <space>
127734: up: <space>
127844: down: a
127906: up: a
128016: down: <space>
128078: up: <space>
128672: down: n
128766: down: e
128781: up: n
128844: up: e
128938: down: w
128984: up: w
129047: down: <space>
129125: up: <space>
129188: down: d
129266: up: d
129375: down: r
129438: up: r
129547: down: e
129625: up: e
130203: down: <backspace>
130266: up: <backspace>
130375: down: s
130438: up: s
130516: down: s
130594: up: s
131438: down: <backspace>
131516: up: <backspace>
131609: down: <backspace>
131656: up: <backspace>
132469: down: e
132516: up: e
132672: down: s
132750: up: s
132813: down: s
132891: up: s
132953: down: ,
133031: up: ,
133172: down: <space>
133281: up: <space>
137234: down: s
137313: up: s
147750: down: <backspace>
147828: up: <backspace>
148844: down: b
148922: up: b
148984: down: u
149063: up: u
149125: down: t
149203: up: t
149266: down: <space>
149344: up: <space>
149469: down: i
149547: up: i
149656: down: <space>
149750: down: t
149766: up: <space>
149828: up: t
149938: down: h
150000: up: h
150063: down: i
150156: up: i
150250: down: n
150344: up: n
150391: down: k
150453: up: k
150578: down: <space>
150641: up: <space>
150984: down: <shift_left>
151188: down: i
151219: up: i
151281: up: <shift_left>
151484: down: '
151563: up: '
152109: down: d
152156: up: d
152250: down: <space>
152328: up: <space>
152734: down: r
152813: up: r
152875: down: a
152906: up: a
152953: down: t
153016: up: t
153156: down: h
153234: up: h
153266: down: e
153297: up: e
153406: down: r
153469: up: r
153547: down: <space>
153609: up: <space>
153750: down: b
153828: up: b
154063: down: u
154125: up: u
154234: down: t
154266: up: t
154438: down: <space>
154516: up: <space>
155125: down: a
155203: up: a
155266: down: <space>
155344: up: <space>
155469: down: b
155516: up: b
155625: down: u
155688: up: u
155813: down: n
155891: up: n
155984: down: c
156031: up: c
156063: down: h
156141: up: h
156266: down: <space>
156344: up: <space>
156484: down: o
156547: up: o
156656: down: f
156688: up: f
156797: down: <space>
156859: up: <space>
156891: down: t
156938: up: t
157031: down: h
157109: up: h
157172: down: i
157281: up: i
157359: down: n
157453: down: g
157469: up: n
157531: up: g
157672: down: s
157734: up: s
157813: down: <space>
157875: up: <space>
158188: down: i
158266: up: i
158359: down: n
158469: up: n
158531: down: s
158578: up: s
158672: down: t
158719: up: t
158844: down: e
158922: up: e
158922: down: a
159000: up: a
159125: down: d
159203: up: d
159234: down: .
159313: up: .
159484: down: <space>
159547: up: <space>
160234: down: <shift_left>
160375: down: i
160422: up: <shift_left>
160422: up: i
160563: down: <space>
160656: up: <space>
160766: down: c
160797: up: c
160906: down: a
160969: up: a
161016: down: n
161078: up: n
161281: down: ;
161328: up: ;
162141: down: <backspace>
162219: up: <backspace>
162344: down: ;
162391: up: ;
162531: down: r
162563: up: r
162734: down: <backspace>
162813: up: <backspace>
162875: down: <backspace>
162953: up: <backspace>
163484: down: '
163594: up: '
163766: down: t
163844: up: t
163906: down: <space>
163984: up: <space>
164531: down: w
164594: up: w
164703: down: a
164766: up: a
164781: down: i
164844: up: i
164984: down: t
165047: up: t
165078: down: <space>
165125: up: <space>
165266: down: t
165297: up: t
165297: down: o
165375: up: o
165500: down: <space>
165609: up: <space>
165719: down: g
165750: up: g
165813: down: o
165859: up: o
166000: down: <space>
166063: up: <space>
166141: down: t
166172: up: t
166203: down: o
166281: up: o
166453: down: <space>
166516: up: <space>
166594: down: t
166656: up: t
166688: down: h
166766: up: h
166828: down: e
166906: up: e
166969: down: <space>
167047: up: <space>
167391: down: m
167453: up: m
167500: down: a
167531: up: a
167594: down: l
167672: up: l
167734: down: l
167813: up: l
167953: down: <space>
168016: up: <space>
168094: down: w
168156: up: w
168234: down: i
168266: up: i
168328: down: t
168406: up: t
168438: down: h
168516: up: h
168609: down: <space>
168688: up: <space>
168797: down: y
168828: up: y
168891: down: o
168938: up: o
169000: down: u
169078: up: u
169141: down: <space>
169219: up: <space>
169344: down: n
169422: up: n
169594: down: e
169625: up: e
169875: down: x
169906: up: x
169938: down: t
170016: up: t
170156: down: <space>
170250: up: <space>
170625: down: w
170703: up: w
170797: down: e
170875: up: e
170906: down: e
170984: up: e
171047: down: k
171125: up: k
171359: down: ,
171438: up: ,
171531: down: <space>
171641: up: <space>
171750: down: e
171781: up: e
172250: down: c
172297: up: c
172578: down: <backspace>
172656: up: <backspace>
172797: down: x
172906: up: x
172906: down: c
172969: up: c
173375: down: e
173453: up: e
174000: down: p
174078: up: p
174406: down: t
174453: up: t
174922: down: <space>
175000: up: <space>
175141: down: n
175203: up: n
175344: down: o
175375: up: o
175922: down: w
175969: up: w
176031: down: <space>
176109: up: <space>
176313: down: i
176344: up: i
176484: down: <space>
176594: up: <space>
176719: down: h
176766: up: h
176797: down: a
176875: up: a
176906: down: v
176969: up: v
177047: down: e
177109: up: e
177156: down: <space>
177219: up: <space>
177594: down: n
177672: up: n
177766: down: o
177844: up: o
177938: down: <space>
178016: up: <space>
178156: down: m
178219: up: m
178297: down: o
178359: up: o
178469: down: n
178547: up: n
178609: down: e
178641: up: e
178688: down: y
178750: up: y
179031: down: .
179094: up: .
179234: down: <space>
179313: up: <space>
179672: down: <shift_left>
179734: down: o
179797: up: o
179813: up: <shift_left>
179906: down: h
179969: up: h
180141: down: <space>
180219: up: <space>
180625: down: w
180703: up: w
180797: down: e
180859: up: e
180953: down: l
181016: up: l
181094: down: l
181156: up: l
181297: down: ,
181359: up: ,
181453: down: <space>
181563: up: <space>
182141: down: y
182188: up: y
182266: down: o
182328: up: o
182469: down: u
182500: up: u
182750: down: '
182813: up: '
182984: down: l
183063: up: l
183125: down: l
183203: up: l
183328: down: <space>
183406: up: <space>
184359: down: g
184406: up: g
184469: down: i
184547: up: i
184719: down: v
184781: up: v
184844: down: e
184891: up: e
184953: down: <space>
185031: up: <space>
185172: down: m
185234: up: m
185375: down: e
185406: up: e
185484: down: <space>
185547: up: <space>
185797: down: s
185828: up: s
185891: down: o
185969: up: o
186078: down: m
186125: up: m
186156: down: e
186188: up: e
186250: down: <space>
186328: up: <space>
186531: down: m
186609: up: m
186703: down: o
186781: up: o
186875: down: n
186953: up: n
186984: down: e
187031: up: e
187203: down: y
187266: up: y
187297: down: ,
187375: up: ,
187484: down: <space>
187547: up: <space>
187891: down: r
187969: up: r
188000: down: i
188031: up: i
188141: down: g
188203: up: g
188219: down: h
188281: up: h
188344: down: t
188391: up: t
188594: down: <shift_left>
188656: down: /
188734: up: /
188797: up: <shift_left>
188969: down: <space>
189047: up: <space>
189344: down: <shift_left>
189484: down: a
189531: up: <shift_left>
189594: up: a
189609: down: n
189672: up: n
189813: down: y
189875: up: y
190109: down: w
190219: up: w
190328: down: a
190406: up: a
190438: down: y
190547: up: y
190922: down: ,
190984: up: ,
191094: down: <space>
191156: up: <space>
191266: down: m
191344: up: m
191391: down: y
191453: up: y
191531: down: <space>
191625: up: <space>
191719: down: w
191797: up: w
191938: down: e
191969: up: e
192078: down: e
192141: up: e
192250: down: k
192313: up: k
192359: down: e
192438: up: e
192563: down: d
192609: up: d
192703: down: n
192781: up: n
193016: down: <backspace>
193125: up: <backspace>
193156: down: <backspace>
193266: up: <backspace>
193531: down: <backspace>
193609: up: <backspace>
194188: down: e
194266: up: e
194391: down: n
194438: up: n
194531: down: d
194578: up: d
194750: down: <space>
194813: up: <space>
195016: down: w
195094: up: w
195234: down: a
195266: up: a
195406: down: s
195438: up: s
195578: down: <space>
195656: up: <space>
196359: down: a
196406: up: a
196578: down: w
196641: up: w
196750: down: e
196813: up: e
196953: down: s
197031: up: s
197094: down: o
197172: up: o
197266: down: m
197375: up: m
197375: down: e
197453: up: e
197516: down: <space>
197625: up: <space>
197719: down: a
197766: up: a
197891: down: n
197969: up: n
198000: down: d
198078: up: d
198250: down: <space>
198313: up: <space>
198969: down: s
199000: up: s
199109: down: o
199172: up: o
199281: down: o
199359: up: o
199453: down: o
199531: up: o
199859: down: <space>
199938: up: <space>
200078: down: m
200141: up: m
200281: down: u
200359: up: u
200391: down: c
200422: up: c
200469: down: h
200547: up: h
200672: down: <space>
200750: up: <space>
200891: down: f
200922: up: f
201063: down: u
201094: up: u
201234: down: n
201313: up: n
201516: down: .
201578: up: .
201688: down: <space>
201719: down: <shift_left>
201797: up: <space>
201859: down: s
201906: up: <shift_left>
201938: up: s
201969: down: o
202047: up: o
202219: down: <space>
202281: up: <space>
202969: down: <shift_left>
203141: up: <shift_left>
203141: down: s
203219: up: s
203344: down: t
203422: up: t
203453: down: a
203531: up: a
203594: down: c
203672: up: c
204422: down: y
204453: up: y
204531: down: ,
204609: up: ,
204703: down: <space>
204813: up: <space>
205016: down: w
205063: up: w
205188: down: h
205266: up: h
205266: down: a
205297: up: a
205438: down: t
205516: up: t
205688: down: <space>
205781: up: <space>
205922: down: d
205969: up: d
206000: down: i
206063: up: i
206125: down: d
206141: up: d
206203: down: <space>
206313: up: <space>
206375: down: y
206422: up: y
206484: down: o
206531: up: o
206641: down: u
206719: up: u
206844: down: <space>
206922: up: <space>
207016: down: d
207094: up: d
207125: down: o
207203: up: o
207297: down: <space>
207406: up: <space>
207547: down: o
207578: up: o
207750: down: v
207797: up: v
207828: down: e
207906: up: e
208000: down: r
208047: up: r
208109: down: <space>
208188: up: <space>
208484: down: y
208531: up: y
208609: down: o
208672: up: o
208781: down: u
208859: up: u
208953: down: r
208984: up: r
209094: down: <space>
209172: up: <space>
209297: down: w
209375: up: w
209516: down: e
209594: up: e
209656: down: e
209688: up: e
209766: down: k
209828: up: k
209906: down: e
209938: up: e
210016: down: n
210094: up: n
210156: down: d
210188: up: d
210391: down: .
210469: up: .
211500: down: <space>
211594: up: <space>
212172: down: <backspace>
212250: up: <backspace>
212391: down: <backspace>
212453: up: <backspace>
212594: down: <shift_left>
212719: down: /
212781: up: /
212828: up: <shift_left>
213031: down: <space>
213125: up: <space>
219750: down: <insert>
219813: up: <insert>
220016: down: <backspace>
220094: up: <backspace>
220281: down: <backspace>
220344: up: <backspace>
220484: down: <backspace>
220531: up: <backspace>
220656: down: <backspace>
220734: up: <backspace>
220828: down: <backspace>
220906: up: <backspace>
221016: down: <backspace>
221078: up: <backspace>
221250: down: <backspace>
221297: up: <backspace>
222938: down: <arrow_left>
223047: up: <arrow_left>
223125: down: <arrow_left>
223188: up: <arrow_left>
223266: down: <arrow_left>
223344: up: <arrow_left>
223578: down: <arrow_left>
223656: up: <arrow_left>
223922: down: <shift_left>
225000: down: 4
225109: up: 4
225141: up: <shift_left>
229453: down: <backspace>
229531: up: <backspace>
231000: down: t
231094: up: t
232609: down: <backspace>
232672: up: <backspace>
232781: down: <shift_left>
232953: down: i
232984: up: i
233063: up: <shift_left>
236000: down: <backspace>
236078: up: <backspace>
236172: down: <shift_left>
236375: down: i
236453: up: i
236516: up: <shift_left>
239813: down: <arrow_right>
239922: up: <arrow_right>
240094: down: <backspace>
240156: up: <backspace>
240266: down: <shift_left>
240469: down: u
240547: up: u
241031: down: <backspace>
241141: up: <backspace>
241344: down: i
241391: up: i
241672: up: <shift_left>
243656: down: <backspace>
243734: up: <backspace>
243875: down: <shift_left>
244109: down: i
244156: up: i
244219: up: <shift_left>
245938: down: <backspace>
246031: up: <backspace>
248500: down: ,
248531: up: ,

