# Keylogger Version 0.1; Format: (timestamp, downstroke/upstroke, key)
0: down: <shift_left>
141: up: <shift_left>
141: down: d
219: up: d
344: down: e
422: up: e
484: down: a
531: up: a
562: down: r
594: up: r
766: down: <space>
844: up: <space>
953: down: <shift_left>
1094: down: c
1125: up: <shift_left>
1156: up: c
1328: down: y
1375: up: y
1578: down: n
1641: up: n
1719: down: t
1781: up: t
1828: down: h
1891: up: h
2000: down: i
2031: up: i
2141: down: s
2203: up: s
2484: down: ,
2547: up: ,
2969: down: <space>
3031: up: <space>
3109: down: t
3172: up: t
3250: down: h
3312: up: h
3422: down: i
3484: up: i
3562: down: s
3625: up: s
3656: down: <space>
3734: up: <space>
3812: down: w
3875: up: w
4047: down: e
4125: up: e
4219: down: e
4266: up: e
4437: down: k
4516: up: k
4750: down: e
4812: up: e
4891: down: n
4922: up: n
5031: down: d
5094: up: d
5203: down: <space>
5312: up: <space>
7125: down: i
7156: up: i
7359: down: <space>
7437: up: <space>
7812: down: <backspace>
7844: up: <backspace>
8047: down: <backspace>
8094: up: <backspace>
9109: down: <shift_left>
9312: down: i
9359: up: i
9391: up: <shift_left>
9594: down: <space>
9672: up: <space>
9812: down: w
9875: up: w
10109: down: e
10187: up: e
10359: down: n
10391: up: n
10500: down: t
10578: up: t
10641: down: <space>
10719: up: <space>
10750: down: t
10812: up: t
10891: down: o
10953: up: o
11094: down: <space>
11172: up: <space>
11344: down: t
11406: up: t
11437: down: h
11484: up: h
11578: down: e
11656: up: e
11687: down: <space>
11766: up: <space>
11875: down: m
11937: up: m
11984: down: a
12047: up: a
12125: down: l
12187: up: l
12266: down: l
12328: up: l
12500: down: .
12531: up: .
12703: down: <space>
12781: up: <space>
25891: down: <backspace>
25969: up: <backspace>
26000: down: a
26062: up: a
27984: down: <shift_left>
28125: down: i
28156: up: <shift_left>
28203: up: i
28328: down: <space>
28437: up: <space>
28641: down: b
28719: up: b
28891: down: o
28969: up: o
29109: down: u
29172: up: u
29312: down: g
29359: up: g
29391: down: h
29453: up: h
29562: down: t
29625: up: t
29734: down: <space>
29812: up: <space>
30047: down: a
30109: up: a
30187: down: n
30234: up: n
30391: down: <space>
30453: up: <space>
30687: down: a
30766: up: a
30937: down: w
31016: up: w
31141: down: e
31219: up: e
31359: down: s
31422: up: s
32141: down: m
32219: up: m
32312: down: o
32391: up: o
32531: down: e
32594: up: e
33109: down: <space>
33172: up: <space>
33922: down: <backspace>
34000: up: <backspace>
34062: down: <backspace>
34141: up: <backspace>
34203: down: <backspace>
34312: up: <backspace>
34344: down: <backspace>
34422: up: <backspace>
35109: down: o
35172: up: o
35312: down: m
35359: up: m
35469: down: e
35531: up: e
35562: down: <space>
35641: up: <space>
35953: down: o
36000: up: o
36203: down: u
36234: up: u
36344: down: t
36422: up: t
36625: down: f
36703: up: f
36766: down: i
36844: up: i
36969: down: t
37016: up: t
37141: down: <space>
37219: up: <space>
37359: down: a
37422: up: a
37500: down: n
37578: up: n
37672: down: d
37719: up: d
37812: down: <space>
37891: up: <space>
38297: down: a
38375: up: a
38469: down: <space>
38547: up: <space>
38687: down: l
38766: up: l
38906: down: o
38969: up: o
39047: down: t
39078: up: t
39156: down: <space>
39250: up: <space>
39422: down: o
39500: up: o
39594: down: f
39672: up: f
39781: down: <space>
39844: up: <space>
40125: down: j
40187: up: j
40359: down: e
40437: up: e
40641: down: w
40703: up: w
41422: down: e
41500: up: e
41531: down: l
41609: up: l
41906: down: e
41984: up: e
42078: down: r
42156: up: r
42219: down: y
42266: up: y
42531: down: .
42609: up: .
42812: down: <space>
42891: up: <space>
43562: down: <enter>
43609: up: <enter>
44859: down: <backspace>
44937: up: <backspace>
48641: down: <shift_left>
49016: down: i
49047: up: <shift_left>
49078: up: i
49359: down: <space>
49422: up: <space>
49734: down: b
49812: up: b
49844: down: o
49906: up: o
50016: down: u
50094: up: u
50156: down: g
50187: up: g
50234: down: h
50312: up: h
50344: down: t
50422: up: t
50484: down: <space>
50594: up: <space>
51594: down: c
51656: up: c
51719: down: o
51797: up: o
51859: down: o
51937: up: o
52078: down: l
52141: up: l
52312: down: <space>
52391: up: <space>
52562: down: s
52641: up: s
52641: down: h
52703: up: h
52875: down: o
52906: up: o
53219: down: e
53297: up: e
53453: down: s
53531: up: s
53734: down: <space>
53781: up: <space>
54422: down: t
54453: up: t
54531: down: h
54609: up: h
54750: down: a
54781: up: a
54812: down: t
54891: up: t
55062: down: <space>
55172: up: <space>
55344: down: h
55406: up: h
55484: down: a
55547: up: a
55859: down: d
55906: up: d
56031: down: <space>
56094: up: <space>
56391: down: h
56469: up: h
56609: down: u
56672: up: u
56812: down: g
56844: up: g
56953: down: e
57031: up: e
57062: down: <space>
57125: up: <space>
57266: down: h
57344: up: h
57406: down: e
57484: up: e
57578: down: e
57625: up: e
57719: down: l
57797: up: l
57891: down: s
57937: up: s
58016: down: <space>
58094: up: <space>
58125: down: a
58203: up: a
58266: down: n
58344: up: n
58375: down: d
58437: up: d
58516: down: <space>
58578: up: <space>
59031: down: w
59094: up: w
59234: down: e
59281: up: e
59344: down: r
59422: up: r
59516: down: e
59594: up: e
59859: down: <space>
59937: up: <space>
60141: down: b
60219: up: b
60281: down: r
60359: up: r
60516: down: i
60594: up: i
60656: down: g
60703: up: g
60766: down: h
60812: up: h
60875: down: t
60953: up: t
61047: down: <space>
61125: up: <space>
61594: down: r
61672: up: r
61812: down: e
61875: up: e
62016: down: d
62094: up: d
62203: down: .
62266: up: .
62406: down: <space>
62437: down: <shift_left>
62484: up: <space>
62547: up: <shift_left>
62625: down: i
62687: up: i
62828: down: <space>
62906: up: <space>
63141: down: b
63219: up: b
63344: down: o
63422: up: o
63516: down: u
63594: up: u
63625: down: g
63703: up: g
63734: down: h
63766: up: h
63844: down: t
63906: up: t
63984: down: <space>
64047: up: <space>
64219: down: a
64266: up: a
64297: down: n
64375: up: n
65781: down: <backspace>
65859: up: <backspace>
65953: down: <backspace>
66031: up: <backspace>
66672: down: a
66719: up: a
66781: down: <space>
66859: up: <space>
67344: down: s
67406: up: s
67547: down: p
67625: up: p
67750: down: a
67797: up: a
68062: down: r
68109: up: r
68437: down: k
68516: up: k
68656: down: l
68719: up: l
68891: down: y
68969: up: y
69062: down: <space>
69141: up: <space>
69547: down: s
69594: up: s
69656: down: h
69734: up: h
69859: down: i
69937: up: i
70078: down: r
70141: up: r
70281: down: t
70359: up: t
70625: down: <space>
70703: up: <space>
70906: down: t
70969: up: t
71047: down: h
71109: up: h
71281: down: a
71359: up: a
71531: down: t
71562: up: t
72391: down: <space>
72453: up: <space>
73516: down: h
73547: up: h
73656: down: a
73734: up: a
73906: down: d
73969: up: d
74250: down: <space>
74312: up: <space>
74453: down: a
74531: up: a
74625: down: <space>
74672: up: <space>
74937: down: p
75016: up: p
75219: down: i
75297: up: i
75531: down: c
75594: up: c
75844: down: t
75875: up: t
75937: down: u
75984: up: u
76047: down: r
76125: up: r
76266: down: e
76328: up: e
76437: down: <space>
76500: up: <space>
76672: down: o
76750: up: o
76781: down: f
76859: up: f
76922: down: <space>
77000: up: <space>
77156: down: a
77234: up: a
77344: down: <space>
77391: up: <space>
77625: down: c
77672: up: c
77844: down: a
77906: up: a
77937: down: t
78016: up: t
78187: down: <space>
78266: up: <space>
78422: down: o
78500: up: o
78609: down: n
78672: up: n
78781: down: <space>
78891: up: <space>
79016: down: i
79062: up: i
79141: down: t
79203: up: t
79375: down: .
79422: up: .
79578: down: <space>
79656: up: <space>
79719: down: <shift_left>
79859: down: i
79937: up: i
80000: up: <shift_left>
80281: down: t
80344: up: t
80547: down: <space>
80625: up: <space>
81516: down: m
81547: up: m
81656: down: a
81719: up: a
81891: down: t
81937: up: t
82047: down: c
82109: up: c
82141: down: h
82219: up: h
82359: down: e
82422: up: e
82531: down: d
82609: up: d
82672: down: <space>
82750: up: <space>
82922: down: m
82984: up: m
83062: down: y
83125: up: y
83156: down: <space>
83234: up: <space>
83297: down: t
83375: up: t
83437: down: o
83516: up: o
83781: down: t
83859: up: t
84094: down: a
84172: up: a
84203: down: l
84281: up: l
84375: down: l
84422: up: l
84484: down: y
84562: up: y
84594: down: <space>
84672: up: <space>
85172: down: c
85250: up: c
85344: down: u
85391: up: u
85516: down: t
85562: up: t
85766: down: e
85844: up: e
86016: down: <space>
86094: up: <space>
86391: down: c
86469: up: c
86594: down: a
86672: up: a
86812: down: p
86875: up: p
86984: down: r
87062: up: r
87187: down: i
87266: up: i
87437: down: <space>
87500: up: <space>
87812: down: p
87891: up: p
87984: down: a
88062: up: a
88094: down: n
88172: up: n
88375: down: t
88406: up: t
88516: down: s
88578: up: s
89266: down: <space>
89344: up: <space>
89437: down: t
89516: up: t
89578: down: h
89625: up: h
89766: down: a
89797: up: a
89875: down: t
89922: up: t
90156: down: <space>
90234: up: <space>
90375: down: w
90453: up: w
90859: down: e
90937: up: e
90969: down: r
91031: up: r
91109: down: e
91172: up: e
91625: down: <space>
91687: up: <space>
92437: down: p
92547: up: p
92656: down: o
92719: up: o
92859: down: l
92937: up: l
93094: down: k
93172: up: k
93234: down: a
93312: up: a
93422: down: <space>
93484: up: <space>
93969: down: d
94031: up: d
94203: down: o
94281: up: o
94344: down: t
94391: up: t
94484: down: <space>
94562: up: <space>
94687: down: a
94766: up: a
94875: down: n
94937: up: n
95016: down: d
95078: up: d
95219: down: <space>
95297: up: <space>
98328: down: v
98406: up: v
98469: down: e
98547: up: e
98641: down: r
98719: up: r
98781: down: y
98859: up: y
99578: down: <space>
99641: up: <space>
105875: down: p
105953: up: p
106016: down: r
106094: up: r
106219: down: e
106266: up: e
106406: down: t
106437: up: t
106500: down: t
106578: up: t
106719: down: y
106766: up: y
107172: down: .
107234: up: .
107375: down: <space>
107453: up: <space>
108469: down: <shift_left>
108672: down: i
108719: up: <shift_left>
108750: up: i
109031: down: <space>
109094: up: <space>
109297: down: a
109344: up: a
109687: down: l
109750: up: l
109828: down: s
109859: up: s
109922: down: o
110000: up: o
110781: down: <space>
110859: up: <space>
111578: down: b
111641: up: b
111844: down: o
111922: up: o
112062: down: u
112125: up: u
112203: down: g
112234: up: g
112266: down: h
112375: up: h
112406: down: t
112453: up: t
112547: down: <space>
112625: up: <space>
112719: down: t
112797: up: t
112859: down: h
112906: up: h
113000: down: a
113078: up: a
113109: down: t
113156: up: t
113359: down: <space>
113422: up: <space>
113859: down: n
113906: up: n
114000: down: e
114078: up: e
114250: down: c
114328: up: c
114391: down: k
114422: up: k
114562: down: l
114641: up: l
114672: down: a
114750: up: a
114844: down: c
114891: up: c
114922: down: e
114984: up: e
115062: down: <space>
115125: up: <space>
115156: down: t
115234: up: t
115297: down: h
115375: up: h
115437: down: a
115516: up: a
115547: down: t
115625: up: t
115797: down: <space>
115859: up: <space>
116000: down: y
116031: up: y
116078: down: o
116141: up: o
116281: down: u
116312: up: u
116484: down: <space>
116562: up: <space>
116625: down: w
116672: up: w
116797: down: a
116875: up: a
116906: down: n
116953: up: n
117125: down: t
117187: up: t
117266: down: e
117328: up: e
117437: down: d
117500: up: d
117578: down: <space>
117609: up: <space>
117750: down: r
117781: up: r
117922: down: e
118000: up: e
118156: down: a
118234: up: a
118266: down: l
118344: up: l
118406: down: l
118500: up: l
118562: down: y
118594: up: y
118734: down: <space>
118812: up: <space>
118984: down: b
119047: up: b
119078: down: a
119156: up: a
119328: down: d
119406: up: d
119578: down: .
119641: up: .
119781: down: <space>
119859: up: <space>
119891: down: <shift_left>
119984: down: n
120031: up: <shift_left>
120031: up: n
120172: down: o
120234: up: o
120344: down: w
120406: up: w
120453: down: <space>
120516: up: <space>
120656: down: i
120734: up: i
120875: down: <space>
120937: up: <space>
121109: down: h
121172: up: h
121250: down: a
121312: up: a
121328: down: v
121391: up: v
121500: down: e
121562: up: e
121844: down: <space>
121906: up: <space>
122109: down: i
122156: up: i
122234: down: t
122297: up: t
122578: down: <shift_left>
122781: down: 1
122859: up: 1
122922: up: <shift_left>
123234: down: <space>
123297: up: <space>
123672: down: <shift_left>
123844: down: h
123891: up: h
123922: up: <shift_left>
124125: down: a
124172: up: a
124578: down: h
124672: up: h
124719: down: a
124781: up: a
124812: down: <shift_left>
124984: down: 1
125062: up: 1
125141: up: <shift_left>
125469: down: <space>
125516: up: <space>
126234: down: <shift_left>
126437: down: d
126469: up: <shift_left>
126547: up: d
126578: down: o
126641: up: o
127391: down: n
127469: up: n
127703: down: '
127781: up: '
127891: down: t
127922: up: t
128016: down: <space>
128094: up: <space>
128297: down: w
128375: up: w
128516: down: o
128578: up: o
128687: down: r
128750: up: r
128828: down: r
128891: up: r
129031: down: y
129109: up: y
129344: down: <space>
129406: up: <space>
130500: down: <backspace>
130578: up: <backspace>
130750: down: ,
130828: up: ,
130922: down: <space>
131000: up: <space>
131172: down: <shift_left>
131297: down: i
131344: up: i
131406: up: <shift_left>
131609: down: '
131687: up: '
131844: down: l
131906: up: l
131937: down: l
132047: up: l
132109: down: l
132156: up: l
133219: down: <backspace>
133281: up: <backspace>
133859: down: <space>
133937: up: <space>
134141: down: l
134172: up: l
134312: down: e
134391: up: e
134484: down: t
134562: up: t
134766: down: <space>
134859: up: <space>
134953: down: y
135031: up: y
135062: down: o
135141: up: o
135266: down: u
135344: up: u
135578: down: <space>
135656: up: <space>
135828: down: b
135891: up: b
136062: down: o
136141: up: o
136234: down: r
136484: up: r
136687: down: r
136766: up: r
137031: down: o
137078: up: o
137172: down: w
137219: up: w
137656: down: <space>
137734: up: <space>
137969: down: i
138016: up: i
138219: down: t
138281: up: t
138797: down: ,
138906: up: ,
139000: down: <space>
139078: up: <space>
139766: down: <backspace>
139859: up: <backspace>
139969: down: <backspace>
140000: up: <backspace>
140656: down: <space>
140719: up: <space>
140906: down: s
140969: up: s
141000: down: o
141078: up: o
141172: down: m
141250: up: m
141281: down: e
141359: up: e
141562: down: t
141641: up: t
141672: down: i
141734: up: i
141844: down: m
141922: up: m
141984: down: e
142062: up: e
142187: down: s
142266: up: s
142328: down: .
142375: up: .
142547: down: <space>
142609: up: <space>
142781: down: <shift_left>
143156: up: <shift_left>
146172: down: <shift_left>
146281: down: i
146312: up: <shift_left>
146344: up: i
146516: down: <space>
146594: up: <space>
146656: down: d
146734: up: d
146828: down: i
146875: up: i
146875: down: d
146953: up: d
147594: down: <space>
147672: up: <space>
148547: down: y
148625: up: y
149172: down: <backspace>
149234: up: <backspace>
149984: down: g
150031: up: g
150062: down: e
150141: up: e
150172: down: t
150250: up: t
150406: down: <space>
150484: up: <space>
150656: down: y
150734: up: y
150797: down: o
150828: up: o
150969: down: u
151047: up: u
151219: down: <space>
151281: up: <space>
151344: down: s
151422: up: s
151453: down: o
151531: up: o
151609: down: m
151687: up: m
151719: down: e
151797: up: e
151969: down: t
152000: up: t
152031: down: h
152109: up: h
152172: down: i
152250: up: i
152344: down: n
152422: up: n
152484: down: g
152562: up: g
152594: down: <space>
152687: up: <space>
152750: down: t
152828: up: t
153344: down: <backspace>
153406: up: <backspace>
153578: down: ,
153656: up: ,
153750: down: t
153828: up: t
153859: down: o
153937: up: o
154000: down: o
154078: up: o
154234: down: .
154312: up: .
154453: down: <space>
154516: up: <space>
155375: down: <shift_left>
155547: down: i
155625: up: i
155641: up: <shift_left>
155891: down: t
155969: up: t
156375: down: '
156453: up: '
156547: down: s
156625: up: s
156750: down: <space>
156828: up: <space>
157172: down: a
157234: up: a
157344: down: <space>
157391: up: <space>
157734: down: r
157781: up: r
157906: down: i
157984: up: i
158125: down: n
158187: up: n
158266: down: g
158328: up: g
158578: down: .
158609: up: .
158766: down: <space>
158828: up: <space>
158906: down: <shift_left>
159047: down: i
159109: up: i
159125: up: <shift_left>
159766: down: t
159828: up: t
160578: down: '
160687: up: '
160797: down: s
160859: up: s
160937: down: <space>
161000: up: <space>
161484: down: v
161516: up: v
161547: down: e
161625: up: e
161734: down: r
161797: up: r
161828: down: y
161906: up: y
162109: down: <space>
162187: up: <space>
162391: down: b
162453: up: b
162594: down: i
162672: up: i
162734: down: g
162812: up: g
162844: down: <space>
162906: up: <space>
163078: down: a
163156: up: a
163250: down: n
163297: up: n
163359: down: d
163437: up: d
163469: down: <space>
163547: up: <space>
163844: down: h
163922: up: h
163984: down: a
164062: up: a
164203: down: s
164266: up: s
164484: down: <space>
164562: up: <space>
165719: down: a
165797: up: a
165828: down: n
165906: up: n
166031: down: <space>
166141: up: <space>
166891: down: e
166969: up: e
167141: down: n
167203: up: n
167406: down: o
167453: up: o
167687: down: r
167766: up: r
167797: down: m
167859: up: m
168031: down: o
168109: up: o
168250: down: u
168312: up: u
168391: down: s
168453: up: s
168531: down: <space>
168594: up: <space>
168703: down: f
168766: up: f
168812: down: l
168875: up: l
169016: down: o
169094: up: o
169125: down: w
169187: up: w
169328: down: e
169406: up: e
169531: down: r
169609: up: r
169719: down: <space>
169812: up: <space>
170016: down: o
170094: up: o
170203: down: n
170266: up: n
170375: down: <space>
170453: up: <space>
170594: down: i
170625: up: i
170734: down: t
170812: up: t
170984: down: .
171047: up: .
171187: down: <space>
171250: up: <space>
172859: down: <shift_left>
172969: down: i
173062: up: i
173078: up: <shift_left>
173266: down: t
173312: up: t
173922: down: '
174000: up: '
174125: down: s
174203: up: s
174266: down: <space>
174344: up: <space>
174547: down: p
174625: up: p
174797: down: i
174828: up: i
174969: down: n
175031: up: n
175109: down: k
175172: up: k
175312: down: <space>
175375: up: <space>
175469: down: a
175547: up: a
175578: down: n
175656: up: n
175719: down: d
175797: up: d
175797: down: <space>
175859: up: <space>
176031: down: p
176109: up: p
176375: down: u
176406: up: u
176578: down: r
176656: up: r
176719: down: p
176812: up: p
176906: down: l
176984: up: l
177094: down: e
177156: up: e
177531: down: <space>
177609: up: <space>
177844: down: a
177922: up: a
179187: down: n
179250: up: n
179328: down: d
179391: up: d
180656: down: <space>
180734: up: <space>
180828: down: t
180906: up: t
180937: down: h
181016: up: h
181078: down: e
181156: up: e
181187: down: <space>
181250: up: <space>
181391: down: b
181469: up: b
181531: down: a
181609: up: a
181641: down: n
181719: up: n
181781: down: d
181844: up: d
181891: down: <space>
181984: up: <space>
182203: down: i
182234: up: i
182781: down: s
182844: up: s
182953: down: <space>
183031: up: <space>
183672: down: r
183703: up: r
183812: down: e
183891: up: e
184016: down: a
184094: up: a
184125: down: l
184203: up: l
184375: down: <space>
184437: up: <space>
184781: down: g
184859: up: g
184922: down: o
185000: up: o
185094: down: l
185172: up: l
185312: down: d
185375: up: d
185484: down: .
185547: up: .
185687: down: <space>
185766: up: <space>
185812: down: <shift_left>
185984: down: i
186031: up: <shift_left>
186031: up: i
186234: down: <space>
186312: up: <space>
187156: down: h
187203: up: h
187375: down: o
187406: up: o
187547: down: p
187609: up: p
187687: down: e
187750: up: e
187828: down: <space>
187891: up: <space>
188062: down: y
188141: up: y
188203: down: o
188281: up: o
188422: down: u
188484: up: u
188625: down: <space>
188703: up: <space>
188937: down: l
189000: up: l
189141: down: i
189219: up: i
189281: down: k
189359: up: k
189391: down: e
189469: up: e
189500: down: <space>
189578: up: <space>
189750: down: i
189797: up: i
189859: down: t
189891: up: t
189969: down: ,
190031: up: ,
190141: down: <space>
190219: up: <space>
190281: down: <shift_left>
190391: up: <shift_left>
190406: down: i
190469: up: i
191484: down: <backspace>
191562: up: <backspace>
192109: down: <shift_left>
192672: up: <shift_left>
193141: down: i
193187: up: i
194078: down: <backspace>
194266: up: <backspace>
194812: down: <shift_left>
195016: down: i
195094: up: i
195125: up: <shift_left>
195328: down: <space>
195406: up: <space>
196297: down: s
196359: up: s
196437: down: p
196484: up: p
196547: down: e
196625: up: e
196734: down: n
196766: up: n
197156: down: a
197219: up: a
197250: down: l
197453: up: l
197578: down: <space>
197656: up: <space>
197797: down: m
197828: up: m
197859: down: y
197937: up: y
198000: down: <space>
198078: up: <space>
198422: down: s
198484: up: s
198891: down: <backspace>
198969: up: <backspace>
199141: down: l
199203: up: l
199344: down: i
199422: up: i
199594: down: d
199625: up: d
200344: down: <backspace>
200422: up: <backspace>
200625: down: f
200719: down: e
200766: up: f
200828: up: e
202031: down: <space>
202094: up: <space>
202234: down: s
202312: up: s
202547: down: a
202625: up: a
202719: down: v
202797: up: v
203000: down: i
203062: up: i
203203: down: n
203281: up: n
203781: down: g
203828: up: g
203891: down: s
203969: up: s
204047: down: <space>
204125: up: <space>
204297: down: o
204359: up: o
204500: down: n
204578: up: n
204672: down: <space>
204781: up: <space>
204922: down: i
204984: up: i
205062: down: t
205125: up: t
205234: down: .
205297: up: .
205547: down: <space>
205578: up: <space>
208766: down: <shift_left>
208937: down: i
209000: up: i
209016: up: <shift_left>
209281: down: <space>
209344: up: <space>
211469: down: c
211547: up: c
211656: down: a
211719: up: a
211797: down: n
211859: up: n
212984: down: '
213062: up: '
213094: down: t
213172: up: t
213547: down: <space>
213609: up: <space>
214094: down: w
214156: up: w
214297: down: a
214375: up: a
214469: down: i
214547: up: i
214687: down: t
214750: up: t
214828: down: <space>
214891: up: <space>
214969: down: t
215031: up: t
215109: down: o
215172: up: o
215547: down: g
215625: up: g
215687: down: o
215734: up: o
216141: down: <space>
216219: up: <space>
216328: down: t
216391: up: t
216469: down: o
216531: up: o
216703: down: <space>
216781: up: <space>
216875: down: t
216953: up: t
217016: down: h
217094: up: h
217156: down: e
217234: up: e
217297: down: <space>
217344: up: <space>
217500: down: m
217578: up: m
217656: down: a
217719: up: a
217797: down: l
218000: up: l
218203: down: <space>
218281: up: <space>
218422: down: n
218484: up: n
218516: down: e
218594: up: e
218828: down: x
218906: up: x
218969: down: t
219047: up: t
219250: down: <space>
219328: up: <space>
219531: down: w
219594: up: w
219734: down: e
219984: up: e
220078: down: k
220156: up: k
220359: down: <space>
220437: up: <space>
221797: down: o
221875: up: o
222047: down: <space>
222109: up: <space>
223141: down: i
223250: up: i
223484: down: <space>
223562: up: <space>
224062: down: <backspace>
224281: up: <backspace>
224953: down: i
225031: up: i
225172: down: <space>
225250: up: <space>
225516: down: c
225594: up: c
225656: down: a
225734: up: a
225797: down: n
225844: up: n
225969: down: <space>
226031: up: <space>
226687: down: w
226750: up: w
226859: down: e
226891: up: e
226969: down: a
227031: up: a
227094: down: r
227141: up: r
227375: down: <space>
227453: up: <space>
227937: down: m
227984: up: m
228047: down: y
228125: up: y
228187: down: <space>
228250: up: <space>
228844: down: c
228906: up: c
228984: down: o
229187: up: o
229328: down: l
229391: up: l
231297: down: y
231344: up: y
231422: down: <space>
231484: up: <space>
231687: down: o
231766: up: o
231937: down: u
232000: up: u
232078: down: t
232141: up: t
232453: down: f
232531: up: f
232625: down: i
232703: up: i
233141: down: t
233219: up: t
233859: down: <shift_left>
234094: down: 1
234172: up: 1
234250: up: <shift_left>
234484: down: <space>
234562: up: <space>
234625: down: <shift_left>
234859: down: s
234906: up: <shift_left>
235000: up: s
235109: down: e
235172: up: e
235250: down: e
235312: up: e
236750: down: <backspace>
236828: up: <backspace>
236922: down: <backspace>
237000: up: <backspace>
237125: down: <backspace>
237187: up: <backspace>
246391: down: <backspace>
246469: up: <backspace>
246672: down: <shift_left>
246812: down: i
246891: up: i
246922: up: <shift_left>
251641: down: <backspace>
251719: up: <backspace>
252156: down: <shift_left>
252328: down: i
252406: up: i
252437: up: <shift_left>

