# Keylogger Version 0.1; Format: (timestamp, downstroke/upstroke, key)
0: down: <shift_left>
141: up: <shift_left>
219: down: d
250: up: d
360: down: e
422: down: a
438: up: e
500: up: a
531: down: r
610: up: r
1016: down: <backspace>
1047: up: <backspace>
1125: down: <backspace>
1188: up: <backspace>
1297: down: <backspace>
1375: up: <backspace>
1625: down: <backspace>
1688: up: <backspace>
1969: down: <shift_left>
2235: down: d
2281: up: <shift_left>
2313: up: d
2453: down: e
2531: up: e
2594: down: a
2641: up: a
2672: down: r
2735: up: r
3078: down: <space>
3156: up: <space>
6000: down: <shift_left>
6125: down: a
6172: up: <shift_left>
6203: up: a
6313: down: g
6375: up: g
6485: down: e
6516: up: e
6547: down: n
6625: up: n
6735: down: t
6797: up: t
7719: down: ,
7766: up: ,
7969: down: <space>
8031: up: <space>
8547: down: <shift_left>
8891: down: i
8969: up: <shift_left>
8969: up: i
9141: down: <space>
9203: up: <space>
9375: down: h
9453: up: h
9485: down: a
9547: up: a
9594: down: v
9625: up: v
9688: down: e
9766: up: e
9797: down: <space>
9875: up: <space>
10016: down: a
10047: up: a
10110: down: <space>
10188: up: <space>
10360: down: m
10438: up: m
10578: down: i
10625: up: i
10688: down: s
10766: up: s
10828: down: s
10906: up: s
10938: down: i
11016: up: i
11110: down: o
11188: up: o
11328: down: n
11391: up: n
11500: down: <space>
11563: up: <space>
11672: down: f
11703: up: f
11781: down: o
11813: up: o
11891: down: r
11953: up: r
12031: down: <space>
12094: up: <space>
12610: down: y
12688: up: y
12719: down: o
12750: up: o
12828: down: u
12891: up: u
12969: down: <space>
13031: up: <space>
13344: down: t
13422: up: t
13453: down: o
13516: up: o
13656: down: <space>
13735: up: <space>
14031: down: d
14078: up: d
14141: down: o
14219: up: o
14391: down: <space>
14453: up: <space>
14906: down: o
14969: up: o
15250: down: v
15313: up: v
15391: down: e
15453: up: e
15531: down: r
15594: up: r
15656: down: <space>
15735: up: <space>
15781: down: t
15844: up: t
15953: down: h
16031: up: h
16094: down: e
16172: up: e
16266: down: <space>
16344: up: <space>
16438: down: w
16485: up: w
16610: down: e
16656: up: e
16766: down: e
16828: up: e
16938: down: k
17000: up: k
17110: down: e
17188: up: e
17250: down: n
17281: up: n
17391: down: d
17469: up: d
17594: down: .
17672: up: .
17813: down: <space>
17875: up: <space>
18016: down: <shift_left>
18219: down: i
18266: up: i
18328: up: <shift_left>
18531: down: t
18578: up: t
19875: down: <space>
19938: up: <space>
20547: down: i
20594: up: i
20797: down: n
20875: up: n
21047: down: v
21110: up: v
21219: down: o
21281: up: o
21422: down: l
21453: up: l
21625: down: v
21672: up: v
21797: down: e
21875: up: e
22047: down: s
22094: up: s
22156: down: <space>
22235: up: <space>
22938: down: l
23016: up: l
23250: down: o
23328: up: o
23531: down: t
23610: up: t
23844: down: s
23922: up: s
23985: down: <space>
24063: up: <space>
24297: down: o
24360: up: o
24469: down: f
24500: up: f
24610: down: <space>
24672: up: <space>
25735: down: p
25813: up: p
25985: down: a
26047: up: a
26156: down: y
26188: up: y
26438: down: i
26469: up: i
26610: down: n
26672: up: n
26750: down: g
26781: up: g
26922: down: <space>
26953: up: <space>
27063: down: a
27125: up: a
27235: down: t
27313: up: t
27375: down: t
27453: up: t
27516: down: e
27563: up: e
27656: down: n
27688: up: n
27797: down: t
27828: up: t
27938: down: i
27969: up: i
28110: down: o
28141: up: o
28281: down: n
28360: up: n
28453: down: <space>
28531: up: <space>
28594: down: a
28672: up: a
28735: down: n
28813: up: n
28844: down: d
28922: up: d
29016: down: <space>
29094: up: <space>
29813: down: a
29844: up: a
29906: down: c
29985: up: c
30125: down: t
30156: up: t
30235: down: i
30297: up: i
30438: down: o
30516: up: o
30641: down: n
30719: up: n
30860: down: <space>
30922: up: <space>
31063: down: s
31141: up: s
31203: down: o
31235: up: o
31406: down: <space>
31485: up: <space>
31688: down: p
31766: up: p
31828: down: a
31906: up: a
32063: down: y
32141: up: y
32953: down: <space>
33031: up: <space>
33641: down: a
33719: up: a
33953: down: t
34031: up: t
34125: down: t
34203: up: t
34375: down: e
34438: up: e
34547: down: n
34578: up: n
34656: down: t
34719: up: t
34797: down: i
34828: up: i
34969: down: o
35047: up: o
35203: down: n
35281: up: n
35344: down: <shift_left>
35594: down: 1
35703: up: <shift_left>
35703: up: 1
35766: down: <space>
35813: up: <space>
36391: down: <shift_left>
36719: down: f
36797: up: <shift_left>
36828: up: f
36938: down: i
37016: up: i
37047: down: r
37110: up: r
37313: down: s
37360: up: s
37391: down: t
37469: up: t
37969: down: ,
38016: up: ,
38203: down: <space>
38266: up: <space>
38469: down: g
38516: up: g
38578: down: o
38656: up: o
38828: down: <space>
38891: up: <space>
39172: down: t
39203: up: t
39313: down: o
39344: up: o
39719: down: <space>
39766: up: <space>
39922: down: t
39969: up: t
40063: down: h
40141: up: h
40203: down: e
40281: up: e
40391: down: <space>
40453: up: <space>
40766: down: s
40797: up: s
40938: down: e
41016: up: e
41110: down: c
41188: up: c
41313: down: r
41391: up: r
41422: down: e
41469: up: e
41531: down: t
41610: up: t
41781: down: <space>
41860: up: <space>
42094: down: u
42156: up: u
42297: down: n
42375: up: n
42438: down: d
42516: up: d
42891: down: e
42922: up: e
43063: down: r
43094: up: r
43235: down: g
43313: up: g
43375: down: r
43453: up: r
43531: down: o
43594: up: o
43735: down: u
43813: up: u
43985: down: n
44047: up: n
44219: down: d
44266: up: d
44360: down: <space>
44438: up: <space>
44938: down: l
45016: up: l
45078: down: a
45156: up: a
45219: down: y
45297: up: y
45328: down: e
45406: up: e
45500: down: r
45578: up: r
45610: down: <space>
45656: up: <space>
45750: down: a
45828: up: a
45891: down: n
45969: up: n
46000: down: d
46078: up: d
46110: down: <space>
46172: up: <space>
46344: down: a
46391: up: a
46485: down: s
46563: up: s
46594: down: k
46672: up: k
46875: down: <space>
46938: up: <space>
47188: down: <shift_left>
47360: up: <shift_left>
47360: down: a
47422: up: a
47563: down: g
47641: up: g
47703: down: e
47781: up: e
47813: down: n
47875: up: n
47953: down: t
48016: up: t
48063: down: <space>
48125: up: <space>
48500: down: 6
48641: down: 5
48672: up: 6
48844: up: 5
48891: down: 4
49094: up: 4
49094: down: 5
49125: down: 6
49203: up: 5
49344: up: 6
49375: down: 4
49438: down: 5
49516: up: 4
49563: up: 5
49563: down: 6
49594: up: 6
50031: down: <space>
50110: up: <space>
50313: down: f
50360: up: f
50453: down: o
50531: up: o
50563: down: r
50594: up: r
50703: down: <space>
50766: down: t
50813: up: <space>
50844: up: t
50985: down: h
51047: down: e
51063: up: h
51094: up: e
51235: down: <space>
51297: up: <space>
51578: down: i
51641: up: i
51750: down: n
51813: up: n
51985: down: s
52031: up: s
52094: down: t
52172: up: t
52297: down: r
52344: up: r
52406: down: u
52485: up: u
52860: down: c
52891: up: c
53094: down: t
53141: up: t
53235: down: i
53281: up: i
53406: down: o
53485: up: o
53625: down: n
53688: up: n
53766: down: s
53797: up: s
53906: down: <space>
53938: up: <space>
54188: down: o
54266: up: o
54406: down: n
54469: up: n
54578: down: <space>
54610: up: <space>
54719: down: <shift_left>
54891: down: p
54953: up: p
54969: up: <shift_left>
55125: down: l
55203: up: l
55266: down: a
55313: up: a
55391: down: n
55453: up: n
55594: down: <space>
55672: up: <space>
56485: down: <shift_left>
57110: down: x
57141: up: <shift_left>
57141: up: x
57516: down: /
57563: up: /
58266: down: <backspace>
58344: up: <backspace>
58578: down: .
58656: up: .
58750: down: <space>
58828: up: <space>
58891: down: <shift_left>
59000: up: <shift_left>
59078: down: t
59110: up: t
59250: down: h
59281: up: h
59313: down: e
59391: up: e
59422: down: <space>
59500: up: <space>
59672: down: s
59703: up: s
59844: down: e
59906: up: e
60110: down: c
60156: up: c
60188: down: r
60266: up: r
60328: down: e
60406: up: e
60438: down: t
60500: up: t
60672: down: <space>
60750: up: <space>
60922: down: <shift_left>
61031: up: <shift_left>
61266: down: <backspace>
61344: up: <backspace>
61438: down: <backspace>
61516: up: <backspace>
61578: down: <backspace>
62375: up: <backspace>
62516: down: <backspace>
62610: up: <backspace>
62688: down: <backspace>
62750: up: <backspace>
62860: down: <backspace>
62891: up: <backspace>
63063: down: <backspace>
63141: up: <backspace>
63719: down: ,
63797: up: ,
63891: down: <space>
63969: up: <space>
64063: down: t
64141: up: t
64203: down: h
64250: up: h
64313: down: e
64391: up: e
64422: down: <space>
64485: up: <space>
64766: down: s
64797: up: s
64938: down: e
65016: up: e
65391: down: c
65469: up: c
65625: down: r
65703: up: r
65813: down: e
65875: up: e
65953: down: t
65985: up: t
66156: down: <space>
66235: up: <space>
66391: down: p
66469: up: p
66578: down: l
66641: up: l
66781: down: a
66813: up: a
66844: down: n
66891: up: n
67031: down: <space>
67094: up: <space>
67235: down: w
67313: up: w
67406: down: e
67485: up: e
67516: down: <space>
67594: up: <space>
67735: down: m
67797: up: m
67938: down: u
68016: up: u
68078: down: s
68110: up: s
68156: down: t
68235: up: t
68360: down: <space>
68438: up: <space>
68500: down: d
68578: up: d
68719: down: e
68781: up: e
68953: down: s
69000: up: s
69203: down: t
69266: up: t
69406: down: r
69438: up: r
69516: down: o
69578: up: o
69688: down: y
69766: up: y
69828: down: .
69906: up: .
70031: down: <space>
70110: up: <space>
70141: down: <shift_left>
70250: up: <shift_left>
70281: down: n
70313: up: n
70453: down: e
70531: up: e
70938: down: <backspace>
71016: up: <backspace>
71969: down: e
72031: up: e
72344: down: x
72375: up: x
72453: down: t
72516: up: t
72719: down: <space>
72797: up: <space>
73141: down: g
73203: up: g
73250: down: i
73313: up: i
73516: down: v
73594: up: v
73625: down: e
73672: up: e
73766: down: <space>
73844: up: <space>
75750: down: t
75828: up: t
75891: down: h
75969: up: h
76281: down: <space>
76360: up: <space>
76688: down: p
76750: up: p
76860: down: l
76922: up: l
77375: down: <backspace>
78344: up: <backspace>
79438: down: t
79469: up: t
79578: down: <space>
79641: up: <space>
82219: down: <insert>
82281: up: <insert>
82610: down: <backspace>
82688: up: <backspace>
82797: down: <backspace>
82828: up: <backspace>
82938: down: <backspace>
83000: up: <backspace>
83078: down: <backspace>
83141: up: <backspace>
83250: down: <backspace>
83313: up: <backspace>
83766: down: <shift_left>
83938: down: n
83969: up: <shift_left>
84000: up: n
84250: down: e
84328: up: e
84531: down: x
84563: up: x
84594: down: t
84672: up: t
84938: down: <space>
85016: up: <space>
85125: down: r
85188: up: r
85297: down: e
85360: up: e
85610: down: a
85641: up: a
85750: down: d
85813: up: d
85875: down: <space>
85953: up: <space>
86000: down: t
86063: up: t
86172: down: h
86219: up: h
86250: down: e
86297: up: e
86391: down: <space>
86469: up: <space>
86672: down: p
86750: up: p
86813: down: l
86891: up: l
86985: down: a
87063: up: a
87125: down: n
87172: up: n
88047: down: ,
88094: up: ,
88235: down: <space>
88328: up: <space>
88469: down: i
88547: up: i
88610: down: t
88656: up: t
88750: down: <space>
88844: up: <space>
89141: down: h
89219: up: h
89360: down: o
89406: up: o
89469: down: w
89516: up: w
89656: down: s
89688: up: s
89797: down: <space>
89828: up: <space>
89969: down: a
90000: up: a
90125: down: <space>
90188: up: <space>
90469: down: p
90531: up: p
90735: down: i
90781: up: i
90891: down: c
90953: up: c
91141: down: t
91203: up: t
91281: down: u
91344: up: u
91594: down: r
91672: up: r
91797: down: e
91875: up: e
91938: down: <space>
92016: up: <space>
92594: down: o
92672: up: o
92828: down: f
92875: up: f
92938: down: <space>
93016: up: <space>
93875: down: n
93906: up: n
94078: down: <space>
94141: up: <space>
95141: down: <backspace>
95203: up: <backspace>
95485: down: <backspace>
95563: up: <backspace>
96031: down: a
96063: up: a
96172: down: n
96250: up: n
96391: down: <space>
96469: up: <space>
97047: down: i
97125: up: i
97422: down: l
97469: up: l
97797: down: <backspace>
97844: up: <backspace>
97985: down: s
98016: up: s
98750: down: l
98781: up: l
98953: down: a
98985: up: a
99031: down: n
99094: up: n
99266: down: d
99313: up: d
99578: down: ,
99656: up: ,
99781: down: <space>
99875: up: <space>
99938: down: t
99985: up: t
100047: down: h
100125: up: h
100219: down: a
100266: up: a
100297: down: t
100375: up: t
100610: down: s
100641: up: s
100750: down: <space>
100813: up: <space>
101235: down: t
101266: up: t
101406: down: h
101469: up: h
101547: down: e
101578: up: e
101610: down: <space>
101688: up: <space>
101860: down: i
101922: up: i
101969: down: s
102047: up: s
102078: down: l
102141: up: l
102313: down: n
102360: up: n
102438: down: d
102500: up: d
102625: down: <space>
102688: up: <space>
102797: down: w
102875: up: w
102938: down: e
103016: up: e
103110: down: <space>
103188: up: <space>
103625: down: m
103703: up: m
103875: down: u
103938: up: u
104016: down: s
104047: up: s
104156: down: t
104219: up: t
104391: down: <space>
104469: up: <space>
104813: down: b
104844: up: b
104906: down: o
104985: up: o
105125: down: m
105188: up: m
105563: down: b
105641: up: b
106156: down: <space>
106219: up: <space>
106422: down: b
106500: up: b
106531: down: e
106578: up: e
106781: down: f
106813: up: f
106875: down: o
106953: up: o
107016: down: r
107063: up: r
107203: down: e
107266: up: e
107375: down: <space>
107438: up: <space>
111313: down: <shift_left>
111688: down: q
111719: up: <shift_left>
111797: up: q
111891: down: u
111969: up: u
112031: down: e
112110: up: e
112219: down: e
112250: up: e
112313: down: n
112391: up: n
112563: down: <space>
112625: up: <space>
116641: down: <shift_left>
116844: down: e
116875: up: <shift_left>
116953: up: e
116953: down: v
117016: up: v
117219: down: i
117297: up: i
117438: down: l
117547: up: l
118422: down: <space>
118500: up: <space>
119219: down: t
119297: up: t
119563: down: a
119641: up: a
119719: down: k
119797: up: k
119828: down: e
119891: up: e
120094: down: s
120172: up: s
120281: down: <space>
120344: up: <space>
120594: down: i
120656: up: i
120688: down: t
120766: up: t
120860: down: <space>
120938: up: <space>
121110: down: o
121188: up: o
121281: down: v
121360: up: v
121485: down: e
121656: down: r
121703: up: e
121735: up: r
121844: down: .
121906: up: .
122063: down: <space>
122141: up: <space>
122203: down: <shift_left>
122406: down: s
122453: up: <shift_left>
122516: up: s
122547: down: o
122625: up: o
122766: down: <space>
122828: up: <space>
123031: down: o
123110: up: o
123250: down: n
123313: up: n
123422: down: <space>
123500: up: <space>
123531: down: t
123563: up: t
123672: down: h
123735: up: h
123766: down: e
123844: up: e
123906: down: <space>
123985: up: <space>
124391: down: b
124469: up: b
124500: down: a
124578: up: a
124750: down: c
124781: up: c
124844: down: k
124922: up: k
125016: down: <space>
125094: up: <space>
125266: down: o
125344: up: o
125875: down: f
125985: up: f
126063: down: <space>
126125: up: <space>
126203: down: t
126266: up: t
126344: down: h
126406: up: h
126438: down: e
126485: up: e
126547: down: <space>
126625: up: <space>
126797: down: p
126938: down: l
126969: up: p
127031: up: l
127141: down: a
127172: up: a
127250: down: n
127281: up: n
127422: down: <space>
127500: up: <space>
127969: down: y
128047: up: y
128110: down: o
128141: up: o
128219: down: u
128250: up: u
128360: down: <space>
128422: up: <space>
128735: down: m
128813: up: m
128985: down: u
129047: up: u
129156: down: s
129188: up: s
129297: down: t
129360: up: t
129610: down: <space>
129672: up: <space>
130391: down: m
130469: up: m
130610: down: i
130688: up: i
131063: down: x
131125: up: x
131203: down: <space>
131235: up: <space>
131344: down: t
131406: up: t
131485: down: h
131516: up: h
131578: down: e
131656: up: e
131688: down: <space>
131766: up: <space>
131969: down: i
132000: up: i
132141: down: n
132219: up: n
132375: down: g
132422: up: g
132625: down: r
132656: up: r
132766: down: e
132797: up: e
133110: down: d
133141: up: d
133219: down: i
133281: up: i
133391: down: e
133422: up: e
133500: down: n
133563: up: n
133672: down: t
133703: up: t
133844: down: <space>
133922: up: <space>
134250: down: <backspace>
134328: up: <backspace>
134391: down: s
134469: up: s
134531: down: <space>
134610: up: <space>
134672: down: t
134750: up: t
134891: down: o
134938: up: o
135078: down: <space>
135141: up: <space>
135344: down: m
135422: up: m
135531: down: a
135563: up: a
135594: down: k
135672: up: k
135735: down: e
135813: up: e
135844: down: <space>
135922: up: <space>
135953: down: t
136016: up: t
136094: down: h
136172: up: h
136313: down: e
136375: up: e
136547: down: <space>
136625: up: <space>
137375: down: b
137422: up: b
137485: down: o
137563: up: o
137688: down: m
137797: up: m
139172: down: d
139235: up: d
139406: down: .
139453: up: .
139625: down: <space>
139703: up: <space>
139844: down: <shift_left>
140047: down: m
140110: up: m
140156: up: <shift_left>
140328: down: a
140391: up: a
140422: down: k
140500: up: k
140563: down: e
140625: up: e
140672: down: <space>
140750: up: <space>
141391: down: 1
141469: up: 1
141766: down: 0
141844: up: 0
141906: down: 0
142016: up: 0
142219: down: <space>
142297: up: <space>
142438: down: h
142500: up: h
142641: down: u
142719: up: u
142875: down: n
142922: up: n
143156: down: <backspace>
143203: up: <backspace>
143297: down: <backspace>
143375: up: <backspace>
143672: down: <backspace>
143719: up: <backspace>
144938: down: b
144985: up: b
145078: down: o
145156: up: o
145297: down: m
145360: up: m
146250: down: b
146328: up: b
149500: down: <backspace>
149578: up: <backspace>
149610: down: b
149656: up: b
151297: down: s
151375: up: s
151406: down: <space>
151485: up: <space>
151547: down: a
151625: up: a
151688: down: n
151719: up: n
151797: down: d
151860: up: d
151891: down: <space>
151969: up: <space>
152031: down: t
152110: up: t
152219: down: h
152250: up: h
152313: down: e
152360: up: e
152422: down: n
152500: up: n
152594: down: <space>
152672: up: <space>
154375: down: t
154453: up: t
154719: down: a
154766: up: a
154828: down: k
154906: up: k
154969: down: e
155047: up: e
155078: down: <space>
155188: up: <space>
155531: down: y
155563: up: y
155625: down: o
155672: up: o
155844: down: u
155906: up: u
156016: down: r
156047: up: r
156594: down: <space>
156672: up: <space>
157453: down: s
157531: up: s
157906: down: e
157938: up: e
158219: down: c
158281: up: c
158422: down: r
158500: up: r
158531: down: e
158610: up: e
158672: down: t
158750: up: t
159125: down: <space>
159188: up: <space>
161078: down: h
161141: up: h
161219: down: e
161250: up: e
161360: down: l
161422: up: l
161563: down: i
161641: up: i
161875: down: c
161906: up: c
161985: down: o
162016: up: o
162188: down: p
162235: up: p
162344: down: t
162391: up: t
162594: down: e
162656: up: e
162766: down: r
162797: up: r
162875: down: <space>
162906: up: <space>
163391: down: o
163422: up: o
163688: down: v
163735: up: v
163797: down: e
163875: up: e
164078: down: r
164156: up: r
164219: down: <space>
164297: up: <space>
164360: down: t
164406: up: t
164500: down: h
164547: up: h
164656: down: e
164703: up: e
164766: down: <space>
164828: up: <space>
165031: down: i
165078: up: i
165172: down: s
165250: up: s
165313: down: l
165391: up: l
165485: down: a
165531: up: a
165625: down: n
165672: up: n
165766: down: d
165844: up: d
166031: down: .
166094: up: .
166235: down: <space>
166313: up: <space>
166375: down: <shift_left>
166547: up: <shift_left>
166547: down: w
166625: up: w
166688: down: h
166735: up: h
166797: down: e
166844: up: e
166875: down: n
166938: up: n
167047: down: <space>
167110: up: <space>
167156: down: t
167235: up: t
167297: down: h
167375: up: h
167406: down: e
167485: up: e
167547: down: <space>
167610: up: <space>
167781: down: c
167860: up: c
167969: down: o
168000: up: o
168313: down: a
168375: up: a
168485: down: s
168516: up: s
168547: down: t
168625: up: t
168860: down: <space>
168938: up: <space>
169610: down: i
169688: up: i
169750: down: s
169828: up: s
169891: down: <space>
169969: up: <space>
170031: down: c
170078: up: c
170250: down: l
170281: up: l
170360: down: e
170391: up: e
170594: down: a
170672: up: a
170735: down: r
170766: up: r
171219: down: ,
171281: up: ,
171422: down: <space>
171500: up: <space>
172078: down: d
172141: up: d
172281: down: r
172360: up: r
172391: down: o
172469: up: o
172594: down: p
172641: up: p
172813: down: <space>
172875: up: <space>
172953: down: a
172985: up: a
173094: down: l
173125: up: l
173235: down: l
173266: up: l
173406: down: <space>
173469: up: <space>
173578: down: t
173610: up: t
173688: down: h
173750: up: h
173828: down: e
173860: up: e
173922: down: <space>
174000: up: <space>
174110: down: b
174172: up: b
174250: down: i
174281: up: i
174563: down: m
174625: up: m
175344: down: b
175422: up: b
175516: down: s
175594: up: s
175703: down: <space>
175766: up: <space>
176047: down: o
176078: up: o
176422: down: n
176485: up: n
176594: down: <space>
176672: up: <space>
176735: down: t
176813: up: t
176844: down: h
176906: up: h
176985: down: e
177016: up: e
177047: down: <space>
177125: up: <space>
177297: down: i
177328: up: i
177438: down: s
177500: up: s
177547: down: l
177610: up: l
177781: down: n
177828: up: n
178266: down: <backspace>
178313: up: <backspace>
178328: down: a
178438: up: a
178547: down: n
178578: down: d
178625: up: n
178656: up: d
179203: down: <space>
179266: up: <space>
179344: down: a
179375: up: a
179453: down: n
179485: up: n
179547: down: d
179625: up: d
179656: down: <space>
179735: up: <space>
180781: down: t
180860: up: t
180891: down: h
180969: up: h
181031: down: e
181110: up: e
181141: down: n
181219: up: n
181313: down: <space>
181391: up: <space>
183406: down: f
183438: up: f
183516: down: l
183578: up: l
183688: down: y
183766: up: y
183828: down: <space>
183906: up: <space>
184219: down: a
184281: up: a
184422: down: w
184500: up: w
184625: down: a
184672: up: a
184750: down: y
184813: up: y
185094: down: <space>
185141: up: <space>
185547: down: a
185656: up: a
185766: down: s
185828: up: s
185906: down: <space>
185938: up: <space>
186313: down: f
186360: up: f
186422: down: a
186500: up: a
186594: down: s
186641: up: s
186688: down: t
186735: up: t
187047: down: <space>
187125: up: <space>
187391: down: a
187422: up: a
187563: down: s
187610: up: s
187703: down: <space>
187781: up: <space>
187906: down: y
187985: up: y
188047: down: o
188125: up: o
188156: down: u
188235: up: u
188328: down: <space>
188406: up: <space>
188813: down: c
188891: up: c
188953: down: o
189031: up: o
189203: down: u
189235: up: u
189406: down: l
189485: up: l
189610: down: d
189656: up: d
189750: down: .
189828: up: .
189985: down: <space>
190047: up: <space>
190391: down: <shift_left>
190531: up: <shift_left>
190563: down: t
190610: up: t
190781: down: h
190844: up: h
191219: down: <backspace>
191266: up: <backspace>
191469: down: <backspace>
191531: up: <backspace>
192047: down: <shift_left>
192453: down: t
192469: up: <shift_left>
192500: up: t
192625: down: h
192703: up: h
192875: down: e
192953: up: e
193016: down: <space>
193094: up: <space>
193297: down: i
193344: up: i
193375: down: s
193453: up: s
193516: down: l
193563: up: l
193594: down: a
193672: up: a
193735: down: n
193813: up: n
193906: down: d
193985: up: d
194047: down: <space>
194125: up: <space>
194531: down: w
194610: up: w
194703: down: i
194781: up: i
194953: down: l
195016: up: l
195094: down: l
195156: up: l
195328: down: <space>
195391: up: <space>
195531: down: b
195563: up: b
195610: down: e
195672: up: e
195750: down: <space>
195813: up: <space>
196016: down: s
196094: up: s
196156: down: o
196235: up: o
196375: down: <space>
196469: up: <space>
196641: down: u
196719: up: u
196781: down: g
196860: up: g
196891: down: l
196969: up: l
197000: down: y
197063: up: y
197141: down: <space>
197203: up: <space>
197344: down: a
197422: up: a
197453: down: n
197531: up: n
197563: down: d
197625: up: d
197672: down: <space>
197735: up: <space>
198594: down: t
198656: up: t
198703: down: h
198766: up: h
198844: down: e
198906: up: e
198969: down: <space>
199047: up: <space>
199188: down: <shift_left>
199563: down: q
199672: up: <shift_left>
199672: up: q
199922: down: u
199985: up: u
200063: down: e
200125: up: e
200297: down: e
200375: up: e
200516: down: n
200578: up: n
200719: down: <space>
200797: up: <space>
201438: down: w
201485: up: w
201547: down: i
201578: up: i
201797: down: l
201860: up: l
201938: down: l
202000: up: l
202141: down: <space>
202203: up: <space>
202250: down: r
202328: up: r
202422: down: u
202500: up: u
202594: down: n
202672: up: n
202781: down: <space>
202844: up: <space>
202953: down: w
203016: up: w
203156: down: a
203235: up: a
203360: down: w
203438: up: w
203610: down: y
203688: up: y
204094: down: .
204156: up: .
219469: down: <backspace>
219531: up: <backspace>
219672: down: <backspace>
219750: up: <backspace>
220500: down: a
220563: up: a
225188: down: a
225266: up: a
235250: down: <backspace>
235328: up: <backspace>
242578: down: a
242656: up: a
242797: down: w
242860: up: w
242891: down: a
242969: up: a
243516: down: y
243547: up: y
243625: down: .
243688: up: .

