# Keylogger Version 0.1; Format: (timestamp, downstroke/upstroke, key)
0: down: <shift_left>
120: up: <shift_left>
160: down: d
190: up: d
281: down: e
331: up: e
441: down: r
511: up: r
1312: down: <backspace>
1372: up: <backspace>
1472: down: <backspace>
1542: up: <backspace>
1612: down: <backspace>
1683: up: <backspace>
1893: down: <shift_left>
2063: down: d
2093: up: <shift_left>
2133: up: d
2323: down: a
2384: up: a
2504: down: e
2544: up: e
3175: down: <backspace>
3235: up: <backspace>
3916: down: <backspace>
3976: up: <backspace>
4316: down: e
4386: up: e
4437: down: a
4477: up: a
4547: down: r
4627: up: r
4887: down: <space>
4967: up: <space>
5017: down: <shift_left>
5148: down: c
5188: up: <shift_left>
5218: up: c
5388: down: y
5448: up: y
6219: down: n
6309: up: n
6339: down: t
6379: up: t
6459: down: h
6530: up: h
6620: down: i
6680: up: i
6780: down: s
6850: up: s
7651: down: <backspace>
7731: up: <backspace>
7811: down: a
7892: up: a
8582: down: ,
8643: up: ,
8783: down: <space>
8863: up: <space>
9564: down: <shift_left>
9704: up: <shift_left>
9894: down: t
9974: up: t
10135: down: h
10195: up: h
10655: down: i
10716: up: i
10916: down: s
10966: up: s
11086: down: <space>
11146: up: <space>
11527: down: w
11587: up: w
11867: down: e
11957: up: e
12027: down: e
12098: up: e
12218: down: k
12278: up: k
12358: down: e
12438: up: e
12518: down: n
12608: up: n
12678: down: d
12738: up: d
12909: down: <space>
13009: up: <space>
13319: down: i
13359: up: i
13670: down: <space>
13750: up: <space>
14070: down: w
14151: up: w
14271: down: e
14331: up: e
14421: down: n
14481: up: n
14571: down: t
14641: up: t
14701: down: <space>
14801: up: <space>
14922: down: t
14942: up: t
15132: down: o
15192: up: o
15482: down: <space>
15593: up: <space>
16274: down: t
16314: up: t
16674: down: h
16774: up: h
16874: down: e
16955: up: e
17085: down: <space>
17165: up: <space>
17926: down: p
17986: up: p
18066: down: a
18126: up: a
18387: down: r
18447: up: r
18567: down: k
18637: up: k
19138: down: .
19198: up: .
19318: down: <space>
19398: up: <space>
19568: down: <shift_left>
20039: down: a
20079: up: <shift_left>
20139: up: a
20179: down: t
20229: up: t
21010: down: <backspace>
21070: up: <backspace>
21151: down: <backspace>
21221: up: <backspace>
21471: down: <shift_left>
21661: down: t
21721: up: t
21761: up: <shift_left>
21882: down: h
21942: up: h
22062: down: e
22102: up: e
22292: down: <space>
22372: up: <space>
22683: down: w
22743: up: w
22933: down: e
22953: up: e
23163: down: a
23234: up: a
23264: down: t
23314: up: t
23454: down: h
23524: up: h
23554: down: e
23614: up: e
23734: down: r
23774: up: r
23864: down: <space>
23945: up: <space>
24075: down: w
24135: up: w
24265: down: a
24345: up: a
24425: down: s
24485: up: s
24545: down: <space>
24626: up: <space>
24726: down: v
24796: up: v
24836: down: e
24866: up: e
25006: down: r
25026: up: r
25086: down: y
25146: up: y
25337: down: <space>
25417: up: <space>
25677: down: n
25737: up: n
25867: down: i
25937: up: i
25978: down: c
26028: up: c
26198: down: e
26218: up: e
26328: down: <space>
26408: up: <space>
26578: down: s
26648: up: s
26699: down: o
26759: up: o
26909: down: <space>
26989: up: <space>
27099: down: i
27169: up: i
27309: down: t
27349: up: t
27520: down: <space>
27600: up: <space>
27630: down: w
27690: up: w
27850: down: a
27890: up: a
27970: down: s
28040: up: s
28121: down: <space>
28181: up: <space>
28261: down: f
28301: up: f
28421: down: u
28441: up: u
28561: down: n
28631: up: n
28802: down: .
28862: up: .
28992: down: <space>
29052: up: <space>
29122: down: <shift_left>
29282: down: i
29322: up: <shift_left>
29342: up: i
29533: down: <space>
29613: up: <space>
30334: down: s
30404: up: s
30494: down: t
30564: up: t
30594: down: a
30634: up: a
30724: down: y
30804: up: y
30865: down: e
30905: up: e
31025: down: d
31065: up: d
31145: down: <space>
31225: up: <space>
31465: down: p
31525: up: p
31826: down: <backspace>
31876: up: <backspace>
32627: down: o
32707: up: o
32837: down: n
32907: up: n
33008: down: <space>
33088: up: <space>
33118: down: t
33158: up: t
33248: down: h
33288: up: h
33358: down: e
33428: up: e
33528: down: <space>
33608: up: <space>
33719: down: w
33769: up: w
34450: down: <backspace>
34510: up: <backspace>
34750: down: s
34910: down: w
34930: up: s
35041: up: w
35802: down: i
35842: up: i
36012: down: n
36072: up: n
36252: down: g
36312: up: g
36352: down: s
36413: up: s
36573: down: <space>
36633: up: <space>
36783: down: m
36863: up: m
36943: down: o
37013: up: o
37134: down: s
37174: up: s
37234: down: t
37304: up: t
37504: down: <space>
37604: up: <space>
37734: down: o
37815: up: o
37885: down: f
37925: up: f
37965: down: <space>
38075: up: <space>
38125: down: t
38165: up: t
38245: down: h
38335: up: h
38385: down: e
38425: up: e
38556: down: <space>
38656: up: <space>
38916: down: t
38956: up: t
39026: down: i
39096: up: i
39176: down: m
39267: up: m
39357: down: e
39417: up: e
39487: down: <space>
39567: up: <space>
39757: down: u
39797: up: u
39928: down: n
40008: up: n
40048: down: t
40108: up: t
40158: down: i
40218: up: i
40358: down: l
40428: up: l
40568: down: <space>
40649: up: <space>
40809: down: i
40869: up: i
41029: down: <space>
41099: up: <space>
41169: down: s
41229: up: s
41350: down: a
41410: up: a
41550: down: w
41610: up: w
41740: down: <space>
41820: up: <space>
42121: down: s
42181: up: s
42271: down: o
42341: up: o
42411: down: m
42481: down: e
42511: up: m
42551: up: e
42702: down: t
42772: up: t
42902: down: i
42962: up: i
43332: down: <backspace>
43373: up: <backspace>
44224: down: h
44264: up: h
44394: down: i
44464: up: i
44604: down: n
44694: up: n
44724: down: g
44785: up: g
44875: down: <space>
44955: up: <space>
45045: down: a
45125: up: a
45195: down: m
45255: up: m
45325: down: a
45385: up: a
45626: down: z
45696: up: z
46046: down: i
46136: up: i
46277: down: n
46377: down: g
46397: up: n
46427: up: g
46827: down: /
46888: up: /
47108: down: <space>
47188: up: <space>
47729: down: <backspace>
47769: up: <backspace>
47869: down: <backspace>
47929: up: <backspace>
48149: down: .
48240: up: .
48440: down: <space>
48520: up: <space>
48951: down: <shift_left>
49101: down: i
49161: up: <shift_left>
49191: up: i
49391: down: <space>
49471: up: <space>
49932: down: t
49972: up: t
50092: down: h
50172: up: h
50573: down: i
50633: up: i
50763: down: n
50843: up: n
50933: down: k
50983: up: k
51124: down: <space>
51204: up: <space>
51434: down: i
51504: up: i
51664: down: <space>
51775: up: <space>
51825: down: s
51885: up: s
52005: down: a
52085: up: a
52185: down: w
52245: up: w
52375: down: <space>
52436: up: <space>
52586: down: a
52656: up: a
52756: down: <space>
52836: up: <space>
53086: down: <shift_left>
53197: down: u
53257: up: u
53297: up: <shift_left>
53948: down: \
54028: up: \
54128: down: \
54188: up: \
54328: down: \
54368: up: \
54509: down: <backspace>
54529: up: <backspace>
54649: down: <backspace>
54709: up: <backspace>
54809: down: <backspace>
54849: up: <backspace>
54989: down: <backspace>
55019: up: <backspace>
55530: down: <shift_left>
55760: down: u
55820: up: u
55860: up: <shift_left>
56281: down: .
56351: up: .
56381: down: <shift_left>
56571: down: f
56632: up: f
56682: up: <shift_left>
56762: down: <shift_left>
57032: down: .
57092: up: .
57433: up: <shift_left>
57843: down: <backspace>
57903: up: <backspace>
58104: down: .
58164: up: .
58194: down: <shift_left>
58474: down: o
58534: up: o
58644: up: <shift_left>
58765: down: .
58825: up: .
59055: down: <space>
59135: up: <space>
59586: down: <shift_left>
60197: down: i
60237: up: i
60277: up: <shift_left>
60427: down: t
60487: up: t
60667: down: <space>
60727: up: <space>
60788: down: w
60848: up: w
60988: down: a
61088: up: a
61188: down: s
61228: up: s
61338: down: <space>
61418: up: <space>
62260: down: c
62330: up: c
62410: down: o
62480: up: o
62670: down: v
62720: down: e
62740: up: v
62810: up: e
62931: down: r
62971: up: r
63171: down: i
63211: up: i
63311: down: n
63401: up: n
63431: down: g
63451: up: g
63542: down: <space>
63622: up: <space>
63662: down: t
63692: up: t
63752: down: h
63822: up: h
63852: down: e
63922: up: e
64002: down: <space>
64062: up: <space>
64152: down: e
64202: up: e
64233: down: n
64283: up: n
64383: down: t
64423: up: t
64503: down: i
64583: up: i
64623: down: r
64683: up: r
64803: down: e
64863: up: e
65034: down: <space>
65094: up: <space>
65444: down: s
65514: up: s
65635: down: k
65675: up: k
65915: down: y
65975: up: y
66075: down: <space>
66165: up: <space>
66316: down: a
66376: up: a
66506: down: n
66546: up: n
66616: down: d
66686: up: d
66946: down: <space>
67027: up: <space>
68449: down: w
68519: up: w
68649: down: a
68719: up: a
68819: down: s
68879: up: s
69019: down: <space>
69130: up: <space>
70471: down: g
70542: up: g
70712: down: r
70782: up: r
70912: down: e
70982: up: e
71112: down: e
71183: up: e
71303: down: n
71363: up: n
71513: down: <space>
71593: up: <space>
71743: down: w
71783: up: w
71863: down: i
71924: up: i
72024: down: t
72074: up: t
72134: down: h
72194: up: h
72354: down: <space>
72414: up: <space>
72615: down: l
72695: up: l
72815: down: i
72875: up: i
72935: down: g
73005: up: g
73035: down: h
73105: up: h
73135: down: t
73205: up: t
73436: down: s
73506: up: s
73666: down: <space>
73746: up: <space>
74247: down: a
74287: up: a
74387: down: l
74447: up: l
74547: down: l
74607: up: l
74758: down: <space>
74838: up: <space>
74988: down: o
75048: up: o
75098: down: v
75158: up: v
75298: down: e
75439: down: r
75459: up: e
75519: up: r
75579: down: <space>
75669: up: <space>
75799: down: i
75859: up: i
75899: down: t
75969: up: t
76080: down: .
76170: up: .
76330: down: <space>
76410: up: <space>
77652: down: <shift_left>
77892: down: a
77922: up: <shift_left>
77952: up: a
78143: down: t
78203: up: t
78373: down: <space>
78453: up: <space>
78573: down: f
78633: up: f
79124: down: i
79214: up: i
79474: down: r
79535: up: r
79595: down: s
79635: up: s
79675: down: t
79735: up: t
79925: down: <space>
80025: up: <space>
80155: down: i
80215: up: i
80346: down: <space>
80446: up: <space>
80486: down: t
80526: up: t
80566: down: h
80626: up: h
80736: down: o
80806: up: o
80886: down: u
80947: up: u
80987: down: g
81037: up: g
81087: down: h
81137: up: h
81207: down: t
81257: up: t
81287: down: <space>
81337: up: <space>
81447: down: i
81507: up: i
81638: down: <space>
81698: up: <space>
81748: down: w
81798: up: w
81888: down: a
81958: up: a
82038: down: s
82078: up: s
82118: down: <space>
82188: up: <space>
82258: down: d
82298: up: d
82459: down: r
82499: up: r
82619: down: e
82669: up: e
82799: down: a
82859: up: a
82899: down: m
82949: up: m
83040: down: i
83110: up: i
83210: down: n
83270: up: n
83310: down: g
83350: up: g
83610: down: <space>
83701: up: <space>
83841: down: b
83901: up: b
83971: down: u
84041: up: u
84071: down: t
84121: up: t
84181: down: <space>
84271: up: <space>
84351: down: i
84412: up: i
84522: down: <space>
84622: up: <space>
84702: down: k
84802: up: k
84822: down: n
84882: up: n
84932: down: o
85002: up: o
85042: down: w
85103: up: w
85173: down: <space>
85273: up: <space>
85463: down: i
85533: up: i
85653: down: <space>
85733: up: <space>
85824: down: w
85894: up: w
86004: down: a
86074: up: a
86174: down: s
86234: up: s
86274: down: n
86344: up: n
86535: down: '
86585: up: '
86655: down: t
86715: up: t
86785: down: <space>
86865: up: <space>
87246: down: n
87286: up: n
87396: down: o
87456: up: o
87506: down: w
87566: up: w
87686: down: .
87746: up: .
87866: down: <space>
87957: up: <space>
89379: down: <shift_left>
89519: down: w
89549: up: <shift_left>
89599: up: w
89669: down: h
89729: up: h
89839: down: i
89909: up: i
90821: down: <backspace>
90881: up: <backspace>
90961: down: <backspace>
91021: up: <backspace>
91101: down: <backspace>
91161: up: <backspace>
91392: down: <shift_left>
91542: down: i
91602: up: <shift_left>
91622: up: i
91772: down: <space>
91872: up: <space>
92123: down: t
92193: up: t
92513: down: r
92553: up: r
92633: down: i
92713: up: i
92733: down: e
92774: up: e
92914: down: d
92974: up: d
93044: down: <space>
93104: up: <space>
93194: down: t
93264: up: t
93294: down: o
93354: up: o
93485: down: <space>
93585: up: <space>
93645: down: c
93705: up: c
93775: down: o
93835: up: o
93985: down: m
94055: up: m
94125: down: m
94216: up: m
94486: down: u
94536: up: u
94736: down: n
94816: up: n
95017: down: t
95077: up: t
95157: down: i
95217: up: i
96449: down: c
96509: up: c
96559: down: a
96589: up: a
96649: down: t
96709: up: t
96789: down: e
96829: up: e
96960: down: <space>
97040: up: <space>
97420: down: t
97460: up: t
97530: down: o
97570: up: o
97921: down: <space>
97991: up: <space>
98221: down: t
98241: up: t
98322: down: h
98392: up: h
98592: down: t
98632: up: t
98972: down: ]
98992: down: \
99013: up: ]
99043: up: \
99193: down: a
99213: up: a
99313: down: \
99353: up: \
99433: down: \
99503: up: \
99593: down: \
99623: up: \
99754: down: <backspace>
99844: up: <backspace>
99944: down: <backspace>
100635: up: <backspace>
101306: down: t
101376: up: t
101456: down: h
101536: up: h
101586: down: a
101596: up: a
101656: down: t
101716: up: t
101937: down: <space>
102017: up: <space>
102568: down: \
102588: up: \
102728: down: <backspace>
102828: up: <backspace>
102868: down: <backspace>
102968: up: <backspace>
103068: down: <backspace>
103128: up: <backspace>
103229: down: <backspace>
103289: up: <backspace>
103649: down: e
103709: up: e
103799: down: <space>
103859: up: <space>
103970: down: a
104030: up: a
104090: down: l
104160: up: l
104270: down: i
104320: up: i
104360: down: e
104400: up: e
104480: down: n
104540: up: n
104641: down: s
104701: up: s
104891: down: <space>
104971: up: <space>
105302: down: u
105372: up: u
105472: down: s
105532: up: s
105642: down: i
105712: up: i
105812: down: n
105882: up: n
105932: down: g
105983: up: g
106053: down: <space>
106123: up: <space>
106173: down: t
106233: up: t
106333: down: h
106383: up: h
106473: down: e
106543: up: e
107124: down: <space>
107204: up: <space>
107685: down: <shift_left>
107895: down: h
107925: up: <shift_left>
107965: up: h
108086: down: o
108146: up: o
108206: down: w
108276: up: w
108676: down: <space>
108767: up: <space>
108977: down: t
109037: up: t
109087: down: o
109157: up: o
109307: down: <space>
109387: up: <space>
109548: down: c
109608: up: c
109698: down: o
109738: up: o
109888: down: m
109958: up: m
110028: down: m
110118: up: m
110269: down: u
110309: up: u
110479: down: n
110559: up: n
110880: down: c
110940: up: c
111040: down: t
111080: up: t
111150: down: a
111220: up: a
111380: down: e
111440: up: e
111500: down: <space>
111571: up: <space>
111661: down: t
111721: up: t
111791: down: o
111841: up: o
112121: down: a
112191: up: a
113403: down: <backspace>
113463: up: <backspace>
113704: down: <space>
113784: up: <space>
114064: down: a
114124: up: a
114224: down: l
114264: up: l
114385: down: i
114445: up: i
114485: down: e
114535: up: e
114615: down: n
114675: up: n
114755: down: s
114815: up: s
115536: down: ,
115606: up: ,
115727: down: <space>
115807: up: <space>
116047: down: b
116107: up: b
116257: down: o
116317: up: o
116377: down: o
116458: up: o
116548: down: k
116628: up: k
116778: down: <space>
116858: up: <space>
116988: down: y
117038: up: y
117299: down: u
117359: up: u
117539: down: <space>
117619: up: <space>
117800: down: g
117850: up: g
117960: down: a
118040: up: a
118090: down: v
118150: up: v
118220: down: e
118290: up: e
118350: down: <space>
118410: up: <space>
118551: down: m
118611: up: m
118651: down: e
118711: up: e
118791: down: ,
118831: up: ,
120363: down: <backspace>
120403: up: <backspace>
120724: down: .
120784: up: .
120934: down: <space>
120994: up: <space>
121044: down: <shift_left>
121194: down: b
121214: up: <shift_left>
121255: up: b
121335: down: u
121415: up: u
121465: down: 5
121475: down: t
121515: up: 5
121535: up: t
121595: down: <space>
121675: up: <space>
122276: down: <backspace>
122326: up: <backspace>
122416: down: <backspace>
122486: up: <backspace>
122586: down: <backspace>
122647: up: <backspace>
123167: down: t
123227: up: t
123287: down: <space>
123378: up: <space>
123628: down: u
123688: up: u
123798: down: n
123898: up: n
124059: down: f
124139: up: f
124249: down: o
124289: up: o
124379: down: r
124439: up: r
124519: down: n
124589: up: n
124760: down: u
124820: up: u
124860: down: t
124920: up: t
125200: down: a
125260: up: a
125310: down: n
125390: up: n
126292: down: l
126332: up: l
127263: down: <backspace>
127343: up: <backspace>
127704: down: e
127774: up: e
128144: down: l
128255: up: l
128395: down: t
128495: down: y
128555: up: t
128605: up: y
128805: down: <space>
128885: up: <space>
130207: down: <backspace>
130267: up: <backspace>
130388: down: <backspace>
130458: up: <backspace>
130568: down: <backspace>
130638: up: <backspace>
130778: down: <backspace>
130818: up: <backspace>
131099: down: <backspace>
131199: up: <backspace>
131479: down: <backspace>
131559: up: <backspace>
131679: down: <backspace>
131770: up: <backspace>
132391: down: u
132451: up: u
132821: down: n
132901: up: n
132951: down: a
133011: up: a
133112: down: t
133182: up: t
133252: down: e
133362: up: e
133472: down: l
133522: up: l
133642: down: y
133682: up: y
134474: down: <space>
134574: up: <space>
135946: down: <backspace>
136046: up: <backspace>
136076: down: <backspace>
136186: up: <backspace>
136306: down: <backspace>
136386: up: <backspace>
136587: down: <backspace>
136667: up: <backspace>
137488: down: l
137558: up: l
137638: down: y
137678: up: y
137858: down: ,
137918: up: ,
138129: down: <space>
138209: up: <space>
139250: down: i
139310: up: i
139631: down: t
139671: up: t
140162: down: <space>
140242: up: <space>
140362: down: d
140422: up: d
140482: down: i
140522: up: i
140562: down: d
140622: up: d
140773: down: n
140853: up: n
141413: down: '
141494: up: '
141654: down: t
141714: up: t
141794: down: <space>
141874: up: <space>
142155: down: w
142245: up: w
142355: down: o
142395: up: o
142435: down: r
142495: up: r
142595: down: k
142665: up: k
142926: down: .
142986: up: .
143266: down: <space>
143326: up: <space>
144007: down: <shift_left>
144468: up: <shift_left>
144728: down: <shift_left>
144838: down: t
144878: up: <shift_left>
144899: up: t
145009: down: h
145089: up: h
145119: down: e
145169: up: e
145309: down: <space>
145389: up: <space>
146371: down: s
146441: up: s
146551: down: p
146621: up: p
146671: down: a
146741: up: a
146961: down: c
147022: up: c
147102: down: e
147162: up: e
147302: down: s
147382: up: s
147422: down: h
147492: up: h
147662: down: i
147723: up: i
147923: down: p
147993: up: p
148233: down: <space>
148313: up: <space>
148534: down: j
148624: up: j
148714: down: u
148804: up: u
148874: down: s
148914: up: s
148974: down: t
149044: up: t
149225: down: <space>
149305: up: <space>
149655: down: l
149745: up: l
149806: down: e
149866: up: e
150026: down: f
150076: up: f
150166: down: t
150206: up: t
150396: down: <space>
150477: up: <space>
150567: down: a
150657: up: a
150737: down: n
150817: up: n
150857: down: d
150917: up: d
150957: down: <space>
151037: up: <space>
151198: down: i
151258: up: i
151358: down: <space>
151448: up: <space>
151478: down: w
151538: up: w
151658: down: a
151718: up: a
151798: down: s
151869: up: s
151929: down: <space>
151989: up: <space>
152229: down: h
152289: up: h
152990: down: <backspace>
153070: up: <backspace>
153381: down: t
153441: up: t
153501: down: h
153581: up: h
153641: down: e
153721: up: e
153781: down: <space>
153861: up: <space>
153992: down: o
154082: up: o
154192: down: n
154252: up: n
154422: down: l
154482: up: l
154582: down: y
154653: up: y
154793: down: <space>
154873: up: <space>
155303: down: o
155354: up: o
155484: down: n
155544: up: n
155574: down: e
155644: up: e
155704: down: <space>
155784: up: <space>
155894: down: a
155954: up: a
156045: down: t
156105: up: t
156265: down: <space>
156345: up: <space>
156425: down: t
156485: up: t
156565: down: h
156635: up: h
156675: down: e
156726: up: e
156836: down: <space>
156936: up: <space>
157106: down: p
157166: up: p
157226: down: a
157286: up: a
157577: down: r
157657: up: r
157737: down: k
157797: up: k
157937: down: ,
158027: up: ,
158148: down: <space>
158228: up: <space>
158638: down: s
158728: up: s
158778: down: o
158819: up: o
159009: down: <space>
159069: up: <space>
159249: down: i
159289: up: i
159459: down: <space>
159540: up: <space>
159570: down: w
159640: up: w
159750: down: a
159810: up: a
159930: down: s
160000: up: s
160060: down: <space>
160140: up: <space>
160261: down: t
160321: up: t
160401: down: h
160461: up: h
160541: down: e
160601: up: e
160701: down: <space>
160791: up: <space>
161222: down: o
161262: up: o
161452: down: n
161532: up: n
161663: down: l
161733: up: l
161953: down: y
161993: up: y
162103: down: <space>
162183: up: <space>
162454: down: i
162504: up: i
163125: down: <backspace>
163165: up: <backspace>
163545: down: w
163615: up: w
163706: down: i
163776: up: i
163856: down: t
163916: up: t
164016: down: n
164076: up: n
164176: down: e
164236: up: e
164457: down: s
164497: up: s
164577: down: s
164647: up: s
164697: down: .
164757: up: .
164907: down: <space>
164987: up: <space>
165057: down: <shift_left>
165158: up: <shift_left>
165208: down: i
165238: up: i
165608: down: <space>
165698: up: <space>
166460: down: <backspace>
166540: up: <backspace>
166700: down: <backspace>
166780: up: <backspace>
166980: down: <backspace>
167060: up: <backspace>
168282: down: <shift_left>
168723: down: n
168793: up: <shift_left>
168833: up: n
168933: down: o
168993: up: o
169213: down: o
169274: up: o
169424: down: n
169514: up: n
169604: down: e
169664: up: e
170245: down: <backspace>
170315: up: <backspace>
170415: down: <backspace>
170455: up: <backspace>
170555: down: <backspace>
170615: up: <backspace>
170896: down: <backspace>
171036: up: <backspace>
171196: down: <backspace>
171266: up: <backspace>
171387: down: <space>
171427: up: <space>
171697: down: <shift_left>
171787: down: n
171847: up: n
171897: up: <shift_left>
171977: down: o
172038: up: o
172148: down: n
172228: up: n
172999: down: \
173079: up: \
173279: down: <backspace>
173359: up: <backspace>
173480: down: <backspace>
173510: up: <backspace>
174822: down: o
174902: up: o
175092: down: n
175182: up: n
175332: down: e
175412: up: e
176424: down: <space>
176514: up: <space>
176714: down: b
176774: up: b
176844: down: e
176895: up: e
177005: down: l
177065: up: l
177205: down: i
177275: up: i
177335: down: e
177375: up: e
177455: down: v
177525: up: v
177596: down: e
177666: up: e
178337: down: d
178407: up: d
178667: down: <space>
178727: up: <space>
178978: down: m
179038: up: m
179088: down: e
179128: up: e
179578: down: ,
179638: up: ,
179759: down: <space>
179839: up: <space>
179899: down: t
179939: up: t
180019: down: h
180089: up: h
180139: down: e
180179: up: e
180239: down: y
180299: up: y
180510: down: <space>
180590: up: <space>
180760: down: a
180820: up: a
181551: down: l
181651: up: l
181711: down: l
181792: up: l
181942: down: <space>
182022: up: <space>
182072: down: t
182122: up: t
182162: down: h
182222: up: h
182332: down: o
182392: up: o
182483: down: u
182543: up: u
182603: down: g
182643: up: g
182703: down: h
182743: up: h
182823: down: t
182863: up: t
182913: down: <space>
182973: up: <space>
183103: down: i
183164: up: i
183274: down: <space>
183354: up: <space>
183644: down: w
183694: up: w
183905: down: a
183995: up: a
184095: down: s
184135: up: s
184195: down: <space>
184245: up: <space>
184415: down: l
184475: up: l
184596: down: i
184656: up: i
184696: down: e
184746: up: e
184816: down: i
184876: up: i
185006: down: n
185086: up: n
185146: down: g
185206: up: g
185367: down: .
185407: up: .
185717: down: <space>
185797: up: <space>

