# Keylogger Version 0.1; Format: (timestamp, downstroke/upstroke, key)
0: down: <shift_left>
90: up: <shift_left>
140: down: h
200: up: h
330: down: e
420: up: e
460: down: y
520: up: y
1772: down: <space>
1812: up: <space>
2063: down: <shift_left>
2183: up: <shift_left>
2213: down: t
2253: up: t
2473: down: i
2513: up: i
2653: down: n
2724: up: n
2834: down: a
2894: up: a
3074: down: <shift_left>
3395: down: 1
3435: up: <shift_left>
3485: up: 1
3905: down: <space>
3975: up: <space>
4106: down: <shift_left>
4206: up: <shift_left>
4226: down: l
4266: up: l
4426: down: i
4486: up: i
4586: down: k
4656: up: k
4716: down: e
4736: up: e
4837: down: ,
4917: up: ,
5057: down: <space>
5147: up: <space>
5958: down: o
6018: up: o
7220: down: h
7280: up: h
7440: down: <space>
7500: up: <space>
7661: down: m
7731: up: m
7801: down: y
7841: up: y
7941: down: <space>
8011: up: <space>
8672: down: g
8732: up: g
8792: down: a
8852: up: a
8993: down: w
9053: up: w
9553: down: d
9603: up: d
9824: down: ,
9884: up: ,
10044: down: <space>
10124: up: <space>
10385: down: g
10435: up: g
10525: down: u
10585: up: u
10705: down: e
10785: up: e
10925: down: s
10995: up: s
11066: down: s
11136: up: s
11236: down: <space>
11306: up: <space>
11366: down: w
11416: up: w
11516: down: h
11556: up: h
11707: down: o
11747: up: o
11917: down: <space>
11987: up: <space>
12137: down: i
12177: up: i
12347: down: <space>
12408: up: <space>
12448: down: s
12508: up: s
12638: down: a
12708: up: a
12828: down: w
12888: up: w
12948: down: <space>
13018: up: <space>
13068: down: a
13129: up: a
13249: down: t
13299: up: t
13479: down: <space>
13539: up: <space>
13599: down: t
13639: up: t
13719: down: h
13759: up: h
13840: down: e
13880: up: e
13980: down: <space>
14040: up: <space>
14170: down: m
14230: up: m
14260: down: a
14280: up: a
14380: down: l
14440: up: l
14521: down: l
14581: up: l
14751: down: <space>
14791: up: <space>
14831: down: t
14851: up: t
14991: down: h
15031: up: h
15071: down: e
15131: up: e
15212: down: <space>
15272: up: <space>
15602: down: o
15652: up: o
15752: down: t
15792: up: t
15873: down: h
15903: up: h
15993: down: e
16063: up: e
16173: down: r
16223: up: r
16263: down: <space>
16323: up: <space>
16684: down: d
16744: up: d
16904: down: a
16964: up: a
17064: down: y
17104: up: y
17224: down: <shift_left>
17795: down: /
17855: up: /
17895: up: <shift_left>
18016: down: <space>
18106: up: <space>
18566: down: j
18626: up: j
18747: down: u
18807: up: u
18867: down: s
18927: up: s
18987: down: t
19027: up: t
19207: down: <space>
19277: up: <space>
19348: down: g
19398: up: g
19528: down: u
19548: up: u
19648: down: e
19688: up: e
19888: down: s
19938: up: s
20028: down: s
20099: up: s
20269: down: <shift_left>
20359: down: /
20399: up: /
20449: up: <shift_left>
20579: down: <space>
20649: up: <space>
26007: down: k
26027: up: k
27299: down: e
27359: up: e
27459: down: l
27519: up: l
27619: down: l
27679: up: l
28000: down: y
28040: down: <shift_left>
28070: up: y
28340: down: 1
28441: up: 1
28481: up: <shift_left>
29302: down: <space>
29362: up: <space>
29732: down: <shift_left>
30063: up: <shift_left>
30083: down: s
30143: up: s
30233: down: h
30293: up: h
30343: down: e
30433: up: e
30554: down: <space>
30614: up: <space>
30744: down: w
30814: up: w
30934: down: a
31014: up: a
31094: down: s
31154: up: s
31215: down: <space>
31305: up: <space>
31355: down: w
31435: up: w
31535: down: e
31605: up: e
31775: down: a
31825: up: a
31896: down: r
31946: up: r
32286: down: i
32366: up: i
32466: down: n
32556: up: n
32607: down: g
32657: up: g
32717: down: <space>
32777: up: <space>
32947: down: l
33007: up: l
33127: down: i
33187: up: i
33298: down: k
33338: up: k
33378: down: e
33418: up: e
33518: down: <space>
33578: up: <space>
33698: down: a
33758: up: a
33858: down: <space>
33928: up: <space>
34159: down: t
34229: up: t
34339: down: o
34399: up: o
34650: down: t
34710: up: t
34950: down: a
35010: up: a
35070: down: l
35130: up: l
35280: down: <space>
35361: up: <space>
35431: down: f
35501: up: f
35711: down: a
35771: up: a
35941: down: s
35981: up: s
36062: down: h
36122: up: h
36262: down: i
36322: up: i
36452: down: o
36512: up: o
36692: down: n
36753: up: n
36913: down: <space>
36953: up: <space>
37133: down: n
37193: up: n
37343: down: o
37383: up: o
37794: down: -
37854: up: -
38145: down: n
38185: up: n
38455: down: o
38495: up: o
38705: down: .
38765: up: .
38926: down: <space>
38986: up: <space>
39316: down: <shift_left>
39486: up: <shift_left>
39506: down: s
39577: up: s
39597: down: h
39637: up: h
39727: down: e
39797: up: e
39877: down: <space>
39957: up: <space>
40678: down: h
40728: up: h
40798: down: a
40858: up: a
40979: down: s
41029: up: s
41089: down: <space>
41149: up: <space>
41279: down: a
41339: up: a
41449: down: <space>
41509: up: <space>
42601: down: <backspace>
42641: up: <backspace>
43552: down: n
43612: up: n
43753: down: <space>
43813: up: <space>
44073: down: e
44133: up: e
44714: down: g
44784: up: g
44994: down: y
45024: up: y
45765: down: p
45806: up: p
45986: down: t
46026: up: t
46547: down: i
46607: up: i
46687: down: a
46757: up: a
46837: down: n
46897: up: n
47037: down: <space>
47127: up: <space>
47198: down: c
47258: up: c
47408: down: o
47478: up: o
47668: down: t
47728: up: t
47818: down: t
47869: up: t
47919: down: o
47979: up: o
48129: down: n
48189: up: n
48309: down: <space>
48399: up: <space>
48710: down: p
48770: up: p
49090: down: u
49140: up: u
49271: down: r
49341: up: r
49601: down: s
49661: up: s
49781: down: e
49841: up: e
49921: down: <space>
50012: up: <space>
50062: down: w
50122: up: w
50262: down: i
50302: up: i
50382: down: t
50452: up: t
50512: down: h
50572: up: h
50733: down: <space>
50793: up: <space>
51013: down: s
51053: up: s
51354: down: u
51414: up: u
51494: down: a
51534: up: a
51774: down: d
51844: up: d
51954: down: e
52024: up: e
52145: down: <space>
52205: up: <space>
52565: down: s
52605: up: s
52725: down: h
52776: up: h
52936: down: o
53016: up: o
53066: down: w
53106: up: w
53937: down: <backspace>
53977: up: <backspace>
54097: down: e
54158: up: e
54338: down: s
54408: up: s
55119: down: <shift_left>
55389: up: <shift_left>
55610: down: .
55670: up: .
55880: down: <space>
55960: up: <space>
56030: down: <shift_left>
56361: down: c
56401: up: c
56441: up: <shift_left>
56581: down: a
56641: up: a
56691: down: n
56751: up: n
56871: down: <space>
56952: up: <space>
57302: down: i
57372: up: i
57532: down: <space>
57592: up: <space>
57773: down: h
57813: up: h
57873: down: e
57933: up: e
58073: down: a
58133: up: a
58173: down: r
58233: up: r
58424: down: <space>
58484: up: <space>
59225: down: a
59285: up: a
59836: down: <space>
59896: up: <space>
59986: down: <shift_left>
60236: down: '
60296: up: '
60336: up: <shift_left>
60747: down: <shift_left>
60897: down: e
60967: up: e
61037: down: w
61118: up: w
61178: up: <shift_left>
61218: down: <shift_left>
61618: down: <space>
61648: up: <space>
61658: down: g
61708: up: g
61789: down: r
61849: up: r
61909: up: <shift_left>
61949: down: o
62009: up: o
62149: down: s
62229: down: <shift_left>
62239: up: s
62299: down: s
62379: up: s
62790: down: 1
62900: up: 1
63130: down: '
63191: up: '
63241: up: <shift_left>
63451: down: <space>
63511: up: <space>
63741: down: <shift_left>
63831: up: <shift_left>
64272: down: <shift_left>
64532: down: i
64553: up: <shift_left>
64593: up: i
64823: down: <space>
64863: up: <space>
65103: down: c
65143: up: c
65203: down: a
65264: up: a
65394: down: n
65454: up: n
65814: down: '
65854: up: '
65934: down: t
65975: up: t
66115: down: <space>
66155: up: <space>
66485: down: b
66525: up: b
66595: down: e
66656: up: e
66796: down: l
66856: up: l
66896: down: e
66946: up: e
67076: down: i
67126: up: i
67326: down: v
67367: up: v
67427: down: e
67487: up: e
67567: down: <space>
67647: up: <space>
67887: down: h
67937: up: h
68007: down: e
68068: up: e
68208: down: r
68268: up: r
68408: down: .
68448: up: .
68638: down: <space>
68718: up: <space>
69189: down: <shift_left>
69379: down: l
69399: up: <shift_left>
69460: up: l
69620: down: i
69680: up: i
69780: down: k
69850: up: k
69910: down: e
69950: up: e
70010: down: ,
70070: up: ,
70351: down: <space>
70411: up: <space>
71082: down: d
71142: up: d
71252: down: o
71312: up: o
71352: down: e
71382: up: e
71543: down: s
71583: up: s
71663: down: <space>
71703: up: <space>
71783: down: s
71843: up: s
71923: down: h
71993: up: h
72023: down: e
72063: up: e
72193: down: <space>
72254: up: <space>
72664: down: l
72754: up: l
72884: down: o
72945: up: o
73025: down: o
73085: up: o
73195: down: k
73255: up: k
73405: down: <space>
73465: up: <space>
73636: down: i
73696: up: i
73826: down: n
73886: up: n
74006: down: <space>
74066: up: <space>
74126: down: t
74166: up: t
74266: down: h
74307: up: h
74387: down: e
74427: up: e
74507: down: <space>
74597: up: <space>
74917: down: m
74977: up: m
75148: down: i
75188: up: i
75268: down: r
75338: up: r
75438: down: r
75458: up: r
75628: down: o
75689: up: o
75979: down: r
76039: up: r
76129: down: <space>
76189: up: <space>
76380: down: w
76460: up: w
76530: down: h
76590: up: h
76630: down: e
76690: up: e
76770: down: n
76830: up: n
76970: down: <space>
77030: up: <space>
77832: down: s
77902: up: s
78022: down: h
78062: up: h
78162: down: e
78202: up: e
78873: down: <space>
78933: up: <space>
79083: down: w
79143: up: w
79284: down: a
79354: up: a
79454: down: k
79514: up: k
79574: down: e
79634: up: e
79814: down: s
79885: up: s
80005: down: <space>
80085: up: <space>
80385: down: u
80445: up: u
80566: down: p
80626: up: p
80796: down: <shift_left>
80906: down: /
80966: up: <shift_left>
80996: up: /
81136: down: <space>
81196: up: <space>
81247: down: <shift_left>
81347: down: a
81377: up: <shift_left>
81447: up: a
81677: down: d
81757: up: d
82358: down: ,
82428: up: ,
82568: down: <space>
82649: up: <space>
82699: down: e
82769: up: e
82899: down: w
82959: up: w
83049: down: ,
83109: up: ,
83249: down: <space>
83330: up: <space>
83690: down: h
83760: up: h
83790: down: e
83860: up: e
83950: down: r
84031: up: r
84141: down: <space>
84181: up: <space>
84641: down: h
84681: up: h
85162: down: a
85222: up: a
85322: down: i
85382: up: i
85523: down: r
85593: up: r
86674: down: .
86724: up: .
86905: down: <space>
86965: up: <space>
87095: down: <shift_left>
87295: up: <shift_left>
87345: down: h
87405: up: h
87546: down: e
87626: up: e
87746: down: r
87786: up: r
87836: down: <space>
87896: up: <space>
88096: down: h
88136: up: h
88247: down: i
88307: up: i
88347: down: g
88397: up: g
88457: down: h
88497: up: h
88707: down: l
88777: up: l
88918: down: i
88978: up: i
89078: down: g
89148: up: g
89188: down: h
89248: up: h
89298: down: t
89368: up: t
89629: down: s
89669: up: s
89789: down: <space>
89849: up: <space>
90410: down: t
90470: up: t
90590: down: o
90650: up: o
90770: down: t
90840: up: t
91071: down: a
91141: up: a
91231: down: l
91301: up: l
91381: down: l
91441: up: l
91481: down: y
91541: up: y
91621: down: <space>
91692: up: <space>
91982: down: d
92052: up: d
92162: down: i
92202: up: i
92252: down: d
92292: up: d
92413: down: <space>
92473: up: <space>
92613: down: n
92673: up: n
92823: down: o
92863: up: o
92953: down: t
92993: up: t
93064: down: <space>
93104: up: <space>
93264: down: m
93304: up: m
93344: down: a
93394: up: a
93514: down: t
93564: up: t
93604: down: c
93664: up: c
93744: down: h
93805: up: h
93945: down: <space>
94025: up: <space>
94205: down: h
94275: up: h
94305: down: e
94385: up: e
94506: down: r
94576: up: r
94676: down: <space>
94736: up: <space>
95317: down: n
95377: up: n
95437: down: a
95477: up: a
95637: down: i
95677: up: i
95837: down: l
95898: up: l
95978: down: s
96028: up: s
96078: down: .
96168: up: .
96308: down: <space>
96368: up: <space>
96438: down: <shift_left>
96589: up: <shift_left>
96649: down: p
96689: up: p
96969: down: u
97019: up: u
97410: down: r
97460: up: r
97580: down: p
97620: up: p
97730: down: l
97800: up: l
97840: down: e
97900: up: e
98011: down: <space>
98071: up: <space>
98231: down: n
98291: up: n
98321: down: a
98361: up: a
98481: down: i
98521: up: i
98682: down: l
98722: up: l
98792: down: s
98832: up: s
98932: down: ,
99012: up: ,
99132: down: <space>
99212: up: <space>
99563: down: b
99603: up: b
99713: down: l
99753: up: l
99893: down: o
99953: up: o
100124: down: n
100184: up: n
100244: down: d
100304: up: d
100464: down: e
100524: up: e
100624: down: <space>
100694: up: <space>
102407: down: h
102447: up: h
102577: down: i
102637: up: i
102677: down: g
102707: up: g
102767: down: h
102828: up: h
103038: down: l
103108: up: l
103248: down: i
103308: up: i
103368: down: g
103408: up: g
103468: down: h
103539: up: h
103589: down: t
103659: up: t
104200: down: ,
104260: up: ,
105211: down: <backspace>
105251: up: <backspace>
105471: down: .
105531: up: .
105672: down: <space>
105732: up: <space>
106122: down: <shift_left>
106272: up: <shift_left>
106313: down: y
106353: up: y
106493: down: e
106563: up: e
106733: down: a
106813: up: a
106863: down: h
106923: up: h
108355: down: ,
108436: up: ,
108556: down: <space>
108666: up: <space>
108756: down: w
108836: up: w
108866: down: o
108936: up: o
108966: down: w
109016: up: w
109127: down: .
109177: up: .
109367: down: <space>
109447: up: <space>
109958: down: <shift_left>
110248: up: <shift_left>
110669: down: <shift_left>
110809: down: a
110839: up: <shift_left>
110879: up: a
110919: down: n
110969: up: n
111079: down: d
111139: up: d
111220: down: <space>
111290: up: <space>
112271: down: s
112331: up: s
112411: down: h
112471: down: e
112491: up: h
112552: up: e
112682: down: <space>
112742: up: <space>
112952: down: t
113022: up: t
113152: down: o
113212: up: o
113403: down: t
113463: up: t
113663: down: a
113723: up: a
113803: down: l
113863: up: l
113964: down: l
114044: up: l
114104: down: y
114144: up: y
114254: down: <space>
114314: up: <space>
115346: down: b
115386: up: b
115496: down: o
115556: up: o
115716: down: u
115766: up: u
115826: down: g
115886: up: g
115926: down: h
115986: up: h
116067: down: t
116127: up: t
116167: down: <space>
116227: up: <space>
116307: down: t
116347: up: t
116427: down: h
116477: up: h
116587: down: e
116627: up: e
116738: down: <space>
116818: up: <space>
117999: down: s
118059: up: s
118150: down: h
118190: up: h
119291: down: <backspace>
119331: up: <backspace>
119451: down: <backspace>
119522: up: <backspace>
120363: down: t
120423: up: t
120513: down: o
120583: up: o
120723: down: p
120763: up: p
120954: down: <space>
121014: up: <space>
121204: down: i
121274: up: i
121414: down: <space>
121474: up: <space>
121524: down: w
121574: up: w
121715: down: a
121775: up: a
121895: down: s
121935: up: s
122025: down: <space>
122085: up: <space>
122135: down: d
122195: up: d
122336: down: e
122386: up: e
122536: down: i
122596: up: i
122746: down: n
122786: up: n
122826: down: g
122866: up: g
122966: down: <space>
123027: up: <space>
123167: down: f
123207: up: f
123317: down: o
123387: up: o
123417: down: r
123447: up: r
123768: down: <shift_left>
123868: down: 1
123928: up: 1
123968: up: <shift_left>
124278: down: <space>
124338: up: <space>
124729: down: <shift_left>
125080: down: y
125130: up: y
125180: up: <shift_left>
125320: down: o
125380: up: o
125510: down: u
125570: up: u
125730: down: <space>
125801: up: <space>
126071: down: k
126131: up: k
126221: down: n
126281: up: n
126411: down: o
126452: up: o
126492: down: w
126552: up: w
126642: down: <space>
126702: up: <space>
126782: down: t
126842: up: t
126922: down: h
126962: up: h
127042: down: e
127082: up: e
127183: down: <space>
127273: up: <space>
127783: down: o
127823: up: o
127954: down: n
128014: up: n
128094: down: e
128134: up: e
128214: down: <space>
128274: up: <space>
128374: down: w
128434: up: w
128555: down: i
128595: up: i
128715: down: t
128775: up: t
128965: down: h
129005: up: h
129205: down: <space>
129266: up: <space>
129306: down: t
129366: up: t
129446: down: h
129506: up: h
129586: down: e
129626: up: e
129736: down: <space>
129796: up: <space>
130377: down: g
130417: up: g
130487: down: l
130537: up: l
130918: down: i
130998: up: i
131098: down: t
131158: up: t
131238: down: t
131298: up: t
131499: down: e
131589: up: e
131679: down: r
131729: up: r
131809: down: <space>
131869: up: <space>
131999: down: a
132050: up: a
132140: down: n
132200: up: n
132250: down: d
132310: up: d
132400: down: <space>
132460: up: <space>
132610: down: t
132680: up: t
132801: down: h
132841: up: h
132951: down: e
132981: up: e
133161: down: <space>
133201: up: <space>
133442: down: s
133502: up: s
133662: down: l
133722: up: l
133822: down: e
133862: up: e
133982: down: e
134042: up: e
134213: down: v
134253: up: v
134323: down: e
134393: up: e
134934: down: s
134994: up: s
135084: down: <space>
135124: up: <space>
135374: down: t
135444: up: t
135585: down: h
135655: down: a
135705: up: h
135745: up: a
135825: down: t
135885: up: t
136085: down: <space>
136145: up: <space>
136666: down: u
136716: up: u
137057: down: f
137117: up: f
137217: down: f
137257: up: f
137337: down: <space>
137397: up: <space>
137838: down: u
137878: up: u
137998: down: t
138068: up: t
138188: down: <space>
138269: up: <space>
138789: down: w
138849: up: w
138949: down: i
139010: up: i
139070: down: t
139130: up: t
139190: down: h
139240: up: h
139400: down: <space>
139460: up: <space>
139530: down: t
139600: up: t
139681: down: h
139741: up: h
139861: down: e
139901: up: e
140001: down: <space>
140061: up: <space>
140201: down: b
140251: up: b
140362: down: u
140422: up: u
140522: down: t
140592: up: t
140682: down: t
140732: up: t
140802: down: o
140862: up: o
141012: down: n
141073: up: n
141193: down: s
141253: up: s
141453: down: ,
141513: up: ,
142034: down: <backspace>
142084: up: <backspace>
142294: down: .
142364: up: .
142485: down: <space>
142545: up: <space>
142635: down: <shift_left>
142845: up: <shift_left>
142885: down: i
142945: up: i
143115: down: <space>
143196: up: <space>
143316: down: c
143376: up: c
143486: down: a
143546: up: a
143636: down: n
143696: up: n
144467: down: <space>
144528: up: <space>
144768: down: n
144828: up: n
144958: down: o
145018: up: o
145088: down: t
145128: up: t
145208: down: <space>
145269: up: <space>
145529: down: b
145579: up: b
145709: down: e
145769: up: e
145920: down: <space>
145980: up: <space>
146240: down: s
146300: up: s
146460: down: e
146520: up: e
146621: down: e
146661: up: e
146761: down: n
146831: up: n
146951: down: <space>
147031: up: <space>
147322: down: w
147402: up: w
147512: down: e
147572: up: e
147742: down: a
147812: up: a
147892: down: r
147922: up: r
148253: down: i
148293: up: i
148443: down: n
148503: up: n
148563: down: g
148623: up: g
148663: down: <space>
148724: up: <space>
148844: down: t
148874: up: t
148944: down: h
148984: up: h
149104: down: e
149144: up: e
149244: down: <space>
149314: up: <space>
149525: down: s
149585: up: s
149725: down: a
149785: up: a
149875: down: m
149915: up: m
150005: down: e
150075: up: e
150116: down: <space>
150196: up: <space>
150316: down: t
150376: up: t
150456: down: h
150496: up: h
150636: down: i
150676: up: i
150807: down: n
150867: up: n
150927: down: g
150987: up: g
151087: down: <space>
151147: up: <space>
151337: down: s
151407: up: s
151467: down: h
151528: up: h
151568: down: e
151628: up: e
151668: down: <space>
151748: up: <space>
151928: down: i
151968: up: i
152048: down: s
152088: up: s
152329: down: .
152369: up: .
152579: down: <space>
152639: up: <space>
154161: down: <shift_left>
154322: up: <shift_left>
154382: down: o
154422: up: o
154572: down: h
154632: up: h
155123: down: <space>
155183: up: <space>
155223: down: w
155273: up: w
155373: down: e
155423: up: e
155513: down: l
155563: up: l
155633: down: l
155704: up: l
155824: down: ,
155884: up: ,
156004: down: <space>
156094: up: <space>
156365: down: <shift_left>
156485: up: <shift_left>
156485: down: i
156555: up: i
156795: down: '
156835: up: '
157576: down: l
157616: up: l
157696: down: l
157757: up: l
157987: down: <space>
158047: up: <space>
158828: down: g
158898: up: g
158928: down: e
158988: up: e
159028: down: t
159068: up: t
159239: down: <space>
159299: up: <space>
159349: down: a
159389: up: a
159439: down: <space>
159499: up: <space>
159659: down: t
159719: up: t
159789: down: o
159830: up: o
160140: down: t
160180: up: t
160240: down: a
160300: up: a
160420: down: l
160480: up: l
160561: down: l
160621: up: l
160661: down: y
160721: up: y
160791: down: <space>
160871: up: <space>
161151: down: d
161211: up: d
161312: down: i
161352: up: i
161432: down: f
161472: up: f
161592: down: f
161662: up: f
161792: down: e
161862: up: e
161993: down: r
162043: up: r
162153: down: e
162203: up: e
162263: down: n
162323: up: n
162403: down: t
162463: up: t
162503: down: <space>
162563: up: <space>
162994: down: o
163064: up: o
163214: down: u
163274: up: u
163315: down: t
163355: up: t
163595: down: f
163655: up: f
163855: down: i
163915: up: i
164016: down: t
164076: up: t
164146: down: <space>
164226: up: <space>
164456: down: a
164496: up: a
164787: down: t
164847: up: t
164927: down: <space>
164967: up: <space>
165027: down: t
165067: up: t
165167: down: h
165227: up: h
165277: down: e
165317: up: e
165418: down: <space>
165478: up: <space>
165598: down: m
165658: up: m
165688: down: a
165738: up: a
165808: down: l
165868: up: l
165948: down: l
166018: up: l
166179: down: <space>
166239: up: <space>
166359: down: t
166419: up: t
166509: down: o
166559: up: o
166689: down: m
166749: up: m
166980: down: o
167020: up: o
167370: down: r
167410: up: r
167511: down: r
167571: up: r
167681: down: o
167741: up: o
167851: down: w
167891: up: w
168091: down: .
168121: up: .
168402: down: <space>
168462: up: <space>
169013: down: <shift_left>
169644: up: <shift_left>
169664: down: w
169724: up: w
169944: down: l
170004: up: l
170755: down: <backspace>
170815: up: <backspace>
171136: down: <backspace>
171216: up: <backspace>
171436: down: <shift_left>
171687: up: <shift_left>
171707: down: w
171767: up: w
171907: down: e
171957: up: e
172508: down: l
172588: up: l
172648: down: l
172738: up: l
172858: down: ,
172918: up: ,
173038: down: <space>
173129: up: <space>
173299: down: i
173359: up: i
173509: down: <space>
173589: up: <space>
173820: down: l
173880: up: l
174020: down: i
174090: up: i
174190: down: k
174250: up: k
174310: down: e
174370: up: e
174451: down: <space>
174521: up: <space>
174591: down: g
174681: up: g
174831: down: t
174881: up: t
175021: down: g
175081: up: g
175152: down: .
175202: up: .
175382: down: <space>
175442: up: <space>
175592: down: <shift_left>
176043: up: <shift_left>
176063: down: s
176143: up: s
176183: down: o
176243: up: o
176393: down: <space>
176453: up: <space>
176634: down: l
176694: up: l
176834: down: i
176894: up: i
176994: down: k
177054: up: k
177114: down: e
177174: up: e
177956: down: .
178026: up: .
178146: down: .
178206: up: .
178306: down: .
178366: up: .
179277: down: d
179318: up: d
179388: down: o
179438: up: o
179538: down: n
179598: up: n
179658: down: t
179698: up: t
179778: down: <space>
179848: up: <space>
179878: down: t
179918: up: t
180099: down: e
180149: up: e
180219: down: l
180279: up: l
180359: down: l
180419: up: l
180569: down: <space>
180629: up: <space>
181070: down: t
181110: up: t
181651: down: <backspace>
181701: up: <backspace>
182021: down: s
182061: up: s
182142: down: t
182182: up: t
182282: down: a
182342: up: a
182642: down: c
182712: up: c
183974: down: <backspace>
184034: up: <backspace>
184175: down: <backspace>
184265: up: <backspace>
184395: down: <backspace>
184465: up: <backspace>
184665: down: <backspace>
184725: up: <backspace>
188110: down: k
188170: up: k
188210: down: e
188270: up: e
188351: down: l
188411: up: l
188491: down: l
188551: up: l
188981: down: y
189021: up: y
189122: down: <space>
189192: up: <space>
189362: down: a
189402: up: a
189973: down: n
190033: up: n
190393: down: y
190434: up: y
190514: down: t
190554: up: t
190604: down: h
190664: up: h
190774: down: i
190814: up: i
190924: down: n
190984: up: n
191044: down: g
191084: up: g
191145: down: <space>
191205: up: <space>
191375: down: i
191415: up: i
191565: down: <space>
191625: up: <space>
191705: down: s
191765: up: s
191926: down: a
191966: up: a
192046: down: i
192106: up: i
192166: down: d
192226: up: d
192857: down: .
192917: up: .
193137: down: <space>
193208: up: <space>

