# Keylogger Version 0.1; Format: (timestamp, downstroke/upstroke, key)
0: down: <shift_left>
130: down: d
150: up: <shift_left>
200: up: d
921: down: e
981: up: e
1032: down: a
1102: up: a
1182: down: r
1242: up: r
1652: down: <space>
1713: up: <space>
5268: down: <shift_left>
5398: up: <shift_left>
9694: down: <shift_left>
10014: up: <shift_left>
10075: down: t
10105: up: t
11206: down: <backspace>
11276: up: <backspace>
11426: down: <shift_left>
11737: down: t
11777: up: t
11807: up: <shift_left>
11997: down: r
12067: up: r
12178: down: a
12258: up: a
12768: down: c
12849: up: c
13009: down: y
13029: up: y
13660: down: ,
13720: up: ,
14221: down: <enter>
14271: up: <enter>
15843: down: <shift_left>
15943: up: <shift_left>
15973: down: t
16023: up: t
16173: down: h
16243: up: h
16354: down: i
16414: up: i
16514: down: s
16534: up: s
16704: down: <space>
16784: up: <space>
17265: down: w
17325: up: w
17505: down: e
17565: up: e
17726: down: e
17816: up: e
18006: down: k
18056: up: k
18236: down: e
18336: up: e
18927: down: n
19007: up: n
19118: down: d
19168: up: d
19288: down: <space>
19368: up: <space>
19438: down: w
19478: up: w
19638: down: a
19688: up: a
19829: down: s
19869: up: s
19989: down: <space>
20059: up: <space>
20309: down: s
20359: up: s
20530: down: o
20590: up: o
20820: down: <space>
20880: up: <space>
20960: down: c
21020: up: c
21191: down: o
21231: up: o
21351: down: o
21401: up: o
21681: down: l
21721: up: l
21982: down: <shift_left>
22382: down: 1
22462: up: 1
22532: up: <shift_left>
22703: down: <space>
22783: up: <space>
23414: down: <shift_left>
23514: down: i
23534: up: <shift_left>
23584: up: i
23844: down: <space>
23934: up: <space>
24145: down: w
24205: up: w
24325: down: e
24395: up: e
24475: down: n
24555: up: n
24635: down: t
24696: up: t
24776: down: <space>
24836: up: <space>
24916: down: t
24956: up: t
25066: down: o
25126: up: o
25296: down: <space>
25367: up: <space>
25437: down: a
25497: up: a
25587: down: <space>
25647: up: <space>
25947: down: j
26007: up: j
27069: down: o
27129: up: o
27339: down: n
27399: up: n
27450: down: a
27520: up: a
27640: down: s
27680: up: s
27720: down: <space>
27780: up: <space>
27960: down: b
28030: up: b
28060: down: r
28120: up: r
28321: down: o
28381: up: o
28461: down: t
28511: up: t
28591: down: h
28671: up: h
28771: down: e
28832: up: e
28952: down: r
28992: up: r
29583: down: <space>
29663: up: <space>
29983: down: c
30043: up: c
30113: down: o
30153: up: o
30324: down: n
30384: up: n
30424: down: c
30484: up: c
30644: down: e
30704: up: e
30824: down: r
30915: up: r
31085: down: t
31135: up: t
31355: down: ,
31415: up: ,
31616: down: <space>
31706: up: <space>
31856: down: y
31916: up: y
32006: down: o
32056: up: o
32216: down: u
32276: up: u
32467: down: <space>
32547: up: <space>
32727: down: k
32787: up: k
32887: down: n
32947: up: n
33078: down: o
33138: up: o
33248: down: w
33288: up: w
33368: down: ,
33438: up: ,
33598: down: <space>
33658: up: <space>
33809: down: t
33879: up: t
33959: down: h
34039: up: h
34119: down: e
34179: up: e
34279: down: <space>
34339: up: <space>
34750: down: o
34820: up: o
34950: down: n
35010: up: n
35060: down: e
35111: up: e
35171: down: <space>
35231: up: <space>
35441: down: i
35491: up: i
35651: down: v
35721: up: v
35751: down: e
35812: up: e
35892: down: <space>
35962: up: <space>
36102: down: b
36162: up: b
36212: down: e
36272: up: e
36352: down: e
36392: up: e
36563: down: n
36623: up: n
36763: down: <space>
36823: up: <space>
36883: down: t
36943: up: t
37284: down: a
37324: up: a
37364: down: l
37404: up: l
37564: down: k
37604: up: k
37744: down: i
37804: up: i
37955: down: n
38015: up: n
38055: down: g
38075: up: g
38175: down: <space>
38215: up: <space>
38345: down: a
38375: up: a
38435: down: b
38475: up: b
38686: down: o
38736: up: o
38796: down: u
38856: up: u
38956: down: t
39016: up: t
39096: down: <space>
39166: up: <space>
39267: down: f
39307: up: f
39377: down: o
39417: up: o
39507: down: r
39567: up: r
39607: down: <space>
39667: up: <space>
39727: down: t
39787: up: t
39867: down: h
39927: up: h
39988: down: e
40048: up: e
40118: down: <space>
40178: up: <space>
40428: down: l
40488: up: l
40528: down: a
40588: up: a
40729: down: s
40779: up: s
41360: down: t
41440: up: t
41930: down: <space>
41990: up: <space>
42541: down: 3
42591: up: 3
42671: down: <space>
42742: up: <space>
42942: down: m
43002: up: m
43192: down: o
43232: up: o
43362: down: n
43422: up: n
43543: down: t
43563: up: t
43643: down: h
43703: up: h
43843: down: s
43903: up: s
44144: down: .
44184: up: .
44334: down: <space>
44404: down: <shift_left>
44414: up: <space>
44604: down: w
44644: up: <shift_left>
44744: up: w
44814: down: e
44915: up: e
45195: down: l
45235: up: l
45656: down: l
45736: up: l
45866: down: ,
45926: up: ,
46046: down: <space>
46126: up: <space>
46357: down: i
46427: up: i
46627: down: t
46667: up: t
46877: down: <space>
46918: up: <space>
47008: down: r
47058: up: r
47208: down: o
47288: up: o
47378: down: c
47438: up: c
47518: down: k
47578: up: k
47699: down: e
47759: up: e
47899: down: d
47939: up: d
48109: down: <shift_left>
48400: down: 1
48460: up: 1
48500: up: <shift_left>
48870: down: <space>
48930: up: <space>
48980: down: <shift_left>
49041: up: <shift_left>
49131: down: t
49191: up: t
49311: down: h
49371: down: e
49401: up: h
49431: up: e
49491: down: y
49581: up: y
49722: down: <space>
49782: up: <space>
50202: down: s
50242: up: s
50543: down: a
50603: up: a
50673: down: n
50733: up: n
50913: down: g
50973: up: g
51033: down: <space>
51114: up: <space>
51164: down: t
51214: up: t
51314: down: h
51354: up: h
51464: down: a
51514: up: a
51594: down: t
51634: up: t
51845: down: <space>
51905: up: <space>
52335: down: a
52395: up: a
52536: down: w
52576: up: w
52726: down: e
52786: up: e
52926: down: s
53006: up: s
53116: down: o
53187: up: o
53277: down: m
53337: up: m
53367: down: e
53427: up: e
53517: down: <space>
53577: up: <space>
53857: down: s
53898: up: s
54008: down: o
54048: up: o
54198: down: n
54268: up: n
54298: down: g
54368: up: g
54448: down: <space>
54528: up: <space>
58915: down: w
58985: up: w
59065: down: h
59125: up: h
59185: down: e
59225: up: e
59305: down: n
59345: up: n
59486: down: <space>
59556: up: <space>
59736: down: n
59776: up: n
59926: down: i
59966: up: i
60397: down: c
60457: up: c
60497: down: k
60557: up: k
60657: down: <space>
60747: up: <space>
60898: down: i
60938: up: i
61018: down: s
61058: up: s
61148: down: <space>
61228: up: <space>
61759: down: a
61809: up: a
61879: down: l
61929: up: l
61999: down: l
62069: up: l
62210: down: <space>
62280: up: <space>
62430: down: l
62490: up: l
62610: down: i
62670: up: i
62750: down: k
62840: up: k
62860: down: e
62900: up: e
63041: down: ,
63101: up: ,
63281: down: <space>
63341: up: <space>
63672: down: <shift_left>
63872: down: o
63902: up: <shift_left>
63942: up: o
64232: down: h
64293: up: h
65685: down: <space>
65765: up: <space>
65935: down: o
65995: up: o
66015: down: h
66085: up: h
66165: down: <space>
66255: up: <space>
66396: down: o
66446: up: o
66496: down: h
66556: up: h
66656: down: h
66716: up: h
66816: down: h
66856: up: h
66956: down: h
66996: up: h
67988: down: <space>
68048: up: <space>
68238: down: y
68288: up: y
68318: down: e
68388: up: e
68559: down: a
68649: up: a
68729: down: a
68789: up: a
68929: down: h
68989: up: h
69069: down: h
69139: up: h
69670: down: .
69740: up: .
69861: down: <space>
69941: up: <space>
71593: down: <backspace>
71633: up: <backspace>
71733: down: <backspace>
71783: up: <backspace>
72304: down: ,
72384: up: ,
72464: down: <space>
72564: up: <space>
72725: down: i
72765: up: i
72865: down: n
72935: up: n
73035: down: <space>
73115: up: <space>
73175: down: t
73195: up: t
73275: down: h
73315: up: h
73386: down: e
73436: up: e
73476: down: <space>
73516: up: <space>
73656: down: b
73716: up: b
73756: down: e
73796: up: e
73956: down: g
74016: up: g
74147: down: i
74177: up: i
74307: down: n
74367: up: n
74447: down: n
74507: up: n
74607: down: i
74657: up: i
74768: down: n
74828: up: n
74868: down: g
74908: up: g
75068: down: .
75108: up: .
75228: down: <space>
75298: down: <shift_left>
75318: up: <space>
75449: up: <shift_left>
75469: down: a
75529: up: a
75579: down: n
75639: up: n
75709: down: d
75779: up: d
75839: down: <space>
75919: up: <space>
76160: down: <shift_left>
76230: up: <shift_left>
76270: down: j
76300: up: j
76410: down: o
76450: up: o
76580: down: e
76640: up: e
76720: down: <space>
76790: up: <space>
77221: down: t
77271: up: t
77542: down: o
77602: up: o
77652: down: t
77712: up: t
78072: down: l
78112: up: l
79204: down: <backspace>
79244: up: <backspace>
79364: down: a
79404: up: a
80125: down: l
80195: up: l
80265: down: l
80336: up: l
80376: down: y
80436: up: y
80516: down: <space>
80576: up: <space>
80776: down: p
80836: up: p
81007: down: o
81037: up: o
81417: down: i
81457: up: i
81788: down: n
81828: up: n
81988: down: t
82048: up: t
82248: down: e
82288: up: e
82409: down: d
82479: up: d
82539: down: <space>
82579: up: <space>
82669: down: a
82709: up: a
82799: down: t
82839: up: t
82999: down: <space>
83080: up: <space>
83200: down: m
83270: up: m
83300: down: e
83360: up: e
84431: down: ,
84492: up: ,
84632: down: <space>
84702: up: <space>
84872: down: i
84912: up: i
85082: down: <space>
85142: up: <space>
85273: down: k
85343: up: k
85423: down: n
85483: up: n
85573: down: o
85613: up: o
85743: down: w
85783: up: w
85823: down: <space>
85894: up: <space>
86414: down: h
86474: up: h
86555: down: e
86595: up: e
86715: down: <space>
86795: up: <space>
87376: down: p
87436: up: p
87556: down: o
87616: up: o
87756: down: i
87826: up: i
87967: down: n
88027: up: n
88087: down: t
88147: up: t
88307: down: e
88367: up: e
88487: down: d
88527: up: d
88617: down: <space>
88678: up: <space>
88728: down: a
88788: up: a
88848: down: t
88918: up: t
89078: down: <space>
89138: up: <space>
89298: down: m
89339: up: m
89419: down: e
89479: up: e
89739: down: ,
89789: up: ,
89949: down: <space>
90009: up: <space>
90190: down: n
90250: up: n
90400: down: o
90460: up: o
90510: down: t
90570: up: t
90610: down: <space>
90690: up: <space>
90731: down: t
90751: up: t
90851: down: h
90891: up: h
90971: down: e
91011: up: e
91091: down: <space>
91171: up: <space>
91592: down: o
91652: up: o
91722: down: t
91782: up: t
91822: down: h
91882: up: h
92002: down: e
92062: up: e
92163: down: r
92223: up: r
92263: down: <space>
92323: up: <space>
93364: down: 2
93404: up: 2
93605: down: 0
93655: up: 0
93925: down: <space>
93985: up: <space>
94526: down: g
94586: up: g
94696: down: i
94746: up: i
94806: down: r
94866: up: r
94947: down: l
95007: up: l
95107: down: s
95147: up: s
95267: down: <space>
95337: up: <space>
95878: down: a
95938: up: a
96198: down: r
96238: up: r
96268: down: o
96339: up: o
96479: down: u
96539: up: u
96689: down: n
96749: up: n
97070: down: d
97120: up: d
97190: down: <space>
97250: up: <space>
97390: down: m
97440: up: m
97490: down: e
97530: up: e
97691: down: .
97751: up: .
97881: down: <space>
97961: up: <space>
98031: down: <shift_left>
98191: up: <shift_left>
98221: down: b
98251: up: b
98382: down: u
98422: up: u
98502: down: t
98562: up: t
98642: down: <space>
98702: up: <space>
99994: down: <backspace>
100054: up: <backspace>
100174: down: <backspace>
100214: up: <backspace>
100414: down: <backspace>
100475: up: <backspace>
100615: down: <backspace>
100655: up: <backspace>
100915: down: <shift_left>
101145: down: b
101176: up: <shift_left>
101236: up: b
101386: down: u
101426: up: u
101526: down: t
101586: up: t
101706: down: <space>
101776: up: <space>
102768: down: <shift_left>
102878: down: k
102898: up: <shift_left>
102938: up: k
103158: down: e
103218: up: e
103429: down: v
103469: up: v
103559: down: i
103619: up: i
103729: down: n
103799: up: n
103919: down: <space>
103980: up: <space>
104050: down: d
104120: up: d
104190: down: i
104250: up: i
104290: down: d
104310: up: d
104420: down: <space>
104500: up: <space>
104540: down: t
104600: up: t
104701: down: h
104741: up: h
104881: down: a
104921: up: a
104981: down: t
105021: up: t
105332: down: <space>
105412: up: <space>
106053: down: c
106093: up: c
106203: down: o
106263: up: o
106343: down: o
106413: up: o
106533: down: l
106593: up: l
106764: down: <space>
106804: up: <space>
106924: down: f
106964: up: f
107104: down: l
107144: up: l
107505: down: i
107545: up: i
107765: down: p
107825: up: p
107905: down: p
107965: up: p
108106: down: y
108156: up: y
108236: down: <space>
108296: up: <space>
108336: down: t
108396: up: t
108476: down: h
108536: up: h
108626: down: i
108716: up: i
108817: down: n
108887: up: n
108957: down: g
109007: up: g
109658: down: .
109728: up: .
109888: down: <space>
109968: up: <space>
110199: down: <shift_left>
110629: down: i
110689: up: i
110729: up: <shift_left>
111020: down: <space>
111060: up: <space>
113213: down: w
113273: up: w
113393: down: a
113453: up: a
113553: down: s
113603: up: s
113684: down: <space>
113724: up: <space>
113934: down: l
114004: up: l
114154: down: i
114204: up: i
114324: down: k
114385: up: k
114445: down: e
114505: up: e
114615: down: <space>
114695: up: <space>
114785: down: s
114875: up: s
115096: down: c
115136: up: c
115296: down: r
115356: up: r
115386: down: e
115436: up: e
115636: down: a
115656: up: a
115706: down: m
115767: up: m
115937: down: i
115977: up: i
116107: down: n
116187: up: n
116237: down: g
116267: up: g
116327: down: <space>
116387: up: <space>
116478: down: s
116528: up: s
116638: down: o
116698: up: o
116818: down: o
116878: up: o
117038: down: o
117108: up: o
117439: down: <space>
117499: up: <space>
117809: down: l
117870: up: l
118030: down: o
118090: up: o
118360: down: u
118420: up: u
118641: down: d
118681: up: d
118831: down: ,
118891: up: ,
119031: down: <space>
119111: up: <space>
119292: down: n
119352: up: n
119522: down: o
119562: up: o
119732: down: w
119792: up: w
119892: down: <space>
119963: up: <space>
120593: down: i
120664: up: i
120844: down: <space>
120894: up: <space>
121555: down: c
121595: up: c
121725: down: a
121775: up: a
121875: down: n
121935: up: n
122056: down: <space>
122116: up: <space>
122446: down: b
122486: up: b
122576: down: a
122606: up: a
122717: down: r
122767: up: r
123037: down: l
123107: up: l
123167: down: e
123227: up: e
123488: down: y
123528: up: y
123678: down: <space>
123758: up: <space>
124008: down: t
124078: up: t
124309: down: a
124349: up: a
124429: down: l
124479: up: l
124679: down: k
124719: up: k
125871: down: .
125931: up: .
126171: down: <space>
126242: up: <space>
127594: down: <shift_left>
127694: down: b
127714: up: <shift_left>
127754: up: b
127884: down: u
127934: up: u
128004: down: t
128074: up: t
128174: down: <space>
128234: up: <space>
128675: down: i
128715: up: i
128935: down: t
128976: up: t
129206: down: <space>
129266: up: <space>
129296: down: w
129356: up: w
129476: down: a
129536: up: a
129646: down: s
129687: up: s
129747: down: <space>
129807: up: <space>
129867: down: s
129927: up: s
130017: down: o
130057: up: o
130247: down: <space>
130317: up: <space>
130448: down: w
130488: up: w
130608: down: o
130648: up: o
130708: down: r
130778: up: r
130918: down: t
130958: up: t
131038: down: h
131079: up: h
131239: down: <space>
131299: up: <space>
131499: down: i
131539: up: i
131619: down: t
131659: up: t
131800: down: ,
131870: up: ,
132010: down: <space>
132090: up: <space>
132220: down: e
132290: up: e
132471: down: s
132551: up: s
133612: down: p
133662: up: p
133923: down: e
133983: up: e
134283: down: c
134373: up: c
134664: down: i
134704: up: i
134784: down: a
134824: up: a
134924: down: l
135014: up: l
135084: down: l
135154: up: l
135194: down: y
135255: up: y
135335: down: <space>
135425: up: <space>
135715: down: s
135785: up: s
135915: down: i
135956: up: i
136126: down: n
136186: up: n
136226: down: c
136286: up: c
136426: down: e
136486: up: e
136566: down: <space>
136627: up: <space>
136847: down: i
136877: up: i
137037: down: <space>
137117: up: <space>
137297: down: h
137338: up: h
137368: down: a
137428: up: a
137578: down: d
137638: up: d
137698: down: <space>
137758: up: <space>
137958: down: g
138029: up: g
138159: down: r
138239: up: r
138279: down: e
138329: up: e
138479: down: a
138539: up: a
138619: down: t
138669: up: t
138930: down: <space>
139010: up: <space>
141143: down: s
141203: up: s
141303: down: e
141363: up: e
141423: down: a
141483: up: a
141554: down: t
141614: up: t
141674: down: s
141734: up: s
142074: down: .
142134: up: .
142305: down: <space>
142385: up: <space>
142735: down: <shift_left>
143587: down: i
143627: up: i
143667: up: <shift_left>
143877: down: <space>
143957: up: <space>
144298: down: l
144378: up: l
144488: down: o
144558: up: o
144648: down: v
144728: up: v
144838: down: e
144898: up: e
144969: down: <space>
145029: up: <space>
145089: down: t
145149: up: t
145269: down: h
145349: up: h
145509: down: <space>
145589: up: <space>
145750: down: j
145820: up: j
145900: down: o
145970: up: o
146080: down: n
146140: up: n
146190: down: a
146230: up: a
146340: down: <space>
146361: down: s
146391: up: s
146431: up: <space>
146541: down: b
146581: up: b
146661: down: r
146701: up: r
146771: down: o
146811: up: o
146851: down: t
146901: up: t
146961: down: h
147031: up: h
147102: down: e
147162: up: e
147272: down: r
147322: up: r
147502: down: s
147552: up: s
147682: down: <shift_left>
147843: down: 1
147903: up: 1
147983: up: <shift_left>
148233: down: <space>
148283: up: <space>
148694: down: <shift_left>
148894: down: i
148934: up: <shift_left>
148974: up: i
149185: down: <space>
149275: up: <space>
149956: down: c
150016: up: c
150086: down: a
150136: up: a
150296: down: n
150356: up: n
150717: down: n
150777: up: n
150907: down: o
150977: up: o
151017: down: t
151057: up: t
151207: down: <space>
151288: up: <space>
152109: down: w
152149: up: w
152349: down: i
152389: up: i
152489: down: a
152529: up: a
152630: down: t
152700: up: t
153501: down: <backspace>
153561: up: <backspace>
153641: down: <backspace>
153701: up: <backspace>
154042: down: <backspace>
154102: up: <backspace>
154462: down: a
154512: up: a
154733: down: i
154773: up: i
154853: down: t
154893: up: t
154993: down: <space>
155063: up: <space>
155303: down: f
155363: up: f
155434: down: o
155494: up: o
155534: down: r
155584: up: r
155704: down: <space>
155764: up: <space>
155844: down: t
155904: up: t
155984: down: h
156044: up: h
156125: down: e
156165: up: e
156285: down: r
156345: up: r
156505: down: e
156545: up: e
157456: down: <backspace>
157517: up: <backspace>
157597: down: <backspace>
157657: up: <backspace>
158338: down: i
158398: up: i
158488: down: r
158528: up: r
158648: down: <space>
158728: up: <space>
158989: down: n
159059: up: n
159169: down: e
159229: up: e
159519: down: x
159559: up: x
159610: down: t
159680: up: t
159860: down: <space>
159940: up: <space>
160000: down: c
160060: up: c
160130: down: o
160210: up: o
160361: down: n
160431: up: n
160481: down: c
160531: up: c
160701: down: e
160761: up: e
160901: down: r
160992: up: r
161132: down: t
161192: up: t
161332: down: .
161372: up: .
161512: down: <space>
161582: down: <shift_left>
161602: up: <space>
161693: down: a
161723: up: <shift_left>
161773: up: a
161823: down: n
161883: up: n
161933: down: d
162003: up: d
162063: down: <space>
162143: up: <space>
162404: down: y
162464: up: y
162534: down: o
162574: up: o
162724: down: u
162764: up: u
162924: down: <space>
162984: down: a
163014: up: <space>
163044: up: a
163145: down: r
163215: up: r
163265: down: e
163325: up: e
163455: down: <space>
163535: up: <space>
163675: down: t
163735: up: t
163846: down: o
163886: up: o
163956: down: t
163996: up: t
164256: down: a
164296: up: a
164376: down: l
164437: up: l
164517: down: l
164577: up: l
164637: down: y
164707: up: y
164767: down: <space>
164847: up: <space>
165087: down: c
165148: up: c
165198: down: o
165238: up: o
165368: down: m
165458: up: m
165588: down: i
165648: up: i
165748: down: n
165818: up: n
165849: down: g
165899: up: g
165959: down: <space>
166019: up: <space>
166169: down: w
166229: up: w
166349: down: i
166419: up: i
166479: down: t
166519: up: t
166560: down: h
166630: up: h
166780: down: <space>
166850: up: <space>
166970: down: m
167030: up: m
167080: down: e
167120: up: e
167891: down: <space>
167972: up: <space>
168152: down: n
168222: up: n
168272: down: e
168332: up: e
168592: down: x
168643: up: x
168693: down: t
168763: up: t
168963: down: <space>
169043: up: <space>
169083: down: t
169143: up: t
169213: down: i
169283: up: i
169384: down: m
169474: up: m
169544: down: e
169584: up: e
169744: down: .
169804: up: .
170015: down: <space>
170095: up: <space>
170645: down: <shift_left>
170876: down: y
170916: up: <shift_left>
170946: up: y
171116: down: o
171156: up: o
171296: down: u
171346: up: u
171527: down: <space>
171567: up: <space>
171727: down: h
171797: up: h
171847: down: a
171907: up: a
171957: down: v
171997: up: v
172088: down: e
172148: up: e
172198: down: <space>
172278: up: <space>
172368: down: t
172438: up: t
172508: down: o
172548: up: o
172718: down: <space>
172778: up: <space>
172979: down: h
173019: up: h
173069: down: e
173099: up: e
173279: down: a
173339: up: a
173379: down: r
173419: up: r
173610: down: <space>
173670: up: <space>
173700: down: t
173770: up: t
173890: down: h
173930: up: h
174020: down: e
174070: up: e
174140: down: i
174191: up: i
174231: down: r
174291: up: r
174391: down: <space>
174471: up: <space>
174611: down: n
174661: up: n
174691: down: e
174751: up: e
174892: down: w
174932: up: w
175022: down: <space>
175082: up: <space>
175172: down: s
175222: up: s
175312: down: o
175372: up: o
175522: down: n
175603: up: n
175703: down: g
175763: up: g
176474: down: ,
176534: up: ,
176654: down: <space>
176734: up: <space>
177015: down: b
177085: up: b
177415: down: u
177475: up: u
177535: down: r
177575: up: r
177645: down: n
177726: up: n
177836: down: i
177896: up: i
177986: down: n
178066: up: n
178106: down: g
178146: up: g
178246: down: <space>
178306: up: <space>
178607: down: u
178667: up: u
178727: down: p
178787: up: p
178967: down: .
179037: up: .
179198: down: <space>
179278: up: <space>
180299: down: i
180359: up: i
180580: down: t
180670: up: t
181030: down: <space>
181090: up: <space>
181581: down: g
181621: up: g
181791: down: o
181852: up: o
182182: down: e
182222: up: e
182362: down: s
182402: up: s
182462: down: <space>
182502: up: <space>
182683: down: l
182743: up: l
182863: down: i
182923: up: i
183043: down: k
183113: up: k
183143: down: e
183193: up: e
183494: down: ,
183554: up: ,
183674: down: <space>
183754: up: <space>
184135: down: y
184175: up: y
184235: down: e
184305: up: e
184515: down: a
184555: up: a
184626: down: h
184706: up: h
185186: down: ,
185246: up: ,
185387: down: <space>
185457: up: <space>
185637: down: b
185677: up: b
185837: down: u
185897: up: u
185987: down: r
186058: up: r
186158: down: n
186218: up: n
186338: down: i
186398: up: i
186498: down: n
186568: up: n
186598: down: g
186668: up: g
186909: down: <space>
186989: up: <space>
187079: down: u
187129: up: u
187219: down: p
187289: up: p
187890: down: <space>
187980: up: <space>
188191: down: i
188231: up: i
188381: down: n
188441: up: n
188561: down: <space>
188621: up: <space>
188661: down: t
188701: up: t
188802: down: h
188862: up: h
188922: down: e
188962: up: e
189022: down: <space>
189072: up: <space>
189262: down: l
189302: up: l
189362: down: a
189402: up: a
189533: down: v
189593: up: v
189683: down: a
189723: up: a
190073: down: ,
190133: up: ,
190274: down: <space>
190384: up: <space>
191065: down: u
191125: up: u
191225: down: h
191285: up: h
191365: down: <space>
191425: up: <space>
192126: down: s
192166: up: s
192246: down: i
192307: up: i
192457: down: n
192517: up: n
192637: down: k
192697: up: k
192847: down: i
192897: up: i
193018: down: n
193088: up: n
193158: down: g
193208: up: g
193398: down: .
193478: up: .
193558: down: .
193628: up: .
193689: down: b
193729: up: b
193819: down: l
193879: up: l
193999: down: a
194049: up: a
194940: down: h
195000: up: h
195141: down: b
195201: up: b
195411: down: l
195481: up: l
195531: down: a
195581: up: a
195701: down: h
195742: up: h
195892: down: b
195952: up: b
196162: down: l
196222: up: l
196302: down: a
196362: up: a
196402: down: h
196443: up: h
197354: down: .
197434: up: .
197564: down: <space>
197644: up: <space>
197664: down: <shift_left>
197734: up: <shift_left>
197845: down: t
197885: up: t
198045: down: h
198105: up: h
198145: down: e
198195: up: e
198265: down: y
198325: up: y
198856: down: <space>
198916: up: <space>
200869: down: <backspace>
200929: up: <backspace>
201009: down: <backspace>
201069: up: <backspace>
201169: down: <backspace>
201229: up: <backspace>
201330: down: <backspace>
201400: up: <backspace>
201550: down: <backspace>
201620: up: <backspace>
201870: down: <shift_left>
202121: down: b
202181: up: b
202341: down: y
202401: up: y
202461: down: e
202521: up: e
202631: down: <space>
202712: up: <space>
202852: down: n
202912: up: n
203042: down: o
203102: up: o
203132: down: w
203212: up: w
203383: down: 1
203463: up: 1
203533: up: <shift_left>
218224: down: <backspace>
218284: up: <backspace>
219215: down: <backspace>
219295: up: <backspace>
219956: down: s
220026: up: s
220066: down: <space>
220127: up: <space>

