# Keylogger Version 0.1; Format: (timestamp, downstroke/upstroke, key)
0: down: <shift_left>
81: up: <shift_left>
151: down: d
171: up: d
271: down: e
331: up: e
371: down: a
431: up: a
511: down: r
551: up: r
1402: down: <backspace>
1422: up: <backspace>
1563: down: <backspace>
1603: up: <backspace>
1743: down: <backspace>
1803: up: <backspace>
2063: down: <backspace>
2133: up: <backspace>
2804: down: <caps_lock>
2875: up: <caps_lock>
4036: down: <shift_left>
4136: down: d
4146: up: <shift_left>
4206: up: d
4307: down: e
4387: up: e
4427: down: a
4467: up: a
4507: down: r
4567: up: r
4837: down: <space>
4897: up: <space>
5048: down: <shift_left>
5188: down: s
5228: up: <shift_left>
5298: up: s
5338: down: t
5378: up: t
5458: down: a
5518: up: a
5598: down: c
5639: up: c
5839: down: y
5879: up: y
6360: down: <shift_left>
6720: down: 1
6820: up: 1
6860: up: <shift_left>
8362: down: <shift_left>
8443: down: g
8483: up: <shift_left>
8533: up: g
8623: down: u
8693: up: u
8873: down: e
8913: up: e
9154: down: s
9214: up: s
9314: down: s
9354: up: s
9504: down: <space>
9584: up: <space>
9815: down: w
9875: up: w
9985: down: h
10025: up: h
11026: down: a
11086: up: a
11186: down: t
11257: up: t
11467: down: <shift_left>
11737: down: /
11777: up: <shift_left>
11807: up: /
11978: down: <space>
12048: up: <space>
12148: down: <shift_left>
12338: down: t
12388: up: t
12418: up: <shift_left>
12619: down: o
12679: up: o
12829: down: m
12889: up: m
13480: down: m
13540: up: m
14762: down: <backspace>
14832: up: <backspace>
15082: down: o
15142: up: o
15413: down: r
15473: up: r
15553: down: r
15613: up: r
15683: down: o
15743: up: o
15873: down: w
15933: up: w
16023: down: <space>
16104: up: <space>
16334: down: <shift_left>
16434: down: i
16454: up: <shift_left>
16484: up: i
16845: down: '
16905: up: '
17115: down: m
17175: up: m
17295: down: <space>
17375: up: <space>
17596: down: g
17656: up: g
17846: down: e
17916: up: e
18136: down: t
18197: up: t
18277: down: t
18337: up: t
18457: down: i
18497: up: i
18667: down: n
18727: up: n
18767: down: g
18827: up: g
18948: down: <space>
19028: up: <space>
19158: down: a
19208: up: a
19308: down: <space>
19388: up: <space>
19609: down: n
19679: up: n
19789: down: e
19849: up: e
20029: down: w
20069: up: w
20199: down: <space>
20280: up: <space>
20820: down: c
20860: up: c
20961: down: a
21001: up: a
21081: down: t
21141: up: t
21251: down: <shift_left>
21461: down: 1
21521: up: 1
21561: up: <shift_left>
21912: down: <space>
21982: up: <space>
22553: down: <shift_left>
22693: down: i
22753: up: <shift_left>
22783: up: i
23003: down: <space>
23094: up: <space>
23404: down: w
23464: up: w
23664: down: a
23725: up: a
23855: down: n
23915: up: n
23995: down: n
24075: up: n
24245: down: a
24315: up: a
24476: down: <space>
24546: up: <space>
24886: down: n
24946: up: n
24996: down: a
25056: up: a
25127: down: m
25187: up: m
25257: down: e
25327: up: e
25387: down: <space>
25447: up: <space>
25657: down: i
25707: up: i
25828: down: s
25868: up: s
25948: down: <space>
26038: up: <space>
26128: down: <shift_left>
26258: down: f
26298: up: f
26328: up: <shift_left>
26609: down: l
26669: up: l
26899: down: u
26959: up: u
27039: down: f
27099: up: f
27200: down: f
27260: up: f
27360: down: y
27420: up: y
29072: down: .
29142: up: .
29343: down: <space>
29363: up: <space>
31145: down: <shift_left>
31255: up: <shift_left>
31285: down: i
31335: up: i
31606: down: <space>
31686: up: <space>
31796: down: t
31886: up: t
31926: down: h
31966: up: h
32097: down: i
32167: up: i
32287: down: n
32367: up: n
32487: down: k
32527: up: k
32657: down: <space>
32737: up: <space>
32968: down: i
33008: up: i
33218: down: t
33278: up: t
33639: down: '
33679: up: '
33779: down: s
33839: up: s
33899: down: <space>
33969: up: <space>
34119: down: g
34190: up: g
34260: down: u
34330: up: u
34490: down: n
34550: up: n
34610: down: n
34690: up: n
34740: down: a
34810: up: a
34851: down: <space>
34911: up: <space>
35071: down: b
35111: up: b
35171: down: e
35211: up: e
35351: down: <space>
35441: up: <space>
36383: down: p
36423: up: p
36463: down: e
36523: up: e
36643: down: r
36703: up: r
36964: down: s
37014: up: s
37164: down: i
37224: up: i
37304: down: a
37364: up: a
37454: down: n
37514: up: n
37775: down: .
37855: up: .
38005: down: <space>
38065: up: <space>
38195: down: <shift_left>
38255: up: <shift_left>
40108: down: <shift_left>
40499: down: i
40539: up: <shift_left>
40579: up: i
41310: down: <backspace>
41390: up: <backspace>
41460: down: <shift_left>
41610: up: <shift_left>
41650: down: w
41770: up: w
41871: down: e
41961: up: e
42001: down: <space>
42061: up: <space>
42321: down: w
42381: up: w
42502: down: e
42542: up: e
42602: down: r
42682: up: r
42722: down: e
42782: up: e
42992: down: <space>
43092: up: <space>
43573: down: g
43653: up: g
44064: down: o
44134: up: o
44274: down: i
44334: up: i
44444: down: n
44524: up: n
44564: down: g
44605: up: g
44705: down: <space>
44765: up: <space>
44865: down: t
44905: up: t
44955: down: o
44995: up: o
45125: down: <space>
45165: down: g
45215: up: <space>
45245: up: g
45466: down: e
45606: up: e
45646: down: t
45756: up: t
45816: down: <space>
45876: up: <space>
46087: down: i
46177: up: i
46417: down: t
46477: up: t
46557: down: <space>
46647: up: <space>
47098: down: t
47148: up: t
47238: down: o
47298: up: o
47509: down: d
47589: up: d
47719: down: a
47789: up: a
47849: down: y
47929: up: y
48300: down: ,
48360: up: ,
48480: down: <space>
48560: up: <space>
48640: down: b
48700: up: b
48801: down: u
48861: up: u
48921: down: t
48981: up: t
49061: down: <space>
49121: up: <space>
49241: down: m
49311: up: m
49361: down: y
49401: up: y
49462: down: <space>
49532: up: <space>
49652: down: m
49712: up: m
49802: down: o
49862: up: o
49992: down: m
50052: up: m
50253: down: <space>
50333: up: <space>
50713: down: w
50773: up: w
50934: down: a
50974: up: a
51024: down: n
51084: up: n
51314: down: t
51384: up: t
51484: down: s
51504: up: s
51605: down: <space>
51685: up: <space>
51865: down: i
51905: up: i
51935: down: t
51985: up: t
52115: down: <space>
52175: up: <space>
52236: down: t
52266: up: t
52356: down: o
52406: up: o
52556: down: m
52616: up: m
53147: down: o
53207: up: o
53377: down: r
53437: up: r
53517: down: r
53577: up: r
53728: down: o
53798: up: o
53918: down: w
53958: up: w
54148: down: ,
54208: up: ,
54329: down: <space>
54419: up: <space>
54559: down: o
54599: up: o
54729: down: n
54799: up: n
54929: down: <space>
54989: down: t
54999: up: <space>
55060: up: t
55160: down: h
55220: up: h
55270: down: e
55340: up: e
55480: down: <space>
55560: up: <space>
55630: down: w
55721: up: w
55861: down: e
55901: up: e
56021: down: e
56061: up: e
56281: down: k
56341: up: k
56442: down: e
56492: up: e
56612: down: n
56672: up: n
56722: down: d
56792: up: d
58344: down: <space>
58414: up: <space>
58605: down: s
58655: up: s
58735: down: o
58805: up: o
58955: down: <space>
59055: up: <space>
59246: down: i
59306: up: i
59536: down: <space>
59616: up: <space>
61178: down: w
61248: up: w
62030: down: o
62090: up: o
62260: down: n
62320: up: n
62640: down: '
62691: up: '
62801: down: t
62841: up: t
62921: down: <space>
62991: up: <space>
63191: down: b
63251: up: b
63321: down: e
63372: up: e
63452: down: <space>
63532: up: <space>
63762: down: i
63792: up: i
63952: down: n
64022: up: n
64163: down: <space>
64233: up: <space>
64273: down: s
64303: up: s
64463: down: c
64503: up: c
64583: down: h
64623: up: h
64854: down: o
64934: up: o
64994: down: o
65074: up: o
65184: down: l
65224: up: l
65384: down: .
65424: up: .
65575: down: <space>
65635: up: <space>
65665: down: <shift_left>
66005: up: <shift_left>
66466: down: <shift_left>
66656: down: i
66736: up: <shift_left>
66756: up: i
66937: down: t
66997: up: t
67608: down: '
67648: up: '
67788: down: s
67848: up: s
67888: down: <space>
67978: up: <space>
68269: down: g
68299: up: g
68449: down: o
68489: up: o
69761: down: i
69821: up: i
69971: down: n
70031: up: n
70071: down: g
70131: up: g
70211: down: <space>
70302: up: <space>
70342: down: t
70392: up: t
70462: down: o
70502: up: o
70652: down: <space>
70722: up: <space>
70882: down: b
70932: down: e
70952: up: b
71003: up: e
71103: down: <space>
71163: up: <space>
71253: down: a
71293: up: a
71383: down: <space>
71443: up: <space>
72164: down: p
72234: up: p
72755: down: u
72815: up: u
72895: down: r
72975: up: r
73116: down: e
73176: up: e
73626: down: <space>
73706: up: <space>
74107: down: b
74187: up: b
74267: down: r
74327: up: r
74488: down: e
74568: up: e
74648: down: e
74708: up: e
74848: down: d
74898: up: d
75078: down: <space>
75138: up: <space>
75429: down: <shift_left>
75599: down: p
75659: up: p
75699: up: <shift_left>
76000: down: u
76060: up: u
76200: down: r
76290: up: r
76581: down: s
76651: up: s
77011: down: i
77071: up: i
77151: down: a
77191: up: a
77302: down: n
77362: up: n
77502: down: <space>
77562: up: <space>
77882: down: c
77942: up: c
78033: down: a
78123: up: a
78163: down: t
78223: up: t
78403: down: <space>
78473: up: <space>
78543: down: a
78603: up: a
78864: down: l
78944: up: l
79304: down: l
79375: up: l
79535: down: <space>
79595: up: <space>
79655: down: t
79695: up: t
79795: down: h
79865: up: h
79935: down: e
79975: up: e
80146: down: <space>
80226: up: <space>
80496: down: w
80566: up: w
80696: down: a
80767: up: a
80947: down: y
81007: up: y
81227: down: <space>
81317: up: <space>
81718: down: f
81778: up: f
81918: down: r
81998: up: r
82068: down: o
82129: up: o
82339: down: m
82409: up: m
82519: down: <space>
82609: up: <space>
82840: down: <shift_left>
82960: up: <shift_left>
82980: down: a
83040: up: a
83370: down: u
83430: up: u
84212: down: s
84282: up: s
84602: down: t
84642: up: t
84782: down: r
84822: up: r
86124: down: a
86264: up: a
86305: down: i
86375: up: i
87176: down: l
87236: up: l
87636: down: i
87707: up: i
87787: down: s
87847: up: s
88007: down: .
88067: up: .
88498: down: <space>
88578: up: <space>
88648: down: <shift_left>
88768: up: <shift_left>
88808: down: i
88858: up: i
89058: down: t
89139: up: t
89299: down: s
89379: up: s
89489: down: <space>
89549: up: <space>
89910: down: s
89970: up: s
90130: down: u
90190: up: u
90410: down: p
90471: up: p
90591: down: e
90651: up: e
90811: down: r
90881: up: r
90981: down: <space>
91041: up: <space>
91422: down: r
91482: up: r
91522: down: a
91562: up: a
91662: down: r
91722: up: r
91762: down: e
91802: up: e
92233: down: ,
92293: up: ,
92433: down: <space>
92513: up: <space>
92674: down: s
92734: up: s
92784: down: o
92844: up: o
92974: down: <space>
93084: up: <space>
93234: down: i
93295: up: i
93465: down: <space>
93545: up: <space>
93925: down: d
93986: up: d
94056: down: o
94116: up: o
94246: down: n
94316: up: n
94657: down: '
94717: up: '
94807: down: t
94857: up: t
94997: down: <space>
95057: up: <space>
95818: down: k
95898: up: k
95988: down: n
96049: up: n
96179: down: o
96239: up: o
96339: down: w
96369: up: w
96489: down: <space>
96549: up: <space>
97340: down: h
97380: up: h
97551: down: o
97611: up: o
97761: down: w
97781: up: w
97881: down: <space>
97941: up: <space>
98222: down: i
98282: up: i
98802: down: <backspace>
98873: up: <backspace>
99133: down: ,
99193: up: ,
101366: down: <backspace>
101436: up: <backspace>
101657: down: <backspace>
101677: up: <backspace>
102177: down: <space>
102247: up: <space>
102728: down: m
102788: up: m
102848: down: y
102908: up: y
102989: down: <space>
103069: up: <space>
103229: down: m
103289: up: m
103419: down: o
103479: up: o
103619: down: m
103679: up: m
103800: down: <space>
103880: up: <space>
104030: down: i
104070: up: i
104190: down: s
104230: up: s
104280: down: <space>
104381: up: <space>
104521: down: g
104561: up: g
104621: down: u
104681: up: u
104821: down: n
104861: up: n
104941: down: n
105011: up: n
105102: down: a
105142: up: a
105212: down: <space>
105272: up: <space>
105462: down: p
105532: up: p
105622: down: a
105672: up: a
105833: down: y
105893: up: y
106103: down: <space>
106183: up: <space>
106524: down: f
106584: up: f
106634: down: o
106674: up: o
106774: down: r
106844: up: r
106924: down: <space>
107004: up: <space>
107425: down: i
107485: up: i
107585: down: t
107625: up: t
108066: down: .
108156: up: .
108296: down: .
108356: up: .
108476: down: .
108557: up: .
108727: down: o
108797: up: o
108857: down: h
108927: up: h
108987: down: <space>
109067: up: <space>
109197: down: w
109237: up: w
109378: down: e
109428: up: e
109598: down: l
109668: up: l
109738: down: l
109808: up: l
109989: down: .
110049: up: .
110199: down: <space>
110259: up: <space>
110339: down: <shift_left>
110710: up: <shift_left>
111130: down: <shift_left>
111831: down: b
111881: up: <shift_left>
111921: up: b
112082: down: e
112152: up: e
112292: down: c
112332: up: c
112452: down: a
112492: up: a
112592: down: u
112632: down: s
112652: up: u
112712: up: s
112833: down: e
112893: up: e
112933: down: <space>
112983: up: <space>
113153: down: i
113193: up: i
113233: down: t
113283: up: t
113454: down: <space>
113524: up: <space>
113754: down: i
113804: up: i
113864: down: s
113924: up: s
114024: down: <space>
114094: up: <space>
114185: down: a
114245: up: a
114315: down: <space>
114375: up: <space>
114826: down: p
114896: up: p
115356: down: u
115416: up: u
115476: down: r
115537: up: r
115677: down: e
115717: up: e
116228: down: <space>
116288: up: <space>
116448: down: b
116508: up: b
116768: down: r
116828: up: r
116949: down: e
117009: up: e
117109: down: e
117189: up: e
117349: down: d
117419: up: d
118491: down: ,
118551: up: ,
118691: down: <space>
118751: up: <space>
118961: down: w
119032: up: w
119132: down: e
119192: up: e
119252: down: <space>
119312: up: <space>
119532: down: c
119582: up: c
119672: down: a
119713: up: a
119823: down: n
119883: up: n
120003: down: <space>
120083: up: <space>
120223: down: e
120263: up: e
120303: down: n
120353: up: n
120394: down: e
120464: up: e
120564: down: t
120624: up: t
120664: down: e
120744: up: e
120844: down: r
120884: up: r
120934: down: <space>
120994: up: <space>
121145: down: i
121205: up: i
121295: down: n
121375: up: n
121415: down: t
121455: up: t
121505: down: o
121545: up: o
121695: down: <space>
121755: up: <space>
121936: down: c
122006: up: c
122056: down: a
122096: up: a
122156: down: t
122196: up: t
122366: down: <space>
122426: up: <space>
122456: down: s
122497: up: s
122587: down: h
122627: up: h
122777: down: o
122817: up: o
122857: down: w
122927: up: w
123047: down: s
123087: up: s
123408: down: ,
123478: up: ,
123598: down: <space>
123678: up: <space>
123728: down: w
123788: up: w
123859: down: h
123919: up: h
124009: down: i
124069: up: i
124720: down: <backspace>
124760: up: <backspace>
124870: down: c
124930: up: c
125070: down: h
125130: up: h
125251: down: <space>
125331: up: <space>
125481: down: i
125531: up: i
125631: down: s
125691: up: s
125731: down: <space>
125821: up: <space>
125931: down: e
125992: up: e
126562: down: x
126622: up: x
126793: down: a
126843: up: a
126943: down: c
127003: up: c
127143: down: t
127183: up: t
127564: down: l
127624: up: l
127684: down: y
127754: up: y
127854: down: <space>
127934: up: <space>
128085: down: w
128155: up: w
128295: down: h
128355: up: h
128525: down: o
128555: up: o
129226: down: <backspace>
129266: up: <backspace>
129417: down: a
129487: up: a
129707: down: t
129767: up: t
129957: down: <space>
130037: up: <space>
130087: down: w
130148: up: w
130268: down: e
130328: up: e
130518: down: <space>
130578: up: <space>
130648: down: a
130708: up: a
130839: down: r
130899: up: r
130979: down: e
131059: up: e
131239: down: <space>
131309: up: <space>
131469: down: g
131530: up: g
131660: down: o
131720: up: o
131860: down: i
131900: up: i
132030: down: n
132110: up: n
132170: down: g
132211: up: g
132311: down: <space>
132391: up: <space>
132511: down: t
132551: up: t
132681: down: o
132721: up: o
132881: down: <space>
132942: up: <space>
132982: down: f
133042: up: f
133603: down: <backspace>
133663: up: <backspace>
133723: down: d
133763: up: d
133873: down: o
133933: up: o
134013: down: <shift_left>
134384: down: 1
134404: up: 1
134444: up: <shift_left>
134594: down: <space>
134654: up: <space>
134744: down: <shift_left>
134884: down: i
134924: up: <shift_left>
134954: up: i
135205: down: <space>
135265: up: <space>
137278: down: <backspace>
137338: up: <backspace>
137438: down: <backspace>
137498: up: <backspace>
137849: down: <shift_left>
138099: down: i
138129: up: i
138159: up: <shift_left>
138449: down: <space>
138510: up: <space>
138990: down: c
139050: up: c
139130: down: a
139211: up: a
139281: down: n
139341: up: n
139701: down: '
139761: up: '
139821: down: t
139862: up: t
140002: down: <space>
140082: up: <space>
140162: down: w
140222: up: w
140623: down: a
140663: up: a
140723: down: i
140783: up: i
141013: down: t
141053: up: t
141083: down: <shift_left>
141304: down: 1
141344: up: 1
141394: up: <shift_left>
141474: down: <space>
141544: up: <space>
141664: down: <shift_left>
141995: down: s
142025: up: <shift_left>
142085: up: s
142195: down: o
142255: up: o
142565: down: .
142625: up: .
142806: down: .
142886: up: .
143046: down: .
143106: up: .
143487: down: d
143557: up: d
143607: down: o
143667: up: o
143837: down: <space>
143897: up: <space>
143997: down: y
144058: up: y
144128: down: o
144188: up: o
144238: down: u
144278: up: u
144398: down: <space>
144488: up: <space>
144929: down: h
144989: up: h
145039: down: a
145099: up: a
145149: down: v
145209: up: v
145279: down: e
145349: up: e
145410: down: <space>
145470: up: <space>
145570: down: a
145630: up: a
145720: down: <space>
145770: down: c
145800: up: <space>
145850: up: c
145970: down: a
146030: up: a
146171: down: t
146241: up: t
146461: down: <space>
146531: down: <shift_left>
146541: up: <space>
146641: down: s
146671: up: <shift_left>
146741: up: s
146781: down: t
146822: up: t
146862: down: a
146942: up: a
147062: down: c
147132: up: c
147202: down: y
147262: up: y
147382: down: <shift_left>
148133: down: .
148173: up: .
148274: up: <shift_left>
148464: down: <space>
148494: up: <space>
149125: down: <backspace>
149185: up: <backspace>
149265: down: <backspace>
149325: up: <backspace>
149405: down: <backspace>
149485: up: <backspace>
149565: down: <backspace>
149626: up: <backspace>
149726: down: <backspace>
149796: up: <backspace>
149886: down: <backspace>
149956: up: <backspace>
150036: down: <backspace>
150096: up: <backspace>
150176: down: <backspace>
150256: up: <backspace>
150377: down: <backspace>
150437: up: <backspace>
151098: down: <backspace>
151168: up: <backspace>
151238: down: t
151288: up: t
151488: down: <space>
151548: up: <space>
151658: down: <shift_left>
152149: down: s
152209: up: s
152249: up: <shift_left>
152530: down: t
152600: up: t
153131: down: a
153201: up: a
153341: down: c
153431: up: c
153521: down: y
153561: up: y
153721: down: <shift_left>
153982: up: <shift_left>
154182: down: <shift_left>
154483: down: /
154533: up: /
154583: up: <shift_left>
167281: down: <shift_left>
167381: up: <shift_left>
167481: down: <shift_left>
167641: down: a
167682: up: <shift_left>
167752: up: a
167772: down: n
167812: up: n
168453: down: y
168503: up: y
168813: down: w
168883: up: w
169023: down: a
169104: up: a
169184: down: y
169224: up: y
169755: down: ,
169815: up: ,
170015: down: <space>
170115: up: <space>
172488: down: i
172549: up: i
172739: down: <space>
172799: up: <space>
172999: down: c
173049: up: c
173260: down: a
173300: up: a
173410: down: n
173460: up: n
173790: down: '
173870: up: '
173991: down: t
174031: up: t
174171: down: <space>
174231: up: <space>
174371: down: w
174431: up: w
174632: down: a
174692: up: a
174852: down: i
174892: up: i
175072: down: t
175122: up: t
176044: down: .
176104: up: .
176304: down: .
176384: up: .
176564: down: .
176654: up: .
177135: down: i
177195: up: i
177385: down: <space>
177446: up: <space>
177576: down: a
177636: up: a
177716: down: l
177756: up: l
177816: down: w
177876: up: w
178036: down: a
178107: up: a
178167: down: y
178227: up: y
178307: down: s
178367: up: s
178878: down: <space>
178938: up: <space>
179328: down: w
179368: up: w
179669: down: a
179719: up: a
179979: down: n
180049: up: n
180300: down: t
180390: up: t
180420: down: e
180490: up: e
180650: down: d
180690: up: d
180870: down: <space>
180931: up: <space>
181041: down: a
181111: up: a
181191: down: <space>
181261: up: <space>
181872: down: <shift_left>
182002: down: p
182032: up: <shift_left>
182082: up: p
182242: down: e
182303: up: e
182423: down: r
182483: up: r
182683: down: s
182743: up: s
182823: down: i
182903: up: i
182964: down: a
183024: up: a
183114: down: n
183174: up: n
183474: down: .
183534: up: .
183675: down: <space>
183735: up: <space>
183775: down: <shift_left>
183875: up: <shift_left>
183915: down: i
183975: up: i
184125: down: <space>
184185: up: <space>
184366: down: h
184406: up: h
184676: down: o
184736: up: o
184866: down: p
184926: up: p
185006: down: e
185067: up: e
185127: down: <space>
185187: up: <space>
185267: down: t
185327: up: t
185387: down: h
185457: up: h
185527: down: e
185587: up: e
185677: down: <space>
185717: up: <space>
185898: down: c
185938: up: c
185988: down: a
186028: up: a
186098: down: t
186158: up: t
186338: down: <space>
186398: up: <space>
186599: down: g
186639: up: g
186699: down: e
186739: up: e
186839: down: t
186909: up: t
187019: down: s
187069: up: s
187210: down: <space>
187270: up: <space>
187400: down: a
187460: up: a
187760: down: l
187830: up: l
187941: down: o
188021: up: o
188201: down: n
188261: up: n
188311: down: g
188381: up: g
188481: down: <space>
188542: up: <space>
188712: down: w
188772: up: w
188872: down: i
188942: up: i
189042: down: t
189082: up: t
189122: down: h
189162: up: h
189323: down: <space>
189393: up: <space>
189553: down: m
189613: up: m
189663: down: y
189733: up: y
189813: down: <space>
189873: up: <space>
190134: down: p
190174: up: p
190254: down: e
190334: up: e
190615: down: t
190655: up: t
190905: down: <space>
190985: up: <space>
192067: down: f
192137: up: f
192287: down: i
192347: up: i
192447: down: s
192517: up: s
192577: down: h
192637: up: h
193218: down: .
193298: up: .
193589: down: <space>
193649: up: <space>
199607: down: <shift_left>
200198: down: i
200238: up: <shift_left>
200268: up: i
200429: down: <space>
200509: up: <space>
200589: down: h
200629: up: h
200719: down: o
200759: up: o
200929: down: p
200969: up: p
201090: down: e
201130: up: e
201330: down: <space>
201400: up: <space>
201610: down: i
201650: up: i
201751: down: t
201801: up: t
201921: down: <space>
201981: up: <space>
202181: down: d
202261: up: d
202371: down: o
202411: up: o
202482: down: e
202542: up: e
202682: down: s
202722: up: s
202792: down: n
202852: up: n
202982: down: t
203032: up: t
203112: down: <space>
203193: up: <space>
203693: down: e
203753: up: e
203974: down: a
204014: up: a
204174: down: t
204214: up: t
204444: down: <space>
204504: up: <space>
204695: down: i
204765: up: i
204845: down: t
204885: up: t
204985: down: ,
205045: up: ,
205185: down: <space>
205246: up: <space>
205306: down: t
205346: up: t
205516: down: h
205556: up: h
205646: down: a
205686: up: a
205766: down: t
205816: up: t
206057: down: <space>
206137: up: <space>
206227: down: w
206297: up: w
206407: down: o
206467: up: o
206618: down: u
206678: up: u
206858: down: l
206918: up: l
206998: down: d
207068: up: d
207449: down: '
207509: up: '
207889: down: n
207929: up: n
208070: down: t
208110: up: t
208200: down: <space>
208280: up: <space>
208721: down: b
208781: up: b
208821: down: e
208881: up: e
208981: down: <space>
209041: up: <space>
209221: down: t
209281: up: t
209371: down: o
209442: up: o
209592: down: <space>
209672: up: <space>
209712: down: g
209772: up: g
209882: down: o
209922: up: o
210022: down: o
210082: up: o
210954: down: d
211014: up: d
211174: down: .
211244: up: .
211805: down: <space>
211895: up: <space>
212806: down: <shift_left>
212917: down: b
212967: up: <shift_left>
213007: up: b
213197: down: y
213277: up: y
213397: down: e
213477: up: e
213838: down: <shift_left>
214138: down: 1
214259: up: 1
214279: up: <shift_left>

